[1.293s] DEBUG:colcon:Command line arguments: ['/usr/bin/colcon', 'build']
[1.294s] DEBUG:colcon:Parsed command line arguments: Namespace(ament_cmake_args=None, base_paths='.', build_base='build', catkin_cmake_args=None, catkin_skip_building_tests=False, cmake_args=None, cmake_clean_cache=False, cmake_clean_first=False, cmake_force_configure=False, cmake_target=None, cmake_target_skip_unavailable=False, continue_on_error=False, event_handlers=None, executor='parallel', ignore_user_meta=False, install_base='install', log_base='log', log_level=None, main=<bound method BuildVerb.main of <colcon_core.verb.build.BuildVerb object at 0xffff9c398198>>, merge_install=False, metas='./colcon.meta', packages_above=None, packages_above_depth=None, packages_end=None, packages_ignore=None, packages_ignore_regex=None, packages_select=None, packages_select_build_failed=False, packages_select_by_dep=None, packages_select_regex=None, packages_select_test_failures=False, packages_skip=None, packages_skip_build_finished=False, packages_skip_by_dep=None, packages_skip_regex=None, packages_skip_test_passed=False, packages_skip_up_to=None, packages_start=None, packages_up_to=None, parallel_workers=4, paths=None, symlink_install=False, test_result_base=None, verb_extension=<colcon_core.verb.build.BuildVerb object at 0xffff9c398198>, verb_name='build', verb_parser=<colcon_defaults.argument_parser.defaults.DefaultArgumentsDecorator object at 0xffff9c3984a8>)
[1.624s] Level 1:colcon.colcon_core.package_discovery:discover_packages(colcon_meta) check parameters
[1.626s] Level 1:colcon.colcon_core.package_discovery:discover_packages(recursive) check parameters
[1.627s] Level 1:colcon.colcon_core.package_discovery:discover_packages(ignore) check parameters
[1.627s] Level 1:colcon.colcon_core.package_discovery:discover_packages(path) check parameters
[1.627s] Level 1:colcon.colcon_core.package_discovery:discover_packages(recursive) discover
[1.630s] INFO:colcon.colcon_core.package_discovery:Crawling recursively for packages in '/home/portia/ros2Bot_ws'
[1.631s] Level 1:colcon.colcon_core.package_identification:_identify(/home/portia/ros2Bot_ws) by extensions ['ignore', 'ignore_ament_install']
[1.632s] Level 1:colcon.colcon_core.package_identification:_identify(/home/portia/ros2Bot_ws) by extension 'ignore'
[1.633s] Level 1:colcon.colcon_core.package_identification:_identify(/home/portia/ros2Bot_ws) by extension 'ignore_ament_install'
[1.633s] Level 1:colcon.colcon_core.package_identification:_identify(/home/portia/ros2Bot_ws) by extensions ['colcon_pkg']
[1.635s] Level 1:colcon.colcon_core.package_identification:_identify(/home/portia/ros2Bot_ws) by extension 'colcon_pkg'
[1.636s] Level 1:colcon.colcon_core.package_identification:_identify(/home/portia/ros2Bot_ws) by extensions ['colcon_meta']
[1.637s] Level 1:colcon.colcon_core.package_identification:_identify(/home/portia/ros2Bot_ws) by extension 'colcon_meta'
[1.637s] Level 1:colcon.colcon_core.package_identification:_identify(/home/portia/ros2Bot_ws) by extensions ['ros']
[1.638s] Level 1:colcon.colcon_core.package_identification:_identify(/home/portia/ros2Bot_ws) by extension 'ros'
[1.735s] Level 1:colcon.colcon_core.package_identification:_identify(/home/portia/ros2Bot_ws) by extensions ['cmake', 'python']
[1.736s] Level 1:colcon.colcon_core.package_identification:_identify(/home/portia/ros2Bot_ws) by extension 'cmake'
[1.737s] Level 1:colcon.colcon_core.package_identification:_identify(/home/portia/ros2Bot_ws) by extension 'python'
[1.738s] Level 1:colcon.colcon_core.package_identification:_identify(/home/portia/ros2Bot_ws) by extensions ['python_setup_py']
[1.738s] Level 1:colcon.colcon_core.package_identification:_identify(/home/portia/ros2Bot_ws) by extension 'python_setup_py'
[1.739s] Level 1:colcon.colcon_core.package_identification:_identify(/home/portia/ros2Bot_ws/build) by extensions ['ignore', 'ignore_ament_install']
[1.740s] Level 1:colcon.colcon_core.package_identification:_identify(/home/portia/ros2Bot_ws/build) by extension 'ignore'
[1.741s] Level 1:colcon.colcon_core.package_identification:_identify(/home/portia/ros2Bot_ws/build) ignored
[1.744s] Level 1:colcon.colcon_core.package_identification:_identify(/home/portia/ros2Bot_ws/install) by extensions ['ignore', 'ignore_ament_install']
[1.745s] Level 1:colcon.colcon_core.package_identification:_identify(/home/portia/ros2Bot_ws/install) by extension 'ignore'
[1.746s] Level 1:colcon.colcon_core.package_identification:_identify(/home/portia/ros2Bot_ws/install) ignored
[1.747s] Level 1:colcon.colcon_core.package_identification:_identify(/home/portia/ros2Bot_ws/log) by extensions ['ignore', 'ignore_ament_install']
[1.747s] Level 1:colcon.colcon_core.package_identification:_identify(/home/portia/ros2Bot_ws/log) by extension 'ignore'
[1.748s] Level 1:colcon.colcon_core.package_identification:_identify(/home/portia/ros2Bot_ws/log) ignored
[1.749s] Level 1:colcon.colcon_core.package_identification:_identify(/home/portia/ros2Bot_ws/src) by extensions ['ignore', 'ignore_ament_install']
[1.750s] Level 1:colcon.colcon_core.package_identification:_identify(/home/portia/ros2Bot_ws/src) by extension 'ignore'
[1.751s] Level 1:colcon.colcon_core.package_identification:_identify(/home/portia/ros2Bot_ws/src) by extension 'ignore_ament_install'
[1.751s] Level 1:colcon.colcon_core.package_identification:_identify(/home/portia/ros2Bot_ws/src) by extensions ['colcon_pkg']
[1.752s] Level 1:colcon.colcon_core.package_identification:_identify(/home/portia/ros2Bot_ws/src) by extension 'colcon_pkg'
[1.753s] Level 1:colcon.colcon_core.package_identification:_identify(/home/portia/ros2Bot_ws/src) by extensions ['colcon_meta']
[1.753s] Level 1:colcon.colcon_core.package_identification:_identify(/home/portia/ros2Bot_ws/src) by extension 'colcon_meta'
[1.754s] Level 1:colcon.colcon_core.package_identification:_identify(/home/portia/ros2Bot_ws/src) by extensions ['ros']
[1.754s] Level 1:colcon.colcon_core.package_identification:_identify(/home/portia/ros2Bot_ws/src) by extension 'ros'
[1.755s] Level 1:colcon.colcon_core.package_identification:_identify(/home/portia/ros2Bot_ws/src) by extensions ['cmake', 'python']
[1.756s] Level 1:colcon.colcon_core.package_identification:_identify(/home/portia/ros2Bot_ws/src) by extension 'cmake'
[1.757s] Level 1:colcon.colcon_core.package_identification:_identify(/home/portia/ros2Bot_ws/src) by extension 'python'
[1.758s] Level 1:colcon.colcon_core.package_identification:_identify(/home/portia/ros2Bot_ws/src) by extensions ['python_setup_py']
[1.758s] Level 1:colcon.colcon_core.package_identification:_identify(/home/portia/ros2Bot_ws/src) by extension 'python_setup_py'
[1.760s] Level 1:colcon.colcon_core.package_identification:_identify(/home/portia/ros2Bot_ws/src/DynamixelSDK) by extensions ['ignore', 'ignore_ament_install']
[1.760s] Level 1:colcon.colcon_core.package_identification:_identify(/home/portia/ros2Bot_ws/src/DynamixelSDK) by extension 'ignore'
[1.761s] Level 1:colcon.colcon_core.package_identification:_identify(/home/portia/ros2Bot_ws/src/DynamixelSDK) by extension 'ignore_ament_install'
[1.762s] Level 1:colcon.colcon_core.package_identification:_identify(/home/portia/ros2Bot_ws/src/DynamixelSDK) by extensions ['colcon_pkg']
[1.763s] Level 1:colcon.colcon_core.package_identification:_identify(/home/portia/ros2Bot_ws/src/DynamixelSDK) by extension 'colcon_pkg'
[1.763s] Level 1:colcon.colcon_core.package_identification:_identify(/home/portia/ros2Bot_ws/src/DynamixelSDK) by extensions ['colcon_meta']
[1.764s] Level 1:colcon.colcon_core.package_identification:_identify(/home/portia/ros2Bot_ws/src/DynamixelSDK) by extension 'colcon_meta'
[1.765s] Level 1:colcon.colcon_core.package_identification:_identify(/home/portia/ros2Bot_ws/src/DynamixelSDK) by extensions ['ros']
[1.765s] Level 1:colcon.colcon_core.package_identification:_identify(/home/portia/ros2Bot_ws/src/DynamixelSDK) by extension 'ros'
[1.766s] Level 1:colcon.colcon_core.package_identification:_identify(/home/portia/ros2Bot_ws/src/DynamixelSDK) by extensions ['cmake', 'python']
[1.767s] Level 1:colcon.colcon_core.package_identification:_identify(/home/portia/ros2Bot_ws/src/DynamixelSDK) by extension 'cmake'
[1.768s] Level 1:colcon.colcon_core.package_identification:_identify(/home/portia/ros2Bot_ws/src/DynamixelSDK) by extension 'python'
[1.769s] Level 1:colcon.colcon_core.package_identification:_identify(/home/portia/ros2Bot_ws/src/DynamixelSDK) by extensions ['python_setup_py']
[1.769s] Level 1:colcon.colcon_core.package_identification:_identify(/home/portia/ros2Bot_ws/src/DynamixelSDK) by extension 'python_setup_py'
[1.771s] Level 1:colcon.colcon_core.package_identification:_identify(/home/portia/ros2Bot_ws/src/hls_lfcd_lds_driver) by extensions ['ignore', 'ignore_ament_install']
[1.771s] Level 1:colcon.colcon_core.package_identification:_identify(/home/portia/ros2Bot_ws/src/hls_lfcd_lds_driver) by extension 'ignore'
[1.772s] Level 1:colcon.colcon_core.package_identification:_identify(/home/portia/ros2Bot_ws/src/hls_lfcd_lds_driver) by extension 'ignore_ament_install'
[1.773s] Level 1:colcon.colcon_core.package_identification:_identify(/home/portia/ros2Bot_ws/src/hls_lfcd_lds_driver) by extensions ['colcon_pkg']
[1.774s] Level 1:colcon.colcon_core.package_identification:_identify(/home/portia/ros2Bot_ws/src/hls_lfcd_lds_driver) by extension 'colcon_pkg'
[1.774s] Level 1:colcon.colcon_core.package_identification:_identify(/home/portia/ros2Bot_ws/src/hls_lfcd_lds_driver) by extensions ['colcon_meta']
[1.775s] Level 1:colcon.colcon_core.package_identification:_identify(/home/portia/ros2Bot_ws/src/hls_lfcd_lds_driver) by extension 'colcon_meta'
[1.776s] Level 1:colcon.colcon_core.package_identification:_identify(/home/portia/ros2Bot_ws/src/hls_lfcd_lds_driver) by extensions ['ros']
[1.776s] Level 1:colcon.colcon_core.package_identification:_identify(/home/portia/ros2Bot_ws/src/hls_lfcd_lds_driver) by extension 'ros'
[1.777s] Level 1:colcon.colcon_core.package_identification:_identify(/home/portia/ros2Bot_ws/src/hls_lfcd_lds_driver) by extensions ['cmake', 'python']
[1.778s] Level 1:colcon.colcon_core.package_identification:_identify(/home/portia/ros2Bot_ws/src/hls_lfcd_lds_driver) by extension 'cmake'
[1.779s] Level 1:colcon.colcon_core.package_identification:_identify(/home/portia/ros2Bot_ws/src/hls_lfcd_lds_driver) by extension 'python'
[1.779s] Level 1:colcon.colcon_core.package_identification:_identify(/home/portia/ros2Bot_ws/src/hls_lfcd_lds_driver) by extensions ['python_setup_py']
[1.780s] Level 1:colcon.colcon_core.package_identification:_identify(/home/portia/ros2Bot_ws/src/hls_lfcd_lds_driver) by extension 'python_setup_py'
[1.781s] Level 1:colcon.colcon_core.package_identification:_identify(/home/portia/ros2Bot_ws/src/image_pipeline) by extensions ['ignore', 'ignore_ament_install']
[1.782s] Level 1:colcon.colcon_core.package_identification:_identify(/home/portia/ros2Bot_ws/src/image_pipeline) by extension 'ignore'
[1.783s] Level 1:colcon.colcon_core.package_identification:_identify(/home/portia/ros2Bot_ws/src/image_pipeline) by extension 'ignore_ament_install'
[1.784s] Level 1:colcon.colcon_core.package_identification:_identify(/home/portia/ros2Bot_ws/src/image_pipeline) by extensions ['colcon_pkg']
[1.785s] Level 1:colcon.colcon_core.package_identification:_identify(/home/portia/ros2Bot_ws/src/image_pipeline) by extension 'colcon_pkg'
[1.785s] Level 1:colcon.colcon_core.package_identification:_identify(/home/portia/ros2Bot_ws/src/image_pipeline) by extensions ['colcon_meta']
[1.786s] Level 1:colcon.colcon_core.package_identification:_identify(/home/portia/ros2Bot_ws/src/image_pipeline) by extension 'colcon_meta'
[1.786s] Level 1:colcon.colcon_core.package_identification:_identify(/home/portia/ros2Bot_ws/src/image_pipeline) by extensions ['ros']
[1.787s] Level 1:colcon.colcon_core.package_identification:_identify(/home/portia/ros2Bot_ws/src/image_pipeline) by extension 'ros'
[1.788s] Level 1:colcon.colcon_core.package_identification:_identify(/home/portia/ros2Bot_ws/src/image_pipeline) by extensions ['cmake', 'python']
[1.789s] Level 1:colcon.colcon_core.package_identification:_identify(/home/portia/ros2Bot_ws/src/image_pipeline) by extension 'cmake'
[1.790s] Level 1:colcon.colcon_core.package_identification:_identify(/home/portia/ros2Bot_ws/src/image_pipeline) by extension 'python'
[1.790s] Level 1:colcon.colcon_core.package_identification:_identify(/home/portia/ros2Bot_ws/src/image_pipeline) by extensions ['python_setup_py']
[1.791s] Level 1:colcon.colcon_core.package_identification:_identify(/home/portia/ros2Bot_ws/src/image_pipeline) by extension 'python_setup_py'
[1.792s] Level 1:colcon.colcon_core.package_identification:_identify(/home/portia/ros2Bot_ws/src/turtlebot3) by extensions ['ignore', 'ignore_ament_install']
[1.793s] Level 1:colcon.colcon_core.package_identification:_identify(/home/portia/ros2Bot_ws/src/turtlebot3) by extension 'ignore'
[1.794s] Level 1:colcon.colcon_core.package_identification:_identify(/home/portia/ros2Bot_ws/src/turtlebot3) by extension 'ignore_ament_install'
[1.795s] Level 1:colcon.colcon_core.package_identification:_identify(/home/portia/ros2Bot_ws/src/turtlebot3) by extensions ['colcon_pkg']
[1.795s] Level 1:colcon.colcon_core.package_identification:_identify(/home/portia/ros2Bot_ws/src/turtlebot3) by extension 'colcon_pkg'
[1.796s] Level 1:colcon.colcon_core.package_identification:_identify(/home/portia/ros2Bot_ws/src/turtlebot3) by extensions ['colcon_meta']
[1.797s] Level 1:colcon.colcon_core.package_identification:_identify(/home/portia/ros2Bot_ws/src/turtlebot3) by extension 'colcon_meta'
[1.797s] Level 1:colcon.colcon_core.package_identification:_identify(/home/portia/ros2Bot_ws/src/turtlebot3) by extensions ['ros']
[1.798s] Level 1:colcon.colcon_core.package_identification:_identify(/home/portia/ros2Bot_ws/src/turtlebot3) by extension 'ros'
[1.799s] Level 1:colcon.colcon_core.package_identification:_identify(/home/portia/ros2Bot_ws/src/turtlebot3) by extensions ['cmake', 'python']
[1.800s] Level 1:colcon.colcon_core.package_identification:_identify(/home/portia/ros2Bot_ws/src/turtlebot3) by extension 'cmake'
[1.800s] Level 1:colcon.colcon_core.package_identification:_identify(/home/portia/ros2Bot_ws/src/turtlebot3) by extension 'python'
[1.801s] Level 1:colcon.colcon_core.package_identification:_identify(/home/portia/ros2Bot_ws/src/turtlebot3) by extensions ['python_setup_py']
[1.802s] Level 1:colcon.colcon_core.package_identification:_identify(/home/portia/ros2Bot_ws/src/turtlebot3) by extension 'python_setup_py'
[1.803s] Level 1:colcon.colcon_core.package_identification:_identify(/home/portia/ros2Bot_ws/src/turtlebot3_msgs) by extensions ['ignore', 'ignore_ament_install']
[1.804s] Level 1:colcon.colcon_core.package_identification:_identify(/home/portia/ros2Bot_ws/src/turtlebot3_msgs) by extension 'ignore'
[1.805s] Level 1:colcon.colcon_core.package_identification:_identify(/home/portia/ros2Bot_ws/src/turtlebot3_msgs) by extension 'ignore_ament_install'
[1.805s] Level 1:colcon.colcon_core.package_identification:_identify(/home/portia/ros2Bot_ws/src/turtlebot3_msgs) by extensions ['colcon_pkg']
[1.806s] Level 1:colcon.colcon_core.package_identification:_identify(/home/portia/ros2Bot_ws/src/turtlebot3_msgs) by extension 'colcon_pkg'
[1.807s] Level 1:colcon.colcon_core.package_identification:_identify(/home/portia/ros2Bot_ws/src/turtlebot3_msgs) by extensions ['colcon_meta']
[1.808s] Level 1:colcon.colcon_core.package_identification:_identify(/home/portia/ros2Bot_ws/src/turtlebot3_msgs) by extension 'colcon_meta'
[1.808s] Level 1:colcon.colcon_core.package_identification:_identify(/home/portia/ros2Bot_ws/src/turtlebot3_msgs) by extensions ['ros']
[1.809s] Level 1:colcon.colcon_core.package_identification:_identify(/home/portia/ros2Bot_ws/src/turtlebot3_msgs) by extension 'ros'
[1.810s] Level 1:colcon.colcon_core.package_identification:_identify(/home/portia/ros2Bot_ws/src/turtlebot3_msgs) by extensions ['cmake', 'python']
[1.810s] Level 1:colcon.colcon_core.package_identification:_identify(/home/portia/ros2Bot_ws/src/turtlebot3_msgs) by extension 'cmake'
[1.811s] Level 1:colcon.colcon_core.package_identification:_identify(/home/portia/ros2Bot_ws/src/turtlebot3_msgs) by extension 'python'
[1.812s] Level 1:colcon.colcon_core.package_identification:_identify(/home/portia/ros2Bot_ws/src/turtlebot3_msgs) by extensions ['python_setup_py']
[1.813s] Level 1:colcon.colcon_core.package_identification:_identify(/home/portia/ros2Bot_ws/src/turtlebot3_msgs) by extension 'python_setup_py'
[1.814s] Level 1:colcon.colcon_core.package_identification:_identify(/home/portia/ros2Bot_ws/src/vision_opencv) by extensions ['ignore', 'ignore_ament_install']
[1.815s] Level 1:colcon.colcon_core.package_identification:_identify(/home/portia/ros2Bot_ws/src/vision_opencv) by extension 'ignore'
[1.816s] Level 1:colcon.colcon_core.package_identification:_identify(/home/portia/ros2Bot_ws/src/vision_opencv) by extension 'ignore_ament_install'
[1.816s] Level 1:colcon.colcon_core.package_identification:_identify(/home/portia/ros2Bot_ws/src/vision_opencv) by extensions ['colcon_pkg']
[1.817s] Level 1:colcon.colcon_core.package_identification:_identify(/home/portia/ros2Bot_ws/src/vision_opencv) by extension 'colcon_pkg'
[1.818s] Level 1:colcon.colcon_core.package_identification:_identify(/home/portia/ros2Bot_ws/src/vision_opencv) by extensions ['colcon_meta']
[1.819s] Level 1:colcon.colcon_core.package_identification:_identify(/home/portia/ros2Bot_ws/src/vision_opencv) by extension 'colcon_meta'
[1.819s] Level 1:colcon.colcon_core.package_identification:_identify(/home/portia/ros2Bot_ws/src/vision_opencv) by extensions ['ros']
[1.820s] Level 1:colcon.colcon_core.package_identification:_identify(/home/portia/ros2Bot_ws/src/vision_opencv) by extension 'ros'
[1.820s] Level 1:colcon.colcon_core.package_identification:_identify(/home/portia/ros2Bot_ws/src/vision_opencv) by extensions ['cmake', 'python']
[1.821s] Level 1:colcon.colcon_core.package_identification:_identify(/home/portia/ros2Bot_ws/src/vision_opencv) by extension 'cmake'
[1.822s] Level 1:colcon.colcon_core.package_identification:_identify(/home/portia/ros2Bot_ws/src/vision_opencv) by extension 'python'
[1.823s] Level 1:colcon.colcon_core.package_identification:_identify(/home/portia/ros2Bot_ws/src/vision_opencv) by extensions ['python_setup_py']
[1.824s] Level 1:colcon.colcon_core.package_identification:_identify(/home/portia/ros2Bot_ws/src/vision_opencv) by extension 'python_setup_py'
[1.824s] Level 1:colcon.colcon_core.package_discovery:discover_packages(recursive) using defaults
[1.859s] INFO:colcon.colcon_core.executor:Executing jobs using 'parallel' executor
[1.863s] DEBUG:colcon.colcon_parallel_executor.executor.parallel:run_until_complete
[1.864s] DEBUG:colcon.colcon_parallel_executor.executor.parallel:closing loop
[1.864s] DEBUG:colcon.colcon_parallel_executor.executor.parallel:loop closed
[1.865s] DEBUG:colcon.colcon_parallel_executor.executor.parallel:run_until_complete finished with '0'
[1.865s] DEBUG:colcon.colcon_core.event_reactor:joining thread
[1.907s] INFO:colcon.colcon_core.plugin_system:Skipping extension 'colcon_notification.desktop_notification.notify_send': Could not find 'notify-send'
[1.908s] INFO:colcon.colcon_core.plugin_system:Skipping extension 'colcon_notification.desktop_notification.terminal_notifier': Not used on non-Darwin systems
[1.908s] INFO:colcon.colcon_core.plugin_system:Skipping extension 'colcon_notification.desktop_notification.win32': Not used on non-Windows systems
[1.909s] INFO:colcon.colcon_notification.desktop_notification:Sending desktop notification using 'notify2'
[1.909s] DEBUG:colcon.colcon_notification.desktop_notification.notify2:Failed to initialize notify2: org.freedesktop.DBus.Error.NotSupported: Unable to autolaunch a dbus-daemon without a $DISPLAY for X11
[1.910s] DEBUG:colcon.colcon_core.event_reactor:joined thread
[1.938s] INFO:colcon.colcon_core.plugin_system:Skipping extension 'colcon_core.shell.bat': Not used on non-Windows systems
[1.940s] INFO:colcon.colcon_core.shell:Creating prefix script '/home/portia/ros2Bot_ws/install/local_setup.ps1'
[1.955s] INFO:colcon.colcon_core.shell:Creating prefix util module '/home/portia/ros2Bot_ws/install/_local_setup_util_ps1.py'
[1.967s] INFO:colcon.colcon_core.shell:Creating prefix chain script '/home/portia/ros2Bot_ws/install/setup.ps1'
[2.004s] INFO:colcon.colcon_core.shell:Creating prefix script '/home/portia/ros2Bot_ws/install/local_setup.sh'
[2.009s] INFO:colcon.colcon_core.shell:Creating prefix util module '/home/portia/ros2Bot_ws/install/_local_setup_util_sh.py'
[2.013s] INFO:colcon.colcon_core.shell:Creating prefix chain script '/home/portia/ros2Bot_ws/install/setup.sh'
[2.043s] INFO:colcon.colcon_core.shell:Creating prefix script '/home/portia/ros2Bot_ws/install/local_setup.bash'
[2.048s] INFO:colcon.colcon_core.shell:Creating prefix chain script '/home/portia/ros2Bot_ws/install/setup.bash'
[2.076s] INFO:colcon.colcon_core.shell:Creating prefix script '/home/portia/ros2Bot_ws/install/local_setup.zsh'
[2.081s] INFO:colcon.colcon_core.shell:Creating prefix chain script '/home/portia/ros2Bot_ws/install/setup.zsh'
