[35m[1mScanning dependencies of target cam_node[0m
[ 50%] [32mBuilding CXX object CMakeFiles/cam_node.dir/src/cam_node.cpp.o[0m
[100%] [32m[1mLinking CXX executable cam_node[0m
[100%] Built target cam_node
[100%] Built target cam_node
[36mInstall the project...[0m
-- Install configuration: ""
-- Execute custom install script
-- Up-to-date symlink: /home/portia/ros2Bot_ws/install/usb_cam/share/ament_index/resource_index/package_run_dependencies/usb_cam
-- Up-to-date symlink: /home/portia/ros2Bot_ws/install/usb_cam/share/ament_index/resource_index/parent_prefix_path/usb_cam
-- Up-to-date symlink: /home/portia/ros2Bot_ws/install/usb_cam/share/usb_cam/environment/ament_prefix_path.sh
-- Up-to-date symlink: /home/portia/ros2Bot_ws/install/usb_cam/share/usb_cam/environment/path.sh
-- Up-to-date symlink: /home/portia/ros2Bot_ws/install/usb_cam/share/usb_cam/local_setup.bash
-- Up-to-date symlink: /home/portia/ros2Bot_ws/install/usb_cam/share/usb_cam/local_setup.sh
-- Up-to-date symlink: /home/portia/ros2Bot_ws/install/usb_cam/share/usb_cam/local_setup.zsh
-- Up-to-date symlink: /home/portia/ros2Bot_ws/install/usb_cam/share/ament_index/resource_index/packages/usb_cam
-- Up-to-date symlink: /home/portia/ros2Bot_ws/install/usb_cam/share/usb_cam/cmake/usb_camConfig.cmake
-- Up-to-date symlink: /home/portia/ros2Bot_ws/install/usb_cam/share/usb_cam/cmake/usb_camConfig-version.cmake
-- Up-to-date symlink: /home/portia/ros2Bot_ws/install/usb_cam/share/usb_cam/package.xml
-- Installing: /home/portia/ros2Bot_ws/install/usb_cam/lib/usb_cam/cam_node
-- Set runtime path of "/home/portia/ros2Bot_ws/install/usb_cam/lib/usb_cam/cam_node" to ""
