-- The C compiler identification is GNU 7.4.0
-- The CXX compiler identification is GNU 7.4.0
-- Check for working C compiler: /usr/bin/cc
-- Check for working C compiler: /usr/bin/cc -- works
-- Detecting C compiler ABI info
-- Detecting C compiler ABI info - done
-- Detecting C compile features
-- Detecting C compile features - done
-- Check for working CXX compiler: /usr/bin/c++
-- Check for working CXX compiler: /usr/bin/c++ -- works
-- Detecting CXX compiler ABI info
-- Detecting CXX compiler ABI info - done
-- Detecting CXX compile features
-- Detecting CXX compile features - done
-- Found ament_cmake: 0.7.3 (/opt/ros/dashing/share/ament_cmake/cmake)
-- Found PythonInterp: /usr/bin/python3 (found suitable version "3.6.9", minimum required is "3") 
-- Using PYTHON_EXECUTABLE: /usr/bin/python3
-- Override CMake install command with custom implementation using symlinks instead of copying resources
-- Found rclcpp: 0.7.11 (/opt/ros/dashing/share/rclcpp/cmake)
-- Found rosidl_adapter: 0.7.7 (/opt/ros/dashing/share/rosidl_adapter/cmake)
-- Found rmw_implementation_cmake: 0.7.2 (/opt/ros/dashing/share/rmw_implementation_cmake/cmake)
-- Looking for pthread.h
-- Looking for pthread.h - found
-- Looking for pthread_create
-- Looking for pthread_create - not found
-- Looking for pthread_create in pthreads
-- Looking for pthread_create in pthreads - not found
-- Looking for pthread_create in pthread
-- Looking for pthread_create in pthread - found
-- Found Threads: TRUE  
-- Found rclcpp_components: 0.7.11 (/opt/ros/dashing/share/rclcpp_components/cmake)
-- Found poco_vendor:  (/opt/ros/dashing/share/poco_vendor/cmake)
-- Found cv_bridge: 2.1.2 (/home/portia/ros2Bot_ws/install/cv_bridge/share/cv_bridge/cmake)
-- Found tf2_eigen: 0.11.5 (/opt/ros/dashing/share/tf2_eigen/cmake)
-- Found image_geometry: 2.1.2 (/home/portia/ros2Bot_ws/install/image_geometry/share/image_geometry/cmake)
-- Found image_transport: 2.1.1 (/opt/ros/dashing/share/image_transport/cmake)
-- Found tinyxml2_vendor:  (/opt/ros/dashing/share/tinyxml2_vendor/cmake)
-- Found TinyXML2: /usr/lib/aarch64-linux-gnu/libtinyxml2.so  
-- Found stereo_msgs: 0.7.0 (/opt/ros/dashing/share/stereo_msgs/cmake)
-- Found OpenCV: /usr (found version "3.2.0") 
-- Found ament_lint_auto: 0.7.11 (/opt/ros/dashing/share/ament_lint_auto/cmake)
-- Added test 'copyright' to check for copyright in CMake / C / C++ / Python code
-- Added test 'cppcheck' to perform static code analysis on C / C++ code
-- Configured cppcheck include dirs: /home/portia/ros2Bot_ws/src/image_pipeline/depth_image_proc/include
-- Added test 'cpplint' to check C / C++ code against the Google style
-- Added test 'flake8' to check Python code syntax and style conventions
-- Added test 'lint_cmake' to check CMake code style
-- Added test 'pep257' to check Python code against some of the style conventions in PEP 257
-- Added test 'uncrustify' to check C / C++ code style
-- Added test 'xmllint' to check XML markup files
-- Configuring done
-- Generating done
-- Build files have been written to: /home/portia/ros2Bot_ws/build/depth_image_proc
[35m[1mScanning dependencies of target depth_image_proc[0m
[ 20%] [32mBuilding CXX object CMakeFiles/depth_image_proc.dir/src/nodelets/crop_foremost.cpp.o[0m
[ 20%] [32mBuilding CXX object CMakeFiles/depth_image_proc.dir/src/nodelets/convert_metric.cpp.o[0m
[ 30%] [32mBuilding CXX object CMakeFiles/depth_image_proc.dir/src/nodelets/disparity.cpp.o[0m
[ 40%] [32mBuilding CXX object CMakeFiles/depth_image_proc.dir/src/nodelets/point_cloud_xyz.cpp.o[0m
[01m[K/home/portia/ros2Bot_ws/src/image_pipeline/depth_image_proc/src/nodelets/disparity.cpp:[m[K In constructor ‘[01m[Kdepth_image_proc::DisparityNode::DisparityNode()[m[K’:
[01m[K/home/portia/ros2Bot_ws/src/image_pipeline/depth_image_proc/src/nodelets/disparity.cpp:107:87:[m[K [01;35m[Kwarning: [m[K‘[01m[Kstd::shared_ptr<PublisherT> rclcpp::Node::create_publisher(const string&, const rmw_qos_profile_t&, std::shared_ptr<_Up>) [with MessageT = stereo_msgs::msg::DisparityImage_<std::allocator<void> >; AllocatorT = std::allocator<void>; PublisherT = rclcpp::Publisher<stereo_msgs::msg::DisparityImage_<std::allocator<void> > >; std::__cxx11::string = std::__cxx11::basic_string<char>; rmw_qos_profile_t = rmw_qos_profile_t][m[K’ is deprecated: use create_publisher(const std::string &, const rclcpp::QoS &, ...) instead [[01;35m[K-Wdeprecated-declarations[m[K]
   pub_disparity_ = create_publisher<stereo_msgs::msg::DisparityImage>("left/disparity"[01;35m[K)[m[K;
                                                                                       [01;35m[K^[m[K
In file included from [01m[K/opt/ros/dashing/include/rclcpp/node.hpp:1206:0[m[K,
                 from [01m[K/opt/ros/dashing/include/rclcpp/executors/single_threaded_executor.hpp:28[m[K,
                 from [01m[K/opt/ros/dashing/include/rclcpp/executors.hpp:22[m[K,
                 from [01m[K/opt/ros/dashing/include/rclcpp/rclcpp.hpp:144[m[K,
                 from [01m[K/home/portia/ros2Bot_ws/src/image_pipeline/depth_image_proc/src/nodelets/disparity.cpp:32[m[K:
[01m[K/opt/ros/dashing/include/rclcpp/node_impl.hpp:96:1:[m[K [01;36m[Knote: [m[Kdeclared here
 [01;36m[KNode[m[K::create_publisher(
 [01;36m[K^~~~[m[K
[01m[K/home/portia/ros2Bot_ws/src/image_pipeline/depth_image_proc/src/nodelets/point_cloud_xyz.cpp:[m[K In constructor ‘[01m[Kdepth_image_proc::PointCloudXyzNode::PointCloudXyzNode()[m[K’:
[01m[K/home/portia/ros2Bot_ws/src/image_pipeline/depth_image_proc/src/nodelets/point_cloud_xyz.cpp:91:60:[m[K [01;35m[Kwarning: [m[K‘[01m[Kstd::shared_ptr<PublisherT> rclcpp::Node::create_publisher(const string&, const rmw_qos_profile_t&, std::shared_ptr<_Up>) [with MessageT = sensor_msgs::msg::PointCloud2_<std::allocator<void> >; AllocatorT = std::allocator<void>; PublisherT = rclcpp::Publisher<sensor_msgs::msg::PointCloud2_<std::allocator<void> > >; std::__cxx11::string = std::__cxx11::basic_string<char>; rmw_qos_profile_t = rmw_qos_profile_t][m[K’ is deprecated: use create_publisher(const std::string &, const rclcpp::QoS &, ...) instead [[01;35m[K-Wdeprecated-declarations[m[K]
   pub_point_cloud_ = create_publisher<PointCloud2>("points"[01;35m[K)[m[K;
                                                            [01;35m[K^[m[K
In file included from [01m[K/opt/ros/dashing/include/rclcpp/node.hpp:1206:0[m[K,
                 from [01m[K/opt/ros/dashing/include/rclcpp/executors/single_threaded_executor.hpp:28[m[K,
                 from [01m[K/opt/ros/dashing/include/rclcpp/executors.hpp:22[m[K,
                 from [01m[K/opt/ros/dashing/include/rclcpp/rclcpp.hpp:144[m[K,
                 from [01m[K/home/portia/ros2Bot_ws/src/image_pipeline/depth_image_proc/src/nodelets/point_cloud_xyz.cpp:32[m[K:
[01m[K/opt/ros/dashing/include/rclcpp/node_impl.hpp:96:1:[m[K [01;36m[Knote: [m[Kdeclared here
 [01;36m[KNode[m[K::create_publisher(
 [01;36m[K^~~~[m[K
[01m[K/home/portia/ros2Bot_ws/src/image_pipeline/depth_image_proc/src/nodelets/point_cloud_xyz.cpp:[m[K In member function ‘[01m[Kvoid depth_image_proc::PointCloudXyzNode::depthCb(const ConstSharedPtr&, const ConstSharedPtr&)[m[K’:
[01m[K/home/portia/ros2Bot_ws/src/image_pipeline/depth_image_proc/src/nodelets/point_cloud_xyz.cpp:141:38:[m[K [01;35m[Kwarning: [m[K‘[01m[Kvoid rclcpp::Publisher<MessageT, Alloc>::publish(const std::shared_ptr<const _Tp>&) [with MessageT = sensor_msgs::msg::PointCloud2_<std::allocator<void> >; Alloc = std::allocator<void>][m[K’ is deprecated: publishing an unique_ptr is prefered when using intra process communication. If using a shared_ptr, use publish(*msg). [[01;35m[K-Wdeprecated-declarations[m[K]
   pub_point_cloud_->publish(cloud_msg[01;35m[K)[m[K;
                                      [01;35m[K^[m[K
In file included from [01m[K/opt/ros/dashing/include/rclcpp/callback_group.hpp:24:0[m[K,
                 from [01m[K/opt/ros/dashing/include/rclcpp/any_executable.hpp:20[m[K,
                 from [01m[K/opt/ros/dashing/include/rclcpp/memory_strategy.hpp:24[m[K,
                 from [01m[K/opt/ros/dashing/include/rclcpp/memory_strategies.hpp:18[m[K,
                 from [01m[K/opt/ros/dashing/include/rclcpp/executor.hpp:33[m[K,
                 from [01m[K/opt/ros/dashing/include/rclcpp/executors/multi_threaded_executor.hpp:24[m[K,
                 from [01m[K/opt/ros/dashing/include/rclcpp/executors.hpp:21[m[K,
                 from [01m[K/opt/ros/dashing/include/rclcpp/rclcpp.hpp:144[m[K,
                 from [01m[K/home/portia/ros2Bot_ws/src/image_pipeline/depth_image_proc/src/nodelets/point_cloud_xyz.cpp:32[m[K:
[01m[K/opt/ros/dashing/include/rclcpp/publisher.hpp:137:3:[m[K [01;36m[Knote: [m[Kdeclared here
   [01;36m[Kpublish[m[K(const std::shared_ptr<const MessageT> & msg)
   [01;36m[K^~~~~~~[m[K
[01m[K/home/portia/ros2Bot_ws/src/image_pipeline/depth_image_proc/src/nodelets/disparity.cpp:[m[K In member function ‘[01m[Kvoid depth_image_proc::DisparityNode::depthCb(const ConstSharedPtr&, const ConstSharedPtr&)[m[K’:
[01m[K/home/portia/ros2Bot_ws/src/image_pipeline/depth_image_proc/src/nodelets/disparity.cpp:155:35:[m[K [01;35m[Kwarning: [m[K‘[01m[Kvoid rclcpp::Publisher<MessageT, Alloc>::publish(const std::shared_ptr<const _Tp>&) [with MessageT = stereo_msgs::msg::DisparityImage_<std::allocator<void> >; Alloc = std::allocator<void>][m[K’ is deprecated: publishing an unique_ptr is prefered when using intra process communication. If using a shared_ptr, use publish(*msg). [[01;35m[K-Wdeprecated-declarations[m[K]
   pub_disparity_->publish(disp_msg[01;35m[K)[m[K;
                                   [01;35m[K^[m[K
In file included from [01m[K/opt/ros/dashing/include/rclcpp/callback_group.hpp:24:0[m[K,
                 from [01m[K/opt/ros/dashing/include/rclcpp/any_executable.hpp:20[m[K,
                 from [01m[K/opt/ros/dashing/include/rclcpp/memory_strategy.hpp:24[m[K,
                 from [01m[K/opt/ros/dashing/include/rclcpp/memory_strategies.hpp:18[m[K,
                 from [01m[K/opt/ros/dashing/include/rclcpp/executor.hpp:33[m[K,
                 from [01m[K/opt/ros/dashing/include/rclcpp/executors/multi_threaded_executor.hpp:24[m[K,
                 from [01m[K/opt/ros/dashing/include/rclcpp/executors.hpp:21[m[K,
                 from [01m[K/opt/ros/dashing/include/rclcpp/rclcpp.hpp:144[m[K,
                 from [01m[K/home/portia/ros2Bot_ws/src/image_pipeline/depth_image_proc/src/nodelets/disparity.cpp:32[m[K:
[01m[K/opt/ros/dashing/include/rclcpp/publisher.hpp:137:3:[m[K [01;36m[Knote: [m[Kdeclared here
   [01;36m[Kpublish[m[K(const std::shared_ptr<const MessageT> & msg)
   [01;36m[K^~~~~~~[m[K
[ 50%] [32mBuilding CXX object CMakeFiles/depth_image_proc.dir/src/nodelets/point_cloud_xyz_radial.cpp.o[0m
[ 60%] [32mBuilding CXX object CMakeFiles/depth_image_proc.dir/src/nodelets/point_cloud_xyzi.cpp.o[0m
[ 70%] [32mBuilding CXX object CMakeFiles/depth_image_proc.dir/src/nodelets/point_cloud_xyzrgb.cpp.o[0m
[01m[K/home/portia/ros2Bot_ws/src/image_pipeline/depth_image_proc/src/nodelets/point_cloud_xyz_radial.cpp:[m[K In constructor ‘[01m[Kdepth_image_proc::PointCloudXyzRadialNode::PointCloudXyzRadialNode()[m[K’:
[01m[K/home/portia/ros2Bot_ws/src/image_pipeline/depth_image_proc/src/nodelets/point_cloud_xyz_radial.cpp:140:78:[m[K [01;35m[Kwarning: [m[K‘[01m[Kstd::shared_ptr<PublisherT> rclcpp::Node::create_publisher(const string&, const rmw_qos_profile_t&, std::shared_ptr<_Up>) [with MessageT = sensor_msgs::msg::PointCloud2_<std::allocator<void> >; AllocatorT = std::allocator<void>; PublisherT = rclcpp::Publisher<sensor_msgs::msg::PointCloud2_<std::allocator<void> > >; std::__cxx11::string = std::__cxx11::basic_string<char>; rmw_qos_profile_t = rmw_qos_profile_t][m[K’ is deprecated: use create_publisher(const std::string &, const rclcpp::QoS &, ...) instead [[01;35m[K-Wdeprecated-declarations[m[K]
   pub_point_cloud_ = create_publisher<sensor_msgs::msg::PointCloud2>("points"[01;35m[K)[m[K;
                                                                              [01;35m[K^[m[K
In file included from [01m[K/opt/ros/dashing/include/rclcpp/node.hpp:1206:0[m[K,
                 from [01m[K/opt/ros/dashing/include/rclcpp/executors/single_threaded_executor.hpp:28[m[K,
                 from [01m[K/opt/ros/dashing/include/rclcpp/executors.hpp:22[m[K,
                 from [01m[K/opt/ros/dashing/include/rclcpp/rclcpp.hpp:144[m[K,
                 from [01m[K/home/portia/ros2Bot_ws/src/image_pipeline/depth_image_proc/src/nodelets/point_cloud_xyz_radial.cpp:32[m[K:
[01m[K/opt/ros/dashing/include/rclcpp/node_impl.hpp:96:1:[m[K [01;36m[Knote: [m[Kdeclared here
 [01;36m[KNode[m[K::create_publisher(
 [01;36m[K^~~~[m[K
[01m[K/home/portia/ros2Bot_ws/src/image_pipeline/depth_image_proc/src/nodelets/point_cloud_xyz_radial.cpp:[m[K In member function ‘[01m[Kvoid depth_image_proc::PointCloudXyzRadialNode::depthCb(const ConstSharedPtr&, const ConstSharedPtr&)[m[K’:
[01m[K/home/portia/ros2Bot_ws/src/image_pipeline/depth_image_proc/src/nodelets/point_cloud_xyz_radial.cpp:198:38:[m[K [01;35m[Kwarning: [m[K‘[01m[Kvoid rclcpp::Publisher<MessageT, Alloc>::publish(const std::shared_ptr<const _Tp>&) [with MessageT = sensor_msgs::msg::PointCloud2_<std::allocator<void> >; Alloc = std::allocator<void>][m[K’ is deprecated: publishing an unique_ptr is prefered when using intra process communication. If using a shared_ptr, use publish(*msg). [[01;35m[K-Wdeprecated-declarations[m[K]
   pub_point_cloud_->publish(cloud_msg[01;35m[K)[m[K;
                                      [01;35m[K^[m[K
In file included from [01m[K/opt/ros/dashing/include/rclcpp/callback_group.hpp:24:0[m[K,
                 from [01m[K/opt/ros/dashing/include/rclcpp/any_executable.hpp:20[m[K,
                 from [01m[K/opt/ros/dashing/include/rclcpp/memory_strategy.hpp:24[m[K,
                 from [01m[K/opt/ros/dashing/include/rclcpp/memory_strategies.hpp:18[m[K,
                 from [01m[K/opt/ros/dashing/include/rclcpp/executor.hpp:33[m[K,
                 from [01m[K/opt/ros/dashing/include/rclcpp/executors/multi_threaded_executor.hpp:24[m[K,
                 from [01m[K/opt/ros/dashing/include/rclcpp/executors.hpp:21[m[K,
                 from [01m[K/opt/ros/dashing/include/rclcpp/rclcpp.hpp:144[m[K,
                 from [01m[K/home/portia/ros2Bot_ws/src/image_pipeline/depth_image_proc/src/nodelets/point_cloud_xyz_radial.cpp:32[m[K:
[01m[K/opt/ros/dashing/include/rclcpp/publisher.hpp:137:3:[m[K [01;36m[Knote: [m[Kdeclared here
   [01;36m[Kpublish[m[K(const std::shared_ptr<const MessageT> & msg)
   [01;36m[K^~~~~~~[m[K
[01m[K/home/portia/ros2Bot_ws/src/image_pipeline/depth_image_proc/src/nodelets/point_cloud_xyzrgb.cpp:[m[K In constructor ‘[01m[Kdepth_image_proc::PointCloudXyzrgbNode::PointCloudXyzrgbNode()[m[K’:
[01m[K/home/portia/ros2Bot_ws/src/image_pipeline/depth_image_proc/src/nodelets/point_cloud_xyzrgb.cpp:134:60:[m[K [01;35m[Kwarning: [m[K‘[01m[Kstd::shared_ptr<PublisherT> rclcpp::Node::create_publisher(const string&, const rmw_qos_profile_t&, std::shared_ptr<_Up>) [with MessageT = sensor_msgs::msg::PointCloud2_<std::allocator<void> >; AllocatorT = std::allocator<void>; PublisherT = rclcpp::Publisher<sensor_msgs::msg::PointCloud2_<std::allocator<void> > >; std::__cxx11::string = std::__cxx11::basic_string<char>; rmw_qos_profile_t = rmw_qos_profile_t][m[K’ is deprecated: use create_publisher(const std::string &, const rclcpp::QoS &, ...) instead [[01;35m[K-Wdeprecated-declarations[m[K]
   pub_point_cloud_ = create_publisher<PointCloud2>("points"[01;35m[K)[m[K;
                                                            [01;35m[K^[m[K
In file included from [01m[K/opt/ros/dashing/include/rclcpp/node.hpp:1206:0[m[K,
                 from [01m[K/opt/ros/dashing/include/rclcpp/executors/single_threaded_executor.hpp:28[m[K,
                 from [01m[K/opt/ros/dashing/include/rclcpp/executors.hpp:22[m[K,
                 from [01m[K/opt/ros/dashing/include/rclcpp/rclcpp.hpp:144[m[K,
                 from [01m[K/home/portia/ros2Bot_ws/src/image_pipeline/depth_image_proc/src/nodelets/point_cloud_xyzrgb.cpp:32[m[K:
[01m[K/opt/ros/dashing/include/rclcpp/node_impl.hpp:96:1:[m[K [01;36m[Knote: [m[Kdeclared here
 [01;36m[KNode[m[K::create_publisher(
 [01;36m[K^~~~[m[K
[01m[K/home/portia/ros2Bot_ws/src/image_pipeline/depth_image_proc/src/nodelets/point_cloud_xyzrgb.cpp:[m[K In member function ‘[01m[Kvoid depth_image_proc::PointCloudXyzrgbNode::imageCb(const ConstSharedPtr&, const ConstSharedPtr&, const ConstSharedPtr&)[m[K’:
[01m[K/home/portia/ros2Bot_ws/src/image_pipeline/depth_image_proc/src/nodelets/point_cloud_xyzrgb.cpp:274:38:[m[K [01;35m[Kwarning: [m[K‘[01m[Kvoid rclcpp::Publisher<MessageT, Alloc>::publish(const std::shared_ptr<const _Tp>&) [with MessageT = sensor_msgs::msg::PointCloud2_<std::allocator<void> >; Alloc = std::allocator<void>][m[K’ is deprecated: publishing an unique_ptr is prefered when using intra process communication. If using a shared_ptr, use publish(*msg). [[01;35m[K-Wdeprecated-declarations[m[K]
   pub_point_cloud_->publish(cloud_msg[01;35m[K)[m[K;
                                      [01;35m[K^[m[K
In file included from [01m[K/opt/ros/dashing/include/rclcpp/callback_group.hpp:24:0[m[K,
                 from [01m[K/opt/ros/dashing/include/rclcpp/any_executable.hpp:20[m[K,
                 from [01m[K/opt/ros/dashing/include/rclcpp/memory_strategy.hpp:24[m[K,
                 from [01m[K/opt/ros/dashing/include/rclcpp/memory_strategies.hpp:18[m[K,
                 from [01m[K/opt/ros/dashing/include/rclcpp/executor.hpp:33[m[K,
                 from [01m[K/opt/ros/dashing/include/rclcpp/executors/multi_threaded_executor.hpp:24[m[K,
                 from [01m[K/opt/ros/dashing/include/rclcpp/executors.hpp:21[m[K,
                 from [01m[K/opt/ros/dashing/include/rclcpp/rclcpp.hpp:144[m[K,
                 from [01m[K/home/portia/ros2Bot_ws/src/image_pipeline/depth_image_proc/src/nodelets/point_cloud_xyzrgb.cpp:32[m[K:
[01m[K/opt/ros/dashing/include/rclcpp/publisher.hpp:137:3:[m[K [01;36m[Knote: [m[Kdeclared here
   [01;36m[Kpublish[m[K(const std::shared_ptr<const MessageT> & msg)
   [01;36m[K^~~~~~~[m[K
[01m[K/home/portia/ros2Bot_ws/src/image_pipeline/depth_image_proc/src/nodelets/point_cloud_xyzi.cpp:[m[K In constructor ‘[01m[Kdepth_image_proc::PointCloudXyziNode::PointCloudXyziNode()[m[K’:
[01m[K/home/portia/ros2Bot_ws/src/image_pipeline/depth_image_proc/src/nodelets/point_cloud_xyzi.cpp:119:59:[m[K [01;35m[Kwarning: [m[K‘[01m[Kstd::shared_ptr<PublisherT> rclcpp::Node::create_publisher(const string&, const rmw_qos_profile_t&, std::shared_ptr<_Up>) [with MessageT = sensor_msgs::msg::PointCloud2_<std::allocator<void> >; AllocatorT = std::allocator<void>; PublisherT = rclcpp::Publisher<sensor_msgs::msg::PointCloud2_<std::allocator<void> > >; std::__cxx11::string = std::__cxx11::basic_string<char>; rmw_qos_profile_t = rmw_qos_profile_t][m[K’ is deprecated: use create_publisher(const std::string &, const rclcpp::QoS &, ...) instead [[01;35m[K-Wdeprecated-declarations[m[K]
   pub_point_cloud_ = create_publisher<PointCloud>("points"[01;35m[K)[m[K;
                                                           [01;35m[K^[m[K
In file included from [01m[K/opt/ros/dashing/include/rclcpp/node.hpp:1206:0[m[K,
                 from [01m[K/opt/ros/dashing/include/rclcpp/executors/single_threaded_executor.hpp:28[m[K,
                 from [01m[K/opt/ros/dashing/include/rclcpp/executors.hpp:22[m[K,
                 from [01m[K/opt/ros/dashing/include/rclcpp/rclcpp.hpp:144[m[K,
                 from [01m[K/home/portia/ros2Bot_ws/src/image_pipeline/depth_image_proc/src/nodelets/point_cloud_xyzi.cpp:32[m[K:
[01m[K/opt/ros/dashing/include/rclcpp/node_impl.hpp:96:1:[m[K [01;36m[Knote: [m[Kdeclared here
 [01;36m[KNode[m[K::create_publisher(
 [01;36m[K^~~~[m[K
[01m[K/home/portia/ros2Bot_ws/src/image_pipeline/depth_image_proc/src/nodelets/point_cloud_xyzi.cpp:[m[K In member function ‘[01m[Kvoid depth_image_proc::PointCloudXyziNode::imageCb(const ConstSharedPtr&, const ConstSharedPtr&, const ConstSharedPtr&)[m[K’:
[01m[K/home/portia/ros2Bot_ws/src/image_pipeline/depth_image_proc/src/nodelets/point_cloud_xyzi.cpp:245:38:[m[K [01;35m[Kwarning: [m[K‘[01m[Kvoid rclcpp::Publisher<MessageT, Alloc>::publish(const std::shared_ptr<const _Tp>&) [with MessageT = sensor_msgs::msg::PointCloud2_<std::allocator<void> >; Alloc = std::allocator<void>][m[K’ is deprecated: publishing an unique_ptr is prefered when using intra process communication. If using a shared_ptr, use publish(*msg). [[01;35m[K-Wdeprecated-declarations[m[K]
   pub_point_cloud_->publish(cloud_msg[01;35m[K)[m[K;
                                      [01;35m[K^[m[K
In file included from [01m[K/opt/ros/dashing/include/rclcpp/callback_group.hpp:24:0[m[K,
                 from [01m[K/opt/ros/dashing/include/rclcpp/any_executable.hpp:20[m[K,
                 from [01m[K/opt/ros/dashing/include/rclcpp/memory_strategy.hpp:24[m[K,
                 from [01m[K/opt/ros/dashing/include/rclcpp/memory_strategies.hpp:18[m[K,
                 from [01m[K/opt/ros/dashing/include/rclcpp/executor.hpp:33[m[K,
                 from [01m[K/opt/ros/dashing/include/rclcpp/executors/multi_threaded_executor.hpp:24[m[K,
                 from [01m[K/opt/ros/dashing/include/rclcpp/executors.hpp:21[m[K,
                 from [01m[K/opt/ros/dashing/include/rclcpp/rclcpp.hpp:144[m[K,
                 from [01m[K/home/portia/ros2Bot_ws/src/image_pipeline/depth_image_proc/src/nodelets/point_cloud_xyzi.cpp:32[m[K:
[01m[K/opt/ros/dashing/include/rclcpp/publisher.hpp:137:3:[m[K [01;36m[Knote: [m[Kdeclared here
   [01;36m[Kpublish[m[K(const std::shared_ptr<const MessageT> & msg)
   [01;36m[K^~~~~~~[m[K
[ 90%] [32mBuilding CXX object CMakeFiles/depth_image_proc.dir/src/nodelets/point_cloud_xyzi_radial.cpp.o[0m
[ 90%] [32mBuilding CXX object CMakeFiles/depth_image_proc.dir/src/nodelets/register.cpp.o[0m
[01m[K/home/portia/ros2Bot_ws/src/image_pipeline/depth_image_proc/src/nodelets/point_cloud_xyzi_radial.cpp:[m[K In constructor ‘[01m[Kdepth_image_proc::PointCloudXyziRadialNode::PointCloudXyziRadialNode()[m[K’:
[01m[K/home/portia/ros2Bot_ws/src/image_pipeline/depth_image_proc/src/nodelets/point_cloud_xyzi_radial.cpp:177:78:[m[K [01;35m[Kwarning: [m[K‘[01m[Kstd::shared_ptr<PublisherT> rclcpp::Node::create_publisher(const string&, const rmw_qos_profile_t&, std::shared_ptr<_Up>) [with MessageT = sensor_msgs::msg::PointCloud2_<std::allocator<void> >; AllocatorT = std::allocator<void>; PublisherT = rclcpp::Publisher<sensor_msgs::msg::PointCloud2_<std::allocator<void> > >; std::__cxx11::string = std::__cxx11::basic_string<char>; rmw_qos_profile_t = rmw_qos_profile_t][m[K’ is deprecated: use create_publisher(const std::string &, const rclcpp::QoS &, ...) instead [[01;35m[K-Wdeprecated-declarations[m[K]
   pub_point_cloud_ = create_publisher<sensor_msgs::msg::PointCloud2>("points"[01;35m[K)[m[K;
                                                                              [01;35m[K^[m[K
In file included from [01m[K/opt/ros/dashing/include/rclcpp/node.hpp:1206:0[m[K,
                 from [01m[K/opt/ros/dashing/include/rclcpp/executors/single_threaded_executor.hpp:28[m[K,
                 from [01m[K/opt/ros/dashing/include/rclcpp/executors.hpp:22[m[K,
                 from [01m[K/opt/ros/dashing/include/rclcpp/rclcpp.hpp:144[m[K,
                 from [01m[K/home/portia/ros2Bot_ws/src/image_pipeline/depth_image_proc/src/nodelets/point_cloud_xyzi_radial.cpp:32[m[K:
[01m[K/opt/ros/dashing/include/rclcpp/node_impl.hpp:96:1:[m[K [01;36m[Knote: [m[Kdeclared here
 [01;36m[KNode[m[K::create_publisher(
 [01;36m[K^~~~[m[K
[01m[K/home/portia/ros2Bot_ws/src/image_pipeline/depth_image_proc/src/nodelets/point_cloud_xyzi_radial.cpp:[m[K In member function ‘[01m[Kvoid depth_image_proc::PointCloudXyziRadialNode::imageCb(const ConstSharedPtr&, const ConstSharedPtr&, const ConstSharedPtr&)[m[K’:
[01m[K/home/portia/ros2Bot_ws/src/image_pipeline/depth_image_proc/src/nodelets/point_cloud_xyzi_radial.cpp:256:38:[m[K [01;35m[Kwarning: [m[K‘[01m[Kvoid rclcpp::Publisher<MessageT, Alloc>::publish(const std::shared_ptr<const _Tp>&) [with MessageT = sensor_msgs::msg::PointCloud2_<std::allocator<void> >; Alloc = std::allocator<void>][m[K’ is deprecated: publishing an unique_ptr is prefered when using intra process communication. If using a shared_ptr, use publish(*msg). [[01;35m[K-Wdeprecated-declarations[m[K]
   pub_point_cloud_->publish(cloud_msg[01;35m[K)[m[K;
                                      [01;35m[K^[m[K
In file included from [01m[K/opt/ros/dashing/include/rclcpp/callback_group.hpp:24:0[m[K,
                 from [01m[K/opt/ros/dashing/include/rclcpp/any_executable.hpp:20[m[K,
                 from [01m[K/opt/ros/dashing/include/rclcpp/memory_strategy.hpp:24[m[K,
                 from [01m[K/opt/ros/dashing/include/rclcpp/memory_strategies.hpp:18[m[K,
                 from [01m[K/opt/ros/dashing/include/rclcpp/executor.hpp:33[m[K,
                 from [01m[K/opt/ros/dashing/include/rclcpp/executors/multi_threaded_executor.hpp:24[m[K,
                 from [01m[K/opt/ros/dashing/include/rclcpp/executors.hpp:21[m[K,
                 from [01m[K/opt/ros/dashing/include/rclcpp/rclcpp.hpp:144[m[K,
                 from [01m[K/home/portia/ros2Bot_ws/src/image_pipeline/depth_image_proc/src/nodelets/point_cloud_xyzi_radial.cpp:32[m[K:
[01m[K/opt/ros/dashing/include/rclcpp/publisher.hpp:137:3:[m[K [01;36m[Knote: [m[Kdeclared here
   [01;36m[Kpublish[m[K(const std::shared_ptr<const MessageT> & msg)
   [01;36m[K^~~~~~~[m[K
[100%] [32m[1mLinking CXX shared library libdepth_image_proc.so[0m
[100%] Built target depth_image_proc
[100%] Built target depth_image_proc
[36mInstall the project...[0m
-- Install configuration: ""
-- Execute custom install script
-- Symlinking: /home/portia/ros2Bot_ws/install/depth_image_proc/lib/libdepth_image_proc.so
-- Symlinking: /home/portia/ros2Bot_ws/install/depth_image_proc/share/depth_image_proc//launch/convert_metric.launch.py
-- Symlinking: /home/portia/ros2Bot_ws/install/depth_image_proc/share/depth_image_proc//launch/crop_foremost.launch.py
-- Symlinking: /home/portia/ros2Bot_ws/install/depth_image_proc/share/depth_image_proc//launch/disparity.launch.py
-- Symlinking: /home/portia/ros2Bot_ws/install/depth_image_proc/share/depth_image_proc//launch/point_cloud_xyz.launch.py
-- Symlinking: /home/portia/ros2Bot_ws/install/depth_image_proc/share/depth_image_proc//launch/point_cloud_xyz_radial.launch.py
-- Symlinking: /home/portia/ros2Bot_ws/install/depth_image_proc/share/depth_image_proc//launch/point_cloud_xyzi.launch.py
-- Symlinking: /home/portia/ros2Bot_ws/install/depth_image_proc/share/depth_image_proc//launch/point_cloud_xyzi_radial.launch.py
-- Symlinking: /home/portia/ros2Bot_ws/install/depth_image_proc/share/depth_image_proc//launch/point_cloud_xyzrgb.launch.py
-- Symlinking: /home/portia/ros2Bot_ws/install/depth_image_proc/share/depth_image_proc//launch/register.launch.py
-- Symlinking: /home/portia/ros2Bot_ws/install/depth_image_proc/share/depth_image_proc//launch/rviz/convert_metric.rviz
-- Symlinking: /home/portia/ros2Bot_ws/install/depth_image_proc/share/depth_image_proc//launch/rviz/crop_formost.rviz
-- Symlinking: /home/portia/ros2Bot_ws/install/depth_image_proc/share/depth_image_proc//launch/rviz/disparity.rviz
-- Symlinking: /home/portia/ros2Bot_ws/install/depth_image_proc/share/depth_image_proc//launch/rviz/point_cloud_xyz.rviz
-- Symlinking: /home/portia/ros2Bot_ws/install/depth_image_proc/share/depth_image_proc//launch/rviz/point_cloud_xyz_radial.rviz
-- Symlinking: /home/portia/ros2Bot_ws/install/depth_image_proc/share/depth_image_proc//launch/rviz/point_cloud_xyzi.rviz
-- Symlinking: /home/portia/ros2Bot_ws/install/depth_image_proc/share/depth_image_proc//launch/rviz/point_cloud_xyzrgb.rviz
-- Symlinking: /home/portia/ros2Bot_ws/install/depth_image_proc/share/depth_image_proc//launch/rviz/register.rviz
-- Symlinking: /home/portia/ros2Bot_ws/install/depth_image_proc/share/ament_index/resource_index/package_run_dependencies/depth_image_proc
-- Symlinking: /home/portia/ros2Bot_ws/install/depth_image_proc/share/ament_index/resource_index/parent_prefix_path/depth_image_proc
-- Symlinking: /home/portia/ros2Bot_ws/install/depth_image_proc/share/depth_image_proc/environment/ament_prefix_path.sh
-- Symlinking: /home/portia/ros2Bot_ws/install/depth_image_proc/share/depth_image_proc/environment/path.sh
-- Symlinking: /home/portia/ros2Bot_ws/install/depth_image_proc/share/depth_image_proc/local_setup.bash
-- Symlinking: /home/portia/ros2Bot_ws/install/depth_image_proc/share/depth_image_proc/local_setup.sh
-- Symlinking: /home/portia/ros2Bot_ws/install/depth_image_proc/share/depth_image_proc/local_setup.zsh
-- Symlinking: /home/portia/ros2Bot_ws/install/depth_image_proc/share/ament_index/resource_index/packages/depth_image_proc
-- Symlinking: /home/portia/ros2Bot_ws/install/depth_image_proc/share/ament_index/resource_index/rclcpp_components/depth_image_proc
-- Symlinking: /home/portia/ros2Bot_ws/install/depth_image_proc/share/depth_image_proc/cmake/depth_image_procConfig.cmake
-- Symlinking: /home/portia/ros2Bot_ws/install/depth_image_proc/share/depth_image_proc/cmake/depth_image_procConfig-version.cmake
-- Symlinking: /home/portia/ros2Bot_ws/install/depth_image_proc/share/depth_image_proc/package.xml
-- Installing: /home/portia/ros2Bot_ws/install/depth_image_proc/include/depth_image_proc
-- Installing: /home/portia/ros2Bot_ws/install/depth_image_proc/include/depth_image_proc/visibility.h
