Invoking command in '/home/portia/ros2Bot_ws/build/dynamixel_sdk': CMAKE_PREFIX_PATH=/home/portia/ros2OnBot_ws/install/turtlebot3:/home/portia/ros2OnBot_ws/install/turtlebot3_bringup:/home/portia/ros2OnBot_ws/install/turtlebot3_node:/home/portia/ros2OnBot_ws/install/turtlebot3_navigation2:/home/portia/ros2OnBot_ws/install/turtlebot3_msgs:/home/portia/ros2OnBot_ws/install/turtlebot3_description:/home/portia/ros2OnBot_ws/install/turtlebot3_cartographer:/home/portia/ros2OnBot_ws/install/turtlebot3_teleop:/home/portia/turtlebot3_ws/install/turtlebot3_teleop:/opt/ros/dashing:/home/portia/ros2OnBot_ws/install/image_proc:/home/portia/ros2OnBot_ws/install/depth_image_proc:/home/portia/ros2OnBot_ws/install/camera_info_manager:/home/portia/ros2OnBot_ws/install/image_transport:/home/portia/ros2OnBot_ws/install/image_geometry:/home/portia/ros2OnBot_ws/install/hls_lfcd_lds_driver:/home/portia/ros2OnBot_ws/install/dynamixel_sdk:/home/portia/ros2OnBot_ws/install/cv_bridge:/home/portia/ros2OnBot_ws/install/cpp_pubsub:/home/portia/ros2OnBot_ws/install/camera_calibration_parsers:/home/portia/turtlebot3_ws/install/turtlebot3:/home/portia/turtlebot3_ws/install/turtlebot3_bringup:/home/portia/turtlebot3_ws/install/turtlebot3_node:/home/portia/turtlebot3_ws/install/turtlebot3_msgs:/home/portia/turtlebot3_ws/install/turtlebot3_description:/home/portia/turtlebot3_ws/install/hls_lfcd_lds_driver:/home/portia/turtlebot3_ws/install/dynamixel_sdk /usr/bin/cmake /home/portia/ros2Bot_ws/src/DynamixelSDK/dynamixel_sdk -DAMENT_CMAKE_SYMLINK_INSTALL=1 -DCMAKE_INSTALL_PREFIX=/home/portia/ros2Bot_ws/install/dynamixel_sdk
-- The C compiler identification is GNU 7.4.0
-- The CXX compiler identification is GNU 7.4.0
-- Check for working C compiler: /usr/bin/cc
-- Check for working C compiler: /usr/bin/cc -- works
-- Detecting C compiler ABI info
-- Detecting C compiler ABI info - done
-- Detecting C compile features
-- Detecting C compile features - done
-- Check for working CXX compiler: /usr/bin/c++
-- Check for working CXX compiler: /usr/bin/c++ -- works
-- Detecting CXX compiler ABI info
-- Detecting CXX compiler ABI info - done
-- Detecting CXX compile features
-- Detecting CXX compile features - done
-- Found ament_cmake: 0.7.3 (/opt/ros/dashing/share/ament_cmake/cmake)
-- Found PythonInterp: /usr/bin/python3 (found suitable version "3.6.9", minimum required is "3") 
-- Using PYTHON_EXECUTABLE: /usr/bin/python3
-- Override CMake install command with custom implementation using symlinks instead of copying resources
-- Configuring done
-- Generating done
-- Build files have been written to: /home/portia/ros2Bot_ws/build/dynamixel_sdk
Invoked command in '/home/portia/ros2Bot_ws/build/dynamixel_sdk' returned '0': CMAKE_PREFIX_PATH=/home/portia/ros2OnBot_ws/install/turtlebot3:/home/portia/ros2OnBot_ws/install/turtlebot3_bringup:/home/portia/ros2OnBot_ws/install/turtlebot3_node:/home/portia/ros2OnBot_ws/install/turtlebot3_navigation2:/home/portia/ros2OnBot_ws/install/turtlebot3_msgs:/home/portia/ros2OnBot_ws/install/turtlebot3_description:/home/portia/ros2OnBot_ws/install/turtlebot3_cartographer:/home/portia/ros2OnBot_ws/install/turtlebot3_teleop:/home/portia/turtlebot3_ws/install/turtlebot3_teleop:/opt/ros/dashing:/home/portia/ros2OnBot_ws/install/image_proc:/home/portia/ros2OnBot_ws/install/depth_image_proc:/home/portia/ros2OnBot_ws/install/camera_info_manager:/home/portia/ros2OnBot_ws/install/image_transport:/home/portia/ros2OnBot_ws/install/image_geometry:/home/portia/ros2OnBot_ws/install/hls_lfcd_lds_driver:/home/portia/ros2OnBot_ws/install/dynamixel_sdk:/home/portia/ros2OnBot_ws/install/cv_bridge:/home/portia/ros2OnBot_ws/install/cpp_pubsub:/home/portia/ros2OnBot_ws/install/camera_calibration_parsers:/home/portia/turtlebot3_ws/install/turtlebot3:/home/portia/turtlebot3_ws/install/turtlebot3_bringup:/home/portia/turtlebot3_ws/install/turtlebot3_node:/home/portia/turtlebot3_ws/install/turtlebot3_msgs:/home/portia/turtlebot3_ws/install/turtlebot3_description:/home/portia/turtlebot3_ws/install/hls_lfcd_lds_driver:/home/portia/turtlebot3_ws/install/dynamixel_sdk /usr/bin/cmake /home/portia/ros2Bot_ws/src/DynamixelSDK/dynamixel_sdk -DAMENT_CMAKE_SYMLINK_INSTALL=1 -DCMAKE_INSTALL_PREFIX=/home/portia/ros2Bot_ws/install/dynamixel_sdk
Invoking command in '/home/portia/ros2Bot_ws/build/dynamixel_sdk': CMAKE_PREFIX_PATH=/home/portia/ros2OnBot_ws/install/turtlebot3:/home/portia/ros2OnBot_ws/install/turtlebot3_bringup:/home/portia/ros2OnBot_ws/install/turtlebot3_node:/home/portia/ros2OnBot_ws/install/turtlebot3_navigation2:/home/portia/ros2OnBot_ws/install/turtlebot3_msgs:/home/portia/ros2OnBot_ws/install/turtlebot3_description:/home/portia/ros2OnBot_ws/install/turtlebot3_cartographer:/home/portia/ros2OnBot_ws/install/turtlebot3_teleop:/home/portia/turtlebot3_ws/install/turtlebot3_teleop:/opt/ros/dashing:/home/portia/ros2OnBot_ws/install/image_proc:/home/portia/ros2OnBot_ws/install/depth_image_proc:/home/portia/ros2OnBot_ws/install/camera_info_manager:/home/portia/ros2OnBot_ws/install/image_transport:/home/portia/ros2OnBot_ws/install/image_geometry:/home/portia/ros2OnBot_ws/install/hls_lfcd_lds_driver:/home/portia/ros2OnBot_ws/install/dynamixel_sdk:/home/portia/ros2OnBot_ws/install/cv_bridge:/home/portia/ros2OnBot_ws/install/cpp_pubsub:/home/portia/ros2OnBot_ws/install/camera_calibration_parsers:/home/portia/turtlebot3_ws/install/turtlebot3:/home/portia/turtlebot3_ws/install/turtlebot3_bringup:/home/portia/turtlebot3_ws/install/turtlebot3_node:/home/portia/turtlebot3_ws/install/turtlebot3_msgs:/home/portia/turtlebot3_ws/install/turtlebot3_description:/home/portia/turtlebot3_ws/install/hls_lfcd_lds_driver:/home/portia/turtlebot3_ws/install/dynamixel_sdk /usr/bin/cmake --build /home/portia/ros2Bot_ws/build/dynamixel_sdk -- -j4 -l4
[35m[1mScanning dependencies of target dynamixel_sdk[0m
[ 30%] [32mBuilding CXX object CMakeFiles/dynamixel_sdk.dir/src/dynamixel_sdk/packet_handler.cpp.o[0m
[ 30%] [32mBuilding CXX object CMakeFiles/dynamixel_sdk.dir/src/dynamixel_sdk/protocol1_packet_handler.cpp.o[0m
[ 30%] [32mBuilding CXX object CMakeFiles/dynamixel_sdk.dir/src/dynamixel_sdk/protocol2_packet_handler.cpp.o[0m
[ 40%] [32mBuilding CXX object CMakeFiles/dynamixel_sdk.dir/src/dynamixel_sdk/group_sync_read.cpp.o[0m
[ 50%] [32mBuilding CXX object CMakeFiles/dynamixel_sdk.dir/src/dynamixel_sdk/group_sync_write.cpp.o[0m
[ 60%] [32mBuilding CXX object CMakeFiles/dynamixel_sdk.dir/src/dynamixel_sdk/group_bulk_read.cpp.o[0m
[ 70%] [32mBuilding CXX object CMakeFiles/dynamixel_sdk.dir/src/dynamixel_sdk/group_bulk_write.cpp.o[0m
[ 80%] [32mBuilding CXX object CMakeFiles/dynamixel_sdk.dir/src/dynamixel_sdk/port_handler.cpp.o[0m
[ 90%] [32mBuilding CXX object CMakeFiles/dynamixel_sdk.dir/src/dynamixel_sdk/port_handler_linux.cpp.o[0m
[100%] [32m[1mLinking CXX shared library libdynamixel_sdk.so[0m
[100%] Built target dynamixel_sdk
Invoked command in '/home/portia/ros2Bot_ws/build/dynamixel_sdk' returned '0': CMAKE_PREFIX_PATH=/home/portia/ros2OnBot_ws/install/turtlebot3:/home/portia/ros2OnBot_ws/install/turtlebot3_bringup:/home/portia/ros2OnBot_ws/install/turtlebot3_node:/home/portia/ros2OnBot_ws/install/turtlebot3_navigation2:/home/portia/ros2OnBot_ws/install/turtlebot3_msgs:/home/portia/ros2OnBot_ws/install/turtlebot3_description:/home/portia/ros2OnBot_ws/install/turtlebot3_cartographer:/home/portia/ros2OnBot_ws/install/turtlebot3_teleop:/home/portia/turtlebot3_ws/install/turtlebot3_teleop:/opt/ros/dashing:/home/portia/ros2OnBot_ws/install/image_proc:/home/portia/ros2OnBot_ws/install/depth_image_proc:/home/portia/ros2OnBot_ws/install/camera_info_manager:/home/portia/ros2OnBot_ws/install/image_transport:/home/portia/ros2OnBot_ws/install/image_geometry:/home/portia/ros2OnBot_ws/install/hls_lfcd_lds_driver:/home/portia/ros2OnBot_ws/install/dynamixel_sdk:/home/portia/ros2OnBot_ws/install/cv_bridge:/home/portia/ros2OnBot_ws/install/cpp_pubsub:/home/portia/ros2OnBot_ws/install/camera_calibration_parsers:/home/portia/turtlebot3_ws/install/turtlebot3:/home/portia/turtlebot3_ws/install/turtlebot3_bringup:/home/portia/turtlebot3_ws/install/turtlebot3_node:/home/portia/turtlebot3_ws/install/turtlebot3_msgs:/home/portia/turtlebot3_ws/install/turtlebot3_description:/home/portia/turtlebot3_ws/install/hls_lfcd_lds_driver:/home/portia/turtlebot3_ws/install/dynamixel_sdk /usr/bin/cmake --build /home/portia/ros2Bot_ws/build/dynamixel_sdk -- -j4 -l4
Invoking command in '/home/portia/ros2Bot_ws/build/dynamixel_sdk': CMAKE_PREFIX_PATH=/home/portia/ros2OnBot_ws/install/turtlebot3:/home/portia/ros2OnBot_ws/install/turtlebot3_bringup:/home/portia/ros2OnBot_ws/install/turtlebot3_node:/home/portia/ros2OnBot_ws/install/turtlebot3_navigation2:/home/portia/ros2OnBot_ws/install/turtlebot3_msgs:/home/portia/ros2OnBot_ws/install/turtlebot3_description:/home/portia/ros2OnBot_ws/install/turtlebot3_cartographer:/home/portia/ros2OnBot_ws/install/turtlebot3_teleop:/home/portia/turtlebot3_ws/install/turtlebot3_teleop:/opt/ros/dashing:/home/portia/ros2OnBot_ws/install/image_proc:/home/portia/ros2OnBot_ws/install/depth_image_proc:/home/portia/ros2OnBot_ws/install/camera_info_manager:/home/portia/ros2OnBot_ws/install/image_transport:/home/portia/ros2OnBot_ws/install/image_geometry:/home/portia/ros2OnBot_ws/install/hls_lfcd_lds_driver:/home/portia/ros2OnBot_ws/install/dynamixel_sdk:/home/portia/ros2OnBot_ws/install/cv_bridge:/home/portia/ros2OnBot_ws/install/cpp_pubsub:/home/portia/ros2OnBot_ws/install/camera_calibration_parsers:/home/portia/turtlebot3_ws/install/turtlebot3:/home/portia/turtlebot3_ws/install/turtlebot3_bringup:/home/portia/turtlebot3_ws/install/turtlebot3_node:/home/portia/turtlebot3_ws/install/turtlebot3_msgs:/home/portia/turtlebot3_ws/install/turtlebot3_description:/home/portia/turtlebot3_ws/install/hls_lfcd_lds_driver:/home/portia/turtlebot3_ws/install/dynamixel_sdk /usr/bin/cmake --build /home/portia/ros2Bot_ws/build/dynamixel_sdk --target install -- -j4 -l4
[100%] Built target dynamixel_sdk
[36mInstall the project...[0m
-- Install configuration: ""
-- Execute custom install script
-- Symlinking: /home/portia/ros2Bot_ws/install/dynamixel_sdk/include//dynamixel_sdk/dynamixel_sdk.h
-- Symlinking: /home/portia/ros2Bot_ws/install/dynamixel_sdk/include//dynamixel_sdk/group_bulk_read.h
-- Symlinking: /home/portia/ros2Bot_ws/install/dynamixel_sdk/include//dynamixel_sdk/group_bulk_write.h
-- Symlinking: /home/portia/ros2Bot_ws/install/dynamixel_sdk/include//dynamixel_sdk/group_sync_read.h
-- Symlinking: /home/portia/ros2Bot_ws/install/dynamixel_sdk/include//dynamixel_sdk/group_sync_write.h
-- Symlinking: /home/portia/ros2Bot_ws/install/dynamixel_sdk/include//dynamixel_sdk/packet_handler.h
-- Symlinking: /home/portia/ros2Bot_ws/install/dynamixel_sdk/include//dynamixel_sdk/port_handler.h
-- Symlinking: /home/portia/ros2Bot_ws/install/dynamixel_sdk/include//dynamixel_sdk/port_handler_arduino.h
-- Symlinking: /home/portia/ros2Bot_ws/install/dynamixel_sdk/include//dynamixel_sdk/port_handler_linux.h
-- Symlinking: /home/portia/ros2Bot_ws/install/dynamixel_sdk/include//dynamixel_sdk/port_handler_mac.h
-- Symlinking: /home/portia/ros2Bot_ws/install/dynamixel_sdk/include//dynamixel_sdk/port_handler_windows.h
-- Symlinking: /home/portia/ros2Bot_ws/install/dynamixel_sdk/include//dynamixel_sdk/protocol1_packet_handler.h
-- Symlinking: /home/portia/ros2Bot_ws/install/dynamixel_sdk/include//dynamixel_sdk/protocol2_packet_handler.h
-- Symlinking: /home/portia/ros2Bot_ws/install/dynamixel_sdk/lib/libdynamixel_sdk.so
-- Symlinking: /home/portia/ros2Bot_ws/install/dynamixel_sdk/share/dynamixel_sdk/environment/library_path.sh
-- Symlinking: /home/portia/ros2Bot_ws/install/dynamixel_sdk/share/ament_index/resource_index/package_run_dependencies/dynamixel_sdk
-- Symlinking: /home/portia/ros2Bot_ws/install/dynamixel_sdk/share/ament_index/resource_index/parent_prefix_path/dynamixel_sdk
-- Symlinking: /home/portia/ros2Bot_ws/install/dynamixel_sdk/share/dynamixel_sdk/environment/ament_prefix_path.sh
-- Symlinking: /home/portia/ros2Bot_ws/install/dynamixel_sdk/share/dynamixel_sdk/environment/path.sh
-- Symlinking: /home/portia/ros2Bot_ws/install/dynamixel_sdk/share/dynamixel_sdk/local_setup.bash
-- Symlinking: /home/portia/ros2Bot_ws/install/dynamixel_sdk/share/dynamixel_sdk/local_setup.sh
-- Symlinking: /home/portia/ros2Bot_ws/install/dynamixel_sdk/share/dynamixel_sdk/local_setup.zsh
-- Symlinking: /home/portia/ros2Bot_ws/install/dynamixel_sdk/share/ament_index/resource_index/packages/dynamixel_sdk
-- Symlinking: /home/portia/ros2Bot_ws/install/dynamixel_sdk/share/dynamixel_sdk/cmake/ament_cmake_export_include_directories-extras.cmake
-- Symlinking: /home/portia/ros2Bot_ws/install/dynamixel_sdk/share/dynamixel_sdk/cmake/ament_cmake_export_libraries-extras.cmake
-- Symlinking: /home/portia/ros2Bot_ws/install/dynamixel_sdk/share/dynamixel_sdk/cmake/dynamixel_sdkConfig.cmake
-- Symlinking: /home/portia/ros2Bot_ws/install/dynamixel_sdk/share/dynamixel_sdk/cmake/dynamixel_sdkConfig-version.cmake
-- Symlinking: /home/portia/ros2Bot_ws/install/dynamixel_sdk/share/dynamixel_sdk/package.xml
Invoked command in '/home/portia/ros2Bot_ws/build/dynamixel_sdk' returned '0': CMAKE_PREFIX_PATH=/home/portia/ros2OnBot_ws/install/turtlebot3:/home/portia/ros2OnBot_ws/install/turtlebot3_bringup:/home/portia/ros2OnBot_ws/install/turtlebot3_node:/home/portia/ros2OnBot_ws/install/turtlebot3_navigation2:/home/portia/ros2OnBot_ws/install/turtlebot3_msgs:/home/portia/ros2OnBot_ws/install/turtlebot3_description:/home/portia/ros2OnBot_ws/install/turtlebot3_cartographer:/home/portia/ros2OnBot_ws/install/turtlebot3_teleop:/home/portia/turtlebot3_ws/install/turtlebot3_teleop:/opt/ros/dashing:/home/portia/ros2OnBot_ws/install/image_proc:/home/portia/ros2OnBot_ws/install/depth_image_proc:/home/portia/ros2OnBot_ws/install/camera_info_manager:/home/portia/ros2OnBot_ws/install/image_transport:/home/portia/ros2OnBot_ws/install/image_geometry:/home/portia/ros2OnBot_ws/install/hls_lfcd_lds_driver:/home/portia/ros2OnBot_ws/install/dynamixel_sdk:/home/portia/ros2OnBot_ws/install/cv_bridge:/home/portia/ros2OnBot_ws/install/cpp_pubsub:/home/portia/ros2OnBot_ws/install/camera_calibration_parsers:/home/portia/turtlebot3_ws/install/turtlebot3:/home/portia/turtlebot3_ws/install/turtlebot3_bringup:/home/portia/turtlebot3_ws/install/turtlebot3_node:/home/portia/turtlebot3_ws/install/turtlebot3_msgs:/home/portia/turtlebot3_ws/install/turtlebot3_description:/home/portia/turtlebot3_ws/install/hls_lfcd_lds_driver:/home/portia/turtlebot3_ws/install/dynamixel_sdk /usr/bin/cmake --build /home/portia/ros2Bot_ws/build/dynamixel_sdk --target install -- -j4 -l4
