Invoking command in '/home/portia/ros2Bot_ws/build/turtlebot3_cartographer': CMAKE_PREFIX_PATH=/home/portia/ros2OnBot_ws/install/turtlebot3:/home/portia/ros2OnBot_ws/install/turtlebot3_bringup:/home/portia/ros2OnBot_ws/install/turtlebot3_node:/home/portia/ros2OnBot_ws/install/turtlebot3_navigation2:/home/portia/ros2OnBot_ws/install/turtlebot3_msgs:/home/portia/ros2OnBot_ws/install/turtlebot3_description:/home/portia/ros2OnBot_ws/install/turtlebot3_cartographer:/home/portia/ros2OnBot_ws/install/turtlebot3_teleop:/home/portia/turtlebot3_ws/install/turtlebot3_teleop:/opt/ros/dashing:/home/portia/ros2OnBot_ws/install/image_proc:/home/portia/ros2OnBot_ws/install/depth_image_proc:/home/portia/ros2OnBot_ws/install/camera_info_manager:/home/portia/ros2OnBot_ws/install/image_transport:/home/portia/ros2OnBot_ws/install/image_geometry:/home/portia/ros2OnBot_ws/install/hls_lfcd_lds_driver:/home/portia/ros2OnBot_ws/install/dynamixel_sdk:/home/portia/ros2OnBot_ws/install/cv_bridge:/home/portia/ros2OnBot_ws/install/cpp_pubsub:/home/portia/ros2OnBot_ws/install/camera_calibration_parsers:/home/portia/turtlebot3_ws/install/turtlebot3:/home/portia/turtlebot3_ws/install/turtlebot3_bringup:/home/portia/turtlebot3_ws/install/turtlebot3_node:/home/portia/turtlebot3_ws/install/turtlebot3_msgs:/home/portia/turtlebot3_ws/install/turtlebot3_description:/home/portia/turtlebot3_ws/install/hls_lfcd_lds_driver:/home/portia/turtlebot3_ws/install/dynamixel_sdk /usr/bin/cmake /home/portia/ros2Bot_ws/src/turtlebot3/turtlebot3_cartographer -DAMENT_CMAKE_SYMLINK_INSTALL=1 -DCMAKE_INSTALL_PREFIX=/home/portia/ros2Bot_ws/install/turtlebot3_cartographer
-- The C compiler identification is GNU 7.4.0
-- The CXX compiler identification is GNU 7.4.0
-- Check for working C compiler: /usr/bin/cc
-- Check for working C compiler: /usr/bin/cc -- works
-- Detecting C compiler ABI info
-- Detecting C compiler ABI info - done
-- Detecting C compile features
-- Detecting C compile features - done
-- Check for working CXX compiler: /usr/bin/c++
-- Check for working CXX compiler: /usr/bin/c++ -- works
-- Detecting CXX compiler ABI info
-- Detecting CXX compiler ABI info - done
-- Detecting CXX compile features
-- Detecting CXX compile features - done
-- Found ament_cmake: 0.7.3 (/opt/ros/dashing/share/ament_cmake/cmake)
-- Found PythonInterp: /usr/bin/python3 (found suitable version "3.6.9", minimum required is "3") 
-- Using PYTHON_EXECUTABLE: /usr/bin/python3
-- Override CMake install command with custom implementation using symlinks instead of copying resources
-- Configuring done
-- Generating done
-- Build files have been written to: /home/portia/ros2Bot_ws/build/turtlebot3_cartographer
Invoked command in '/home/portia/ros2Bot_ws/build/turtlebot3_cartographer' returned '0': CMAKE_PREFIX_PATH=/home/portia/ros2OnBot_ws/install/turtlebot3:/home/portia/ros2OnBot_ws/install/turtlebot3_bringup:/home/portia/ros2OnBot_ws/install/turtlebot3_node:/home/portia/ros2OnBot_ws/install/turtlebot3_navigation2:/home/portia/ros2OnBot_ws/install/turtlebot3_msgs:/home/portia/ros2OnBot_ws/install/turtlebot3_description:/home/portia/ros2OnBot_ws/install/turtlebot3_cartographer:/home/portia/ros2OnBot_ws/install/turtlebot3_teleop:/home/portia/turtlebot3_ws/install/turtlebot3_teleop:/opt/ros/dashing:/home/portia/ros2OnBot_ws/install/image_proc:/home/portia/ros2OnBot_ws/install/depth_image_proc:/home/portia/ros2OnBot_ws/install/camera_info_manager:/home/portia/ros2OnBot_ws/install/image_transport:/home/portia/ros2OnBot_ws/install/image_geometry:/home/portia/ros2OnBot_ws/install/hls_lfcd_lds_driver:/home/portia/ros2OnBot_ws/install/dynamixel_sdk:/home/portia/ros2OnBot_ws/install/cv_bridge:/home/portia/ros2OnBot_ws/install/cpp_pubsub:/home/portia/ros2OnBot_ws/install/camera_calibration_parsers:/home/portia/turtlebot3_ws/install/turtlebot3:/home/portia/turtlebot3_ws/install/turtlebot3_bringup:/home/portia/turtlebot3_ws/install/turtlebot3_node:/home/portia/turtlebot3_ws/install/turtlebot3_msgs:/home/portia/turtlebot3_ws/install/turtlebot3_description:/home/portia/turtlebot3_ws/install/hls_lfcd_lds_driver:/home/portia/turtlebot3_ws/install/dynamixel_sdk /usr/bin/cmake /home/portia/ros2Bot_ws/src/turtlebot3/turtlebot3_cartographer -DAMENT_CMAKE_SYMLINK_INSTALL=1 -DCMAKE_INSTALL_PREFIX=/home/portia/ros2Bot_ws/install/turtlebot3_cartographer
Invoking command in '/home/portia/ros2Bot_ws/build/turtlebot3_cartographer': CMAKE_PREFIX_PATH=/home/portia/ros2OnBot_ws/install/turtlebot3:/home/portia/ros2OnBot_ws/install/turtlebot3_bringup:/home/portia/ros2OnBot_ws/install/turtlebot3_node:/home/portia/ros2OnBot_ws/install/turtlebot3_navigation2:/home/portia/ros2OnBot_ws/install/turtlebot3_msgs:/home/portia/ros2OnBot_ws/install/turtlebot3_description:/home/portia/ros2OnBot_ws/install/turtlebot3_cartographer:/home/portia/ros2OnBot_ws/install/turtlebot3_teleop:/home/portia/turtlebot3_ws/install/turtlebot3_teleop:/opt/ros/dashing:/home/portia/ros2OnBot_ws/install/image_proc:/home/portia/ros2OnBot_ws/install/depth_image_proc:/home/portia/ros2OnBot_ws/install/camera_info_manager:/home/portia/ros2OnBot_ws/install/image_transport:/home/portia/ros2OnBot_ws/install/image_geometry:/home/portia/ros2OnBot_ws/install/hls_lfcd_lds_driver:/home/portia/ros2OnBot_ws/install/dynamixel_sdk:/home/portia/ros2OnBot_ws/install/cv_bridge:/home/portia/ros2OnBot_ws/install/cpp_pubsub:/home/portia/ros2OnBot_ws/install/camera_calibration_parsers:/home/portia/turtlebot3_ws/install/turtlebot3:/home/portia/turtlebot3_ws/install/turtlebot3_bringup:/home/portia/turtlebot3_ws/install/turtlebot3_node:/home/portia/turtlebot3_ws/install/turtlebot3_msgs:/home/portia/turtlebot3_ws/install/turtlebot3_description:/home/portia/turtlebot3_ws/install/hls_lfcd_lds_driver:/home/portia/turtlebot3_ws/install/dynamixel_sdk /usr/bin/cmake --build /home/portia/ros2Bot_ws/build/turtlebot3_cartographer -- -j4 -l4
Invoked command in '/home/portia/ros2Bot_ws/build/turtlebot3_cartographer' returned '0': CMAKE_PREFIX_PATH=/home/portia/ros2OnBot_ws/install/turtlebot3:/home/portia/ros2OnBot_ws/install/turtlebot3_bringup:/home/portia/ros2OnBot_ws/install/turtlebot3_node:/home/portia/ros2OnBot_ws/install/turtlebot3_navigation2:/home/portia/ros2OnBot_ws/install/turtlebot3_msgs:/home/portia/ros2OnBot_ws/install/turtlebot3_description:/home/portia/ros2OnBot_ws/install/turtlebot3_cartographer:/home/portia/ros2OnBot_ws/install/turtlebot3_teleop:/home/portia/turtlebot3_ws/install/turtlebot3_teleop:/opt/ros/dashing:/home/portia/ros2OnBot_ws/install/image_proc:/home/portia/ros2OnBot_ws/install/depth_image_proc:/home/portia/ros2OnBot_ws/install/camera_info_manager:/home/portia/ros2OnBot_ws/install/image_transport:/home/portia/ros2OnBot_ws/install/image_geometry:/home/portia/ros2OnBot_ws/install/hls_lfcd_lds_driver:/home/portia/ros2OnBot_ws/install/dynamixel_sdk:/home/portia/ros2OnBot_ws/install/cv_bridge:/home/portia/ros2OnBot_ws/install/cpp_pubsub:/home/portia/ros2OnBot_ws/install/camera_calibration_parsers:/home/portia/turtlebot3_ws/install/turtlebot3:/home/portia/turtlebot3_ws/install/turtlebot3_bringup:/home/portia/turtlebot3_ws/install/turtlebot3_node:/home/portia/turtlebot3_ws/install/turtlebot3_msgs:/home/portia/turtlebot3_ws/install/turtlebot3_description:/home/portia/turtlebot3_ws/install/hls_lfcd_lds_driver:/home/portia/turtlebot3_ws/install/dynamixel_sdk /usr/bin/cmake --build /home/portia/ros2Bot_ws/build/turtlebot3_cartographer -- -j4 -l4
Invoking command in '/home/portia/ros2Bot_ws/build/turtlebot3_cartographer': CMAKE_PREFIX_PATH=/home/portia/ros2OnBot_ws/install/turtlebot3:/home/portia/ros2OnBot_ws/install/turtlebot3_bringup:/home/portia/ros2OnBot_ws/install/turtlebot3_node:/home/portia/ros2OnBot_ws/install/turtlebot3_navigation2:/home/portia/ros2OnBot_ws/install/turtlebot3_msgs:/home/portia/ros2OnBot_ws/install/turtlebot3_description:/home/portia/ros2OnBot_ws/install/turtlebot3_cartographer:/home/portia/ros2OnBot_ws/install/turtlebot3_teleop:/home/portia/turtlebot3_ws/install/turtlebot3_teleop:/opt/ros/dashing:/home/portia/ros2OnBot_ws/install/image_proc:/home/portia/ros2OnBot_ws/install/depth_image_proc:/home/portia/ros2OnBot_ws/install/camera_info_manager:/home/portia/ros2OnBot_ws/install/image_transport:/home/portia/ros2OnBot_ws/install/image_geometry:/home/portia/ros2OnBot_ws/install/hls_lfcd_lds_driver:/home/portia/ros2OnBot_ws/install/dynamixel_sdk:/home/portia/ros2OnBot_ws/install/cv_bridge:/home/portia/ros2OnBot_ws/install/cpp_pubsub:/home/portia/ros2OnBot_ws/install/camera_calibration_parsers:/home/portia/turtlebot3_ws/install/turtlebot3:/home/portia/turtlebot3_ws/install/turtlebot3_bringup:/home/portia/turtlebot3_ws/install/turtlebot3_node:/home/portia/turtlebot3_ws/install/turtlebot3_msgs:/home/portia/turtlebot3_ws/install/turtlebot3_description:/home/portia/turtlebot3_ws/install/hls_lfcd_lds_driver:/home/portia/turtlebot3_ws/install/dynamixel_sdk /usr/bin/cmake --build /home/portia/ros2Bot_ws/build/turtlebot3_cartographer --target install -- -j4 -l4
[36mInstall the project...[0m
-- Install configuration: ""
-- Execute custom install script
-- Symlinking: /home/portia/ros2Bot_ws/install/turtlebot3_cartographer/share/turtlebot3_cartographer/config/turtlebot3_lds_2d.lua
-- Symlinking: /home/portia/ros2Bot_ws/install/turtlebot3_cartographer/share/turtlebot3_cartographer/launch/cartographer.launch.py
-- Symlinking: /home/portia/ros2Bot_ws/install/turtlebot3_cartographer/share/turtlebot3_cartographer/launch/occupancy_grid.launch.py
-- Symlinking: /home/portia/ros2Bot_ws/install/turtlebot3_cartographer/share/turtlebot3_cartographer/rviz/tb3_cartographer.rviz
-- Symlinking: /home/portia/ros2Bot_ws/install/turtlebot3_cartographer/share/ament_index/resource_index/package_run_dependencies/turtlebot3_cartographer
-- Symlinking: /home/portia/ros2Bot_ws/install/turtlebot3_cartographer/share/ament_index/resource_index/parent_prefix_path/turtlebot3_cartographer
-- Symlinking: /home/portia/ros2Bot_ws/install/turtlebot3_cartographer/share/turtlebot3_cartographer/environment/ament_prefix_path.sh
-- Symlinking: /home/portia/ros2Bot_ws/install/turtlebot3_cartographer/share/turtlebot3_cartographer/environment/path.sh
-- Symlinking: /home/portia/ros2Bot_ws/install/turtlebot3_cartographer/share/turtlebot3_cartographer/local_setup.bash
-- Symlinking: /home/portia/ros2Bot_ws/install/turtlebot3_cartographer/share/turtlebot3_cartographer/local_setup.sh
-- Symlinking: /home/portia/ros2Bot_ws/install/turtlebot3_cartographer/share/turtlebot3_cartographer/local_setup.zsh
-- Symlinking: /home/portia/ros2Bot_ws/install/turtlebot3_cartographer/share/ament_index/resource_index/packages/turtlebot3_cartographer
-- Symlinking: /home/portia/ros2Bot_ws/install/turtlebot3_cartographer/share/turtlebot3_cartographer/cmake/turtlebot3_cartographerConfig.cmake
-- Symlinking: /home/portia/ros2Bot_ws/install/turtlebot3_cartographer/share/turtlebot3_cartographer/cmake/turtlebot3_cartographerConfig-version.cmake
-- Symlinking: /home/portia/ros2Bot_ws/install/turtlebot3_cartographer/share/turtlebot3_cartographer/package.xml
Invoked command in '/home/portia/ros2Bot_ws/build/turtlebot3_cartographer' returned '0': CMAKE_PREFIX_PATH=/home/portia/ros2OnBot_ws/install/turtlebot3:/home/portia/ros2OnBot_ws/install/turtlebot3_bringup:/home/portia/ros2OnBot_ws/install/turtlebot3_node:/home/portia/ros2OnBot_ws/install/turtlebot3_navigation2:/home/portia/ros2OnBot_ws/install/turtlebot3_msgs:/home/portia/ros2OnBot_ws/install/turtlebot3_description:/home/portia/ros2OnBot_ws/install/turtlebot3_cartographer:/home/portia/ros2OnBot_ws/install/turtlebot3_teleop:/home/portia/turtlebot3_ws/install/turtlebot3_teleop:/opt/ros/dashing:/home/portia/ros2OnBot_ws/install/image_proc:/home/portia/ros2OnBot_ws/install/depth_image_proc:/home/portia/ros2OnBot_ws/install/camera_info_manager:/home/portia/ros2OnBot_ws/install/image_transport:/home/portia/ros2OnBot_ws/install/image_geometry:/home/portia/ros2OnBot_ws/install/hls_lfcd_lds_driver:/home/portia/ros2OnBot_ws/install/dynamixel_sdk:/home/portia/ros2OnBot_ws/install/cv_bridge:/home/portia/ros2OnBot_ws/install/cpp_pubsub:/home/portia/ros2OnBot_ws/install/camera_calibration_parsers:/home/portia/turtlebot3_ws/install/turtlebot3:/home/portia/turtlebot3_ws/install/turtlebot3_bringup:/home/portia/turtlebot3_ws/install/turtlebot3_node:/home/portia/turtlebot3_ws/install/turtlebot3_msgs:/home/portia/turtlebot3_ws/install/turtlebot3_description:/home/portia/turtlebot3_ws/install/hls_lfcd_lds_driver:/home/portia/turtlebot3_ws/install/dynamixel_sdk /usr/bin/cmake --build /home/portia/ros2Bot_ws/build/turtlebot3_cartographer --target install -- -j4 -l4
