[1.739s] DEBUG:colcon:Command line arguments: ['/usr/bin/colcon', 'build', '--symlink-install', '--packages-select', 'camera_calibration']
[1.740s] DEBUG:colcon:Parsed command line arguments: Namespace(ament_cmake_args=None, base_paths='.', build_base='build', catkin_cmake_args=None, catkin_skip_building_tests=False, cmake_args=None, cmake_clean_cache=False, cmake_clean_first=False, cmake_force_configure=False, cmake_target=None, cmake_target_skip_unavailable=False, continue_on_error=False, event_handlers=None, executor='parallel', ignore_user_meta=False, install_base='install', log_base='log', log_level=None, main=<bound method BuildVerb.main of <colcon_core.verb.build.BuildVerb object at 0xffff8b12a710>>, merge_install=False, metas='./colcon.meta', packages_above=None, packages_above_depth=None, packages_end=None, packages_ignore=None, packages_ignore_regex=None, packages_select=['camera_calibration'], packages_select_build_failed=False, packages_select_by_dep=None, packages_select_regex=None, packages_select_test_failures=False, packages_skip=None, packages_skip_build_finished=False, packages_skip_by_dep=None, packages_skip_regex=None, packages_skip_test_passed=False, packages_skip_up_to=None, packages_start=None, packages_up_to=None, parallel_workers=4, paths=None, symlink_install=True, test_result_base=None, verb_extension=<colcon_core.verb.build.BuildVerb object at 0xffff8b12a710>, verb_name='build', verb_parser=<colcon_defaults.argument_parser.defaults.DefaultArgumentsDecorator object at 0xffff8b12aa20>)
[2.092s] Level 1:colcon.colcon_core.package_discovery:discover_packages(colcon_meta) check parameters
[2.094s] Level 1:colcon.colcon_core.package_discovery:discover_packages(recursive) check parameters
[2.094s] Level 1:colcon.colcon_core.package_discovery:discover_packages(ignore) check parameters
[2.095s] Level 1:colcon.colcon_core.package_discovery:discover_packages(path) check parameters
[2.095s] Level 1:colcon.colcon_core.package_discovery:discover_packages(recursive) discover
[2.097s] INFO:colcon.colcon_core.package_discovery:Crawling recursively for packages in '/home/portia/ros2Bot_ws'
[2.098s] Level 1:colcon.colcon_core.package_identification:_identify(/home/portia/ros2Bot_ws) by extensions ['ignore', 'ignore_ament_install']
[2.100s] Level 1:colcon.colcon_core.package_identification:_identify(/home/portia/ros2Bot_ws) by extension 'ignore'
[2.102s] Level 1:colcon.colcon_core.package_identification:_identify(/home/portia/ros2Bot_ws) by extension 'ignore_ament_install'
[2.102s] Level 1:colcon.colcon_core.package_identification:_identify(/home/portia/ros2Bot_ws) by extensions ['colcon_pkg']
[2.103s] Level 1:colcon.colcon_core.package_identification:_identify(/home/portia/ros2Bot_ws) by extension 'colcon_pkg'
[2.104s] Level 1:colcon.colcon_core.package_identification:_identify(/home/portia/ros2Bot_ws) by extensions ['colcon_meta']
[2.104s] Level 1:colcon.colcon_core.package_identification:_identify(/home/portia/ros2Bot_ws) by extension 'colcon_meta'
[2.105s] Level 1:colcon.colcon_core.package_identification:_identify(/home/portia/ros2Bot_ws) by extensions ['ros']
[2.105s] Level 1:colcon.colcon_core.package_identification:_identify(/home/portia/ros2Bot_ws) by extension 'ros'
[2.203s] Level 1:colcon.colcon_core.package_identification:_identify(/home/portia/ros2Bot_ws) by extensions ['cmake', 'python']
[2.204s] Level 1:colcon.colcon_core.package_identification:_identify(/home/portia/ros2Bot_ws) by extension 'cmake'
[2.205s] Level 1:colcon.colcon_core.package_identification:_identify(/home/portia/ros2Bot_ws) by extension 'python'
[2.206s] Level 1:colcon.colcon_core.package_identification:_identify(/home/portia/ros2Bot_ws) by extensions ['python_setup_py']
[2.207s] Level 1:colcon.colcon_core.package_identification:_identify(/home/portia/ros2Bot_ws) by extension 'python_setup_py'
[2.208s] Level 1:colcon.colcon_core.package_identification:_identify(/home/portia/ros2Bot_ws/build) by extensions ['ignore', 'ignore_ament_install']
[2.209s] Level 1:colcon.colcon_core.package_identification:_identify(/home/portia/ros2Bot_ws/build) by extension 'ignore'
[2.209s] Level 1:colcon.colcon_core.package_identification:_identify(/home/portia/ros2Bot_ws/build) ignored
[2.213s] Level 1:colcon.colcon_core.package_identification:_identify(/home/portia/ros2Bot_ws/install) by extensions ['ignore', 'ignore_ament_install']
[2.214s] Level 1:colcon.colcon_core.package_identification:_identify(/home/portia/ros2Bot_ws/install) by extension 'ignore'
[2.214s] Level 1:colcon.colcon_core.package_identification:_identify(/home/portia/ros2Bot_ws/install) ignored
[2.215s] Level 1:colcon.colcon_core.package_identification:_identify(/home/portia/ros2Bot_ws/log) by extensions ['ignore', 'ignore_ament_install']
[2.216s] Level 1:colcon.colcon_core.package_identification:_identify(/home/portia/ros2Bot_ws/log) by extension 'ignore'
[2.217s] Level 1:colcon.colcon_core.package_identification:_identify(/home/portia/ros2Bot_ws/log) ignored
[2.218s] Level 1:colcon.colcon_core.package_identification:_identify(/home/portia/ros2Bot_ws/src) by extensions ['ignore', 'ignore_ament_install']
[2.218s] Level 1:colcon.colcon_core.package_identification:_identify(/home/portia/ros2Bot_ws/src) by extension 'ignore'
[2.219s] Level 1:colcon.colcon_core.package_identification:_identify(/home/portia/ros2Bot_ws/src) by extension 'ignore_ament_install'
[2.220s] Level 1:colcon.colcon_core.package_identification:_identify(/home/portia/ros2Bot_ws/src) by extensions ['colcon_pkg']
[2.221s] Level 1:colcon.colcon_core.package_identification:_identify(/home/portia/ros2Bot_ws/src) by extension 'colcon_pkg'
[2.221s] Level 1:colcon.colcon_core.package_identification:_identify(/home/portia/ros2Bot_ws/src) by extensions ['colcon_meta']
[2.222s] Level 1:colcon.colcon_core.package_identification:_identify(/home/portia/ros2Bot_ws/src) by extension 'colcon_meta'
[2.223s] Level 1:colcon.colcon_core.package_identification:_identify(/home/portia/ros2Bot_ws/src) by extensions ['ros']
[2.223s] Level 1:colcon.colcon_core.package_identification:_identify(/home/portia/ros2Bot_ws/src) by extension 'ros'
[2.224s] Level 1:colcon.colcon_core.package_identification:_identify(/home/portia/ros2Bot_ws/src) by extensions ['cmake', 'python']
[2.225s] Level 1:colcon.colcon_core.package_identification:_identify(/home/portia/ros2Bot_ws/src) by extension 'cmake'
[2.226s] Level 1:colcon.colcon_core.package_identification:_identify(/home/portia/ros2Bot_ws/src) by extension 'python'
[2.227s] Level 1:colcon.colcon_core.package_identification:_identify(/home/portia/ros2Bot_ws/src) by extensions ['python_setup_py']
[2.228s] Level 1:colcon.colcon_core.package_identification:_identify(/home/portia/ros2Bot_ws/src) by extension 'python_setup_py'
[2.233s] Level 1:colcon.colcon_core.package_identification:_identify(/home/portia/ros2Bot_ws/src/DynamixelSDK) by extensions ['ignore', 'ignore_ament_install']
[2.234s] Level 1:colcon.colcon_core.package_identification:_identify(/home/portia/ros2Bot_ws/src/DynamixelSDK) by extension 'ignore'
[2.235s] Level 1:colcon.colcon_core.package_identification:_identify(/home/portia/ros2Bot_ws/src/DynamixelSDK) by extension 'ignore_ament_install'
[2.236s] Level 1:colcon.colcon_core.package_identification:_identify(/home/portia/ros2Bot_ws/src/DynamixelSDK) by extensions ['colcon_pkg']
[2.236s] Level 1:colcon.colcon_core.package_identification:_identify(/home/portia/ros2Bot_ws/src/DynamixelSDK) by extension 'colcon_pkg'
[2.237s] Level 1:colcon.colcon_core.package_identification:_identify(/home/portia/ros2Bot_ws/src/DynamixelSDK) by extensions ['colcon_meta']
[2.238s] Level 1:colcon.colcon_core.package_identification:_identify(/home/portia/ros2Bot_ws/src/DynamixelSDK) by extension 'colcon_meta'
[2.238s] Level 1:colcon.colcon_core.package_identification:_identify(/home/portia/ros2Bot_ws/src/DynamixelSDK) by extensions ['ros']
[2.239s] Level 1:colcon.colcon_core.package_identification:_identify(/home/portia/ros2Bot_ws/src/DynamixelSDK) by extension 'ros'
[2.240s] Level 1:colcon.colcon_core.package_identification:_identify(/home/portia/ros2Bot_ws/src/DynamixelSDK) by extensions ['cmake', 'python']
[2.241s] Level 1:colcon.colcon_core.package_identification:_identify(/home/portia/ros2Bot_ws/src/DynamixelSDK) by extension 'cmake'
[2.242s] Level 1:colcon.colcon_core.package_identification:_identify(/home/portia/ros2Bot_ws/src/DynamixelSDK) by extension 'python'
[2.242s] Level 1:colcon.colcon_core.package_identification:_identify(/home/portia/ros2Bot_ws/src/DynamixelSDK) by extensions ['python_setup_py']
[2.243s] Level 1:colcon.colcon_core.package_identification:_identify(/home/portia/ros2Bot_ws/src/DynamixelSDK) by extension 'python_setup_py'
[2.248s] Level 1:colcon.colcon_core.package_identification:_identify(/home/portia/ros2Bot_ws/src/DynamixelSDK/dynamixel_sdk) by extensions ['ignore', 'ignore_ament_install']
[2.249s] Level 1:colcon.colcon_core.package_identification:_identify(/home/portia/ros2Bot_ws/src/DynamixelSDK/dynamixel_sdk) by extension 'ignore'
[2.250s] Level 1:colcon.colcon_core.package_identification:_identify(/home/portia/ros2Bot_ws/src/DynamixelSDK/dynamixel_sdk) by extension 'ignore_ament_install'
[2.251s] Level 1:colcon.colcon_core.package_identification:_identify(/home/portia/ros2Bot_ws/src/DynamixelSDK/dynamixel_sdk) by extensions ['colcon_pkg']
[2.252s] Level 1:colcon.colcon_core.package_identification:_identify(/home/portia/ros2Bot_ws/src/DynamixelSDK/dynamixel_sdk) by extension 'colcon_pkg'
[2.252s] Level 1:colcon.colcon_core.package_identification:_identify(/home/portia/ros2Bot_ws/src/DynamixelSDK/dynamixel_sdk) by extensions ['colcon_meta']
[2.253s] Level 1:colcon.colcon_core.package_identification:_identify(/home/portia/ros2Bot_ws/src/DynamixelSDK/dynamixel_sdk) by extension 'colcon_meta'
[2.254s] Level 1:colcon.colcon_core.package_identification:_identify(/home/portia/ros2Bot_ws/src/DynamixelSDK/dynamixel_sdk) by extensions ['ros']
[2.254s] Level 1:colcon.colcon_core.package_identification:_identify(/home/portia/ros2Bot_ws/src/DynamixelSDK/dynamixel_sdk) by extension 'ros'
[2.277s] DEBUG:colcon.colcon_core.package_identification:Package '/home/portia/ros2Bot_ws/src/DynamixelSDK/dynamixel_sdk' with type 'ros.ament_cmake' and name 'dynamixel_sdk'
[2.282s] Level 1:colcon.colcon_core.package_identification:_identify(/home/portia/ros2Bot_ws/src/hls_lfcd_lds_driver) by extensions ['ignore', 'ignore_ament_install']
[2.284s] Level 1:colcon.colcon_core.package_identification:_identify(/home/portia/ros2Bot_ws/src/hls_lfcd_lds_driver) by extension 'ignore'
[2.285s] Level 1:colcon.colcon_core.package_identification:_identify(/home/portia/ros2Bot_ws/src/hls_lfcd_lds_driver) by extension 'ignore_ament_install'
[2.285s] Level 1:colcon.colcon_core.package_identification:_identify(/home/portia/ros2Bot_ws/src/hls_lfcd_lds_driver) by extensions ['colcon_pkg']
[2.286s] Level 1:colcon.colcon_core.package_identification:_identify(/home/portia/ros2Bot_ws/src/hls_lfcd_lds_driver) by extension 'colcon_pkg'
[2.287s] Level 1:colcon.colcon_core.package_identification:_identify(/home/portia/ros2Bot_ws/src/hls_lfcd_lds_driver) by extensions ['colcon_meta']
[2.288s] Level 1:colcon.colcon_core.package_identification:_identify(/home/portia/ros2Bot_ws/src/hls_lfcd_lds_driver) by extension 'colcon_meta'
[2.288s] Level 1:colcon.colcon_core.package_identification:_identify(/home/portia/ros2Bot_ws/src/hls_lfcd_lds_driver) by extensions ['ros']
[2.289s] Level 1:colcon.colcon_core.package_identification:_identify(/home/portia/ros2Bot_ws/src/hls_lfcd_lds_driver) by extension 'ros'
[2.300s] DEBUG:colcon.colcon_core.package_identification:Package '/home/portia/ros2Bot_ws/src/hls_lfcd_lds_driver' with type 'ros.ament_cmake' and name 'hls_lfcd_lds_driver'
[2.301s] Level 1:colcon.colcon_core.package_identification:_identify(/home/portia/ros2Bot_ws/src/image_pipeline) by extensions ['ignore', 'ignore_ament_install']
[2.302s] Level 1:colcon.colcon_core.package_identification:_identify(/home/portia/ros2Bot_ws/src/image_pipeline) by extension 'ignore'
[2.303s] Level 1:colcon.colcon_core.package_identification:_identify(/home/portia/ros2Bot_ws/src/image_pipeline) by extension 'ignore_ament_install'
[2.304s] Level 1:colcon.colcon_core.package_identification:_identify(/home/portia/ros2Bot_ws/src/image_pipeline) by extensions ['colcon_pkg']
[2.305s] Level 1:colcon.colcon_core.package_identification:_identify(/home/portia/ros2Bot_ws/src/image_pipeline) by extension 'colcon_pkg'
[2.305s] Level 1:colcon.colcon_core.package_identification:_identify(/home/portia/ros2Bot_ws/src/image_pipeline) by extensions ['colcon_meta']
[2.306s] Level 1:colcon.colcon_core.package_identification:_identify(/home/portia/ros2Bot_ws/src/image_pipeline) by extension 'colcon_meta'
[2.307s] Level 1:colcon.colcon_core.package_identification:_identify(/home/portia/ros2Bot_ws/src/image_pipeline) by extensions ['ros']
[2.308s] Level 1:colcon.colcon_core.package_identification:_identify(/home/portia/ros2Bot_ws/src/image_pipeline) by extension 'ros'
[2.308s] Level 1:colcon.colcon_core.package_identification:_identify(/home/portia/ros2Bot_ws/src/image_pipeline) by extensions ['cmake', 'python']
[2.309s] Level 1:colcon.colcon_core.package_identification:_identify(/home/portia/ros2Bot_ws/src/image_pipeline) by extension 'cmake'
[2.310s] Level 1:colcon.colcon_core.package_identification:_identify(/home/portia/ros2Bot_ws/src/image_pipeline) by extension 'python'
[2.311s] Level 1:colcon.colcon_core.package_identification:_identify(/home/portia/ros2Bot_ws/src/image_pipeline) by extensions ['python_setup_py']
[2.312s] Level 1:colcon.colcon_core.package_identification:_identify(/home/portia/ros2Bot_ws/src/image_pipeline) by extension 'python_setup_py'
[2.313s] Level 1:colcon.colcon_core.package_identification:_identify(/home/portia/ros2Bot_ws/src/image_pipeline/camera_calibration) by extensions ['ignore', 'ignore_ament_install']
[2.314s] Level 1:colcon.colcon_core.package_identification:_identify(/home/portia/ros2Bot_ws/src/image_pipeline/camera_calibration) by extension 'ignore'
[2.314s] Level 1:colcon.colcon_core.package_identification:_identify(/home/portia/ros2Bot_ws/src/image_pipeline/camera_calibration) ignored
[2.315s] Level 1:colcon.colcon_core.package_identification:_identify(/home/portia/ros2Bot_ws/src/image_pipeline/depth_image_proc) by extensions ['ignore', 'ignore_ament_install']
[2.316s] Level 1:colcon.colcon_core.package_identification:_identify(/home/portia/ros2Bot_ws/src/image_pipeline/depth_image_proc) by extension 'ignore'
[2.317s] Level 1:colcon.colcon_core.package_identification:_identify(/home/portia/ros2Bot_ws/src/image_pipeline/depth_image_proc) by extension 'ignore_ament_install'
[2.318s] Level 1:colcon.colcon_core.package_identification:_identify(/home/portia/ros2Bot_ws/src/image_pipeline/depth_image_proc) by extensions ['colcon_pkg']
[2.319s] Level 1:colcon.colcon_core.package_identification:_identify(/home/portia/ros2Bot_ws/src/image_pipeline/depth_image_proc) by extension 'colcon_pkg'
[2.319s] Level 1:colcon.colcon_core.package_identification:_identify(/home/portia/ros2Bot_ws/src/image_pipeline/depth_image_proc) by extensions ['colcon_meta']
[2.320s] Level 1:colcon.colcon_core.package_identification:_identify(/home/portia/ros2Bot_ws/src/image_pipeline/depth_image_proc) by extension 'colcon_meta'
[2.321s] Level 1:colcon.colcon_core.package_identification:_identify(/home/portia/ros2Bot_ws/src/image_pipeline/depth_image_proc) by extensions ['ros']
[2.321s] Level 1:colcon.colcon_core.package_identification:_identify(/home/portia/ros2Bot_ws/src/image_pipeline/depth_image_proc) by extension 'ros'
[2.333s] DEBUG:colcon.colcon_core.package_identification:Package '/home/portia/ros2Bot_ws/src/image_pipeline/depth_image_proc' with type 'ros.ament_cmake' and name 'depth_image_proc'
[2.338s] Level 1:colcon.colcon_core.package_identification:_identify(/home/portia/ros2Bot_ws/src/image_pipeline/image_pipeline) by extensions ['ignore', 'ignore_ament_install']
[2.339s] Level 1:colcon.colcon_core.package_identification:_identify(/home/portia/ros2Bot_ws/src/image_pipeline/image_pipeline) by extension 'ignore'
[2.340s] Level 1:colcon.colcon_core.package_identification:_identify(/home/portia/ros2Bot_ws/src/image_pipeline/image_pipeline) ignored
[2.341s] Level 1:colcon.colcon_core.package_identification:_identify(/home/portia/ros2Bot_ws/src/image_pipeline/image_proc) by extensions ['ignore', 'ignore_ament_install']
[2.342s] Level 1:colcon.colcon_core.package_identification:_identify(/home/portia/ros2Bot_ws/src/image_pipeline/image_proc) by extension 'ignore'
[2.343s] Level 1:colcon.colcon_core.package_identification:_identify(/home/portia/ros2Bot_ws/src/image_pipeline/image_proc) by extension 'ignore_ament_install'
[2.344s] Level 1:colcon.colcon_core.package_identification:_identify(/home/portia/ros2Bot_ws/src/image_pipeline/image_proc) by extensions ['colcon_pkg']
[2.346s] Level 1:colcon.colcon_core.package_identification:_identify(/home/portia/ros2Bot_ws/src/image_pipeline/image_proc) by extension 'colcon_pkg'
[2.347s] Level 1:colcon.colcon_core.package_identification:_identify(/home/portia/ros2Bot_ws/src/image_pipeline/image_proc) by extensions ['colcon_meta']
[2.349s] Level 1:colcon.colcon_core.package_identification:_identify(/home/portia/ros2Bot_ws/src/image_pipeline/image_proc) by extension 'colcon_meta'
[2.349s] Level 1:colcon.colcon_core.package_identification:_identify(/home/portia/ros2Bot_ws/src/image_pipeline/image_proc) by extensions ['ros']
[2.351s] Level 1:colcon.colcon_core.package_identification:_identify(/home/portia/ros2Bot_ws/src/image_pipeline/image_proc) by extension 'ros'
[2.363s] DEBUG:colcon.colcon_core.package_identification:Package '/home/portia/ros2Bot_ws/src/image_pipeline/image_proc' with type 'ros.ament_cmake' and name 'image_proc'
[2.364s] Level 1:colcon.colcon_core.package_identification:_identify(/home/portia/ros2Bot_ws/src/image_pipeline/image_publisher) by extensions ['ignore', 'ignore_ament_install']
[2.365s] Level 1:colcon.colcon_core.package_identification:_identify(/home/portia/ros2Bot_ws/src/image_pipeline/image_publisher) by extension 'ignore'
[2.366s] Level 1:colcon.colcon_core.package_identification:_identify(/home/portia/ros2Bot_ws/src/image_pipeline/image_publisher) by extension 'ignore_ament_install'
[2.367s] Level 1:colcon.colcon_core.package_identification:_identify(/home/portia/ros2Bot_ws/src/image_pipeline/image_publisher) by extensions ['colcon_pkg']
[2.368s] Level 1:colcon.colcon_core.package_identification:_identify(/home/portia/ros2Bot_ws/src/image_pipeline/image_publisher) by extension 'colcon_pkg'
[2.369s] Level 1:colcon.colcon_core.package_identification:_identify(/home/portia/ros2Bot_ws/src/image_pipeline/image_publisher) by extensions ['colcon_meta']
[2.369s] Level 1:colcon.colcon_core.package_identification:_identify(/home/portia/ros2Bot_ws/src/image_pipeline/image_publisher) by extension 'colcon_meta'
[2.370s] Level 1:colcon.colcon_core.package_identification:_identify(/home/portia/ros2Bot_ws/src/image_pipeline/image_publisher) by extensions ['ros']
[2.370s] Level 1:colcon.colcon_core.package_identification:_identify(/home/portia/ros2Bot_ws/src/image_pipeline/image_publisher) by extension 'ros'
[2.377s] DEBUG:colcon.colcon_core.package_identification:Package '/home/portia/ros2Bot_ws/src/image_pipeline/image_publisher' with type 'ros.ament_cmake' and name 'image_publisher'
[2.378s] Level 1:colcon.colcon_core.package_identification:_identify(/home/portia/ros2Bot_ws/src/image_pipeline/image_rotate) by extensions ['ignore', 'ignore_ament_install']
[2.379s] Level 1:colcon.colcon_core.package_identification:_identify(/home/portia/ros2Bot_ws/src/image_pipeline/image_rotate) by extension 'ignore'
[2.381s] Level 1:colcon.colcon_core.package_identification:_identify(/home/portia/ros2Bot_ws/src/image_pipeline/image_rotate) by extension 'ignore_ament_install'
[2.381s] Level 1:colcon.colcon_core.package_identification:_identify(/home/portia/ros2Bot_ws/src/image_pipeline/image_rotate) by extensions ['colcon_pkg']
[2.382s] Level 1:colcon.colcon_core.package_identification:_identify(/home/portia/ros2Bot_ws/src/image_pipeline/image_rotate) by extension 'colcon_pkg'
[2.383s] Level 1:colcon.colcon_core.package_identification:_identify(/home/portia/ros2Bot_ws/src/image_pipeline/image_rotate) by extensions ['colcon_meta']
[2.383s] Level 1:colcon.colcon_core.package_identification:_identify(/home/portia/ros2Bot_ws/src/image_pipeline/image_rotate) by extension 'colcon_meta'
[2.384s] Level 1:colcon.colcon_core.package_identification:_identify(/home/portia/ros2Bot_ws/src/image_pipeline/image_rotate) by extensions ['ros']
[2.385s] Level 1:colcon.colcon_core.package_identification:_identify(/home/portia/ros2Bot_ws/src/image_pipeline/image_rotate) by extension 'ros'
[2.396s] DEBUG:colcon.colcon_core.package_identification:Package '/home/portia/ros2Bot_ws/src/image_pipeline/image_rotate' with type 'ros.ament_cmake' and name 'image_rotate'
[2.400s] Level 1:colcon.colcon_core.package_identification:_identify(/home/portia/ros2Bot_ws/src/image_pipeline/image_view) by extensions ['ignore', 'ignore_ament_install']
[2.401s] Level 1:colcon.colcon_core.package_identification:_identify(/home/portia/ros2Bot_ws/src/image_pipeline/image_view) by extension 'ignore'
[2.402s] Level 1:colcon.colcon_core.package_identification:_identify(/home/portia/ros2Bot_ws/src/image_pipeline/image_view) ignored
[2.404s] Level 1:colcon.colcon_core.package_identification:_identify(/home/portia/ros2Bot_ws/src/image_pipeline/stereo_image_proc) by extensions ['ignore', 'ignore_ament_install']
[2.405s] Level 1:colcon.colcon_core.package_identification:_identify(/home/portia/ros2Bot_ws/src/image_pipeline/stereo_image_proc) by extension 'ignore'
[2.405s] Level 1:colcon.colcon_core.package_identification:_identify(/home/portia/ros2Bot_ws/src/image_pipeline/stereo_image_proc) ignored
[2.407s] Level 1:colcon.colcon_core.package_identification:_identify(/home/portia/ros2Bot_ws/src/image_pipeline/wiki_files) by extensions ['ignore', 'ignore_ament_install']
[2.408s] Level 1:colcon.colcon_core.package_identification:_identify(/home/portia/ros2Bot_ws/src/image_pipeline/wiki_files) by extension 'ignore'
[2.409s] Level 1:colcon.colcon_core.package_identification:_identify(/home/portia/ros2Bot_ws/src/image_pipeline/wiki_files) by extension 'ignore_ament_install'
[2.410s] Level 1:colcon.colcon_core.package_identification:_identify(/home/portia/ros2Bot_ws/src/image_pipeline/wiki_files) by extensions ['colcon_pkg']
[2.411s] Level 1:colcon.colcon_core.package_identification:_identify(/home/portia/ros2Bot_ws/src/image_pipeline/wiki_files) by extension 'colcon_pkg'
[2.412s] Level 1:colcon.colcon_core.package_identification:_identify(/home/portia/ros2Bot_ws/src/image_pipeline/wiki_files) by extensions ['colcon_meta']
[2.412s] Level 1:colcon.colcon_core.package_identification:_identify(/home/portia/ros2Bot_ws/src/image_pipeline/wiki_files) by extension 'colcon_meta'
[2.413s] Level 1:colcon.colcon_core.package_identification:_identify(/home/portia/ros2Bot_ws/src/image_pipeline/wiki_files) by extensions ['ros']
[2.414s] Level 1:colcon.colcon_core.package_identification:_identify(/home/portia/ros2Bot_ws/src/image_pipeline/wiki_files) by extension 'ros'
[2.414s] Level 1:colcon.colcon_core.package_identification:_identify(/home/portia/ros2Bot_ws/src/image_pipeline/wiki_files) by extensions ['cmake', 'python']
[2.416s] Level 1:colcon.colcon_core.package_identification:_identify(/home/portia/ros2Bot_ws/src/image_pipeline/wiki_files) by extension 'cmake'
[2.417s] Level 1:colcon.colcon_core.package_identification:_identify(/home/portia/ros2Bot_ws/src/image_pipeline/wiki_files) by extension 'python'
[2.417s] Level 1:colcon.colcon_core.package_identification:_identify(/home/portia/ros2Bot_ws/src/image_pipeline/wiki_files) by extensions ['python_setup_py']
[2.418s] Level 1:colcon.colcon_core.package_identification:_identify(/home/portia/ros2Bot_ws/src/image_pipeline/wiki_files) by extension 'python_setup_py'
[2.419s] Level 1:colcon.colcon_core.package_identification:_identify(/home/portia/ros2Bot_ws/src/turtlebot3) by extensions ['ignore', 'ignore_ament_install']
[2.420s] Level 1:colcon.colcon_core.package_identification:_identify(/home/portia/ros2Bot_ws/src/turtlebot3) by extension 'ignore'
[2.421s] Level 1:colcon.colcon_core.package_identification:_identify(/home/portia/ros2Bot_ws/src/turtlebot3) by extension 'ignore_ament_install'
[2.422s] Level 1:colcon.colcon_core.package_identification:_identify(/home/portia/ros2Bot_ws/src/turtlebot3) by extensions ['colcon_pkg']
[2.423s] Level 1:colcon.colcon_core.package_identification:_identify(/home/portia/ros2Bot_ws/src/turtlebot3) by extension 'colcon_pkg'
[2.423s] Level 1:colcon.colcon_core.package_identification:_identify(/home/portia/ros2Bot_ws/src/turtlebot3) by extensions ['colcon_meta']
[2.424s] Level 1:colcon.colcon_core.package_identification:_identify(/home/portia/ros2Bot_ws/src/turtlebot3) by extension 'colcon_meta'
[2.424s] Level 1:colcon.colcon_core.package_identification:_identify(/home/portia/ros2Bot_ws/src/turtlebot3) by extensions ['ros']
[2.425s] Level 1:colcon.colcon_core.package_identification:_identify(/home/portia/ros2Bot_ws/src/turtlebot3) by extension 'ros'
[2.426s] Level 1:colcon.colcon_core.package_identification:_identify(/home/portia/ros2Bot_ws/src/turtlebot3) by extensions ['cmake', 'python']
[2.427s] Level 1:colcon.colcon_core.package_identification:_identify(/home/portia/ros2Bot_ws/src/turtlebot3) by extension 'cmake'
[2.428s] Level 1:colcon.colcon_core.package_identification:_identify(/home/portia/ros2Bot_ws/src/turtlebot3) by extension 'python'
[2.429s] Level 1:colcon.colcon_core.package_identification:_identify(/home/portia/ros2Bot_ws/src/turtlebot3) by extensions ['python_setup_py']
[2.429s] Level 1:colcon.colcon_core.package_identification:_identify(/home/portia/ros2Bot_ws/src/turtlebot3) by extension 'python_setup_py'
[2.431s] Level 1:colcon.colcon_core.package_identification:_identify(/home/portia/ros2Bot_ws/src/turtlebot3/turtlebot3) by extensions ['ignore', 'ignore_ament_install']
[2.432s] Level 1:colcon.colcon_core.package_identification:_identify(/home/portia/ros2Bot_ws/src/turtlebot3/turtlebot3) by extension 'ignore'
[2.433s] Level 1:colcon.colcon_core.package_identification:_identify(/home/portia/ros2Bot_ws/src/turtlebot3/turtlebot3) by extension 'ignore_ament_install'
[2.433s] Level 1:colcon.colcon_core.package_identification:_identify(/home/portia/ros2Bot_ws/src/turtlebot3/turtlebot3) by extensions ['colcon_pkg']
[2.434s] Level 1:colcon.colcon_core.package_identification:_identify(/home/portia/ros2Bot_ws/src/turtlebot3/turtlebot3) by extension 'colcon_pkg'
[2.435s] Level 1:colcon.colcon_core.package_identification:_identify(/home/portia/ros2Bot_ws/src/turtlebot3/turtlebot3) by extensions ['colcon_meta']
[2.435s] Level 1:colcon.colcon_core.package_identification:_identify(/home/portia/ros2Bot_ws/src/turtlebot3/turtlebot3) by extension 'colcon_meta'
[2.436s] Level 1:colcon.colcon_core.package_identification:_identify(/home/portia/ros2Bot_ws/src/turtlebot3/turtlebot3) by extensions ['ros']
[2.437s] Level 1:colcon.colcon_core.package_identification:_identify(/home/portia/ros2Bot_ws/src/turtlebot3/turtlebot3) by extension 'ros'
[2.442s] DEBUG:colcon.colcon_core.package_identification:Package '/home/portia/ros2Bot_ws/src/turtlebot3/turtlebot3' with type 'ros.ament_cmake' and name 'turtlebot3'
[2.447s] Level 1:colcon.colcon_core.package_identification:_identify(/home/portia/ros2Bot_ws/src/turtlebot3/turtlebot3_bringup) by extensions ['ignore', 'ignore_ament_install']
[2.448s] Level 1:colcon.colcon_core.package_identification:_identify(/home/portia/ros2Bot_ws/src/turtlebot3/turtlebot3_bringup) by extension 'ignore'
[2.449s] Level 1:colcon.colcon_core.package_identification:_identify(/home/portia/ros2Bot_ws/src/turtlebot3/turtlebot3_bringup) by extension 'ignore_ament_install'
[2.450s] Level 1:colcon.colcon_core.package_identification:_identify(/home/portia/ros2Bot_ws/src/turtlebot3/turtlebot3_bringup) by extensions ['colcon_pkg']
[2.451s] Level 1:colcon.colcon_core.package_identification:_identify(/home/portia/ros2Bot_ws/src/turtlebot3/turtlebot3_bringup) by extension 'colcon_pkg'
[2.452s] Level 1:colcon.colcon_core.package_identification:_identify(/home/portia/ros2Bot_ws/src/turtlebot3/turtlebot3_bringup) by extensions ['colcon_meta']
[2.453s] Level 1:colcon.colcon_core.package_identification:_identify(/home/portia/ros2Bot_ws/src/turtlebot3/turtlebot3_bringup) by extension 'colcon_meta'
[2.453s] Level 1:colcon.colcon_core.package_identification:_identify(/home/portia/ros2Bot_ws/src/turtlebot3/turtlebot3_bringup) by extensions ['ros']
[2.454s] Level 1:colcon.colcon_core.package_identification:_identify(/home/portia/ros2Bot_ws/src/turtlebot3/turtlebot3_bringup) by extension 'ros'
[2.463s] DEBUG:colcon.colcon_core.package_identification:Package '/home/portia/ros2Bot_ws/src/turtlebot3/turtlebot3_bringup' with type 'ros.ament_cmake' and name 'turtlebot3_bringup'
[2.466s] Level 1:colcon.colcon_core.package_identification:_identify(/home/portia/ros2Bot_ws/src/turtlebot3/turtlebot3_cartographer) by extensions ['ignore', 'ignore_ament_install']
[2.467s] Level 1:colcon.colcon_core.package_identification:_identify(/home/portia/ros2Bot_ws/src/turtlebot3/turtlebot3_cartographer) by extension 'ignore'
[2.468s] Level 1:colcon.colcon_core.package_identification:_identify(/home/portia/ros2Bot_ws/src/turtlebot3/turtlebot3_cartographer) by extension 'ignore_ament_install'
[2.469s] Level 1:colcon.colcon_core.package_identification:_identify(/home/portia/ros2Bot_ws/src/turtlebot3/turtlebot3_cartographer) by extensions ['colcon_pkg']
[2.469s] Level 1:colcon.colcon_core.package_identification:_identify(/home/portia/ros2Bot_ws/src/turtlebot3/turtlebot3_cartographer) by extension 'colcon_pkg'
[2.470s] Level 1:colcon.colcon_core.package_identification:_identify(/home/portia/ros2Bot_ws/src/turtlebot3/turtlebot3_cartographer) by extensions ['colcon_meta']
[2.471s] Level 1:colcon.colcon_core.package_identification:_identify(/home/portia/ros2Bot_ws/src/turtlebot3/turtlebot3_cartographer) by extension 'colcon_meta'
[2.471s] Level 1:colcon.colcon_core.package_identification:_identify(/home/portia/ros2Bot_ws/src/turtlebot3/turtlebot3_cartographer) by extensions ['ros']
[2.472s] Level 1:colcon.colcon_core.package_identification:_identify(/home/portia/ros2Bot_ws/src/turtlebot3/turtlebot3_cartographer) by extension 'ros'
[2.481s] DEBUG:colcon.colcon_core.package_identification:Package '/home/portia/ros2Bot_ws/src/turtlebot3/turtlebot3_cartographer' with type 'ros.ament_cmake' and name 'turtlebot3_cartographer'
[2.483s] Level 1:colcon.colcon_core.package_identification:_identify(/home/portia/ros2Bot_ws/src/turtlebot3/turtlebot3_description) by extensions ['ignore', 'ignore_ament_install']
[2.485s] Level 1:colcon.colcon_core.package_identification:_identify(/home/portia/ros2Bot_ws/src/turtlebot3/turtlebot3_description) by extension 'ignore'
[2.486s] Level 1:colcon.colcon_core.package_identification:_identify(/home/portia/ros2Bot_ws/src/turtlebot3/turtlebot3_description) by extension 'ignore_ament_install'
[2.486s] Level 1:colcon.colcon_core.package_identification:_identify(/home/portia/ros2Bot_ws/src/turtlebot3/turtlebot3_description) by extensions ['colcon_pkg']
[2.487s] Level 1:colcon.colcon_core.package_identification:_identify(/home/portia/ros2Bot_ws/src/turtlebot3/turtlebot3_description) by extension 'colcon_pkg'
[2.488s] Level 1:colcon.colcon_core.package_identification:_identify(/home/portia/ros2Bot_ws/src/turtlebot3/turtlebot3_description) by extensions ['colcon_meta']
[2.489s] Level 1:colcon.colcon_core.package_identification:_identify(/home/portia/ros2Bot_ws/src/turtlebot3/turtlebot3_description) by extension 'colcon_meta'
[2.489s] Level 1:colcon.colcon_core.package_identification:_identify(/home/portia/ros2Bot_ws/src/turtlebot3/turtlebot3_description) by extensions ['ros']
[2.490s] Level 1:colcon.colcon_core.package_identification:_identify(/home/portia/ros2Bot_ws/src/turtlebot3/turtlebot3_description) by extension 'ros'
[2.499s] DEBUG:colcon.colcon_core.package_identification:Package '/home/portia/ros2Bot_ws/src/turtlebot3/turtlebot3_description' with type 'ros.ament_cmake' and name 'turtlebot3_description'
[2.501s] Level 1:colcon.colcon_core.package_identification:_identify(/home/portia/ros2Bot_ws/src/turtlebot3/turtlebot3_navigation2) by extensions ['ignore', 'ignore_ament_install']
[2.502s] Level 1:colcon.colcon_core.package_identification:_identify(/home/portia/ros2Bot_ws/src/turtlebot3/turtlebot3_navigation2) by extension 'ignore'
[2.504s] Level 1:colcon.colcon_core.package_identification:_identify(/home/portia/ros2Bot_ws/src/turtlebot3/turtlebot3_navigation2) by extension 'ignore_ament_install'
[2.504s] Level 1:colcon.colcon_core.package_identification:_identify(/home/portia/ros2Bot_ws/src/turtlebot3/turtlebot3_navigation2) by extensions ['colcon_pkg']
[2.505s] Level 1:colcon.colcon_core.package_identification:_identify(/home/portia/ros2Bot_ws/src/turtlebot3/turtlebot3_navigation2) by extension 'colcon_pkg'
[2.506s] Level 1:colcon.colcon_core.package_identification:_identify(/home/portia/ros2Bot_ws/src/turtlebot3/turtlebot3_navigation2) by extensions ['colcon_meta']
[2.506s] Level 1:colcon.colcon_core.package_identification:_identify(/home/portia/ros2Bot_ws/src/turtlebot3/turtlebot3_navigation2) by extension 'colcon_meta'
[2.507s] Level 1:colcon.colcon_core.package_identification:_identify(/home/portia/ros2Bot_ws/src/turtlebot3/turtlebot3_navigation2) by extensions ['ros']
[2.508s] Level 1:colcon.colcon_core.package_identification:_identify(/home/portia/ros2Bot_ws/src/turtlebot3/turtlebot3_navigation2) by extension 'ros'
[2.516s] DEBUG:colcon.colcon_core.package_identification:Package '/home/portia/ros2Bot_ws/src/turtlebot3/turtlebot3_navigation2' with type 'ros.ament_cmake' and name 'turtlebot3_navigation2'
[2.518s] Level 1:colcon.colcon_core.package_identification:_identify(/home/portia/ros2Bot_ws/src/turtlebot3/turtlebot3_node) by extensions ['ignore', 'ignore_ament_install']
[2.520s] Level 1:colcon.colcon_core.package_identification:_identify(/home/portia/ros2Bot_ws/src/turtlebot3/turtlebot3_node) by extension 'ignore'
[2.521s] Level 1:colcon.colcon_core.package_identification:_identify(/home/portia/ros2Bot_ws/src/turtlebot3/turtlebot3_node) by extension 'ignore_ament_install'
[2.521s] Level 1:colcon.colcon_core.package_identification:_identify(/home/portia/ros2Bot_ws/src/turtlebot3/turtlebot3_node) by extensions ['colcon_pkg']
[2.522s] Level 1:colcon.colcon_core.package_identification:_identify(/home/portia/ros2Bot_ws/src/turtlebot3/turtlebot3_node) by extension 'colcon_pkg'
[2.523s] Level 1:colcon.colcon_core.package_identification:_identify(/home/portia/ros2Bot_ws/src/turtlebot3/turtlebot3_node) by extensions ['colcon_meta']
[2.524s] Level 1:colcon.colcon_core.package_identification:_identify(/home/portia/ros2Bot_ws/src/turtlebot3/turtlebot3_node) by extension 'colcon_meta'
[2.524s] Level 1:colcon.colcon_core.package_identification:_identify(/home/portia/ros2Bot_ws/src/turtlebot3/turtlebot3_node) by extensions ['ros']
[2.525s] Level 1:colcon.colcon_core.package_identification:_identify(/home/portia/ros2Bot_ws/src/turtlebot3/turtlebot3_node) by extension 'ros'
[2.552s] DEBUG:colcon.colcon_core.package_identification:Package '/home/portia/ros2Bot_ws/src/turtlebot3/turtlebot3_node' with type 'ros.ament_cmake' and name 'turtlebot3_node'
[2.557s] Level 1:colcon.colcon_core.package_identification:_identify(/home/portia/ros2Bot_ws/src/turtlebot3/turtlebot3_teleop) by extensions ['ignore', 'ignore_ament_install']
[2.558s] Level 1:colcon.colcon_core.package_identification:_identify(/home/portia/ros2Bot_ws/src/turtlebot3/turtlebot3_teleop) by extension 'ignore'
[2.559s] Level 1:colcon.colcon_core.package_identification:_identify(/home/portia/ros2Bot_ws/src/turtlebot3/turtlebot3_teleop) by extension 'ignore_ament_install'
[2.560s] Level 1:colcon.colcon_core.package_identification:_identify(/home/portia/ros2Bot_ws/src/turtlebot3/turtlebot3_teleop) by extensions ['colcon_pkg']
[2.561s] Level 1:colcon.colcon_core.package_identification:_identify(/home/portia/ros2Bot_ws/src/turtlebot3/turtlebot3_teleop) by extension 'colcon_pkg'
[2.561s] Level 1:colcon.colcon_core.package_identification:_identify(/home/portia/ros2Bot_ws/src/turtlebot3/turtlebot3_teleop) by extensions ['colcon_meta']
[2.562s] Level 1:colcon.colcon_core.package_identification:_identify(/home/portia/ros2Bot_ws/src/turtlebot3/turtlebot3_teleop) by extension 'colcon_meta'
[2.562s] Level 1:colcon.colcon_core.package_identification:_identify(/home/portia/ros2Bot_ws/src/turtlebot3/turtlebot3_teleop) by extensions ['ros']
[2.563s] Level 1:colcon.colcon_core.package_identification:_identify(/home/portia/ros2Bot_ws/src/turtlebot3/turtlebot3_teleop) by extension 'ros'
[2.582s] DEBUG:colcon.colcon_core.package_identification:Package '/home/portia/ros2Bot_ws/src/turtlebot3/turtlebot3_teleop' with type 'ros.ament_python' and name 'turtlebot3_teleop'
[2.585s] Level 1:colcon.colcon_core.package_identification:_identify(/home/portia/ros2Bot_ws/src/turtlebot3_msgs) by extensions ['ignore', 'ignore_ament_install']
[2.586s] Level 1:colcon.colcon_core.package_identification:_identify(/home/portia/ros2Bot_ws/src/turtlebot3_msgs) by extension 'ignore'
[2.587s] Level 1:colcon.colcon_core.package_identification:_identify(/home/portia/ros2Bot_ws/src/turtlebot3_msgs) by extension 'ignore_ament_install'
[2.587s] Level 1:colcon.colcon_core.package_identification:_identify(/home/portia/ros2Bot_ws/src/turtlebot3_msgs) by extensions ['colcon_pkg']
[2.588s] Level 1:colcon.colcon_core.package_identification:_identify(/home/portia/ros2Bot_ws/src/turtlebot3_msgs) by extension 'colcon_pkg'
[2.589s] Level 1:colcon.colcon_core.package_identification:_identify(/home/portia/ros2Bot_ws/src/turtlebot3_msgs) by extensions ['colcon_meta']
[2.590s] Level 1:colcon.colcon_core.package_identification:_identify(/home/portia/ros2Bot_ws/src/turtlebot3_msgs) by extension 'colcon_meta'
[2.590s] Level 1:colcon.colcon_core.package_identification:_identify(/home/portia/ros2Bot_ws/src/turtlebot3_msgs) by extensions ['ros']
[2.591s] Level 1:colcon.colcon_core.package_identification:_identify(/home/portia/ros2Bot_ws/src/turtlebot3_msgs) by extension 'ros'
[2.600s] DEBUG:colcon.colcon_core.package_identification:Package '/home/portia/ros2Bot_ws/src/turtlebot3_msgs' with type 'ros.ament_cmake' and name 'turtlebot3_msgs'
[2.601s] Level 1:colcon.colcon_core.package_identification:_identify(/home/portia/ros2Bot_ws/src/vision_opencv) by extensions ['ignore', 'ignore_ament_install']
[2.602s] Level 1:colcon.colcon_core.package_identification:_identify(/home/portia/ros2Bot_ws/src/vision_opencv) by extension 'ignore'
[2.603s] Level 1:colcon.colcon_core.package_identification:_identify(/home/portia/ros2Bot_ws/src/vision_opencv) by extension 'ignore_ament_install'
[2.604s] Level 1:colcon.colcon_core.package_identification:_identify(/home/portia/ros2Bot_ws/src/vision_opencv) by extensions ['colcon_pkg']
[2.605s] Level 1:colcon.colcon_core.package_identification:_identify(/home/portia/ros2Bot_ws/src/vision_opencv) by extension 'colcon_pkg'
[2.605s] Level 1:colcon.colcon_core.package_identification:_identify(/home/portia/ros2Bot_ws/src/vision_opencv) by extensions ['colcon_meta']
[2.606s] Level 1:colcon.colcon_core.package_identification:_identify(/home/portia/ros2Bot_ws/src/vision_opencv) by extension 'colcon_meta'
[2.607s] Level 1:colcon.colcon_core.package_identification:_identify(/home/portia/ros2Bot_ws/src/vision_opencv) by extensions ['ros']
[2.608s] Level 1:colcon.colcon_core.package_identification:_identify(/home/portia/ros2Bot_ws/src/vision_opencv) by extension 'ros'
[2.609s] Level 1:colcon.colcon_core.package_identification:_identify(/home/portia/ros2Bot_ws/src/vision_opencv) by extensions ['cmake', 'python']
[2.609s] Level 1:colcon.colcon_core.package_identification:_identify(/home/portia/ros2Bot_ws/src/vision_opencv) by extension 'cmake'
[2.610s] Level 1:colcon.colcon_core.package_identification:_identify(/home/portia/ros2Bot_ws/src/vision_opencv) by extension 'python'
[2.611s] Level 1:colcon.colcon_core.package_identification:_identify(/home/portia/ros2Bot_ws/src/vision_opencv) by extensions ['python_setup_py']
[2.612s] Level 1:colcon.colcon_core.package_identification:_identify(/home/portia/ros2Bot_ws/src/vision_opencv) by extension 'python_setup_py'
[2.613s] Level 1:colcon.colcon_core.package_identification:_identify(/home/portia/ros2Bot_ws/src/vision_opencv/cv_bridge) by extensions ['ignore', 'ignore_ament_install']
[2.614s] Level 1:colcon.colcon_core.package_identification:_identify(/home/portia/ros2Bot_ws/src/vision_opencv/cv_bridge) by extension 'ignore'
[2.615s] Level 1:colcon.colcon_core.package_identification:_identify(/home/portia/ros2Bot_ws/src/vision_opencv/cv_bridge) by extension 'ignore_ament_install'
[2.616s] Level 1:colcon.colcon_core.package_identification:_identify(/home/portia/ros2Bot_ws/src/vision_opencv/cv_bridge) by extensions ['colcon_pkg']
[2.617s] Level 1:colcon.colcon_core.package_identification:_identify(/home/portia/ros2Bot_ws/src/vision_opencv/cv_bridge) by extension 'colcon_pkg'
[2.617s] Level 1:colcon.colcon_core.package_identification:_identify(/home/portia/ros2Bot_ws/src/vision_opencv/cv_bridge) by extensions ['colcon_meta']
[2.618s] Level 1:colcon.colcon_core.package_identification:_identify(/home/portia/ros2Bot_ws/src/vision_opencv/cv_bridge) by extension 'colcon_meta'
[2.618s] Level 1:colcon.colcon_core.package_identification:_identify(/home/portia/ros2Bot_ws/src/vision_opencv/cv_bridge) by extensions ['ros']
[2.619s] Level 1:colcon.colcon_core.package_identification:_identify(/home/portia/ros2Bot_ws/src/vision_opencv/cv_bridge) by extension 'ros'
[2.633s] DEBUG:colcon.colcon_core.package_identification:Package '/home/portia/ros2Bot_ws/src/vision_opencv/cv_bridge' with type 'ros.ament_cmake' and name 'cv_bridge'
[2.634s] Level 1:colcon.colcon_core.package_identification:_identify(/home/portia/ros2Bot_ws/src/vision_opencv/image_geometry) by extensions ['ignore', 'ignore_ament_install']
[2.635s] Level 1:colcon.colcon_core.package_identification:_identify(/home/portia/ros2Bot_ws/src/vision_opencv/image_geometry) by extension 'ignore'
[2.636s] Level 1:colcon.colcon_core.package_identification:_identify(/home/portia/ros2Bot_ws/src/vision_opencv/image_geometry) by extension 'ignore_ament_install'
[2.637s] Level 1:colcon.colcon_core.package_identification:_identify(/home/portia/ros2Bot_ws/src/vision_opencv/image_geometry) by extensions ['colcon_pkg']
[2.638s] Level 1:colcon.colcon_core.package_identification:_identify(/home/portia/ros2Bot_ws/src/vision_opencv/image_geometry) by extension 'colcon_pkg'
[2.639s] Level 1:colcon.colcon_core.package_identification:_identify(/home/portia/ros2Bot_ws/src/vision_opencv/image_geometry) by extensions ['colcon_meta']
[2.639s] Level 1:colcon.colcon_core.package_identification:_identify(/home/portia/ros2Bot_ws/src/vision_opencv/image_geometry) by extension 'colcon_meta'
[2.640s] Level 1:colcon.colcon_core.package_identification:_identify(/home/portia/ros2Bot_ws/src/vision_opencv/image_geometry) by extensions ['ros']
[2.641s] Level 1:colcon.colcon_core.package_identification:_identify(/home/portia/ros2Bot_ws/src/vision_opencv/image_geometry) by extension 'ros'
[2.651s] DEBUG:colcon.colcon_core.package_identification:Package '/home/portia/ros2Bot_ws/src/vision_opencv/image_geometry' with type 'ros.ament_cmake' and name 'image_geometry'
[2.652s] Level 1:colcon.colcon_core.package_identification:_identify(/home/portia/ros2Bot_ws/src/vision_opencv/opencv_tests) by extensions ['ignore', 'ignore_ament_install']
[2.653s] Level 1:colcon.colcon_core.package_identification:_identify(/home/portia/ros2Bot_ws/src/vision_opencv/opencv_tests) by extension 'ignore'
[2.654s] Level 1:colcon.colcon_core.package_identification:_identify(/home/portia/ros2Bot_ws/src/vision_opencv/opencv_tests) by extension 'ignore_ament_install'
[2.655s] Level 1:colcon.colcon_core.package_identification:_identify(/home/portia/ros2Bot_ws/src/vision_opencv/opencv_tests) by extensions ['colcon_pkg']
[2.656s] Level 1:colcon.colcon_core.package_identification:_identify(/home/portia/ros2Bot_ws/src/vision_opencv/opencv_tests) by extension 'colcon_pkg'
[2.657s] Level 1:colcon.colcon_core.package_identification:_identify(/home/portia/ros2Bot_ws/src/vision_opencv/opencv_tests) by extensions ['colcon_meta']
[2.657s] Level 1:colcon.colcon_core.package_identification:_identify(/home/portia/ros2Bot_ws/src/vision_opencv/opencv_tests) by extension 'colcon_meta'
[2.658s] Level 1:colcon.colcon_core.package_identification:_identify(/home/portia/ros2Bot_ws/src/vision_opencv/opencv_tests) by extensions ['ros']
[2.659s] Level 1:colcon.colcon_core.package_identification:_identify(/home/portia/ros2Bot_ws/src/vision_opencv/opencv_tests) by extension 'ros'
[2.669s] DEBUG:colcon.colcon_core.package_identification:Package '/home/portia/ros2Bot_ws/src/vision_opencv/opencv_tests' with type 'ros.ament_python' and name 'opencv_tests'
[2.671s] Level 1:colcon.colcon_core.package_identification:_identify(/home/portia/ros2Bot_ws/src/vision_opencv/vision_opencv) by extensions ['ignore', 'ignore_ament_install']
[2.672s] Level 1:colcon.colcon_core.package_identification:_identify(/home/portia/ros2Bot_ws/src/vision_opencv/vision_opencv) by extension 'ignore'
[2.673s] Level 1:colcon.colcon_core.package_identification:_identify(/home/portia/ros2Bot_ws/src/vision_opencv/vision_opencv) by extension 'ignore_ament_install'
[2.673s] Level 1:colcon.colcon_core.package_identification:_identify(/home/portia/ros2Bot_ws/src/vision_opencv/vision_opencv) by extensions ['colcon_pkg']
[2.674s] Level 1:colcon.colcon_core.package_identification:_identify(/home/portia/ros2Bot_ws/src/vision_opencv/vision_opencv) by extension 'colcon_pkg'
[2.675s] Level 1:colcon.colcon_core.package_identification:_identify(/home/portia/ros2Bot_ws/src/vision_opencv/vision_opencv) by extensions ['colcon_meta']
[2.676s] Level 1:colcon.colcon_core.package_identification:_identify(/home/portia/ros2Bot_ws/src/vision_opencv/vision_opencv) by extension 'colcon_meta'
[2.676s] Level 1:colcon.colcon_core.package_identification:_identify(/home/portia/ros2Bot_ws/src/vision_opencv/vision_opencv) by extensions ['ros']
[2.677s] Level 1:colcon.colcon_core.package_identification:_identify(/home/portia/ros2Bot_ws/src/vision_opencv/vision_opencv) by extension 'ros'
[2.682s] DEBUG:colcon.colcon_core.package_identification:Package '/home/portia/ros2Bot_ws/src/vision_opencv/vision_opencv' with type 'ros.ament_cmake' and name 'vision_opencv'
[2.682s] Level 1:colcon.colcon_core.package_discovery:discover_packages(recursive) using defaults
[2.689s] WARNING:colcon.colcon_core.package_selection:ignoring unknown package 'camera_calibration' in --packages-select
[2.712s] Level 1:colcon.colcon_core.package_augmentation.check_dependency_constraint:turtlebot3_bringup depends on turtlebot3_node which has version 2.0.1: constraints {}
[2.712s] Level 1:colcon.colcon_core.package_augmentation.check_dependency_constraint:turtlebot3_bringup depends on turtlebot3_description which has version 2.0.1: constraints {}
[2.713s] Level 1:colcon.colcon_core.package_augmentation.check_dependency_constraint:turtlebot3_bringup depends on hls_lfcd_lds_driver which has version 2.0.0: constraints {}
[2.713s] Level 1:colcon.colcon_core.package_augmentation.check_dependency_constraint:turtlebot3_node depends on dynamixel_sdk which has version 3.7.20: constraints {}
[2.714s] Level 1:colcon.colcon_core.package_augmentation.check_dependency_constraint:turtlebot3_node depends on turtlebot3_msgs which has version 2.2.0: constraints {}
[2.714s] Level 1:colcon.colcon_core.package_augmentation.check_dependency_constraint:image_publisher depends on cv_bridge which has version 2.1.2: constraints {}
[2.714s] Level 1:colcon.colcon_core.package_augmentation.check_dependency_constraint:turtlebot3 depends on turtlebot3_teleop which has version 2.0.1: constraints {}
[2.715s] Level 1:colcon.colcon_core.package_augmentation.check_dependency_constraint:turtlebot3 depends on turtlebot3_bringup which has version 2.0.1: constraints {}
[2.715s] Level 1:colcon.colcon_core.package_augmentation.check_dependency_constraint:turtlebot3 depends on turtlebot3_node which has version 2.0.1: constraints {}
[2.716s] Level 1:colcon.colcon_core.package_augmentation.check_dependency_constraint:turtlebot3 depends on turtlebot3_cartographer which has version 2.0.1: constraints {}
[2.716s] Level 1:colcon.colcon_core.package_augmentation.check_dependency_constraint:turtlebot3 depends on turtlebot3_description which has version 2.0.1: constraints {}
[2.717s] Level 1:colcon.colcon_core.package_augmentation.check_dependency_constraint:turtlebot3 depends on turtlebot3_navigation2 which has version 2.0.1: constraints {}
[2.717s] Level 1:colcon.colcon_core.package_augmentation.check_dependency_constraint:image_rotate depends on cv_bridge which has version 2.1.2: constraints {}
[2.718s] Level 1:colcon.colcon_core.package_augmentation.check_dependency_constraint:vision_opencv depends on cv_bridge which has version 2.1.2: constraints {}
[2.718s] Level 1:colcon.colcon_core.package_augmentation.check_dependency_constraint:vision_opencv depends on image_geometry which has version 2.1.2: constraints {}
[2.719s] Level 1:colcon.colcon_core.package_augmentation.check_dependency_constraint:image_proc depends on cv_bridge which has version 2.1.2: constraints {}
[2.719s] Level 1:colcon.colcon_core.package_augmentation.check_dependency_constraint:image_proc depends on image_geometry which has version 2.1.2: constraints {}
[2.720s] Level 1:colcon.colcon_core.package_augmentation.check_dependency_constraint:opencv_tests depends on cv_bridge which has version 2.1.2: constraints {}
[2.720s] Level 1:colcon.colcon_core.package_augmentation.check_dependency_constraint:depth_image_proc depends on cv_bridge which has version 2.1.2: constraints {}
[2.721s] Level 1:colcon.colcon_core.package_augmentation.check_dependency_constraint:depth_image_proc depends on image_geometry which has version 2.1.2: constraints {}
[2.736s] INFO:colcon.colcon_core.package_selection:Skipping not selected package 'cv_bridge' in '/home/portia/ros2Bot_ws/src/vision_opencv/cv_bridge'
[2.737s] INFO:colcon.colcon_core.package_selection:Skipping not selected package 'dynamixel_sdk' in '/home/portia/ros2Bot_ws/src/DynamixelSDK/dynamixel_sdk'
[2.737s] INFO:colcon.colcon_core.package_selection:Skipping not selected package 'hls_lfcd_lds_driver' in '/home/portia/ros2Bot_ws/src/hls_lfcd_lds_driver'
[2.737s] INFO:colcon.colcon_core.package_selection:Skipping not selected package 'image_geometry' in '/home/portia/ros2Bot_ws/src/vision_opencv/image_geometry'
[2.738s] INFO:colcon.colcon_core.package_selection:Skipping not selected package 'turtlebot3_cartographer' in '/home/portia/ros2Bot_ws/src/turtlebot3/turtlebot3_cartographer'
[2.738s] INFO:colcon.colcon_core.package_selection:Skipping not selected package 'turtlebot3_description' in '/home/portia/ros2Bot_ws/src/turtlebot3/turtlebot3_description'
[2.738s] INFO:colcon.colcon_core.package_selection:Skipping not selected package 'turtlebot3_msgs' in '/home/portia/ros2Bot_ws/src/turtlebot3_msgs'
[2.738s] INFO:colcon.colcon_core.package_selection:Skipping not selected package 'turtlebot3_navigation2' in '/home/portia/ros2Bot_ws/src/turtlebot3/turtlebot3_navigation2'
[2.739s] INFO:colcon.colcon_core.package_selection:Skipping not selected package 'turtlebot3_teleop' in '/home/portia/ros2Bot_ws/src/turtlebot3/turtlebot3_teleop'
[2.739s] INFO:colcon.colcon_core.package_selection:Skipping not selected package 'depth_image_proc' in '/home/portia/ros2Bot_ws/src/image_pipeline/depth_image_proc'
[2.739s] INFO:colcon.colcon_core.package_selection:Skipping not selected package 'image_proc' in '/home/portia/ros2Bot_ws/src/image_pipeline/image_proc'
[2.740s] INFO:colcon.colcon_core.package_selection:Skipping not selected package 'image_publisher' in '/home/portia/ros2Bot_ws/src/image_pipeline/image_publisher'
[2.740s] INFO:colcon.colcon_core.package_selection:Skipping not selected package 'image_rotate' in '/home/portia/ros2Bot_ws/src/image_pipeline/image_rotate'
[2.740s] INFO:colcon.colcon_core.package_selection:Skipping not selected package 'opencv_tests' in '/home/portia/ros2Bot_ws/src/vision_opencv/opencv_tests'
[2.740s] INFO:colcon.colcon_core.package_selection:Skipping not selected package 'turtlebot3_node' in '/home/portia/ros2Bot_ws/src/turtlebot3/turtlebot3_node'
[2.740s] INFO:colcon.colcon_core.package_selection:Skipping not selected package 'vision_opencv' in '/home/portia/ros2Bot_ws/src/vision_opencv/vision_opencv'
[2.741s] INFO:colcon.colcon_core.package_selection:Skipping not selected package 'turtlebot3_bringup' in '/home/portia/ros2Bot_ws/src/turtlebot3/turtlebot3_bringup'
[2.741s] INFO:colcon.colcon_core.package_selection:Skipping not selected package 'turtlebot3' in '/home/portia/ros2Bot_ws/src/turtlebot3/turtlebot3'
[2.753s] INFO:colcon.colcon_core.executor:Executing jobs using 'parallel' executor
[2.757s] DEBUG:colcon.colcon_parallel_executor.executor.parallel:run_until_complete
[2.758s] DEBUG:colcon.colcon_parallel_executor.executor.parallel:closing loop
[2.759s] DEBUG:colcon.colcon_parallel_executor.executor.parallel:loop closed
[2.760s] DEBUG:colcon.colcon_parallel_executor.executor.parallel:run_until_complete finished with '0'
[2.760s] DEBUG:colcon.colcon_core.event_reactor:joining thread
[2.804s] INFO:colcon.colcon_core.plugin_system:Skipping extension 'colcon_notification.desktop_notification.notify_send': Could not find 'notify-send'
[2.815s] INFO:colcon.colcon_core.plugin_system:Skipping extension 'colcon_notification.desktop_notification.terminal_notifier': Not used on non-Darwin systems
[2.816s] INFO:colcon.colcon_core.plugin_system:Skipping extension 'colcon_notification.desktop_notification.win32': Not used on non-Windows systems
[2.817s] INFO:colcon.colcon_notification.desktop_notification:Sending desktop notification using 'notify2'
[2.817s] DEBUG:colcon.colcon_notification.desktop_notification.notify2:Failed to initialize notify2: org.freedesktop.DBus.Error.NotSupported: Unable to autolaunch a dbus-daemon without a $DISPLAY for X11
[2.818s] DEBUG:colcon.colcon_core.event_reactor:joined thread
[2.869s] INFO:colcon.colcon_core.plugin_system:Skipping extension 'colcon_core.shell.bat': Not used on non-Windows systems
[2.871s] INFO:colcon.colcon_core.shell:Creating prefix script '/home/portia/ros2Bot_ws/install/local_setup.ps1'
[2.970s] INFO:colcon.colcon_core.shell:Creating prefix util module '/home/portia/ros2Bot_ws/install/_local_setup_util_ps1.py'
[2.982s] INFO:colcon.colcon_core.shell:Creating prefix chain script '/home/portia/ros2Bot_ws/install/setup.ps1'
[3.030s] INFO:colcon.colcon_core.shell:Creating prefix script '/home/portia/ros2Bot_ws/install/local_setup.sh'
[3.035s] INFO:colcon.colcon_core.shell:Creating prefix util module '/home/portia/ros2Bot_ws/install/_local_setup_util_sh.py'
[3.039s] INFO:colcon.colcon_core.shell:Creating prefix chain script '/home/portia/ros2Bot_ws/install/setup.sh'
[3.075s] INFO:colcon.colcon_core.shell:Creating prefix script '/home/portia/ros2Bot_ws/install/local_setup.bash'
[3.079s] INFO:colcon.colcon_core.shell:Creating prefix chain script '/home/portia/ros2Bot_ws/install/setup.bash'
[3.115s] INFO:colcon.colcon_core.shell:Creating prefix script '/home/portia/ros2Bot_ws/install/local_setup.zsh'
[3.120s] INFO:colcon.colcon_core.shell:Creating prefix chain script '/home/portia/ros2Bot_ws/install/setup.zsh'
