-- Found ament_cmake: 0.7.3 (/opt/ros/dashing/share/ament_cmake/cmake)
-- Using PYTHON_EXECUTABLE: /usr/bin/python3
-- Override CMake install command with custom implementation using symlinks instead of copying resources
-- Found cv_bridge: 2.1.2 (/home/portia/ros2Bot_ws/install/cv_bridge/share/cv_bridge/cmake)
-- Found camera_info_manager: 2.1.1 (/opt/ros/dashing/share/camera_info_manager/cmake)
-- Found image_transport: 2.1.1 (/opt/ros/dashing/share/image_transport/cmake)
-- Found rosidl_adapter: 0.7.7 (/opt/ros/dashing/share/rosidl_adapter/cmake)
-- Found rmw_implementation_cmake: 0.7.2 (/opt/ros/dashing/share/rmw_implementation_cmake/cmake)
-- Found tinyxml2_vendor:  (/opt/ros/dashing/share/tinyxml2_vendor/cmake)
-- Found poco_vendor:  (/opt/ros/dashing/share/poco_vendor/cmake)
-- Found image_geometry: 2.1.2 (/home/portia/ros2Bot_ws/install/image_geometry/share/image_geometry/cmake)
-- Found rclcpp_components: 0.7.11 (/opt/ros/dashing/share/rclcpp_components/cmake)
-- Found OpenCV: /usr (found version "3.2.0") found components:  core 
-- opencv version 3.2.0
-- Found OpenCV: /usr (found suitable version "3.2.0", minimum required is "3") found components:  core imgcodecs videoio 
-- Found ament_lint_auto: 0.7.11 (/opt/ros/dashing/share/ament_lint_auto/cmake)
-- Added test 'copyright' to check for copyright in CMake / C / C++ / Python code
-- Added test 'cppcheck' to perform static code analysis on C / C++ code
-- Configured cppcheck include dirs: /home/portia/ros2Bot_ws/src/image_pipeline/image_publisher/include
-- Added test 'cpplint' to check C / C++ code against the Google style
-- Added test 'flake8' to check Python code syntax and style conventions
-- Added test 'lint_cmake' to check CMake code style
-- Added test 'pep257' to check Python code against some of the style conventions in PEP 257
-- Added test 'uncrustify' to check C / C++ code style
-- Added test 'xmllint' to check XML markup files
-- Configuring done
-- Generating done
-- Build files have been written to: /home/portia/ros2Bot_ws/build/image_publisher
[35m[1mScanning dependencies of target image_publisher[0m
[ 25%] [32mBuilding CXX object CMakeFiles/image_publisher.dir/src/image_publisher.cpp.o[0m
[ 50%] [32m[1mLinking CXX shared library libimage_publisher.so[0m
[ 50%] Built target image_publisher
[35m[1mScanning dependencies of target image_publisher_node[0m
[ 75%] [32mBuilding CXX object CMakeFiles/image_publisher_node.dir/src/image_publisher_node.cpp.o[0m
[100%] [32m[1mLinking CXX executable image_publisher_node[0m
[100%] Built target image_publisher_node
[ 50%] Built target image_publisher
[100%] Built target image_publisher_node
[36mInstall the project...[0m
-- Install configuration: ""
-- Execute custom install script
-- Symlinking: /home/portia/ros2Bot_ws/install/image_publisher/lib/image_publisher/image_publisher_node
-- Symlinking: /home/portia/ros2Bot_ws/install/image_publisher/lib/image_publisher/libimage_publisher.so
-- Symlinking: /home/portia/ros2Bot_ws/install/image_publisher/bin/libimage_publisher.so
-- Symlinking: /home/portia/ros2Bot_ws/install/image_publisher/share/image_publisher//launch/image_publisher_file.launch.py
-- Symlinking: /home/portia/ros2Bot_ws/install/image_publisher/share/image_publisher//launch/image_publisher_mono.launch.py
-- Symlinking: /home/portia/ros2Bot_ws/install/image_publisher/share/image_publisher//launch/image_publisher_stereo.launch.py
-- Symlinking: /home/portia/ros2Bot_ws/install/image_publisher/share/image_publisher//launch/splash.png
-- Up-to-date symlink: /home/portia/ros2Bot_ws/install/image_publisher/share/ament_index/resource_index/package_run_dependencies/image_publisher
-- Up-to-date symlink: /home/portia/ros2Bot_ws/install/image_publisher/share/ament_index/resource_index/parent_prefix_path/image_publisher
-- Up-to-date symlink: /home/portia/ros2Bot_ws/install/image_publisher/share/image_publisher/environment/ament_prefix_path.sh
-- Up-to-date symlink: /home/portia/ros2Bot_ws/install/image_publisher/share/image_publisher/environment/path.sh
-- Up-to-date symlink: /home/portia/ros2Bot_ws/install/image_publisher/share/image_publisher/local_setup.bash
-- Up-to-date symlink: /home/portia/ros2Bot_ws/install/image_publisher/share/image_publisher/local_setup.sh
-- Up-to-date symlink: /home/portia/ros2Bot_ws/install/image_publisher/share/image_publisher/local_setup.zsh
-- Up-to-date symlink: /home/portia/ros2Bot_ws/install/image_publisher/share/ament_index/resource_index/packages/image_publisher
-- Up-to-date symlink: /home/portia/ros2Bot_ws/install/image_publisher/share/ament_index/resource_index/rclcpp_components/image_publisher
-- Symlinking: /home/portia/ros2Bot_ws/install/image_publisher/share/image_publisher/cmake/ament_cmake_export_dependencies-extras.cmake
-- Up-to-date symlink: /home/portia/ros2Bot_ws/install/image_publisher/share/image_publisher/cmake/image_publisherConfig.cmake
-- Up-to-date symlink: /home/portia/ros2Bot_ws/install/image_publisher/share/image_publisher/cmake/image_publisherConfig-version.cmake
-- Up-to-date symlink: /home/portia/ros2Bot_ws/install/image_publisher/share/image_publisher/package.xml
-- Up-to-date: /home/portia/ros2Bot_ws/install/image_publisher/include/image_publisher
-- Up-to-date: /home/portia/ros2Bot_ws/install/image_publisher/include/image_publisher/visibility.h
