[1.518s] DEBUG:colcon:Command line arguments: ['/usr/bin/colcon', 'build', '--symlink-install', '--packages-select', 'usb_cam']
[1.519s] DEBUG:colcon:Parsed command line arguments: Namespace(ament_cmake_args=None, base_paths='.', build_base='build', catkin_cmake_args=None, catkin_skip_building_tests=False, cmake_args=None, cmake_clean_cache=False, cmake_clean_first=False, cmake_force_configure=False, cmake_target=None, cmake_target_skip_unavailable=False, continue_on_error=False, event_handlers=None, executor='parallel', ignore_user_meta=False, install_base='install', log_base='log', log_level=None, main=<bound method BuildVerb.main of <colcon_core.verb.build.BuildVerb object at 0xffffb5a0b780>>, merge_install=False, metas='./colcon.meta', packages_above=None, packages_above_depth=None, packages_end=None, packages_ignore=None, packages_ignore_regex=None, packages_select=['usb_cam'], packages_select_build_failed=False, packages_select_by_dep=None, packages_select_regex=None, packages_select_test_failures=False, packages_skip=None, packages_skip_build_finished=False, packages_skip_by_dep=None, packages_skip_regex=None, packages_skip_test_passed=False, packages_skip_up_to=None, packages_start=None, packages_up_to=None, parallel_workers=4, paths=None, symlink_install=True, test_result_base=None, verb_extension=<colcon_core.verb.build.BuildVerb object at 0xffffb5a0b780>, verb_name='build', verb_parser=<colcon_defaults.argument_parser.defaults.DefaultArgumentsDecorator object at 0xffffb5a0ba90>)
[1.877s] Level 1:colcon.colcon_core.package_discovery:discover_packages(colcon_meta) check parameters
[1.879s] Level 1:colcon.colcon_core.package_discovery:discover_packages(recursive) check parameters
[1.880s] Level 1:colcon.colcon_core.package_discovery:discover_packages(ignore) check parameters
[1.880s] Level 1:colcon.colcon_core.package_discovery:discover_packages(path) check parameters
[1.880s] Level 1:colcon.colcon_core.package_discovery:discover_packages(recursive) discover
[1.883s] INFO:colcon.colcon_core.package_discovery:Crawling recursively for packages in '/home/portia/ros2Bot_ws'
[1.883s] Level 1:colcon.colcon_core.package_identification:_identify(/home/portia/ros2Bot_ws) by extensions ['ignore', 'ignore_ament_install']
[1.886s] Level 1:colcon.colcon_core.package_identification:_identify(/home/portia/ros2Bot_ws) by extension 'ignore'
[1.887s] Level 1:colcon.colcon_core.package_identification:_identify(/home/portia/ros2Bot_ws) by extension 'ignore_ament_install'
[1.888s] Level 1:colcon.colcon_core.package_identification:_identify(/home/portia/ros2Bot_ws) by extensions ['colcon_pkg']
[1.888s] Level 1:colcon.colcon_core.package_identification:_identify(/home/portia/ros2Bot_ws) by extension 'colcon_pkg'
[1.889s] Level 1:colcon.colcon_core.package_identification:_identify(/home/portia/ros2Bot_ws) by extensions ['colcon_meta']
[1.890s] Level 1:colcon.colcon_core.package_identification:_identify(/home/portia/ros2Bot_ws) by extension 'colcon_meta'
[1.890s] Level 1:colcon.colcon_core.package_identification:_identify(/home/portia/ros2Bot_ws) by extensions ['ros']
[1.891s] Level 1:colcon.colcon_core.package_identification:_identify(/home/portia/ros2Bot_ws) by extension 'ros'
[1.989s] Level 1:colcon.colcon_core.package_identification:_identify(/home/portia/ros2Bot_ws) by extensions ['cmake', 'python']
[1.990s] Level 1:colcon.colcon_core.package_identification:_identify(/home/portia/ros2Bot_ws) by extension 'cmake'
[1.991s] Level 1:colcon.colcon_core.package_identification:_identify(/home/portia/ros2Bot_ws) by extension 'python'
[1.991s] Level 1:colcon.colcon_core.package_identification:_identify(/home/portia/ros2Bot_ws) by extensions ['python_setup_py']
[1.992s] Level 1:colcon.colcon_core.package_identification:_identify(/home/portia/ros2Bot_ws) by extension 'python_setup_py'
[1.993s] Level 1:colcon.colcon_core.package_identification:_identify(/home/portia/ros2Bot_ws/build) by extensions ['ignore', 'ignore_ament_install']
[1.994s] Level 1:colcon.colcon_core.package_identification:_identify(/home/portia/ros2Bot_ws/build) by extension 'ignore'
[1.995s] Level 1:colcon.colcon_core.package_identification:_identify(/home/portia/ros2Bot_ws/build) ignored
[1.998s] Level 1:colcon.colcon_core.package_identification:_identify(/home/portia/ros2Bot_ws/install) by extensions ['ignore', 'ignore_ament_install']
[1.999s] Level 1:colcon.colcon_core.package_identification:_identify(/home/portia/ros2Bot_ws/install) by extension 'ignore'
[2.000s] Level 1:colcon.colcon_core.package_identification:_identify(/home/portia/ros2Bot_ws/install) ignored
[2.001s] Level 1:colcon.colcon_core.package_identification:_identify(/home/portia/ros2Bot_ws/log) by extensions ['ignore', 'ignore_ament_install']
[2.002s] Level 1:colcon.colcon_core.package_identification:_identify(/home/portia/ros2Bot_ws/log) by extension 'ignore'
[2.002s] Level 1:colcon.colcon_core.package_identification:_identify(/home/portia/ros2Bot_ws/log) ignored
[2.003s] Level 1:colcon.colcon_core.package_identification:_identify(/home/portia/ros2Bot_ws/src) by extensions ['ignore', 'ignore_ament_install']
[2.004s] Level 1:colcon.colcon_core.package_identification:_identify(/home/portia/ros2Bot_ws/src) by extension 'ignore'
[2.005s] Level 1:colcon.colcon_core.package_identification:_identify(/home/portia/ros2Bot_ws/src) by extension 'ignore_ament_install'
[2.006s] Level 1:colcon.colcon_core.package_identification:_identify(/home/portia/ros2Bot_ws/src) by extensions ['colcon_pkg']
[2.006s] Level 1:colcon.colcon_core.package_identification:_identify(/home/portia/ros2Bot_ws/src) by extension 'colcon_pkg'
[2.007s] Level 1:colcon.colcon_core.package_identification:_identify(/home/portia/ros2Bot_ws/src) by extensions ['colcon_meta']
[2.008s] Level 1:colcon.colcon_core.package_identification:_identify(/home/portia/ros2Bot_ws/src) by extension 'colcon_meta'
[2.008s] Level 1:colcon.colcon_core.package_identification:_identify(/home/portia/ros2Bot_ws/src) by extensions ['ros']
[2.009s] Level 1:colcon.colcon_core.package_identification:_identify(/home/portia/ros2Bot_ws/src) by extension 'ros'
[2.010s] Level 1:colcon.colcon_core.package_identification:_identify(/home/portia/ros2Bot_ws/src) by extensions ['cmake', 'python']
[2.011s] Level 1:colcon.colcon_core.package_identification:_identify(/home/portia/ros2Bot_ws/src) by extension 'cmake'
[2.012s] Level 1:colcon.colcon_core.package_identification:_identify(/home/portia/ros2Bot_ws/src) by extension 'python'
[2.012s] Level 1:colcon.colcon_core.package_identification:_identify(/home/portia/ros2Bot_ws/src) by extensions ['python_setup_py']
[2.013s] Level 1:colcon.colcon_core.package_identification:_identify(/home/portia/ros2Bot_ws/src) by extension 'python_setup_py'
[2.014s] Level 1:colcon.colcon_core.package_identification:_identify(/home/portia/ros2Bot_ws/src/DynamixelSDK) by extensions ['ignore', 'ignore_ament_install']
[2.015s] Level 1:colcon.colcon_core.package_identification:_identify(/home/portia/ros2Bot_ws/src/DynamixelSDK) by extension 'ignore'
[2.016s] Level 1:colcon.colcon_core.package_identification:_identify(/home/portia/ros2Bot_ws/src/DynamixelSDK) by extension 'ignore_ament_install'
[2.017s] Level 1:colcon.colcon_core.package_identification:_identify(/home/portia/ros2Bot_ws/src/DynamixelSDK) by extensions ['colcon_pkg']
[2.017s] Level 1:colcon.colcon_core.package_identification:_identify(/home/portia/ros2Bot_ws/src/DynamixelSDK) by extension 'colcon_pkg'
[2.018s] Level 1:colcon.colcon_core.package_identification:_identify(/home/portia/ros2Bot_ws/src/DynamixelSDK) by extensions ['colcon_meta']
[2.019s] Level 1:colcon.colcon_core.package_identification:_identify(/home/portia/ros2Bot_ws/src/DynamixelSDK) by extension 'colcon_meta'
[2.019s] Level 1:colcon.colcon_core.package_identification:_identify(/home/portia/ros2Bot_ws/src/DynamixelSDK) by extensions ['ros']
[2.020s] Level 1:colcon.colcon_core.package_identification:_identify(/home/portia/ros2Bot_ws/src/DynamixelSDK) by extension 'ros'
[2.021s] Level 1:colcon.colcon_core.package_identification:_identify(/home/portia/ros2Bot_ws/src/DynamixelSDK) by extensions ['cmake', 'python']
[2.022s] Level 1:colcon.colcon_core.package_identification:_identify(/home/portia/ros2Bot_ws/src/DynamixelSDK) by extension 'cmake'
[2.023s] Level 1:colcon.colcon_core.package_identification:_identify(/home/portia/ros2Bot_ws/src/DynamixelSDK) by extension 'python'
[2.023s] Level 1:colcon.colcon_core.package_identification:_identify(/home/portia/ros2Bot_ws/src/DynamixelSDK) by extensions ['python_setup_py']
[2.024s] Level 1:colcon.colcon_core.package_identification:_identify(/home/portia/ros2Bot_ws/src/DynamixelSDK) by extension 'python_setup_py'
[2.025s] Level 1:colcon.colcon_core.package_identification:_identify(/home/portia/ros2Bot_ws/src/DynamixelSDK/dynamixel_sdk) by extensions ['ignore', 'ignore_ament_install']
[2.026s] Level 1:colcon.colcon_core.package_identification:_identify(/home/portia/ros2Bot_ws/src/DynamixelSDK/dynamixel_sdk) by extension 'ignore'
[2.027s] Level 1:colcon.colcon_core.package_identification:_identify(/home/portia/ros2Bot_ws/src/DynamixelSDK/dynamixel_sdk) by extension 'ignore_ament_install'
[2.028s] Level 1:colcon.colcon_core.package_identification:_identify(/home/portia/ros2Bot_ws/src/DynamixelSDK/dynamixel_sdk) by extensions ['colcon_pkg']
[2.029s] Level 1:colcon.colcon_core.package_identification:_identify(/home/portia/ros2Bot_ws/src/DynamixelSDK/dynamixel_sdk) by extension 'colcon_pkg'
[2.029s] Level 1:colcon.colcon_core.package_identification:_identify(/home/portia/ros2Bot_ws/src/DynamixelSDK/dynamixel_sdk) by extensions ['colcon_meta']
[2.030s] Level 1:colcon.colcon_core.package_identification:_identify(/home/portia/ros2Bot_ws/src/DynamixelSDK/dynamixel_sdk) by extension 'colcon_meta'
[2.031s] Level 1:colcon.colcon_core.package_identification:_identify(/home/portia/ros2Bot_ws/src/DynamixelSDK/dynamixel_sdk) by extensions ['ros']
[2.031s] Level 1:colcon.colcon_core.package_identification:_identify(/home/portia/ros2Bot_ws/src/DynamixelSDK/dynamixel_sdk) by extension 'ros'
[2.050s] DEBUG:colcon.colcon_core.package_identification:Package '/home/portia/ros2Bot_ws/src/DynamixelSDK/dynamixel_sdk' with type 'ros.ament_cmake' and name 'dynamixel_sdk'
[2.052s] Level 1:colcon.colcon_core.package_identification:_identify(/home/portia/ros2Bot_ws/src/hls_lfcd_lds_driver) by extensions ['ignore', 'ignore_ament_install']
[2.053s] Level 1:colcon.colcon_core.package_identification:_identify(/home/portia/ros2Bot_ws/src/hls_lfcd_lds_driver) by extension 'ignore'
[2.054s] Level 1:colcon.colcon_core.package_identification:_identify(/home/portia/ros2Bot_ws/src/hls_lfcd_lds_driver) by extension 'ignore_ament_install'
[2.054s] Level 1:colcon.colcon_core.package_identification:_identify(/home/portia/ros2Bot_ws/src/hls_lfcd_lds_driver) by extensions ['colcon_pkg']
[2.055s] Level 1:colcon.colcon_core.package_identification:_identify(/home/portia/ros2Bot_ws/src/hls_lfcd_lds_driver) by extension 'colcon_pkg'
[2.056s] Level 1:colcon.colcon_core.package_identification:_identify(/home/portia/ros2Bot_ws/src/hls_lfcd_lds_driver) by extensions ['colcon_meta']
[2.057s] Level 1:colcon.colcon_core.package_identification:_identify(/home/portia/ros2Bot_ws/src/hls_lfcd_lds_driver) by extension 'colcon_meta'
[2.057s] Level 1:colcon.colcon_core.package_identification:_identify(/home/portia/ros2Bot_ws/src/hls_lfcd_lds_driver) by extensions ['ros']
[2.058s] Level 1:colcon.colcon_core.package_identification:_identify(/home/portia/ros2Bot_ws/src/hls_lfcd_lds_driver) by extension 'ros'
[2.065s] DEBUG:colcon.colcon_core.package_identification:Package '/home/portia/ros2Bot_ws/src/hls_lfcd_lds_driver' with type 'ros.ament_cmake' and name 'hls_lfcd_lds_driver'
[2.066s] Level 1:colcon.colcon_core.package_identification:_identify(/home/portia/ros2Bot_ws/src/image_pipeline) by extensions ['ignore', 'ignore_ament_install']
[2.067s] Level 1:colcon.colcon_core.package_identification:_identify(/home/portia/ros2Bot_ws/src/image_pipeline) by extension 'ignore'
[2.068s] Level 1:colcon.colcon_core.package_identification:_identify(/home/portia/ros2Bot_ws/src/image_pipeline) by extension 'ignore_ament_install'
[2.069s] Level 1:colcon.colcon_core.package_identification:_identify(/home/portia/ros2Bot_ws/src/image_pipeline) by extensions ['colcon_pkg']
[2.070s] Level 1:colcon.colcon_core.package_identification:_identify(/home/portia/ros2Bot_ws/src/image_pipeline) by extension 'colcon_pkg'
[2.071s] Level 1:colcon.colcon_core.package_identification:_identify(/home/portia/ros2Bot_ws/src/image_pipeline) by extensions ['colcon_meta']
[2.071s] Level 1:colcon.colcon_core.package_identification:_identify(/home/portia/ros2Bot_ws/src/image_pipeline) by extension 'colcon_meta'
[2.072s] Level 1:colcon.colcon_core.package_identification:_identify(/home/portia/ros2Bot_ws/src/image_pipeline) by extensions ['ros']
[2.073s] Level 1:colcon.colcon_core.package_identification:_identify(/home/portia/ros2Bot_ws/src/image_pipeline) by extension 'ros'
[2.073s] Level 1:colcon.colcon_core.package_identification:_identify(/home/portia/ros2Bot_ws/src/image_pipeline) by extensions ['cmake', 'python']
[2.074s] Level 1:colcon.colcon_core.package_identification:_identify(/home/portia/ros2Bot_ws/src/image_pipeline) by extension 'cmake'
[2.075s] Level 1:colcon.colcon_core.package_identification:_identify(/home/portia/ros2Bot_ws/src/image_pipeline) by extension 'python'
[2.076s] Level 1:colcon.colcon_core.package_identification:_identify(/home/portia/ros2Bot_ws/src/image_pipeline) by extensions ['python_setup_py']
[2.077s] Level 1:colcon.colcon_core.package_identification:_identify(/home/portia/ros2Bot_ws/src/image_pipeline) by extension 'python_setup_py'
[2.078s] Level 1:colcon.colcon_core.package_identification:_identify(/home/portia/ros2Bot_ws/src/image_pipeline/camera_calibration) by extensions ['ignore', 'ignore_ament_install']
[2.079s] Level 1:colcon.colcon_core.package_identification:_identify(/home/portia/ros2Bot_ws/src/image_pipeline/camera_calibration) by extension 'ignore'
[2.079s] Level 1:colcon.colcon_core.package_identification:_identify(/home/portia/ros2Bot_ws/src/image_pipeline/camera_calibration) ignored
[2.080s] Level 1:colcon.colcon_core.package_identification:_identify(/home/portia/ros2Bot_ws/src/image_pipeline/depth_image_proc) by extensions ['ignore', 'ignore_ament_install']
[2.081s] Level 1:colcon.colcon_core.package_identification:_identify(/home/portia/ros2Bot_ws/src/image_pipeline/depth_image_proc) by extension 'ignore'
[2.082s] Level 1:colcon.colcon_core.package_identification:_identify(/home/portia/ros2Bot_ws/src/image_pipeline/depth_image_proc) by extension 'ignore_ament_install'
[2.083s] Level 1:colcon.colcon_core.package_identification:_identify(/home/portia/ros2Bot_ws/src/image_pipeline/depth_image_proc) by extensions ['colcon_pkg']
[2.084s] Level 1:colcon.colcon_core.package_identification:_identify(/home/portia/ros2Bot_ws/src/image_pipeline/depth_image_proc) by extension 'colcon_pkg'
[2.084s] Level 1:colcon.colcon_core.package_identification:_identify(/home/portia/ros2Bot_ws/src/image_pipeline/depth_image_proc) by extensions ['colcon_meta']
[2.085s] Level 1:colcon.colcon_core.package_identification:_identify(/home/portia/ros2Bot_ws/src/image_pipeline/depth_image_proc) by extension 'colcon_meta'
[2.086s] Level 1:colcon.colcon_core.package_identification:_identify(/home/portia/ros2Bot_ws/src/image_pipeline/depth_image_proc) by extensions ['ros']
[2.086s] Level 1:colcon.colcon_core.package_identification:_identify(/home/portia/ros2Bot_ws/src/image_pipeline/depth_image_proc) by extension 'ros'
[2.094s] DEBUG:colcon.colcon_core.package_identification:Package '/home/portia/ros2Bot_ws/src/image_pipeline/depth_image_proc' with type 'ros.ament_cmake' and name 'depth_image_proc'
[2.096s] Level 1:colcon.colcon_core.package_identification:_identify(/home/portia/ros2Bot_ws/src/image_pipeline/image_pipeline) by extensions ['ignore', 'ignore_ament_install']
[2.096s] Level 1:colcon.colcon_core.package_identification:_identify(/home/portia/ros2Bot_ws/src/image_pipeline/image_pipeline) by extension 'ignore'
[2.097s] Level 1:colcon.colcon_core.package_identification:_identify(/home/portia/ros2Bot_ws/src/image_pipeline/image_pipeline) by extension 'ignore_ament_install'
[2.098s] Level 1:colcon.colcon_core.package_identification:_identify(/home/portia/ros2Bot_ws/src/image_pipeline/image_pipeline) by extensions ['colcon_pkg']
[2.099s] Level 1:colcon.colcon_core.package_identification:_identify(/home/portia/ros2Bot_ws/src/image_pipeline/image_pipeline) by extension 'colcon_pkg'
[2.100s] Level 1:colcon.colcon_core.package_identification:_identify(/home/portia/ros2Bot_ws/src/image_pipeline/image_pipeline) by extensions ['colcon_meta']
[2.100s] Level 1:colcon.colcon_core.package_identification:_identify(/home/portia/ros2Bot_ws/src/image_pipeline/image_pipeline) by extension 'colcon_meta'
[2.101s] Level 1:colcon.colcon_core.package_identification:_identify(/home/portia/ros2Bot_ws/src/image_pipeline/image_pipeline) by extensions ['ros']
[2.101s] Level 1:colcon.colcon_core.package_identification:_identify(/home/portia/ros2Bot_ws/src/image_pipeline/image_pipeline) by extension 'ros'
[2.109s] DEBUG:colcon.colcon_core.package_identification:Package '/home/portia/ros2Bot_ws/src/image_pipeline/image_pipeline' with type 'ros.ament_cmake' and name 'image_pipeline'
[2.110s] Level 1:colcon.colcon_core.package_identification:_identify(/home/portia/ros2Bot_ws/src/image_pipeline/image_proc) by extensions ['ignore', 'ignore_ament_install']
[2.111s] Level 1:colcon.colcon_core.package_identification:_identify(/home/portia/ros2Bot_ws/src/image_pipeline/image_proc) by extension 'ignore'
[2.112s] Level 1:colcon.colcon_core.package_identification:_identify(/home/portia/ros2Bot_ws/src/image_pipeline/image_proc) by extension 'ignore_ament_install'
[2.113s] Level 1:colcon.colcon_core.package_identification:_identify(/home/portia/ros2Bot_ws/src/image_pipeline/image_proc) by extensions ['colcon_pkg']
[2.113s] Level 1:colcon.colcon_core.package_identification:_identify(/home/portia/ros2Bot_ws/src/image_pipeline/image_proc) by extension 'colcon_pkg'
[2.114s] Level 1:colcon.colcon_core.package_identification:_identify(/home/portia/ros2Bot_ws/src/image_pipeline/image_proc) by extensions ['colcon_meta']
[2.115s] Level 1:colcon.colcon_core.package_identification:_identify(/home/portia/ros2Bot_ws/src/image_pipeline/image_proc) by extension 'colcon_meta'
[2.115s] Level 1:colcon.colcon_core.package_identification:_identify(/home/portia/ros2Bot_ws/src/image_pipeline/image_proc) by extensions ['ros']
[2.116s] Level 1:colcon.colcon_core.package_identification:_identify(/home/portia/ros2Bot_ws/src/image_pipeline/image_proc) by extension 'ros'
[2.126s] DEBUG:colcon.colcon_core.package_identification:Package '/home/portia/ros2Bot_ws/src/image_pipeline/image_proc' with type 'ros.ament_cmake' and name 'image_proc'
[2.127s] Level 1:colcon.colcon_core.package_identification:_identify(/home/portia/ros2Bot_ws/src/image_pipeline/image_publisher) by extensions ['ignore', 'ignore_ament_install']
[2.128s] Level 1:colcon.colcon_core.package_identification:_identify(/home/portia/ros2Bot_ws/src/image_pipeline/image_publisher) by extension 'ignore'
[2.129s] Level 1:colcon.colcon_core.package_identification:_identify(/home/portia/ros2Bot_ws/src/image_pipeline/image_publisher) by extension 'ignore_ament_install'
[2.130s] Level 1:colcon.colcon_core.package_identification:_identify(/home/portia/ros2Bot_ws/src/image_pipeline/image_publisher) by extensions ['colcon_pkg']
[2.131s] Level 1:colcon.colcon_core.package_identification:_identify(/home/portia/ros2Bot_ws/src/image_pipeline/image_publisher) by extension 'colcon_pkg'
[2.132s] Level 1:colcon.colcon_core.package_identification:_identify(/home/portia/ros2Bot_ws/src/image_pipeline/image_publisher) by extensions ['colcon_meta']
[2.132s] Level 1:colcon.colcon_core.package_identification:_identify(/home/portia/ros2Bot_ws/src/image_pipeline/image_publisher) by extension 'colcon_meta'
[2.133s] Level 1:colcon.colcon_core.package_identification:_identify(/home/portia/ros2Bot_ws/src/image_pipeline/image_publisher) by extensions ['ros']
[2.133s] Level 1:colcon.colcon_core.package_identification:_identify(/home/portia/ros2Bot_ws/src/image_pipeline/image_publisher) by extension 'ros'
[2.141s] DEBUG:colcon.colcon_core.package_identification:Package '/home/portia/ros2Bot_ws/src/image_pipeline/image_publisher' with type 'ros.ament_cmake' and name 'image_publisher'
[2.143s] Level 1:colcon.colcon_core.package_identification:_identify(/home/portia/ros2Bot_ws/src/image_pipeline/image_rotate) by extensions ['ignore', 'ignore_ament_install']
[2.144s] Level 1:colcon.colcon_core.package_identification:_identify(/home/portia/ros2Bot_ws/src/image_pipeline/image_rotate) by extension 'ignore'
[2.145s] Level 1:colcon.colcon_core.package_identification:_identify(/home/portia/ros2Bot_ws/src/image_pipeline/image_rotate) by extension 'ignore_ament_install'
[2.145s] Level 1:colcon.colcon_core.package_identification:_identify(/home/portia/ros2Bot_ws/src/image_pipeline/image_rotate) by extensions ['colcon_pkg']
[2.146s] Level 1:colcon.colcon_core.package_identification:_identify(/home/portia/ros2Bot_ws/src/image_pipeline/image_rotate) by extension 'colcon_pkg'
[2.147s] Level 1:colcon.colcon_core.package_identification:_identify(/home/portia/ros2Bot_ws/src/image_pipeline/image_rotate) by extensions ['colcon_meta']
[2.148s] Level 1:colcon.colcon_core.package_identification:_identify(/home/portia/ros2Bot_ws/src/image_pipeline/image_rotate) by extension 'colcon_meta'
[2.148s] Level 1:colcon.colcon_core.package_identification:_identify(/home/portia/ros2Bot_ws/src/image_pipeline/image_rotate) by extensions ['ros']
[2.149s] Level 1:colcon.colcon_core.package_identification:_identify(/home/portia/ros2Bot_ws/src/image_pipeline/image_rotate) by extension 'ros'
[2.160s] DEBUG:colcon.colcon_core.package_identification:Package '/home/portia/ros2Bot_ws/src/image_pipeline/image_rotate' with type 'ros.ament_cmake' and name 'image_rotate'
[2.161s] Level 1:colcon.colcon_core.package_identification:_identify(/home/portia/ros2Bot_ws/src/image_pipeline/image_view) by extensions ['ignore', 'ignore_ament_install']
[2.162s] Level 1:colcon.colcon_core.package_identification:_identify(/home/portia/ros2Bot_ws/src/image_pipeline/image_view) by extension 'ignore'
[2.163s] Level 1:colcon.colcon_core.package_identification:_identify(/home/portia/ros2Bot_ws/src/image_pipeline/image_view) ignored
[2.164s] Level 1:colcon.colcon_core.package_identification:_identify(/home/portia/ros2Bot_ws/src/image_pipeline/stereo_image_proc) by extensions ['ignore', 'ignore_ament_install']
[2.165s] Level 1:colcon.colcon_core.package_identification:_identify(/home/portia/ros2Bot_ws/src/image_pipeline/stereo_image_proc) by extension 'ignore'
[2.165s] Level 1:colcon.colcon_core.package_identification:_identify(/home/portia/ros2Bot_ws/src/image_pipeline/stereo_image_proc) ignored
[2.166s] Level 1:colcon.colcon_core.package_identification:_identify(/home/portia/ros2Bot_ws/src/image_pipeline/wiki_files) by extensions ['ignore', 'ignore_ament_install']
[2.167s] Level 1:colcon.colcon_core.package_identification:_identify(/home/portia/ros2Bot_ws/src/image_pipeline/wiki_files) by extension 'ignore'
[2.168s] Level 1:colcon.colcon_core.package_identification:_identify(/home/portia/ros2Bot_ws/src/image_pipeline/wiki_files) by extension 'ignore_ament_install'
[2.169s] Level 1:colcon.colcon_core.package_identification:_identify(/home/portia/ros2Bot_ws/src/image_pipeline/wiki_files) by extensions ['colcon_pkg']
[2.170s] Level 1:colcon.colcon_core.package_identification:_identify(/home/portia/ros2Bot_ws/src/image_pipeline/wiki_files) by extension 'colcon_pkg'
[2.170s] Level 1:colcon.colcon_core.package_identification:_identify(/home/portia/ros2Bot_ws/src/image_pipeline/wiki_files) by extensions ['colcon_meta']
[2.171s] Level 1:colcon.colcon_core.package_identification:_identify(/home/portia/ros2Bot_ws/src/image_pipeline/wiki_files) by extension 'colcon_meta'
[2.171s] Level 1:colcon.colcon_core.package_identification:_identify(/home/portia/ros2Bot_ws/src/image_pipeline/wiki_files) by extensions ['ros']
[2.172s] Level 1:colcon.colcon_core.package_identification:_identify(/home/portia/ros2Bot_ws/src/image_pipeline/wiki_files) by extension 'ros'
[2.173s] Level 1:colcon.colcon_core.package_identification:_identify(/home/portia/ros2Bot_ws/src/image_pipeline/wiki_files) by extensions ['cmake', 'python']
[2.174s] Level 1:colcon.colcon_core.package_identification:_identify(/home/portia/ros2Bot_ws/src/image_pipeline/wiki_files) by extension 'cmake'
[2.175s] Level 1:colcon.colcon_core.package_identification:_identify(/home/portia/ros2Bot_ws/src/image_pipeline/wiki_files) by extension 'python'
[2.176s] Level 1:colcon.colcon_core.package_identification:_identify(/home/portia/ros2Bot_ws/src/image_pipeline/wiki_files) by extensions ['python_setup_py']
[2.176s] Level 1:colcon.colcon_core.package_identification:_identify(/home/portia/ros2Bot_ws/src/image_pipeline/wiki_files) by extension 'python_setup_py'
[2.177s] Level 1:colcon.colcon_core.package_identification:_identify(/home/portia/ros2Bot_ws/src/turtlebot3) by extensions ['ignore', 'ignore_ament_install']
[2.179s] Level 1:colcon.colcon_core.package_identification:_identify(/home/portia/ros2Bot_ws/src/turtlebot3) by extension 'ignore'
[2.180s] Level 1:colcon.colcon_core.package_identification:_identify(/home/portia/ros2Bot_ws/src/turtlebot3) by extension 'ignore_ament_install'
[2.180s] Level 1:colcon.colcon_core.package_identification:_identify(/home/portia/ros2Bot_ws/src/turtlebot3) by extensions ['colcon_pkg']
[2.181s] Level 1:colcon.colcon_core.package_identification:_identify(/home/portia/ros2Bot_ws/src/turtlebot3) by extension 'colcon_pkg'
[2.182s] Level 1:colcon.colcon_core.package_identification:_identify(/home/portia/ros2Bot_ws/src/turtlebot3) by extensions ['colcon_meta']
[2.182s] Level 1:colcon.colcon_core.package_identification:_identify(/home/portia/ros2Bot_ws/src/turtlebot3) by extension 'colcon_meta'
[2.183s] Level 1:colcon.colcon_core.package_identification:_identify(/home/portia/ros2Bot_ws/src/turtlebot3) by extensions ['ros']
[2.183s] Level 1:colcon.colcon_core.package_identification:_identify(/home/portia/ros2Bot_ws/src/turtlebot3) by extension 'ros'
[2.184s] Level 1:colcon.colcon_core.package_identification:_identify(/home/portia/ros2Bot_ws/src/turtlebot3) by extensions ['cmake', 'python']
[2.185s] Level 1:colcon.colcon_core.package_identification:_identify(/home/portia/ros2Bot_ws/src/turtlebot3) by extension 'cmake'
[2.186s] Level 1:colcon.colcon_core.package_identification:_identify(/home/portia/ros2Bot_ws/src/turtlebot3) by extension 'python'
[2.187s] Level 1:colcon.colcon_core.package_identification:_identify(/home/portia/ros2Bot_ws/src/turtlebot3) by extensions ['python_setup_py']
[2.188s] Level 1:colcon.colcon_core.package_identification:_identify(/home/portia/ros2Bot_ws/src/turtlebot3) by extension 'python_setup_py'
[2.189s] Level 1:colcon.colcon_core.package_identification:_identify(/home/portia/ros2Bot_ws/src/turtlebot3/turtlebot3) by extensions ['ignore', 'ignore_ament_install']
[2.190s] Level 1:colcon.colcon_core.package_identification:_identify(/home/portia/ros2Bot_ws/src/turtlebot3/turtlebot3) by extension 'ignore'
[2.191s] Level 1:colcon.colcon_core.package_identification:_identify(/home/portia/ros2Bot_ws/src/turtlebot3/turtlebot3) by extension 'ignore_ament_install'
[2.191s] Level 1:colcon.colcon_core.package_identification:_identify(/home/portia/ros2Bot_ws/src/turtlebot3/turtlebot3) by extensions ['colcon_pkg']
[2.192s] Level 1:colcon.colcon_core.package_identification:_identify(/home/portia/ros2Bot_ws/src/turtlebot3/turtlebot3) by extension 'colcon_pkg'
[2.193s] Level 1:colcon.colcon_core.package_identification:_identify(/home/portia/ros2Bot_ws/src/turtlebot3/turtlebot3) by extensions ['colcon_meta']
[2.194s] Level 1:colcon.colcon_core.package_identification:_identify(/home/portia/ros2Bot_ws/src/turtlebot3/turtlebot3) by extension 'colcon_meta'
[2.194s] Level 1:colcon.colcon_core.package_identification:_identify(/home/portia/ros2Bot_ws/src/turtlebot3/turtlebot3) by extensions ['ros']
[2.195s] Level 1:colcon.colcon_core.package_identification:_identify(/home/portia/ros2Bot_ws/src/turtlebot3/turtlebot3) by extension 'ros'
[2.204s] DEBUG:colcon.colcon_core.package_identification:Package '/home/portia/ros2Bot_ws/src/turtlebot3/turtlebot3' with type 'ros.ament_cmake' and name 'turtlebot3'
[2.206s] Level 1:colcon.colcon_core.package_identification:_identify(/home/portia/ros2Bot_ws/src/turtlebot3/turtlebot3_bringup) by extensions ['ignore', 'ignore_ament_install']
[2.207s] Level 1:colcon.colcon_core.package_identification:_identify(/home/portia/ros2Bot_ws/src/turtlebot3/turtlebot3_bringup) by extension 'ignore'
[2.208s] Level 1:colcon.colcon_core.package_identification:_identify(/home/portia/ros2Bot_ws/src/turtlebot3/turtlebot3_bringup) by extension 'ignore_ament_install'
[2.208s] Level 1:colcon.colcon_core.package_identification:_identify(/home/portia/ros2Bot_ws/src/turtlebot3/turtlebot3_bringup) by extensions ['colcon_pkg']
[2.209s] Level 1:colcon.colcon_core.package_identification:_identify(/home/portia/ros2Bot_ws/src/turtlebot3/turtlebot3_bringup) by extension 'colcon_pkg'
[2.210s] Level 1:colcon.colcon_core.package_identification:_identify(/home/portia/ros2Bot_ws/src/turtlebot3/turtlebot3_bringup) by extensions ['colcon_meta']
[2.211s] Level 1:colcon.colcon_core.package_identification:_identify(/home/portia/ros2Bot_ws/src/turtlebot3/turtlebot3_bringup) by extension 'colcon_meta'
[2.211s] Level 1:colcon.colcon_core.package_identification:_identify(/home/portia/ros2Bot_ws/src/turtlebot3/turtlebot3_bringup) by extensions ['ros']
[2.212s] Level 1:colcon.colcon_core.package_identification:_identify(/home/portia/ros2Bot_ws/src/turtlebot3/turtlebot3_bringup) by extension 'ros'
[2.222s] DEBUG:colcon.colcon_core.package_identification:Package '/home/portia/ros2Bot_ws/src/turtlebot3/turtlebot3_bringup' with type 'ros.ament_cmake' and name 'turtlebot3_bringup'
[2.223s] Level 1:colcon.colcon_core.package_identification:_identify(/home/portia/ros2Bot_ws/src/turtlebot3/turtlebot3_cartographer) by extensions ['ignore', 'ignore_ament_install']
[2.224s] Level 1:colcon.colcon_core.package_identification:_identify(/home/portia/ros2Bot_ws/src/turtlebot3/turtlebot3_cartographer) by extension 'ignore'
[2.225s] Level 1:colcon.colcon_core.package_identification:_identify(/home/portia/ros2Bot_ws/src/turtlebot3/turtlebot3_cartographer) by extension 'ignore_ament_install'
[2.226s] Level 1:colcon.colcon_core.package_identification:_identify(/home/portia/ros2Bot_ws/src/turtlebot3/turtlebot3_cartographer) by extensions ['colcon_pkg']
[2.227s] Level 1:colcon.colcon_core.package_identification:_identify(/home/portia/ros2Bot_ws/src/turtlebot3/turtlebot3_cartographer) by extension 'colcon_pkg'
[2.227s] Level 1:colcon.colcon_core.package_identification:_identify(/home/portia/ros2Bot_ws/src/turtlebot3/turtlebot3_cartographer) by extensions ['colcon_meta']
[2.228s] Level 1:colcon.colcon_core.package_identification:_identify(/home/portia/ros2Bot_ws/src/turtlebot3/turtlebot3_cartographer) by extension 'colcon_meta'
[2.228s] Level 1:colcon.colcon_core.package_identification:_identify(/home/portia/ros2Bot_ws/src/turtlebot3/turtlebot3_cartographer) by extensions ['ros']
[2.229s] Level 1:colcon.colcon_core.package_identification:_identify(/home/portia/ros2Bot_ws/src/turtlebot3/turtlebot3_cartographer) by extension 'ros'
[2.238s] DEBUG:colcon.colcon_core.package_identification:Package '/home/portia/ros2Bot_ws/src/turtlebot3/turtlebot3_cartographer' with type 'ros.ament_cmake' and name 'turtlebot3_cartographer'
[2.239s] Level 1:colcon.colcon_core.package_identification:_identify(/home/portia/ros2Bot_ws/src/turtlebot3/turtlebot3_description) by extensions ['ignore', 'ignore_ament_install']
[2.240s] Level 1:colcon.colcon_core.package_identification:_identify(/home/portia/ros2Bot_ws/src/turtlebot3/turtlebot3_description) by extension 'ignore'
[2.241s] Level 1:colcon.colcon_core.package_identification:_identify(/home/portia/ros2Bot_ws/src/turtlebot3/turtlebot3_description) by extension 'ignore_ament_install'
[2.242s] Level 1:colcon.colcon_core.package_identification:_identify(/home/portia/ros2Bot_ws/src/turtlebot3/turtlebot3_description) by extensions ['colcon_pkg']
[2.243s] Level 1:colcon.colcon_core.package_identification:_identify(/home/portia/ros2Bot_ws/src/turtlebot3/turtlebot3_description) by extension 'colcon_pkg'
[2.243s] Level 1:colcon.colcon_core.package_identification:_identify(/home/portia/ros2Bot_ws/src/turtlebot3/turtlebot3_description) by extensions ['colcon_meta']
[2.244s] Level 1:colcon.colcon_core.package_identification:_identify(/home/portia/ros2Bot_ws/src/turtlebot3/turtlebot3_description) by extension 'colcon_meta'
[2.245s] Level 1:colcon.colcon_core.package_identification:_identify(/home/portia/ros2Bot_ws/src/turtlebot3/turtlebot3_description) by extensions ['ros']
[2.245s] Level 1:colcon.colcon_core.package_identification:_identify(/home/portia/ros2Bot_ws/src/turtlebot3/turtlebot3_description) by extension 'ros'
[2.251s] DEBUG:colcon.colcon_core.package_identification:Package '/home/portia/ros2Bot_ws/src/turtlebot3/turtlebot3_description' with type 'ros.ament_cmake' and name 'turtlebot3_description'
[2.252s] Level 1:colcon.colcon_core.package_identification:_identify(/home/portia/ros2Bot_ws/src/turtlebot3/turtlebot3_navigation2) by extensions ['ignore', 'ignore_ament_install']
[2.253s] Level 1:colcon.colcon_core.package_identification:_identify(/home/portia/ros2Bot_ws/src/turtlebot3/turtlebot3_navigation2) by extension 'ignore'
[2.254s] Level 1:colcon.colcon_core.package_identification:_identify(/home/portia/ros2Bot_ws/src/turtlebot3/turtlebot3_navigation2) by extension 'ignore_ament_install'
[2.255s] Level 1:colcon.colcon_core.package_identification:_identify(/home/portia/ros2Bot_ws/src/turtlebot3/turtlebot3_navigation2) by extensions ['colcon_pkg']
[2.256s] Level 1:colcon.colcon_core.package_identification:_identify(/home/portia/ros2Bot_ws/src/turtlebot3/turtlebot3_navigation2) by extension 'colcon_pkg'
[2.256s] Level 1:colcon.colcon_core.package_identification:_identify(/home/portia/ros2Bot_ws/src/turtlebot3/turtlebot3_navigation2) by extensions ['colcon_meta']
[2.257s] Level 1:colcon.colcon_core.package_identification:_identify(/home/portia/ros2Bot_ws/src/turtlebot3/turtlebot3_navigation2) by extension 'colcon_meta'
[2.257s] Level 1:colcon.colcon_core.package_identification:_identify(/home/portia/ros2Bot_ws/src/turtlebot3/turtlebot3_navigation2) by extensions ['ros']
[2.258s] Level 1:colcon.colcon_core.package_identification:_identify(/home/portia/ros2Bot_ws/src/turtlebot3/turtlebot3_navigation2) by extension 'ros'
[2.263s] DEBUG:colcon.colcon_core.package_identification:Package '/home/portia/ros2Bot_ws/src/turtlebot3/turtlebot3_navigation2' with type 'ros.ament_cmake' and name 'turtlebot3_navigation2'
[2.264s] Level 1:colcon.colcon_core.package_identification:_identify(/home/portia/ros2Bot_ws/src/turtlebot3/turtlebot3_node) by extensions ['ignore', 'ignore_ament_install']
[2.265s] Level 1:colcon.colcon_core.package_identification:_identify(/home/portia/ros2Bot_ws/src/turtlebot3/turtlebot3_node) by extension 'ignore'
[2.266s] Level 1:colcon.colcon_core.package_identification:_identify(/home/portia/ros2Bot_ws/src/turtlebot3/turtlebot3_node) by extension 'ignore_ament_install'
[2.267s] Level 1:colcon.colcon_core.package_identification:_identify(/home/portia/ros2Bot_ws/src/turtlebot3/turtlebot3_node) by extensions ['colcon_pkg']
[2.268s] Level 1:colcon.colcon_core.package_identification:_identify(/home/portia/ros2Bot_ws/src/turtlebot3/turtlebot3_node) by extension 'colcon_pkg'
[2.268s] Level 1:colcon.colcon_core.package_identification:_identify(/home/portia/ros2Bot_ws/src/turtlebot3/turtlebot3_node) by extensions ['colcon_meta']
[2.269s] Level 1:colcon.colcon_core.package_identification:_identify(/home/portia/ros2Bot_ws/src/turtlebot3/turtlebot3_node) by extension 'colcon_meta'
[2.270s] Level 1:colcon.colcon_core.package_identification:_identify(/home/portia/ros2Bot_ws/src/turtlebot3/turtlebot3_node) by extensions ['ros']
[2.270s] Level 1:colcon.colcon_core.package_identification:_identify(/home/portia/ros2Bot_ws/src/turtlebot3/turtlebot3_node) by extension 'ros'
[2.286s] DEBUG:colcon.colcon_core.package_identification:Package '/home/portia/ros2Bot_ws/src/turtlebot3/turtlebot3_node' with type 'ros.ament_cmake' and name 'turtlebot3_node'
[2.287s] Level 1:colcon.colcon_core.package_identification:_identify(/home/portia/ros2Bot_ws/src/turtlebot3/turtlebot3_teleop) by extensions ['ignore', 'ignore_ament_install']
[2.288s] Level 1:colcon.colcon_core.package_identification:_identify(/home/portia/ros2Bot_ws/src/turtlebot3/turtlebot3_teleop) by extension 'ignore'
[2.289s] Level 1:colcon.colcon_core.package_identification:_identify(/home/portia/ros2Bot_ws/src/turtlebot3/turtlebot3_teleop) by extension 'ignore_ament_install'
[2.290s] Level 1:colcon.colcon_core.package_identification:_identify(/home/portia/ros2Bot_ws/src/turtlebot3/turtlebot3_teleop) by extensions ['colcon_pkg']
[2.291s] Level 1:colcon.colcon_core.package_identification:_identify(/home/portia/ros2Bot_ws/src/turtlebot3/turtlebot3_teleop) by extension 'colcon_pkg'
[2.291s] Level 1:colcon.colcon_core.package_identification:_identify(/home/portia/ros2Bot_ws/src/turtlebot3/turtlebot3_teleop) by extensions ['colcon_meta']
[2.292s] Level 1:colcon.colcon_core.package_identification:_identify(/home/portia/ros2Bot_ws/src/turtlebot3/turtlebot3_teleop) by extension 'colcon_meta'
[2.292s] Level 1:colcon.colcon_core.package_identification:_identify(/home/portia/ros2Bot_ws/src/turtlebot3/turtlebot3_teleop) by extensions ['ros']
[2.293s] Level 1:colcon.colcon_core.package_identification:_identify(/home/portia/ros2Bot_ws/src/turtlebot3/turtlebot3_teleop) by extension 'ros'
[2.305s] DEBUG:colcon.colcon_core.package_identification:Package '/home/portia/ros2Bot_ws/src/turtlebot3/turtlebot3_teleop' with type 'ros.ament_python' and name 'turtlebot3_teleop'
[2.306s] Level 1:colcon.colcon_core.package_identification:_identify(/home/portia/ros2Bot_ws/src/turtlebot3_msgs) by extensions ['ignore', 'ignore_ament_install']
[2.307s] Level 1:colcon.colcon_core.package_identification:_identify(/home/portia/ros2Bot_ws/src/turtlebot3_msgs) by extension 'ignore'
[2.308s] Level 1:colcon.colcon_core.package_identification:_identify(/home/portia/ros2Bot_ws/src/turtlebot3_msgs) by extension 'ignore_ament_install'
[2.309s] Level 1:colcon.colcon_core.package_identification:_identify(/home/portia/ros2Bot_ws/src/turtlebot3_msgs) by extensions ['colcon_pkg']
[2.310s] Level 1:colcon.colcon_core.package_identification:_identify(/home/portia/ros2Bot_ws/src/turtlebot3_msgs) by extension 'colcon_pkg'
[2.310s] Level 1:colcon.colcon_core.package_identification:_identify(/home/portia/ros2Bot_ws/src/turtlebot3_msgs) by extensions ['colcon_meta']
[2.311s] Level 1:colcon.colcon_core.package_identification:_identify(/home/portia/ros2Bot_ws/src/turtlebot3_msgs) by extension 'colcon_meta'
[2.311s] Level 1:colcon.colcon_core.package_identification:_identify(/home/portia/ros2Bot_ws/src/turtlebot3_msgs) by extensions ['ros']
[2.312s] Level 1:colcon.colcon_core.package_identification:_identify(/home/portia/ros2Bot_ws/src/turtlebot3_msgs) by extension 'ros'
[2.321s] DEBUG:colcon.colcon_core.package_identification:Package '/home/portia/ros2Bot_ws/src/turtlebot3_msgs' with type 'ros.ament_cmake' and name 'turtlebot3_msgs'
[2.322s] Level 1:colcon.colcon_core.package_identification:_identify(/home/portia/ros2Bot_ws/src/vision_opencv) by extensions ['ignore', 'ignore_ament_install']
[2.323s] Level 1:colcon.colcon_core.package_identification:_identify(/home/portia/ros2Bot_ws/src/vision_opencv) by extension 'ignore'
[2.325s] Level 1:colcon.colcon_core.package_identification:_identify(/home/portia/ros2Bot_ws/src/vision_opencv) by extension 'ignore_ament_install'
[2.325s] Level 1:colcon.colcon_core.package_identification:_identify(/home/portia/ros2Bot_ws/src/vision_opencv) by extensions ['colcon_pkg']
[2.326s] Level 1:colcon.colcon_core.package_identification:_identify(/home/portia/ros2Bot_ws/src/vision_opencv) by extension 'colcon_pkg'
[2.327s] Level 1:colcon.colcon_core.package_identification:_identify(/home/portia/ros2Bot_ws/src/vision_opencv) by extensions ['colcon_meta']
[2.327s] Level 1:colcon.colcon_core.package_identification:_identify(/home/portia/ros2Bot_ws/src/vision_opencv) by extension 'colcon_meta'
[2.328s] Level 1:colcon.colcon_core.package_identification:_identify(/home/portia/ros2Bot_ws/src/vision_opencv) by extensions ['ros']
[2.328s] Level 1:colcon.colcon_core.package_identification:_identify(/home/portia/ros2Bot_ws/src/vision_opencv) by extension 'ros'
[2.329s] Level 1:colcon.colcon_core.package_identification:_identify(/home/portia/ros2Bot_ws/src/vision_opencv) by extensions ['cmake', 'python']
[2.330s] Level 1:colcon.colcon_core.package_identification:_identify(/home/portia/ros2Bot_ws/src/vision_opencv) by extension 'cmake'
[2.331s] Level 1:colcon.colcon_core.package_identification:_identify(/home/portia/ros2Bot_ws/src/vision_opencv) by extension 'python'
[2.332s] Level 1:colcon.colcon_core.package_identification:_identify(/home/portia/ros2Bot_ws/src/vision_opencv) by extensions ['python_setup_py']
[2.333s] Level 1:colcon.colcon_core.package_identification:_identify(/home/portia/ros2Bot_ws/src/vision_opencv) by extension 'python_setup_py'
[2.334s] Level 1:colcon.colcon_core.package_identification:_identify(/home/portia/ros2Bot_ws/src/vision_opencv/cv_bridge) by extensions ['ignore', 'ignore_ament_install']
[2.335s] Level 1:colcon.colcon_core.package_identification:_identify(/home/portia/ros2Bot_ws/src/vision_opencv/cv_bridge) by extension 'ignore'
[2.336s] Level 1:colcon.colcon_core.package_identification:_identify(/home/portia/ros2Bot_ws/src/vision_opencv/cv_bridge) by extension 'ignore_ament_install'
[2.337s] Level 1:colcon.colcon_core.package_identification:_identify(/home/portia/ros2Bot_ws/src/vision_opencv/cv_bridge) by extensions ['colcon_pkg']
[2.337s] Level 1:colcon.colcon_core.package_identification:_identify(/home/portia/ros2Bot_ws/src/vision_opencv/cv_bridge) by extension 'colcon_pkg'
[2.338s] Level 1:colcon.colcon_core.package_identification:_identify(/home/portia/ros2Bot_ws/src/vision_opencv/cv_bridge) by extensions ['colcon_meta']
[2.339s] Level 1:colcon.colcon_core.package_identification:_identify(/home/portia/ros2Bot_ws/src/vision_opencv/cv_bridge) by extension 'colcon_meta'
[2.339s] Level 1:colcon.colcon_core.package_identification:_identify(/home/portia/ros2Bot_ws/src/vision_opencv/cv_bridge) by extensions ['ros']
[2.340s] Level 1:colcon.colcon_core.package_identification:_identify(/home/portia/ros2Bot_ws/src/vision_opencv/cv_bridge) by extension 'ros'
[2.349s] DEBUG:colcon.colcon_core.package_identification:Package '/home/portia/ros2Bot_ws/src/vision_opencv/cv_bridge' with type 'ros.ament_cmake' and name 'cv_bridge'
[2.350s] Level 1:colcon.colcon_core.package_identification:_identify(/home/portia/ros2Bot_ws/src/vision_opencv/image_geometry) by extensions ['ignore', 'ignore_ament_install']
[2.351s] Level 1:colcon.colcon_core.package_identification:_identify(/home/portia/ros2Bot_ws/src/vision_opencv/image_geometry) by extension 'ignore'
[2.352s] Level 1:colcon.colcon_core.package_identification:_identify(/home/portia/ros2Bot_ws/src/vision_opencv/image_geometry) by extension 'ignore_ament_install'
[2.353s] Level 1:colcon.colcon_core.package_identification:_identify(/home/portia/ros2Bot_ws/src/vision_opencv/image_geometry) by extensions ['colcon_pkg']
[2.354s] Level 1:colcon.colcon_core.package_identification:_identify(/home/portia/ros2Bot_ws/src/vision_opencv/image_geometry) by extension 'colcon_pkg'
[2.355s] Level 1:colcon.colcon_core.package_identification:_identify(/home/portia/ros2Bot_ws/src/vision_opencv/image_geometry) by extensions ['colcon_meta']
[2.355s] Level 1:colcon.colcon_core.package_identification:_identify(/home/portia/ros2Bot_ws/src/vision_opencv/image_geometry) by extension 'colcon_meta'
[2.356s] Level 1:colcon.colcon_core.package_identification:_identify(/home/portia/ros2Bot_ws/src/vision_opencv/image_geometry) by extensions ['ros']
[2.356s] Level 1:colcon.colcon_core.package_identification:_identify(/home/portia/ros2Bot_ws/src/vision_opencv/image_geometry) by extension 'ros'
[2.363s] DEBUG:colcon.colcon_core.package_identification:Package '/home/portia/ros2Bot_ws/src/vision_opencv/image_geometry' with type 'ros.ament_cmake' and name 'image_geometry'
[2.364s] Level 1:colcon.colcon_core.package_identification:_identify(/home/portia/ros2Bot_ws/src/vision_opencv/opencv_tests) by extensions ['ignore', 'ignore_ament_install']
[2.365s] Level 1:colcon.colcon_core.package_identification:_identify(/home/portia/ros2Bot_ws/src/vision_opencv/opencv_tests) by extension 'ignore'
[2.366s] Level 1:colcon.colcon_core.package_identification:_identify(/home/portia/ros2Bot_ws/src/vision_opencv/opencv_tests) by extension 'ignore_ament_install'
[2.367s] Level 1:colcon.colcon_core.package_identification:_identify(/home/portia/ros2Bot_ws/src/vision_opencv/opencv_tests) by extensions ['colcon_pkg']
[2.368s] Level 1:colcon.colcon_core.package_identification:_identify(/home/portia/ros2Bot_ws/src/vision_opencv/opencv_tests) by extension 'colcon_pkg'
[2.369s] Level 1:colcon.colcon_core.package_identification:_identify(/home/portia/ros2Bot_ws/src/vision_opencv/opencv_tests) by extensions ['colcon_meta']
[2.369s] Level 1:colcon.colcon_core.package_identification:_identify(/home/portia/ros2Bot_ws/src/vision_opencv/opencv_tests) by extension 'colcon_meta'
[2.370s] Level 1:colcon.colcon_core.package_identification:_identify(/home/portia/ros2Bot_ws/src/vision_opencv/opencv_tests) by extensions ['ros']
[2.371s] Level 1:colcon.colcon_core.package_identification:_identify(/home/portia/ros2Bot_ws/src/vision_opencv/opencv_tests) by extension 'ros'
[2.382s] DEBUG:colcon.colcon_core.package_identification:Package '/home/portia/ros2Bot_ws/src/vision_opencv/opencv_tests' with type 'ros.ament_python' and name 'opencv_tests'
[2.383s] Level 1:colcon.colcon_core.package_identification:_identify(/home/portia/ros2Bot_ws/src/vision_opencv/vision_opencv) by extensions ['ignore', 'ignore_ament_install']
[2.384s] Level 1:colcon.colcon_core.package_identification:_identify(/home/portia/ros2Bot_ws/src/vision_opencv/vision_opencv) by extension 'ignore'
[2.385s] Level 1:colcon.colcon_core.package_identification:_identify(/home/portia/ros2Bot_ws/src/vision_opencv/vision_opencv) by extension 'ignore_ament_install'
[2.386s] Level 1:colcon.colcon_core.package_identification:_identify(/home/portia/ros2Bot_ws/src/vision_opencv/vision_opencv) by extensions ['colcon_pkg']
[2.387s] Level 1:colcon.colcon_core.package_identification:_identify(/home/portia/ros2Bot_ws/src/vision_opencv/vision_opencv) by extension 'colcon_pkg'
[2.387s] Level 1:colcon.colcon_core.package_identification:_identify(/home/portia/ros2Bot_ws/src/vision_opencv/vision_opencv) by extensions ['colcon_meta']
[2.388s] Level 1:colcon.colcon_core.package_identification:_identify(/home/portia/ros2Bot_ws/src/vision_opencv/vision_opencv) by extension 'colcon_meta'
[2.388s] Level 1:colcon.colcon_core.package_identification:_identify(/home/portia/ros2Bot_ws/src/vision_opencv/vision_opencv) by extensions ['ros']
[2.389s] Level 1:colcon.colcon_core.package_identification:_identify(/home/portia/ros2Bot_ws/src/vision_opencv/vision_opencv) by extension 'ros'
[2.394s] DEBUG:colcon.colcon_core.package_identification:Package '/home/portia/ros2Bot_ws/src/vision_opencv/vision_opencv' with type 'ros.ament_cmake' and name 'vision_opencv'
[2.395s] Level 1:colcon.colcon_core.package_identification:_identify(/home/portia/ros2Bot_ws/usb_cam) by extensions ['ignore', 'ignore_ament_install']
[2.396s] Level 1:colcon.colcon_core.package_identification:_identify(/home/portia/ros2Bot_ws/usb_cam) by extension 'ignore'
[2.397s] Level 1:colcon.colcon_core.package_identification:_identify(/home/portia/ros2Bot_ws/usb_cam) by extension 'ignore_ament_install'
[2.398s] Level 1:colcon.colcon_core.package_identification:_identify(/home/portia/ros2Bot_ws/usb_cam) by extensions ['colcon_pkg']
[2.399s] Level 1:colcon.colcon_core.package_identification:_identify(/home/portia/ros2Bot_ws/usb_cam) by extension 'colcon_pkg'
[2.399s] Level 1:colcon.colcon_core.package_identification:_identify(/home/portia/ros2Bot_ws/usb_cam) by extensions ['colcon_meta']
[2.400s] Level 1:colcon.colcon_core.package_identification:_identify(/home/portia/ros2Bot_ws/usb_cam) by extension 'colcon_meta'
[2.400s] Level 1:colcon.colcon_core.package_identification:_identify(/home/portia/ros2Bot_ws/usb_cam) by extensions ['ros']
[2.401s] Level 1:colcon.colcon_core.package_identification:_identify(/home/portia/ros2Bot_ws/usb_cam) by extension 'ros'
[2.409s] DEBUG:colcon.colcon_core.package_identification:Package '/home/portia/ros2Bot_ws/usb_cam' with type 'ros.ament_cmake' and name 'usb_cam'
[2.410s] Level 1:colcon.colcon_core.package_discovery:discover_packages(recursive) using defaults
[2.437s] Level 1:colcon.colcon_core.package_augmentation.check_dependency_constraint:vision_opencv depends on cv_bridge which has version 2.1.2: constraints {}
[2.437s] Level 1:colcon.colcon_core.package_augmentation.check_dependency_constraint:vision_opencv depends on image_geometry which has version 2.1.2: constraints {}
[2.438s] Level 1:colcon.colcon_core.package_augmentation.check_dependency_constraint:turtlebot3 depends on turtlebot3_bringup which has version 2.0.1: constraints {}
[2.439s] Level 1:colcon.colcon_core.package_augmentation.check_dependency_constraint:turtlebot3 depends on turtlebot3_cartographer which has version 2.0.1: constraints {}
[2.439s] Level 1:colcon.colcon_core.package_augmentation.check_dependency_constraint:turtlebot3 depends on turtlebot3_description which has version 2.0.1: constraints {}
[2.439s] Level 1:colcon.colcon_core.package_augmentation.check_dependency_constraint:turtlebot3 depends on turtlebot3_node which has version 2.0.1: constraints {}
[2.440s] Level 1:colcon.colcon_core.package_augmentation.check_dependency_constraint:turtlebot3 depends on turtlebot3_navigation2 which has version 2.0.1: constraints {}
[2.440s] Level 1:colcon.colcon_core.package_augmentation.check_dependency_constraint:turtlebot3 depends on turtlebot3_teleop which has version 2.0.1: constraints {}
[2.441s] Level 1:colcon.colcon_core.package_augmentation.check_dependency_constraint:turtlebot3_bringup depends on hls_lfcd_lds_driver which has version 2.0.0: constraints {}
[2.441s] Level 1:colcon.colcon_core.package_augmentation.check_dependency_constraint:turtlebot3_bringup depends on turtlebot3_description which has version 2.0.1: constraints {}
[2.441s] Level 1:colcon.colcon_core.package_augmentation.check_dependency_constraint:turtlebot3_bringup depends on turtlebot3_node which has version 2.0.1: constraints {}
[2.442s] Level 1:colcon.colcon_core.package_augmentation.check_dependency_constraint:image_proc depends on cv_bridge which has version 2.1.2: constraints {}
[2.442s] Level 1:colcon.colcon_core.package_augmentation.check_dependency_constraint:image_proc depends on image_geometry which has version 2.1.2: constraints {}
[2.443s] Level 1:colcon.colcon_core.package_augmentation.check_dependency_constraint:opencv_tests depends on cv_bridge which has version 2.1.2: constraints {}
[2.443s] Level 1:colcon.colcon_core.package_augmentation.check_dependency_constraint:usb_cam depends on cv_bridge which has version 2.1.2: constraints {}
[2.444s] Level 1:colcon.colcon_core.package_augmentation.check_dependency_constraint:image_pipeline depends on image_proc which has version 1.12.23: constraints {}
[2.444s] Level 1:colcon.colcon_core.package_augmentation.check_dependency_constraint:image_pipeline depends on depth_image_proc which has version 2.0.0: constraints {}
[2.445s] Level 1:colcon.colcon_core.package_augmentation.check_dependency_constraint:image_pipeline depends on image_publisher which has version 2.0.0: constraints {}
[2.445s] Level 1:colcon.colcon_core.package_augmentation.check_dependency_constraint:image_pipeline depends on image_rotate which has version 2.0.0: constraints {}
[2.446s] Level 1:colcon.colcon_core.package_augmentation.check_dependency_constraint:image_rotate depends on cv_bridge which has version 2.1.2: constraints {}
[2.446s] Level 1:colcon.colcon_core.package_augmentation.check_dependency_constraint:turtlebot3_node depends on dynamixel_sdk which has version 3.7.20: constraints {}
[2.447s] Level 1:colcon.colcon_core.package_augmentation.check_dependency_constraint:turtlebot3_node depends on turtlebot3_msgs which has version 2.2.0: constraints {}
[2.447s] Level 1:colcon.colcon_core.package_augmentation.check_dependency_constraint:image_publisher depends on cv_bridge which has version 2.1.2: constraints {}
[2.448s] Level 1:colcon.colcon_core.package_augmentation.check_dependency_constraint:image_publisher depends on image_geometry which has version 2.1.2: constraints {}
[2.448s] Level 1:colcon.colcon_core.package_augmentation.check_dependency_constraint:depth_image_proc depends on image_geometry which has version 2.1.2: constraints {}
[2.449s] Level 1:colcon.colcon_core.package_augmentation.check_dependency_constraint:depth_image_proc depends on cv_bridge which has version 2.1.2: constraints {}
[2.468s] INFO:colcon.colcon_core.package_selection:Skipping not selected package 'cv_bridge' in '/home/portia/ros2Bot_ws/src/vision_opencv/cv_bridge'
[2.469s] INFO:colcon.colcon_core.package_selection:Skipping not selected package 'dynamixel_sdk' in '/home/portia/ros2Bot_ws/src/DynamixelSDK/dynamixel_sdk'
[2.469s] INFO:colcon.colcon_core.package_selection:Skipping not selected package 'hls_lfcd_lds_driver' in '/home/portia/ros2Bot_ws/src/hls_lfcd_lds_driver'
[2.469s] INFO:colcon.colcon_core.package_selection:Skipping not selected package 'image_geometry' in '/home/portia/ros2Bot_ws/src/vision_opencv/image_geometry'
[2.470s] INFO:colcon.colcon_core.package_selection:Skipping not selected package 'turtlebot3_cartographer' in '/home/portia/ros2Bot_ws/src/turtlebot3/turtlebot3_cartographer'
[2.470s] INFO:colcon.colcon_core.package_selection:Skipping not selected package 'turtlebot3_description' in '/home/portia/ros2Bot_ws/src/turtlebot3/turtlebot3_description'
[2.470s] INFO:colcon.colcon_core.package_selection:Skipping not selected package 'turtlebot3_msgs' in '/home/portia/ros2Bot_ws/src/turtlebot3_msgs'
[2.470s] INFO:colcon.colcon_core.package_selection:Skipping not selected package 'turtlebot3_navigation2' in '/home/portia/ros2Bot_ws/src/turtlebot3/turtlebot3_navigation2'
[2.471s] INFO:colcon.colcon_core.package_selection:Skipping not selected package 'turtlebot3_teleop' in '/home/portia/ros2Bot_ws/src/turtlebot3/turtlebot3_teleop'
[2.471s] INFO:colcon.colcon_core.package_selection:Skipping not selected package 'depth_image_proc' in '/home/portia/ros2Bot_ws/src/image_pipeline/depth_image_proc'
[2.471s] INFO:colcon.colcon_core.package_selection:Skipping not selected package 'image_proc' in '/home/portia/ros2Bot_ws/src/image_pipeline/image_proc'
[2.471s] INFO:colcon.colcon_core.package_selection:Skipping not selected package 'image_publisher' in '/home/portia/ros2Bot_ws/src/image_pipeline/image_publisher'
[2.471s] INFO:colcon.colcon_core.package_selection:Skipping not selected package 'image_rotate' in '/home/portia/ros2Bot_ws/src/image_pipeline/image_rotate'
[2.472s] INFO:colcon.colcon_core.package_selection:Skipping not selected package 'opencv_tests' in '/home/portia/ros2Bot_ws/src/vision_opencv/opencv_tests'
[2.472s] INFO:colcon.colcon_core.package_selection:Skipping not selected package 'turtlebot3_node' in '/home/portia/ros2Bot_ws/src/turtlebot3/turtlebot3_node'
[2.472s] INFO:colcon.colcon_core.package_selection:Skipping not selected package 'vision_opencv' in '/home/portia/ros2Bot_ws/src/vision_opencv/vision_opencv'
[2.472s] INFO:colcon.colcon_core.package_selection:Skipping not selected package 'image_pipeline' in '/home/portia/ros2Bot_ws/src/image_pipeline/image_pipeline'
[2.473s] INFO:colcon.colcon_core.package_selection:Skipping not selected package 'turtlebot3_bringup' in '/home/portia/ros2Bot_ws/src/turtlebot3/turtlebot3_bringup'
[2.473s] INFO:colcon.colcon_core.package_selection:Skipping not selected package 'turtlebot3' in '/home/portia/ros2Bot_ws/src/turtlebot3/turtlebot3'
[2.497s] Level 5:colcon.colcon_core.verb:set package 'usb_cam' build argument 'cmake_args' from command line to 'None'
[2.498s] Level 5:colcon.colcon_core.verb:set package 'usb_cam' build argument 'cmake_target' from command line to 'None'
[2.498s] Level 5:colcon.colcon_core.verb:set package 'usb_cam' build argument 'cmake_target_skip_unavailable' from command line to 'False'
[2.498s] Level 5:colcon.colcon_core.verb:set package 'usb_cam' build argument 'cmake_clean_cache' from command line to 'False'
[2.499s] Level 5:colcon.colcon_core.verb:set package 'usb_cam' build argument 'cmake_clean_first' from command line to 'False'
[2.499s] Level 5:colcon.colcon_core.verb:set package 'usb_cam' build argument 'cmake_force_configure' from command line to 'False'
[2.499s] Level 5:colcon.colcon_core.verb:set package 'usb_cam' build argument 'ament_cmake_args' from command line to 'None'
[2.499s] Level 5:colcon.colcon_core.verb:set package 'usb_cam' build argument 'catkin_cmake_args' from command line to 'None'
[2.500s] Level 5:colcon.colcon_core.verb:set package 'usb_cam' build argument 'catkin_skip_building_tests' from command line to 'False'
[2.500s] DEBUG:colcon.colcon_core.verb:Building package 'usb_cam' with the following arguments: {'ament_cmake_args': None, 'build_base': '/home/portia/ros2Bot_ws/build/usb_cam', 'catkin_cmake_args': None, 'catkin_skip_building_tests': False, 'cmake_args': None, 'cmake_clean_cache': False, 'cmake_clean_first': False, 'cmake_force_configure': False, 'cmake_target': None, 'cmake_target_skip_unavailable': False, 'install_base': '/home/portia/ros2Bot_ws/install/usb_cam', 'merge_install': False, 'path': '/home/portia/ros2Bot_ws/usb_cam', 'symlink_install': True, 'test_result_base': None}
[2.512s] INFO:colcon.colcon_core.executor:Executing jobs using 'parallel' executor
[2.516s] DEBUG:colcon.colcon_parallel_executor.executor.parallel:run_until_complete
[2.519s] INFO:colcon.colcon_ros.task.ament_cmake.build:Building ROS package in '/home/portia/ros2Bot_ws/usb_cam' with build type 'ament_cmake'
[2.581s] INFO:colcon.colcon_core.plugin_system:Skipping extension 'colcon_core.shell.bat': Not used on non-Windows systems
[2.584s] INFO:colcon.colcon_cmake.task.cmake.build:Building CMake package in '/home/portia/ros2Bot_ws/usb_cam'
[2.593s] INFO:colcon.colcon_core.shell:Skip shell extension 'powershell' for command environment: Not usable outside of PowerShell
[2.594s] DEBUG:colcon.colcon_core.shell:Skip shell extension 'dsv' for command environment
[2.654s] DEBUG:colcon.colcon_core.shell:Ignoring prefix path '/opt/ros/dashing'
[2.780s] DEBUG:colcon.colcon_core.event_handler.log_command:Invoking command in '/home/portia/ros2Bot_ws/build/usb_cam': CMAKE_PREFIX_PATH=/home/portia/ros2Bot_ws/install/cv_bridge:/home/portia/ros2Bot_ws/install/vision_opencv:/home/portia/ros2Bot_ws/install/turtlebot3:/home/portia/ros2Bot_ws/install/turtlebot3_bringup:/home/portia/ros2Bot_ws/install/turtlebot3_node:/home/portia/ros2Bot_ws/install/turtlebot3_navigation2:/home/portia/ros2Bot_ws/install/turtlebot3_msgs:/home/portia/ros2Bot_ws/install/turtlebot3_description:/home/portia/ros2Bot_ws/install/turtlebot3_cartographer:/home/portia/ros2Bot_ws/install/image_rotate:/home/portia/ros2Bot_ws/install/image_publisher:/home/portia/ros2Bot_ws/install/image_proc:/home/portia/ros2Bot_ws/install/depth_image_proc:/home/portia/ros2Bot_ws/install/image_geometry:/home/portia/ros2Bot_ws/install/hls_lfcd_lds_driver:/home/portia/ros2Bot_ws/install/dynamixel_sdk:/home/portia/ros2OnBot_ws/install/turtlebot3:/home/portia/ros2OnBot_ws/install/turtlebot3_bringup:/home/portia/ros2OnBot_ws/install/turtlebot3_node:/home/portia/ros2OnBot_ws/install/turtlebot3_navigation2:/home/portia/ros2OnBot_ws/install/turtlebot3_msgs:/home/portia/ros2OnBot_ws/install/turtlebot3_description:/home/portia/ros2OnBot_ws/install/turtlebot3_cartographer:/home/portia/ros2Bot_ws/install/turtlebot3_teleop:/home/portia/ros2Bot_ws/install/opencv_tests:/home/portia/ros2OnBot_ws/install/turtlebot3_teleop:/home/portia/turtlebot3_ws/install/turtlebot3_teleop:/opt/ros/dashing:/home/portia/ros2OnBot_ws/install/image_proc:/home/portia/ros2OnBot_ws/install/depth_image_proc:/home/portia/ros2OnBot_ws/install/camera_info_manager:/home/portia/ros2OnBot_ws/install/image_transport:/home/portia/ros2OnBot_ws/install/image_geometry:/home/portia/ros2OnBot_ws/install/hls_lfcd_lds_driver:/home/portia/ros2OnBot_ws/install/dynamixel_sdk:/home/portia/ros2OnBot_ws/install/cv_bridge:/home/portia/ros2OnBot_ws/install/cpp_pubsub:/home/portia/ros2OnBot_ws/install/camera_calibration_parsers:/home/portia/turtlebot3_ws/install/turtlebot3:/home/portia/turtlebot3_ws/install/turtlebot3_bringup:/home/portia/turtlebot3_ws/install/turtlebot3_node:/home/portia/turtlebot3_ws/install/turtlebot3_msgs:/home/portia/turtlebot3_ws/install/turtlebot3_description:/home/portia/turtlebot3_ws/install/hls_lfcd_lds_driver:/home/portia/turtlebot3_ws/install/dynamixel_sdk LD_LIBRARY_PATH=/home/portia/ros2Bot_ws/install/cv_bridge/lib:/home/portia/ros2Bot_ws/install/turtlebot3_msgs/lib:/home/portia/ros2Bot_ws/install/image_rotate/lib:/home/portia/ros2Bot_ws/install/image_publisher/lib:/home/portia/ros2Bot_ws/install/image_proc/lib:/home/portia/ros2Bot_ws/install/depth_image_proc/lib:/home/portia/ros2Bot_ws/install/image_geometry/lib:/home/portia/ros2Bot_ws/install/dynamixel_sdk/lib:/home/portia/ros2OnBot_ws/install/turtlebot3_msgs/lib:/home/portia/ros2OnBot_ws/install/image_proc/lib:/home/portia/ros2OnBot_ws/install/depth_image_proc/lib:/home/portia/ros2OnBot_ws/install/camera_info_manager/lib:/home/portia/ros2OnBot_ws/install/image_transport/lib:/home/portia/ros2OnBot_ws/install/image_geometry/lib:/home/portia/ros2OnBot_ws/install/dynamixel_sdk/lib:/home/portia/ros2OnBot_ws/install/cv_bridge/lib:/home/portia/ros2OnBot_ws/install/camera_calibration_parsers/lib:/home/portia/turtlebot3_ws/install/turtlebot3_msgs/lib:/home/portia/turtlebot3_ws/install/dynamixel_sdk/lib:/opt/ros/dashing/opt/yaml_cpp_vendor/lib:/opt/ros/dashing/lib PYTHONPATH=/home/portia/ros2Bot_ws/install/cv_bridge/lib/python3.6/site-packages:/home/portia/ros2Bot_ws/build/turtlebot3_teleop:/home/portia/ros2Bot_ws/install/turtlebot3_teleop/lib/python3.6/site-packages:/home/portia/ros2Bot_ws/install/turtlebot3_msgs/lib/python3.6/site-packages:/home/portia/ros2Bot_ws/build/opencv_tests:/home/portia/ros2Bot_ws/install/opencv_tests/lib/python3.6/site-packages:/home/portia/ros2Bot_ws/install/image_geometry/lib/python3.6/site-packages:/home/portia/ros2OnBot_ws/build/turtlebot3_teleop:/home/portia/ros2OnBot_ws/install/turtlebot3_teleop/lib/python3.6/site-packages:/home/portia/ros2OnBot_ws/install/turtlebot3_msgs/lib/python3.6/site-packages:/home/portia/ros2OnBot_ws/install/image_geometry/lib/python3.6/site-packages:/home/portia/ros2OnBot_ws/install/cv_bridge/lib/python3.6/site-packages:/home/portia/turtlebot3_ws/build/turtlebot3_teleop:/home/portia/turtlebot3_ws/install/turtlebot3_teleop/lib/python3.6/site-packages:/home/portia/turtlebot3_ws/install/turtlebot3_msgs/lib/python3.6/site-packages:/opt/ros/dashing/lib/python3.6/site-packages /usr/bin/cmake /home/portia/ros2Bot_ws/usb_cam -DAMENT_CMAKE_SYMLINK_INSTALL=1 -DCMAKE_INSTALL_PREFIX=/home/portia/ros2Bot_ws/install/usb_cam
[16.600s] DEBUG:colcon.colcon_core.event_handler.log_command:Invoked command in '/home/portia/ros2Bot_ws/build/usb_cam' returned '0': CMAKE_PREFIX_PATH=/home/portia/ros2Bot_ws/install/cv_bridge:/home/portia/ros2Bot_ws/install/vision_opencv:/home/portia/ros2Bot_ws/install/turtlebot3:/home/portia/ros2Bot_ws/install/turtlebot3_bringup:/home/portia/ros2Bot_ws/install/turtlebot3_node:/home/portia/ros2Bot_ws/install/turtlebot3_navigation2:/home/portia/ros2Bot_ws/install/turtlebot3_msgs:/home/portia/ros2Bot_ws/install/turtlebot3_description:/home/portia/ros2Bot_ws/install/turtlebot3_cartographer:/home/portia/ros2Bot_ws/install/image_rotate:/home/portia/ros2Bot_ws/install/image_publisher:/home/portia/ros2Bot_ws/install/image_proc:/home/portia/ros2Bot_ws/install/depth_image_proc:/home/portia/ros2Bot_ws/install/image_geometry:/home/portia/ros2Bot_ws/install/hls_lfcd_lds_driver:/home/portia/ros2Bot_ws/install/dynamixel_sdk:/home/portia/ros2OnBot_ws/install/turtlebot3:/home/portia/ros2OnBot_ws/install/turtlebot3_bringup:/home/portia/ros2OnBot_ws/install/turtlebot3_node:/home/portia/ros2OnBot_ws/install/turtlebot3_navigation2:/home/portia/ros2OnBot_ws/install/turtlebot3_msgs:/home/portia/ros2OnBot_ws/install/turtlebot3_description:/home/portia/ros2OnBot_ws/install/turtlebot3_cartographer:/home/portia/ros2Bot_ws/install/turtlebot3_teleop:/home/portia/ros2Bot_ws/install/opencv_tests:/home/portia/ros2OnBot_ws/install/turtlebot3_teleop:/home/portia/turtlebot3_ws/install/turtlebot3_teleop:/opt/ros/dashing:/home/portia/ros2OnBot_ws/install/image_proc:/home/portia/ros2OnBot_ws/install/depth_image_proc:/home/portia/ros2OnBot_ws/install/camera_info_manager:/home/portia/ros2OnBot_ws/install/image_transport:/home/portia/ros2OnBot_ws/install/image_geometry:/home/portia/ros2OnBot_ws/install/hls_lfcd_lds_driver:/home/portia/ros2OnBot_ws/install/dynamixel_sdk:/home/portia/ros2OnBot_ws/install/cv_bridge:/home/portia/ros2OnBot_ws/install/cpp_pubsub:/home/portia/ros2OnBot_ws/install/camera_calibration_parsers:/home/portia/turtlebot3_ws/install/turtlebot3:/home/portia/turtlebot3_ws/install/turtlebot3_bringup:/home/portia/turtlebot3_ws/install/turtlebot3_node:/home/portia/turtlebot3_ws/install/turtlebot3_msgs:/home/portia/turtlebot3_ws/install/turtlebot3_description:/home/portia/turtlebot3_ws/install/hls_lfcd_lds_driver:/home/portia/turtlebot3_ws/install/dynamixel_sdk LD_LIBRARY_PATH=/home/portia/ros2Bot_ws/install/cv_bridge/lib:/home/portia/ros2Bot_ws/install/turtlebot3_msgs/lib:/home/portia/ros2Bot_ws/install/image_rotate/lib:/home/portia/ros2Bot_ws/install/image_publisher/lib:/home/portia/ros2Bot_ws/install/image_proc/lib:/home/portia/ros2Bot_ws/install/depth_image_proc/lib:/home/portia/ros2Bot_ws/install/image_geometry/lib:/home/portia/ros2Bot_ws/install/dynamixel_sdk/lib:/home/portia/ros2OnBot_ws/install/turtlebot3_msgs/lib:/home/portia/ros2OnBot_ws/install/image_proc/lib:/home/portia/ros2OnBot_ws/install/depth_image_proc/lib:/home/portia/ros2OnBot_ws/install/camera_info_manager/lib:/home/portia/ros2OnBot_ws/install/image_transport/lib:/home/portia/ros2OnBot_ws/install/image_geometry/lib:/home/portia/ros2OnBot_ws/install/dynamixel_sdk/lib:/home/portia/ros2OnBot_ws/install/cv_bridge/lib:/home/portia/ros2OnBot_ws/install/camera_calibration_parsers/lib:/home/portia/turtlebot3_ws/install/turtlebot3_msgs/lib:/home/portia/turtlebot3_ws/install/dynamixel_sdk/lib:/opt/ros/dashing/opt/yaml_cpp_vendor/lib:/opt/ros/dashing/lib PYTHONPATH=/home/portia/ros2Bot_ws/install/cv_bridge/lib/python3.6/site-packages:/home/portia/ros2Bot_ws/build/turtlebot3_teleop:/home/portia/ros2Bot_ws/install/turtlebot3_teleop/lib/python3.6/site-packages:/home/portia/ros2Bot_ws/install/turtlebot3_msgs/lib/python3.6/site-packages:/home/portia/ros2Bot_ws/build/opencv_tests:/home/portia/ros2Bot_ws/install/opencv_tests/lib/python3.6/site-packages:/home/portia/ros2Bot_ws/install/image_geometry/lib/python3.6/site-packages:/home/portia/ros2OnBot_ws/build/turtlebot3_teleop:/home/portia/ros2OnBot_ws/install/turtlebot3_teleop/lib/python3.6/site-packages:/home/portia/ros2OnBot_ws/install/turtlebot3_msgs/lib/python3.6/site-packages:/home/portia/ros2OnBot_ws/install/image_geometry/lib/python3.6/site-packages:/home/portia/ros2OnBot_ws/install/cv_bridge/lib/python3.6/site-packages:/home/portia/turtlebot3_ws/build/turtlebot3_teleop:/home/portia/turtlebot3_ws/install/turtlebot3_teleop/lib/python3.6/site-packages:/home/portia/turtlebot3_ws/install/turtlebot3_msgs/lib/python3.6/site-packages:/opt/ros/dashing/lib/python3.6/site-packages /usr/bin/cmake /home/portia/ros2Bot_ws/usb_cam -DAMENT_CMAKE_SYMLINK_INSTALL=1 -DCMAKE_INSTALL_PREFIX=/home/portia/ros2Bot_ws/install/usb_cam
[16.619s] DEBUG:colcon.colcon_core.event_handler.log_command:Invoking command in '/home/portia/ros2Bot_ws/build/usb_cam': CMAKE_PREFIX_PATH=/home/portia/ros2Bot_ws/install/cv_bridge:/home/portia/ros2Bot_ws/install/vision_opencv:/home/portia/ros2Bot_ws/install/turtlebot3:/home/portia/ros2Bot_ws/install/turtlebot3_bringup:/home/portia/ros2Bot_ws/install/turtlebot3_node:/home/portia/ros2Bot_ws/install/turtlebot3_navigation2:/home/portia/ros2Bot_ws/install/turtlebot3_msgs:/home/portia/ros2Bot_ws/install/turtlebot3_description:/home/portia/ros2Bot_ws/install/turtlebot3_cartographer:/home/portia/ros2Bot_ws/install/image_rotate:/home/portia/ros2Bot_ws/install/image_publisher:/home/portia/ros2Bot_ws/install/image_proc:/home/portia/ros2Bot_ws/install/depth_image_proc:/home/portia/ros2Bot_ws/install/image_geometry:/home/portia/ros2Bot_ws/install/hls_lfcd_lds_driver:/home/portia/ros2Bot_ws/install/dynamixel_sdk:/home/portia/ros2OnBot_ws/install/turtlebot3:/home/portia/ros2OnBot_ws/install/turtlebot3_bringup:/home/portia/ros2OnBot_ws/install/turtlebot3_node:/home/portia/ros2OnBot_ws/install/turtlebot3_navigation2:/home/portia/ros2OnBot_ws/install/turtlebot3_msgs:/home/portia/ros2OnBot_ws/install/turtlebot3_description:/home/portia/ros2OnBot_ws/install/turtlebot3_cartographer:/home/portia/ros2Bot_ws/install/turtlebot3_teleop:/home/portia/ros2Bot_ws/install/opencv_tests:/home/portia/ros2OnBot_ws/install/turtlebot3_teleop:/home/portia/turtlebot3_ws/install/turtlebot3_teleop:/opt/ros/dashing:/home/portia/ros2OnBot_ws/install/image_proc:/home/portia/ros2OnBot_ws/install/depth_image_proc:/home/portia/ros2OnBot_ws/install/camera_info_manager:/home/portia/ros2OnBot_ws/install/image_transport:/home/portia/ros2OnBot_ws/install/image_geometry:/home/portia/ros2OnBot_ws/install/hls_lfcd_lds_driver:/home/portia/ros2OnBot_ws/install/dynamixel_sdk:/home/portia/ros2OnBot_ws/install/cv_bridge:/home/portia/ros2OnBot_ws/install/cpp_pubsub:/home/portia/ros2OnBot_ws/install/camera_calibration_parsers:/home/portia/turtlebot3_ws/install/turtlebot3:/home/portia/turtlebot3_ws/install/turtlebot3_bringup:/home/portia/turtlebot3_ws/install/turtlebot3_node:/home/portia/turtlebot3_ws/install/turtlebot3_msgs:/home/portia/turtlebot3_ws/install/turtlebot3_description:/home/portia/turtlebot3_ws/install/hls_lfcd_lds_driver:/home/portia/turtlebot3_ws/install/dynamixel_sdk LD_LIBRARY_PATH=/home/portia/ros2Bot_ws/install/cv_bridge/lib:/home/portia/ros2Bot_ws/install/turtlebot3_msgs/lib:/home/portia/ros2Bot_ws/install/image_rotate/lib:/home/portia/ros2Bot_ws/install/image_publisher/lib:/home/portia/ros2Bot_ws/install/image_proc/lib:/home/portia/ros2Bot_ws/install/depth_image_proc/lib:/home/portia/ros2Bot_ws/install/image_geometry/lib:/home/portia/ros2Bot_ws/install/dynamixel_sdk/lib:/home/portia/ros2OnBot_ws/install/turtlebot3_msgs/lib:/home/portia/ros2OnBot_ws/install/image_proc/lib:/home/portia/ros2OnBot_ws/install/depth_image_proc/lib:/home/portia/ros2OnBot_ws/install/camera_info_manager/lib:/home/portia/ros2OnBot_ws/install/image_transport/lib:/home/portia/ros2OnBot_ws/install/image_geometry/lib:/home/portia/ros2OnBot_ws/install/dynamixel_sdk/lib:/home/portia/ros2OnBot_ws/install/cv_bridge/lib:/home/portia/ros2OnBot_ws/install/camera_calibration_parsers/lib:/home/portia/turtlebot3_ws/install/turtlebot3_msgs/lib:/home/portia/turtlebot3_ws/install/dynamixel_sdk/lib:/opt/ros/dashing/opt/yaml_cpp_vendor/lib:/opt/ros/dashing/lib PYTHONPATH=/home/portia/ros2Bot_ws/install/cv_bridge/lib/python3.6/site-packages:/home/portia/ros2Bot_ws/build/turtlebot3_teleop:/home/portia/ros2Bot_ws/install/turtlebot3_teleop/lib/python3.6/site-packages:/home/portia/ros2Bot_ws/install/turtlebot3_msgs/lib/python3.6/site-packages:/home/portia/ros2Bot_ws/build/opencv_tests:/home/portia/ros2Bot_ws/install/opencv_tests/lib/python3.6/site-packages:/home/portia/ros2Bot_ws/install/image_geometry/lib/python3.6/site-packages:/home/portia/ros2OnBot_ws/build/turtlebot3_teleop:/home/portia/ros2OnBot_ws/install/turtlebot3_teleop/lib/python3.6/site-packages:/home/portia/ros2OnBot_ws/install/turtlebot3_msgs/lib/python3.6/site-packages:/home/portia/ros2OnBot_ws/install/image_geometry/lib/python3.6/site-packages:/home/portia/ros2OnBot_ws/install/cv_bridge/lib/python3.6/site-packages:/home/portia/turtlebot3_ws/build/turtlebot3_teleop:/home/portia/turtlebot3_ws/install/turtlebot3_teleop/lib/python3.6/site-packages:/home/portia/turtlebot3_ws/install/turtlebot3_msgs/lib/python3.6/site-packages:/opt/ros/dashing/lib/python3.6/site-packages /usr/bin/cmake --build /home/portia/ros2Bot_ws/build/usb_cam -- -j4 -l4
[18.191s] DEBUG:colcon.colcon_core.event_handler.log_command:Invoked command in '/home/portia/ros2Bot_ws/build/usb_cam' returned '0': CMAKE_PREFIX_PATH=/home/portia/ros2Bot_ws/install/cv_bridge:/home/portia/ros2Bot_ws/install/vision_opencv:/home/portia/ros2Bot_ws/install/turtlebot3:/home/portia/ros2Bot_ws/install/turtlebot3_bringup:/home/portia/ros2Bot_ws/install/turtlebot3_node:/home/portia/ros2Bot_ws/install/turtlebot3_navigation2:/home/portia/ros2Bot_ws/install/turtlebot3_msgs:/home/portia/ros2Bot_ws/install/turtlebot3_description:/home/portia/ros2Bot_ws/install/turtlebot3_cartographer:/home/portia/ros2Bot_ws/install/image_rotate:/home/portia/ros2Bot_ws/install/image_publisher:/home/portia/ros2Bot_ws/install/image_proc:/home/portia/ros2Bot_ws/install/depth_image_proc:/home/portia/ros2Bot_ws/install/image_geometry:/home/portia/ros2Bot_ws/install/hls_lfcd_lds_driver:/home/portia/ros2Bot_ws/install/dynamixel_sdk:/home/portia/ros2OnBot_ws/install/turtlebot3:/home/portia/ros2OnBot_ws/install/turtlebot3_bringup:/home/portia/ros2OnBot_ws/install/turtlebot3_node:/home/portia/ros2OnBot_ws/install/turtlebot3_navigation2:/home/portia/ros2OnBot_ws/install/turtlebot3_msgs:/home/portia/ros2OnBot_ws/install/turtlebot3_description:/home/portia/ros2OnBot_ws/install/turtlebot3_cartographer:/home/portia/ros2Bot_ws/install/turtlebot3_teleop:/home/portia/ros2Bot_ws/install/opencv_tests:/home/portia/ros2OnBot_ws/install/turtlebot3_teleop:/home/portia/turtlebot3_ws/install/turtlebot3_teleop:/opt/ros/dashing:/home/portia/ros2OnBot_ws/install/image_proc:/home/portia/ros2OnBot_ws/install/depth_image_proc:/home/portia/ros2OnBot_ws/install/camera_info_manager:/home/portia/ros2OnBot_ws/install/image_transport:/home/portia/ros2OnBot_ws/install/image_geometry:/home/portia/ros2OnBot_ws/install/hls_lfcd_lds_driver:/home/portia/ros2OnBot_ws/install/dynamixel_sdk:/home/portia/ros2OnBot_ws/install/cv_bridge:/home/portia/ros2OnBot_ws/install/cpp_pubsub:/home/portia/ros2OnBot_ws/install/camera_calibration_parsers:/home/portia/turtlebot3_ws/install/turtlebot3:/home/portia/turtlebot3_ws/install/turtlebot3_bringup:/home/portia/turtlebot3_ws/install/turtlebot3_node:/home/portia/turtlebot3_ws/install/turtlebot3_msgs:/home/portia/turtlebot3_ws/install/turtlebot3_description:/home/portia/turtlebot3_ws/install/hls_lfcd_lds_driver:/home/portia/turtlebot3_ws/install/dynamixel_sdk LD_LIBRARY_PATH=/home/portia/ros2Bot_ws/install/cv_bridge/lib:/home/portia/ros2Bot_ws/install/turtlebot3_msgs/lib:/home/portia/ros2Bot_ws/install/image_rotate/lib:/home/portia/ros2Bot_ws/install/image_publisher/lib:/home/portia/ros2Bot_ws/install/image_proc/lib:/home/portia/ros2Bot_ws/install/depth_image_proc/lib:/home/portia/ros2Bot_ws/install/image_geometry/lib:/home/portia/ros2Bot_ws/install/dynamixel_sdk/lib:/home/portia/ros2OnBot_ws/install/turtlebot3_msgs/lib:/home/portia/ros2OnBot_ws/install/image_proc/lib:/home/portia/ros2OnBot_ws/install/depth_image_proc/lib:/home/portia/ros2OnBot_ws/install/camera_info_manager/lib:/home/portia/ros2OnBot_ws/install/image_transport/lib:/home/portia/ros2OnBot_ws/install/image_geometry/lib:/home/portia/ros2OnBot_ws/install/dynamixel_sdk/lib:/home/portia/ros2OnBot_ws/install/cv_bridge/lib:/home/portia/ros2OnBot_ws/install/camera_calibration_parsers/lib:/home/portia/turtlebot3_ws/install/turtlebot3_msgs/lib:/home/portia/turtlebot3_ws/install/dynamixel_sdk/lib:/opt/ros/dashing/opt/yaml_cpp_vendor/lib:/opt/ros/dashing/lib PYTHONPATH=/home/portia/ros2Bot_ws/install/cv_bridge/lib/python3.6/site-packages:/home/portia/ros2Bot_ws/build/turtlebot3_teleop:/home/portia/ros2Bot_ws/install/turtlebot3_teleop/lib/python3.6/site-packages:/home/portia/ros2Bot_ws/install/turtlebot3_msgs/lib/python3.6/site-packages:/home/portia/ros2Bot_ws/build/opencv_tests:/home/portia/ros2Bot_ws/install/opencv_tests/lib/python3.6/site-packages:/home/portia/ros2Bot_ws/install/image_geometry/lib/python3.6/site-packages:/home/portia/ros2OnBot_ws/build/turtlebot3_teleop:/home/portia/ros2OnBot_ws/install/turtlebot3_teleop/lib/python3.6/site-packages:/home/portia/ros2OnBot_ws/install/turtlebot3_msgs/lib/python3.6/site-packages:/home/portia/ros2OnBot_ws/install/image_geometry/lib/python3.6/site-packages:/home/portia/ros2OnBot_ws/install/cv_bridge/lib/python3.6/site-packages:/home/portia/turtlebot3_ws/build/turtlebot3_teleop:/home/portia/turtlebot3_ws/install/turtlebot3_teleop/lib/python3.6/site-packages:/home/portia/turtlebot3_ws/install/turtlebot3_msgs/lib/python3.6/site-packages:/opt/ros/dashing/lib/python3.6/site-packages /usr/bin/cmake --build /home/portia/ros2Bot_ws/build/usb_cam -- -j4 -l4
[18.419s] DEBUG:colcon.colcon_core.event_handler.log_command:Invoking command in '/home/portia/ros2Bot_ws/build/usb_cam': CMAKE_PREFIX_PATH=/home/portia/ros2Bot_ws/install/cv_bridge:/home/portia/ros2Bot_ws/install/vision_opencv:/home/portia/ros2Bot_ws/install/turtlebot3:/home/portia/ros2Bot_ws/install/turtlebot3_bringup:/home/portia/ros2Bot_ws/install/turtlebot3_node:/home/portia/ros2Bot_ws/install/turtlebot3_navigation2:/home/portia/ros2Bot_ws/install/turtlebot3_msgs:/home/portia/ros2Bot_ws/install/turtlebot3_description:/home/portia/ros2Bot_ws/install/turtlebot3_cartographer:/home/portia/ros2Bot_ws/install/image_rotate:/home/portia/ros2Bot_ws/install/image_publisher:/home/portia/ros2Bot_ws/install/image_proc:/home/portia/ros2Bot_ws/install/depth_image_proc:/home/portia/ros2Bot_ws/install/image_geometry:/home/portia/ros2Bot_ws/install/hls_lfcd_lds_driver:/home/portia/ros2Bot_ws/install/dynamixel_sdk:/home/portia/ros2OnBot_ws/install/turtlebot3:/home/portia/ros2OnBot_ws/install/turtlebot3_bringup:/home/portia/ros2OnBot_ws/install/turtlebot3_node:/home/portia/ros2OnBot_ws/install/turtlebot3_navigation2:/home/portia/ros2OnBot_ws/install/turtlebot3_msgs:/home/portia/ros2OnBot_ws/install/turtlebot3_description:/home/portia/ros2OnBot_ws/install/turtlebot3_cartographer:/home/portia/ros2Bot_ws/install/turtlebot3_teleop:/home/portia/ros2Bot_ws/install/opencv_tests:/home/portia/ros2OnBot_ws/install/turtlebot3_teleop:/home/portia/turtlebot3_ws/install/turtlebot3_teleop:/opt/ros/dashing:/home/portia/ros2OnBot_ws/install/image_proc:/home/portia/ros2OnBot_ws/install/depth_image_proc:/home/portia/ros2OnBot_ws/install/camera_info_manager:/home/portia/ros2OnBot_ws/install/image_transport:/home/portia/ros2OnBot_ws/install/image_geometry:/home/portia/ros2OnBot_ws/install/hls_lfcd_lds_driver:/home/portia/ros2OnBot_ws/install/dynamixel_sdk:/home/portia/ros2OnBot_ws/install/cv_bridge:/home/portia/ros2OnBot_ws/install/cpp_pubsub:/home/portia/ros2OnBot_ws/install/camera_calibration_parsers:/home/portia/turtlebot3_ws/install/turtlebot3:/home/portia/turtlebot3_ws/install/turtlebot3_bringup:/home/portia/turtlebot3_ws/install/turtlebot3_node:/home/portia/turtlebot3_ws/install/turtlebot3_msgs:/home/portia/turtlebot3_ws/install/turtlebot3_description:/home/portia/turtlebot3_ws/install/hls_lfcd_lds_driver:/home/portia/turtlebot3_ws/install/dynamixel_sdk LD_LIBRARY_PATH=/home/portia/ros2Bot_ws/install/cv_bridge/lib:/home/portia/ros2Bot_ws/install/turtlebot3_msgs/lib:/home/portia/ros2Bot_ws/install/image_rotate/lib:/home/portia/ros2Bot_ws/install/image_publisher/lib:/home/portia/ros2Bot_ws/install/image_proc/lib:/home/portia/ros2Bot_ws/install/depth_image_proc/lib:/home/portia/ros2Bot_ws/install/image_geometry/lib:/home/portia/ros2Bot_ws/install/dynamixel_sdk/lib:/home/portia/ros2OnBot_ws/install/turtlebot3_msgs/lib:/home/portia/ros2OnBot_ws/install/image_proc/lib:/home/portia/ros2OnBot_ws/install/depth_image_proc/lib:/home/portia/ros2OnBot_ws/install/camera_info_manager/lib:/home/portia/ros2OnBot_ws/install/image_transport/lib:/home/portia/ros2OnBot_ws/install/image_geometry/lib:/home/portia/ros2OnBot_ws/install/dynamixel_sdk/lib:/home/portia/ros2OnBot_ws/install/cv_bridge/lib:/home/portia/ros2OnBot_ws/install/camera_calibration_parsers/lib:/home/portia/turtlebot3_ws/install/turtlebot3_msgs/lib:/home/portia/turtlebot3_ws/install/dynamixel_sdk/lib:/opt/ros/dashing/opt/yaml_cpp_vendor/lib:/opt/ros/dashing/lib PYTHONPATH=/home/portia/ros2Bot_ws/install/cv_bridge/lib/python3.6/site-packages:/home/portia/ros2Bot_ws/build/turtlebot3_teleop:/home/portia/ros2Bot_ws/install/turtlebot3_teleop/lib/python3.6/site-packages:/home/portia/ros2Bot_ws/install/turtlebot3_msgs/lib/python3.6/site-packages:/home/portia/ros2Bot_ws/build/opencv_tests:/home/portia/ros2Bot_ws/install/opencv_tests/lib/python3.6/site-packages:/home/portia/ros2Bot_ws/install/image_geometry/lib/python3.6/site-packages:/home/portia/ros2OnBot_ws/build/turtlebot3_teleop:/home/portia/ros2OnBot_ws/install/turtlebot3_teleop/lib/python3.6/site-packages:/home/portia/ros2OnBot_ws/install/turtlebot3_msgs/lib/python3.6/site-packages:/home/portia/ros2OnBot_ws/install/image_geometry/lib/python3.6/site-packages:/home/portia/ros2OnBot_ws/install/cv_bridge/lib/python3.6/site-packages:/home/portia/turtlebot3_ws/build/turtlebot3_teleop:/home/portia/turtlebot3_ws/install/turtlebot3_teleop/lib/python3.6/site-packages:/home/portia/turtlebot3_ws/install/turtlebot3_msgs/lib/python3.6/site-packages:/opt/ros/dashing/lib/python3.6/site-packages /usr/bin/cmake --build /home/portia/ros2Bot_ws/build/usb_cam --target install -- -j4 -l4
[19.731s] Level 1:colcon.colcon_core.environment:create_environment_scripts_only(usb_cam)
[19.737s] DEBUG:colcon.colcon_core.event_handler.log_command:Invoked command in '/home/portia/ros2Bot_ws/build/usb_cam' returned '0': CMAKE_PREFIX_PATH=/home/portia/ros2Bot_ws/install/cv_bridge:/home/portia/ros2Bot_ws/install/vision_opencv:/home/portia/ros2Bot_ws/install/turtlebot3:/home/portia/ros2Bot_ws/install/turtlebot3_bringup:/home/portia/ros2Bot_ws/install/turtlebot3_node:/home/portia/ros2Bot_ws/install/turtlebot3_navigation2:/home/portia/ros2Bot_ws/install/turtlebot3_msgs:/home/portia/ros2Bot_ws/install/turtlebot3_description:/home/portia/ros2Bot_ws/install/turtlebot3_cartographer:/home/portia/ros2Bot_ws/install/image_rotate:/home/portia/ros2Bot_ws/install/image_publisher:/home/portia/ros2Bot_ws/install/image_proc:/home/portia/ros2Bot_ws/install/depth_image_proc:/home/portia/ros2Bot_ws/install/image_geometry:/home/portia/ros2Bot_ws/install/hls_lfcd_lds_driver:/home/portia/ros2Bot_ws/install/dynamixel_sdk:/home/portia/ros2OnBot_ws/install/turtlebot3:/home/portia/ros2OnBot_ws/install/turtlebot3_bringup:/home/portia/ros2OnBot_ws/install/turtlebot3_node:/home/portia/ros2OnBot_ws/install/turtlebot3_navigation2:/home/portia/ros2OnBot_ws/install/turtlebot3_msgs:/home/portia/ros2OnBot_ws/install/turtlebot3_description:/home/portia/ros2OnBot_ws/install/turtlebot3_cartographer:/home/portia/ros2Bot_ws/install/turtlebot3_teleop:/home/portia/ros2Bot_ws/install/opencv_tests:/home/portia/ros2OnBot_ws/install/turtlebot3_teleop:/home/portia/turtlebot3_ws/install/turtlebot3_teleop:/opt/ros/dashing:/home/portia/ros2OnBot_ws/install/image_proc:/home/portia/ros2OnBot_ws/install/depth_image_proc:/home/portia/ros2OnBot_ws/install/camera_info_manager:/home/portia/ros2OnBot_ws/install/image_transport:/home/portia/ros2OnBot_ws/install/image_geometry:/home/portia/ros2OnBot_ws/install/hls_lfcd_lds_driver:/home/portia/ros2OnBot_ws/install/dynamixel_sdk:/home/portia/ros2OnBot_ws/install/cv_bridge:/home/portia/ros2OnBot_ws/install/cpp_pubsub:/home/portia/ros2OnBot_ws/install/camera_calibration_parsers:/home/portia/turtlebot3_ws/install/turtlebot3:/home/portia/turtlebot3_ws/install/turtlebot3_bringup:/home/portia/turtlebot3_ws/install/turtlebot3_node:/home/portia/turtlebot3_ws/install/turtlebot3_msgs:/home/portia/turtlebot3_ws/install/turtlebot3_description:/home/portia/turtlebot3_ws/install/hls_lfcd_lds_driver:/home/portia/turtlebot3_ws/install/dynamixel_sdk LD_LIBRARY_PATH=/home/portia/ros2Bot_ws/install/cv_bridge/lib:/home/portia/ros2Bot_ws/install/turtlebot3_msgs/lib:/home/portia/ros2Bot_ws/install/image_rotate/lib:/home/portia/ros2Bot_ws/install/image_publisher/lib:/home/portia/ros2Bot_ws/install/image_proc/lib:/home/portia/ros2Bot_ws/install/depth_image_proc/lib:/home/portia/ros2Bot_ws/install/image_geometry/lib:/home/portia/ros2Bot_ws/install/dynamixel_sdk/lib:/home/portia/ros2OnBot_ws/install/turtlebot3_msgs/lib:/home/portia/ros2OnBot_ws/install/image_proc/lib:/home/portia/ros2OnBot_ws/install/depth_image_proc/lib:/home/portia/ros2OnBot_ws/install/camera_info_manager/lib:/home/portia/ros2OnBot_ws/install/image_transport/lib:/home/portia/ros2OnBot_ws/install/image_geometry/lib:/home/portia/ros2OnBot_ws/install/dynamixel_sdk/lib:/home/portia/ros2OnBot_ws/install/cv_bridge/lib:/home/portia/ros2OnBot_ws/install/camera_calibration_parsers/lib:/home/portia/turtlebot3_ws/install/turtlebot3_msgs/lib:/home/portia/turtlebot3_ws/install/dynamixel_sdk/lib:/opt/ros/dashing/opt/yaml_cpp_vendor/lib:/opt/ros/dashing/lib PYTHONPATH=/home/portia/ros2Bot_ws/install/cv_bridge/lib/python3.6/site-packages:/home/portia/ros2Bot_ws/build/turtlebot3_teleop:/home/portia/ros2Bot_ws/install/turtlebot3_teleop/lib/python3.6/site-packages:/home/portia/ros2Bot_ws/install/turtlebot3_msgs/lib/python3.6/site-packages:/home/portia/ros2Bot_ws/build/opencv_tests:/home/portia/ros2Bot_ws/install/opencv_tests/lib/python3.6/site-packages:/home/portia/ros2Bot_ws/install/image_geometry/lib/python3.6/site-packages:/home/portia/ros2OnBot_ws/build/turtlebot3_teleop:/home/portia/ros2OnBot_ws/install/turtlebot3_teleop/lib/python3.6/site-packages:/home/portia/ros2OnBot_ws/install/turtlebot3_msgs/lib/python3.6/site-packages:/home/portia/ros2OnBot_ws/install/image_geometry/lib/python3.6/site-packages:/home/portia/ros2OnBot_ws/install/cv_bridge/lib/python3.6/site-packages:/home/portia/turtlebot3_ws/build/turtlebot3_teleop:/home/portia/turtlebot3_ws/install/turtlebot3_teleop/lib/python3.6/site-packages:/home/portia/turtlebot3_ws/install/turtlebot3_msgs/lib/python3.6/site-packages:/opt/ros/dashing/lib/python3.6/site-packages /usr/bin/cmake --build /home/portia/ros2Bot_ws/build/usb_cam --target install -- -j4 -l4
[19.798s] Level 1:colcon.colcon_core.environment:checking '/home/portia/ros2Bot_ws/install/usb_cam' for CMake module files
[19.806s] Level 1:colcon.colcon_core.environment:checking '/home/portia/ros2Bot_ws/install/usb_cam' for CMake config files
[19.808s] Level 1:colcon.colcon_core.shell:create_environment_hook('usb_cam', 'cmake_prefix_path')
[19.812s] INFO:colcon.colcon_core.shell:Creating environment hook '/home/portia/ros2Bot_ws/install/usb_cam/share/usb_cam/hook/cmake_prefix_path.ps1'
[19.818s] INFO:colcon.colcon_core.shell:Creating environment descriptor '/home/portia/ros2Bot_ws/install/usb_cam/share/usb_cam/hook/cmake_prefix_path.dsv'
[19.822s] INFO:colcon.colcon_core.shell:Creating environment hook '/home/portia/ros2Bot_ws/install/usb_cam/share/usb_cam/hook/cmake_prefix_path.sh'
[19.832s] Level 1:colcon.colcon_core.environment:checking '/home/portia/ros2Bot_ws/install/usb_cam/lib'
[19.834s] Level 1:colcon.colcon_core.environment:checking '/home/portia/ros2Bot_ws/install/usb_cam/bin'
[19.835s] Level 1:colcon.colcon_core.environment:checking '/home/portia/ros2Bot_ws/install/usb_cam/lib/pkgconfig/usb_cam.pc'
[19.835s] Level 1:colcon.colcon_core.environment:checking '/home/portia/ros2Bot_ws/install/usb_cam/lib/python3.6/site-packages'
[19.840s] INFO:colcon.colcon_core.shell:Creating package script '/home/portia/ros2Bot_ws/install/usb_cam/share/usb_cam/package.ps1'
[19.848s] INFO:colcon.colcon_core.shell:Creating package descriptor '/home/portia/ros2Bot_ws/install/usb_cam/share/usb_cam/package.dsv'
[19.854s] INFO:colcon.colcon_core.shell:Creating package script '/home/portia/ros2Bot_ws/install/usb_cam/share/usb_cam/package.sh'
[19.861s] INFO:colcon.colcon_core.shell:Creating package script '/home/portia/ros2Bot_ws/install/usb_cam/share/usb_cam/package.bash'
[19.871s] INFO:colcon.colcon_core.shell:Creating package script '/home/portia/ros2Bot_ws/install/usb_cam/share/usb_cam/package.zsh'
[19.878s] Level 1:colcon.colcon_core.environment:create_file_with_runtime_dependencies(/home/portia/ros2Bot_ws/install/usb_cam/share/colcon-core/packages/usb_cam)
[19.881s] DEBUG:colcon.colcon_parallel_executor.executor.parallel:closing loop
[19.884s] DEBUG:colcon.colcon_parallel_executor.executor.parallel:loop closed
[19.885s] DEBUG:colcon.colcon_parallel_executor.executor.parallel:run_until_complete finished with '0'
[19.886s] DEBUG:colcon.colcon_core.event_reactor:joining thread
[19.934s] INFO:colcon.colcon_core.plugin_system:Skipping extension 'colcon_notification.desktop_notification.notify_send': Could not find 'notify-send'
[19.935s] INFO:colcon.colcon_core.plugin_system:Skipping extension 'colcon_notification.desktop_notification.terminal_notifier': Not used on non-Darwin systems
[19.935s] INFO:colcon.colcon_core.plugin_system:Skipping extension 'colcon_notification.desktop_notification.win32': Not used on non-Windows systems
[19.936s] INFO:colcon.colcon_notification.desktop_notification:Sending desktop notification using 'notify2'
[19.937s] DEBUG:colcon.colcon_notification.desktop_notification.notify2:Failed to initialize notify2: org.freedesktop.DBus.Error.NotSupported: Unable to autolaunch a dbus-daemon without a $DISPLAY for X11
[19.937s] DEBUG:colcon.colcon_core.event_reactor:joined thread
[19.942s] INFO:colcon.colcon_core.shell:Creating prefix script '/home/portia/ros2Bot_ws/install/local_setup.ps1'
[19.951s] INFO:colcon.colcon_core.shell:Creating prefix util module '/home/portia/ros2Bot_ws/install/_local_setup_util_ps1.py'
[19.964s] INFO:colcon.colcon_core.shell:Creating prefix chain script '/home/portia/ros2Bot_ws/install/setup.ps1'
[19.999s] INFO:colcon.colcon_core.shell:Creating prefix script '/home/portia/ros2Bot_ws/install/local_setup.sh'
[20.005s] INFO:colcon.colcon_core.shell:Creating prefix util module '/home/portia/ros2Bot_ws/install/_local_setup_util_sh.py'
[20.008s] INFO:colcon.colcon_core.shell:Creating prefix chain script '/home/portia/ros2Bot_ws/install/setup.sh'
[20.044s] INFO:colcon.colcon_core.shell:Creating prefix script '/home/portia/ros2Bot_ws/install/local_setup.bash'
[20.050s] INFO:colcon.colcon_core.shell:Creating prefix chain script '/home/portia/ros2Bot_ws/install/setup.bash'
[20.085s] INFO:colcon.colcon_core.shell:Creating prefix script '/home/portia/ros2Bot_ws/install/local_setup.zsh'
[20.090s] INFO:colcon.colcon_core.shell:Creating prefix chain script '/home/portia/ros2Bot_ws/install/setup.zsh'
