[1.706s] DEBUG:colcon:Command line arguments: ['/usr/bin/colcon', 'build', '--symlink-install', '--parallel-workers=1']
[1.707s] DEBUG:colcon:Parsed command line arguments: Namespace(ament_cmake_args=None, base_paths='.', build_base='build', catkin_cmake_args=None, catkin_skip_building_tests=False, cmake_args=None, cmake_clean_cache=False, cmake_clean_first=False, cmake_force_configure=False, cmake_target=None, cmake_target_skip_unavailable=False, continue_on_error=False, event_handlers=None, executor='parallel', ignore_user_meta=False, install_base='install', log_base='log', log_level=None, main=<bound method BuildVerb.main of <colcon_core.verb.build.BuildVerb object at 0xffff9a4db198>>, merge_install=False, metas='./colcon.meta', packages_above=None, packages_above_depth=None, packages_end=None, packages_ignore=None, packages_ignore_regex=None, packages_select=None, packages_select_build_failed=False, packages_select_by_dep=None, packages_select_regex=None, packages_select_test_failures=False, packages_skip=None, packages_skip_build_finished=False, packages_skip_by_dep=None, packages_skip_regex=None, packages_skip_test_passed=False, packages_skip_up_to=None, packages_start=None, packages_up_to=None, parallel_workers=1, paths=None, symlink_install=True, test_result_base=None, verb_extension=<colcon_core.verb.build.BuildVerb object at 0xffff9a4db198>, verb_name='build', verb_parser=<colcon_defaults.argument_parser.defaults.DefaultArgumentsDecorator object at 0xffff9a4db4a8>)
[2.201s] Level 1:colcon.colcon_core.package_discovery:discover_packages(colcon_meta) check parameters
[2.203s] Level 1:colcon.colcon_core.package_discovery:discover_packages(recursive) check parameters
[2.204s] Level 1:colcon.colcon_core.package_discovery:discover_packages(ignore) check parameters
[2.204s] Level 1:colcon.colcon_core.package_discovery:discover_packages(path) check parameters
[2.204s] Level 1:colcon.colcon_core.package_discovery:discover_packages(recursive) discover
[2.207s] INFO:colcon.colcon_core.package_discovery:Crawling recursively for packages in '/home/portia/ros2Bot_ws'
[2.208s] Level 1:colcon.colcon_core.package_identification:_identify(/home/portia/ros2Bot_ws) by extensions ['ignore', 'ignore_ament_install']
[2.209s] Level 1:colcon.colcon_core.package_identification:_identify(/home/portia/ros2Bot_ws) by extension 'ignore'
[2.210s] Level 1:colcon.colcon_core.package_identification:_identify(/home/portia/ros2Bot_ws) by extension 'ignore_ament_install'
[2.210s] Level 1:colcon.colcon_core.package_identification:_identify(/home/portia/ros2Bot_ws) by extensions ['colcon_pkg']
[2.211s] Level 1:colcon.colcon_core.package_identification:_identify(/home/portia/ros2Bot_ws) by extension 'colcon_pkg'
[2.212s] Level 1:colcon.colcon_core.package_identification:_identify(/home/portia/ros2Bot_ws) by extensions ['colcon_meta']
[2.212s] Level 1:colcon.colcon_core.package_identification:_identify(/home/portia/ros2Bot_ws) by extension 'colcon_meta'
[2.213s] Level 1:colcon.colcon_core.package_identification:_identify(/home/portia/ros2Bot_ws) by extensions ['ros']
[2.215s] Level 1:colcon.colcon_core.package_identification:_identify(/home/portia/ros2Bot_ws) by extension 'ros'
[2.312s] Level 1:colcon.colcon_core.package_identification:_identify(/home/portia/ros2Bot_ws) by extensions ['cmake', 'python']
[2.313s] Level 1:colcon.colcon_core.package_identification:_identify(/home/portia/ros2Bot_ws) by extension 'cmake'
[2.314s] Level 1:colcon.colcon_core.package_identification:_identify(/home/portia/ros2Bot_ws) by extension 'python'
[2.315s] Level 1:colcon.colcon_core.package_identification:_identify(/home/portia/ros2Bot_ws) by extensions ['python_setup_py']
[2.316s] Level 1:colcon.colcon_core.package_identification:_identify(/home/portia/ros2Bot_ws) by extension 'python_setup_py'
[2.317s] Level 1:colcon.colcon_core.package_identification:_identify(/home/portia/ros2Bot_ws/build) by extensions ['ignore', 'ignore_ament_install']
[2.318s] Level 1:colcon.colcon_core.package_identification:_identify(/home/portia/ros2Bot_ws/build) by extension 'ignore'
[2.318s] Level 1:colcon.colcon_core.package_identification:_identify(/home/portia/ros2Bot_ws/build) ignored
[2.321s] Level 1:colcon.colcon_core.package_identification:_identify(/home/portia/ros2Bot_ws/install) by extensions ['ignore', 'ignore_ament_install']
[2.322s] Level 1:colcon.colcon_core.package_identification:_identify(/home/portia/ros2Bot_ws/install) by extension 'ignore'
[2.323s] Level 1:colcon.colcon_core.package_identification:_identify(/home/portia/ros2Bot_ws/install) ignored
[2.324s] Level 1:colcon.colcon_core.package_identification:_identify(/home/portia/ros2Bot_ws/log) by extensions ['ignore', 'ignore_ament_install']
[2.325s] Level 1:colcon.colcon_core.package_identification:_identify(/home/portia/ros2Bot_ws/log) by extension 'ignore'
[2.325s] Level 1:colcon.colcon_core.package_identification:_identify(/home/portia/ros2Bot_ws/log) ignored
[2.326s] Level 1:colcon.colcon_core.package_identification:_identify(/home/portia/ros2Bot_ws/src) by extensions ['ignore', 'ignore_ament_install']
[2.327s] Level 1:colcon.colcon_core.package_identification:_identify(/home/portia/ros2Bot_ws/src) by extension 'ignore'
[2.328s] Level 1:colcon.colcon_core.package_identification:_identify(/home/portia/ros2Bot_ws/src) by extension 'ignore_ament_install'
[2.328s] Level 1:colcon.colcon_core.package_identification:_identify(/home/portia/ros2Bot_ws/src) by extensions ['colcon_pkg']
[2.329s] Level 1:colcon.colcon_core.package_identification:_identify(/home/portia/ros2Bot_ws/src) by extension 'colcon_pkg'
[2.330s] Level 1:colcon.colcon_core.package_identification:_identify(/home/portia/ros2Bot_ws/src) by extensions ['colcon_meta']
[2.330s] Level 1:colcon.colcon_core.package_identification:_identify(/home/portia/ros2Bot_ws/src) by extension 'colcon_meta'
[2.331s] Level 1:colcon.colcon_core.package_identification:_identify(/home/portia/ros2Bot_ws/src) by extensions ['ros']
[2.332s] Level 1:colcon.colcon_core.package_identification:_identify(/home/portia/ros2Bot_ws/src) by extension 'ros'
[2.332s] Level 1:colcon.colcon_core.package_identification:_identify(/home/portia/ros2Bot_ws/src) by extensions ['cmake', 'python']
[2.333s] Level 1:colcon.colcon_core.package_identification:_identify(/home/portia/ros2Bot_ws/src) by extension 'cmake'
[2.334s] Level 1:colcon.colcon_core.package_identification:_identify(/home/portia/ros2Bot_ws/src) by extension 'python'
[2.335s] Level 1:colcon.colcon_core.package_identification:_identify(/home/portia/ros2Bot_ws/src) by extensions ['python_setup_py']
[2.335s] Level 1:colcon.colcon_core.package_identification:_identify(/home/portia/ros2Bot_ws/src) by extension 'python_setup_py'
[2.337s] Level 1:colcon.colcon_core.package_identification:_identify(/home/portia/ros2Bot_ws/src/DynamixelSDK) by extensions ['ignore', 'ignore_ament_install']
[2.338s] Level 1:colcon.colcon_core.package_identification:_identify(/home/portia/ros2Bot_ws/src/DynamixelSDK) by extension 'ignore'
[2.339s] Level 1:colcon.colcon_core.package_identification:_identify(/home/portia/ros2Bot_ws/src/DynamixelSDK) by extension 'ignore_ament_install'
[2.339s] Level 1:colcon.colcon_core.package_identification:_identify(/home/portia/ros2Bot_ws/src/DynamixelSDK) by extensions ['colcon_pkg']
[2.340s] Level 1:colcon.colcon_core.package_identification:_identify(/home/portia/ros2Bot_ws/src/DynamixelSDK) by extension 'colcon_pkg'
[2.341s] Level 1:colcon.colcon_core.package_identification:_identify(/home/portia/ros2Bot_ws/src/DynamixelSDK) by extensions ['colcon_meta']
[2.341s] Level 1:colcon.colcon_core.package_identification:_identify(/home/portia/ros2Bot_ws/src/DynamixelSDK) by extension 'colcon_meta'
[2.342s] Level 1:colcon.colcon_core.package_identification:_identify(/home/portia/ros2Bot_ws/src/DynamixelSDK) by extensions ['ros']
[2.342s] Level 1:colcon.colcon_core.package_identification:_identify(/home/portia/ros2Bot_ws/src/DynamixelSDK) by extension 'ros'
[2.343s] Level 1:colcon.colcon_core.package_identification:_identify(/home/portia/ros2Bot_ws/src/DynamixelSDK) by extensions ['cmake', 'python']
[2.344s] Level 1:colcon.colcon_core.package_identification:_identify(/home/portia/ros2Bot_ws/src/DynamixelSDK) by extension 'cmake'
[2.345s] Level 1:colcon.colcon_core.package_identification:_identify(/home/portia/ros2Bot_ws/src/DynamixelSDK) by extension 'python'
[2.346s] Level 1:colcon.colcon_core.package_identification:_identify(/home/portia/ros2Bot_ws/src/DynamixelSDK) by extensions ['python_setup_py']
[2.347s] Level 1:colcon.colcon_core.package_identification:_identify(/home/portia/ros2Bot_ws/src/DynamixelSDK) by extension 'python_setup_py'
[2.348s] Level 1:colcon.colcon_core.package_identification:_identify(/home/portia/ros2Bot_ws/src/hls_lfcd_lds_driver) by extensions ['ignore', 'ignore_ament_install']
[2.349s] Level 1:colcon.colcon_core.package_identification:_identify(/home/portia/ros2Bot_ws/src/hls_lfcd_lds_driver) by extension 'ignore'
[2.350s] Level 1:colcon.colcon_core.package_identification:_identify(/home/portia/ros2Bot_ws/src/hls_lfcd_lds_driver) by extension 'ignore_ament_install'
[2.350s] Level 1:colcon.colcon_core.package_identification:_identify(/home/portia/ros2Bot_ws/src/hls_lfcd_lds_driver) by extensions ['colcon_pkg']
[2.351s] Level 1:colcon.colcon_core.package_identification:_identify(/home/portia/ros2Bot_ws/src/hls_lfcd_lds_driver) by extension 'colcon_pkg'
[2.352s] Level 1:colcon.colcon_core.package_identification:_identify(/home/portia/ros2Bot_ws/src/hls_lfcd_lds_driver) by extensions ['colcon_meta']
[2.352s] Level 1:colcon.colcon_core.package_identification:_identify(/home/portia/ros2Bot_ws/src/hls_lfcd_lds_driver) by extension 'colcon_meta'
[2.353s] Level 1:colcon.colcon_core.package_identification:_identify(/home/portia/ros2Bot_ws/src/hls_lfcd_lds_driver) by extensions ['ros']
[2.354s] Level 1:colcon.colcon_core.package_identification:_identify(/home/portia/ros2Bot_ws/src/hls_lfcd_lds_driver) by extension 'ros'
[2.354s] Level 1:colcon.colcon_core.package_identification:_identify(/home/portia/ros2Bot_ws/src/hls_lfcd_lds_driver) by extensions ['cmake', 'python']
[2.355s] Level 1:colcon.colcon_core.package_identification:_identify(/home/portia/ros2Bot_ws/src/hls_lfcd_lds_driver) by extension 'cmake'
[2.356s] Level 1:colcon.colcon_core.package_identification:_identify(/home/portia/ros2Bot_ws/src/hls_lfcd_lds_driver) by extension 'python'
[2.357s] Level 1:colcon.colcon_core.package_identification:_identify(/home/portia/ros2Bot_ws/src/hls_lfcd_lds_driver) by extensions ['python_setup_py']
[2.358s] Level 1:colcon.colcon_core.package_identification:_identify(/home/portia/ros2Bot_ws/src/hls_lfcd_lds_driver) by extension 'python_setup_py'
[2.359s] Level 1:colcon.colcon_core.package_identification:_identify(/home/portia/ros2Bot_ws/src/image_pipeline) by extensions ['ignore', 'ignore_ament_install']
[2.359s] Level 1:colcon.colcon_core.package_identification:_identify(/home/portia/ros2Bot_ws/src/image_pipeline) by extension 'ignore'
[2.361s] Level 1:colcon.colcon_core.package_identification:_identify(/home/portia/ros2Bot_ws/src/image_pipeline) by extension 'ignore_ament_install'
[2.361s] Level 1:colcon.colcon_core.package_identification:_identify(/home/portia/ros2Bot_ws/src/image_pipeline) by extensions ['colcon_pkg']
[2.362s] Level 1:colcon.colcon_core.package_identification:_identify(/home/portia/ros2Bot_ws/src/image_pipeline) by extension 'colcon_pkg'
[2.363s] Level 1:colcon.colcon_core.package_identification:_identify(/home/portia/ros2Bot_ws/src/image_pipeline) by extensions ['colcon_meta']
[2.363s] Level 1:colcon.colcon_core.package_identification:_identify(/home/portia/ros2Bot_ws/src/image_pipeline) by extension 'colcon_meta'
[2.364s] Level 1:colcon.colcon_core.package_identification:_identify(/home/portia/ros2Bot_ws/src/image_pipeline) by extensions ['ros']
[2.365s] Level 1:colcon.colcon_core.package_identification:_identify(/home/portia/ros2Bot_ws/src/image_pipeline) by extension 'ros'
[2.365s] Level 1:colcon.colcon_core.package_identification:_identify(/home/portia/ros2Bot_ws/src/image_pipeline) by extensions ['cmake', 'python']
[2.366s] Level 1:colcon.colcon_core.package_identification:_identify(/home/portia/ros2Bot_ws/src/image_pipeline) by extension 'cmake'
[2.367s] Level 1:colcon.colcon_core.package_identification:_identify(/home/portia/ros2Bot_ws/src/image_pipeline) by extension 'python'
[2.368s] Level 1:colcon.colcon_core.package_identification:_identify(/home/portia/ros2Bot_ws/src/image_pipeline) by extensions ['python_setup_py']
[2.369s] Level 1:colcon.colcon_core.package_identification:_identify(/home/portia/ros2Bot_ws/src/image_pipeline) by extension 'python_setup_py'
[2.370s] Level 1:colcon.colcon_core.package_identification:_identify(/home/portia/ros2Bot_ws/src/turtlebot3) by extensions ['ignore', 'ignore_ament_install']
[2.371s] Level 1:colcon.colcon_core.package_identification:_identify(/home/portia/ros2Bot_ws/src/turtlebot3) by extension 'ignore'
[2.371s] Level 1:colcon.colcon_core.package_identification:_identify(/home/portia/ros2Bot_ws/src/turtlebot3) by extension 'ignore_ament_install'
[2.372s] Level 1:colcon.colcon_core.package_identification:_identify(/home/portia/ros2Bot_ws/src/turtlebot3) by extensions ['colcon_pkg']
[2.373s] Level 1:colcon.colcon_core.package_identification:_identify(/home/portia/ros2Bot_ws/src/turtlebot3) by extension 'colcon_pkg'
[2.374s] Level 1:colcon.colcon_core.package_identification:_identify(/home/portia/ros2Bot_ws/src/turtlebot3) by extensions ['colcon_meta']
[2.374s] Level 1:colcon.colcon_core.package_identification:_identify(/home/portia/ros2Bot_ws/src/turtlebot3) by extension 'colcon_meta'
[2.375s] Level 1:colcon.colcon_core.package_identification:_identify(/home/portia/ros2Bot_ws/src/turtlebot3) by extensions ['ros']
[2.375s] Level 1:colcon.colcon_core.package_identification:_identify(/home/portia/ros2Bot_ws/src/turtlebot3) by extension 'ros'
[2.376s] Level 1:colcon.colcon_core.package_identification:_identify(/home/portia/ros2Bot_ws/src/turtlebot3) by extensions ['cmake', 'python']
[2.377s] Level 1:colcon.colcon_core.package_identification:_identify(/home/portia/ros2Bot_ws/src/turtlebot3) by extension 'cmake'
[2.378s] Level 1:colcon.colcon_core.package_identification:_identify(/home/portia/ros2Bot_ws/src/turtlebot3) by extension 'python'
[2.379s] Level 1:colcon.colcon_core.package_identification:_identify(/home/portia/ros2Bot_ws/src/turtlebot3) by extensions ['python_setup_py']
[2.379s] Level 1:colcon.colcon_core.package_identification:_identify(/home/portia/ros2Bot_ws/src/turtlebot3) by extension 'python_setup_py'
[2.381s] Level 1:colcon.colcon_core.package_identification:_identify(/home/portia/ros2Bot_ws/src/turtlebot3_msgs) by extensions ['ignore', 'ignore_ament_install']
[2.381s] Level 1:colcon.colcon_core.package_identification:_identify(/home/portia/ros2Bot_ws/src/turtlebot3_msgs) by extension 'ignore'
[2.382s] Level 1:colcon.colcon_core.package_identification:_identify(/home/portia/ros2Bot_ws/src/turtlebot3_msgs) by extension 'ignore_ament_install'
[2.383s] Level 1:colcon.colcon_core.package_identification:_identify(/home/portia/ros2Bot_ws/src/turtlebot3_msgs) by extensions ['colcon_pkg']
[2.384s] Level 1:colcon.colcon_core.package_identification:_identify(/home/portia/ros2Bot_ws/src/turtlebot3_msgs) by extension 'colcon_pkg'
[2.385s] Level 1:colcon.colcon_core.package_identification:_identify(/home/portia/ros2Bot_ws/src/turtlebot3_msgs) by extensions ['colcon_meta']
[2.385s] Level 1:colcon.colcon_core.package_identification:_identify(/home/portia/ros2Bot_ws/src/turtlebot3_msgs) by extension 'colcon_meta'
[2.386s] Level 1:colcon.colcon_core.package_identification:_identify(/home/portia/ros2Bot_ws/src/turtlebot3_msgs) by extensions ['ros']
[2.386s] Level 1:colcon.colcon_core.package_identification:_identify(/home/portia/ros2Bot_ws/src/turtlebot3_msgs) by extension 'ros'
[2.387s] Level 1:colcon.colcon_core.package_identification:_identify(/home/portia/ros2Bot_ws/src/turtlebot3_msgs) by extensions ['cmake', 'python']
[2.388s] Level 1:colcon.colcon_core.package_identification:_identify(/home/portia/ros2Bot_ws/src/turtlebot3_msgs) by extension 'cmake'
[2.389s] Level 1:colcon.colcon_core.package_identification:_identify(/home/portia/ros2Bot_ws/src/turtlebot3_msgs) by extension 'python'
[2.390s] Level 1:colcon.colcon_core.package_identification:_identify(/home/portia/ros2Bot_ws/src/turtlebot3_msgs) by extensions ['python_setup_py']
[2.391s] Level 1:colcon.colcon_core.package_identification:_identify(/home/portia/ros2Bot_ws/src/turtlebot3_msgs) by extension 'python_setup_py'
[2.392s] Level 1:colcon.colcon_core.package_identification:_identify(/home/portia/ros2Bot_ws/src/vision_opencv) by extensions ['ignore', 'ignore_ament_install']
[2.393s] Level 1:colcon.colcon_core.package_identification:_identify(/home/portia/ros2Bot_ws/src/vision_opencv) by extension 'ignore'
[2.394s] Level 1:colcon.colcon_core.package_identification:_identify(/home/portia/ros2Bot_ws/src/vision_opencv) by extension 'ignore_ament_install'
[2.394s] Level 1:colcon.colcon_core.package_identification:_identify(/home/portia/ros2Bot_ws/src/vision_opencv) by extensions ['colcon_pkg']
[2.395s] Level 1:colcon.colcon_core.package_identification:_identify(/home/portia/ros2Bot_ws/src/vision_opencv) by extension 'colcon_pkg'
[2.396s] Level 1:colcon.colcon_core.package_identification:_identify(/home/portia/ros2Bot_ws/src/vision_opencv) by extensions ['colcon_meta']
[2.397s] Level 1:colcon.colcon_core.package_identification:_identify(/home/portia/ros2Bot_ws/src/vision_opencv) by extension 'colcon_meta'
[2.397s] Level 1:colcon.colcon_core.package_identification:_identify(/home/portia/ros2Bot_ws/src/vision_opencv) by extensions ['ros']
[2.398s] Level 1:colcon.colcon_core.package_identification:_identify(/home/portia/ros2Bot_ws/src/vision_opencv) by extension 'ros'
[2.398s] Level 1:colcon.colcon_core.package_identification:_identify(/home/portia/ros2Bot_ws/src/vision_opencv) by extensions ['cmake', 'python']
[2.399s] Level 1:colcon.colcon_core.package_identification:_identify(/home/portia/ros2Bot_ws/src/vision_opencv) by extension 'cmake'
[2.400s] Level 1:colcon.colcon_core.package_identification:_identify(/home/portia/ros2Bot_ws/src/vision_opencv) by extension 'python'
[2.401s] Level 1:colcon.colcon_core.package_identification:_identify(/home/portia/ros2Bot_ws/src/vision_opencv) by extensions ['python_setup_py']
[2.402s] Level 1:colcon.colcon_core.package_identification:_identify(/home/portia/ros2Bot_ws/src/vision_opencv) by extension 'python_setup_py'
[2.402s] Level 1:colcon.colcon_core.package_discovery:discover_packages(recursive) using defaults
[2.443s] INFO:colcon.colcon_core.executor:Executing jobs using 'parallel' executor
[2.446s] DEBUG:colcon.colcon_parallel_executor.executor.parallel:run_until_complete
[2.448s] DEBUG:colcon.colcon_parallel_executor.executor.parallel:closing loop
[2.449s] DEBUG:colcon.colcon_parallel_executor.executor.parallel:loop closed
[2.449s] DEBUG:colcon.colcon_parallel_executor.executor.parallel:run_until_complete finished with '0'
[2.449s] DEBUG:colcon.colcon_core.event_reactor:joining thread
[2.503s] INFO:colcon.colcon_core.plugin_system:Skipping extension 'colcon_notification.desktop_notification.notify_send': Could not find 'notify-send'
[2.505s] INFO:colcon.colcon_core.plugin_system:Skipping extension 'colcon_notification.desktop_notification.terminal_notifier': Not used on non-Darwin systems
[2.505s] INFO:colcon.colcon_core.plugin_system:Skipping extension 'colcon_notification.desktop_notification.win32': Not used on non-Windows systems
[2.506s] INFO:colcon.colcon_notification.desktop_notification:Sending desktop notification using 'notify2'
[2.506s] DEBUG:colcon.colcon_notification.desktop_notification.notify2:Failed to initialize notify2: org.freedesktop.DBus.Error.NotSupported: Unable to autolaunch a dbus-daemon without a $DISPLAY for X11
[2.507s] DEBUG:colcon.colcon_core.event_reactor:joined thread
[2.568s] INFO:colcon.colcon_core.plugin_system:Skipping extension 'colcon_core.shell.bat': Not used on non-Windows systems
[2.570s] INFO:colcon.colcon_core.shell:Creating prefix script '/home/portia/ros2Bot_ws/install/local_setup.ps1'
[2.581s] INFO:colcon.colcon_core.shell:Creating prefix util module '/home/portia/ros2Bot_ws/install/_local_setup_util_ps1.py'
[2.598s] INFO:colcon.colcon_core.shell:Creating prefix chain script '/home/portia/ros2Bot_ws/install/setup.ps1'
[2.670s] INFO:colcon.colcon_core.shell:Creating prefix script '/home/portia/ros2Bot_ws/install/local_setup.sh'
[2.679s] INFO:colcon.colcon_core.shell:Creating prefix util module '/home/portia/ros2Bot_ws/install/_local_setup_util_sh.py'
[2.682s] INFO:colcon.colcon_core.shell:Creating prefix chain script '/home/portia/ros2Bot_ws/install/setup.sh'
[2.715s] INFO:colcon.colcon_core.shell:Creating prefix script '/home/portia/ros2Bot_ws/install/local_setup.bash'
[2.725s] INFO:colcon.colcon_core.shell:Creating prefix chain script '/home/portia/ros2Bot_ws/install/setup.bash'
[2.757s] INFO:colcon.colcon_core.shell:Creating prefix script '/home/portia/ros2Bot_ws/install/local_setup.zsh'
[2.766s] INFO:colcon.colcon_core.shell:Creating prefix chain script '/home/portia/ros2Bot_ws/install/setup.zsh'
