-- Found ament_cmake: 0.7.3 (/opt/ros/dashing/share/ament_cmake/cmake)
-- Using PYTHON_EXECUTABLE: /usr/bin/python3
-- Override CMake install command with custom implementation using symlinks instead of copying resources
-- Found cv_bridge: 2.1.2 (/home/portia/ros2Bot_ws/install/cv_bridge/share/cv_bridge/cmake)
-- Found class_loader: 1.3.2 (/opt/ros/dashing/share/class_loader/cmake)
-- Found poco_vendor:  (/opt/ros/dashing/share/poco_vendor/cmake)
-- Found rclcpp_components: 0.7.11 (/opt/ros/dashing/share/rclcpp_components/cmake)
-- Found rosidl_adapter: 0.7.7 (/opt/ros/dashing/share/rosidl_adapter/cmake)
-- Found rmw_implementation_cmake: 0.7.2 (/opt/ros/dashing/share/rmw_implementation_cmake/cmake)
-- Found image_transport: 2.1.1 (/opt/ros/dashing/share/image_transport/cmake)
-- Found tinyxml2_vendor:  (/opt/ros/dashing/share/tinyxml2_vendor/cmake)
-- Found tf2: 0.11.5 (/opt/ros/dashing/share/tf2/cmake)
-- Found tf2_ros: 0.11.5 (/opt/ros/dashing/share/tf2_ros/cmake)
-- Found tf2_geometry_msgs: 0.11.5 (/opt/ros/dashing/share/tf2_geometry_msgs/cmake)
-- Found ament_lint_auto: 0.7.11 (/opt/ros/dashing/share/ament_lint_auto/cmake)
-- Added test 'copyright' to check for copyright in CMake / C / C++ / Python code
-- Added test 'cppcheck' to perform static code analysis on C / C++ code
-- Configured cppcheck include dirs: /home/portia/ros2Bot_ws/src/image_pipeline/image_rotate/include
-- Added test 'cpplint' to check C / C++ code against the Google style
-- Added test 'flake8' to check Python code syntax and style conventions
-- Added test 'lint_cmake' to check CMake code style
-- Added test 'pep257' to check Python code against some of the style conventions in PEP 257
-- Added test 'uncrustify' to check C / C++ code style
-- Added test 'xmllint' to check XML markup files
-- Configuring done
-- Generating done
-- Build files have been written to: /home/portia/ros2Bot_ws/build/image_rotate
[35m[1mScanning dependencies of target image_rotate[0m
[ 25%] [32mBuilding CXX object CMakeFiles/image_rotate.dir/src/image_rotate_node.cpp.o[0m
[ 50%] [32m[1mLinking CXX shared library libimage_rotate.so[0m
[ 50%] Built target image_rotate
[ 75%] [32m[1mLinking CXX executable image_rotate[0m
[100%] Built target image_rotate_bin
[ 50%] Built target image_rotate
[100%] Built target image_rotate_bin
[36mInstall the project...[0m
-- Install configuration: ""
-- Execute custom install script
-- Up-to-date symlink: /home/portia/ros2Bot_ws/install/image_rotate/lib/libimage_rotate.so
-- Up-to-date symlink: /home/portia/ros2Bot_ws/install/image_rotate/lib/image_rotate/image_rotate
-- Symlinking: /home/portia/ros2Bot_ws/install/image_rotate/share/image_rotate//launch/image_rotate.launch.py
-- Up-to-date symlink: /home/portia/ros2Bot_ws/install/image_rotate/share/ament_index/resource_index/package_run_dependencies/image_rotate
-- Up-to-date symlink: /home/portia/ros2Bot_ws/install/image_rotate/share/ament_index/resource_index/parent_prefix_path/image_rotate
-- Up-to-date symlink: /home/portia/ros2Bot_ws/install/image_rotate/share/image_rotate/environment/ament_prefix_path.sh
-- Up-to-date symlink: /home/portia/ros2Bot_ws/install/image_rotate/share/image_rotate/environment/path.sh
-- Up-to-date symlink: /home/portia/ros2Bot_ws/install/image_rotate/share/image_rotate/local_setup.bash
-- Up-to-date symlink: /home/portia/ros2Bot_ws/install/image_rotate/share/image_rotate/local_setup.sh
-- Up-to-date symlink: /home/portia/ros2Bot_ws/install/image_rotate/share/image_rotate/local_setup.zsh
-- Up-to-date symlink: /home/portia/ros2Bot_ws/install/image_rotate/share/ament_index/resource_index/packages/image_rotate
-- Up-to-date symlink: /home/portia/ros2Bot_ws/install/image_rotate/share/ament_index/resource_index/rclcpp_components/image_rotate
-- Up-to-date symlink: /home/portia/ros2Bot_ws/install/image_rotate/share/image_rotate/cmake/image_rotateConfig.cmake
-- Up-to-date symlink: /home/portia/ros2Bot_ws/install/image_rotate/share/image_rotate/cmake/image_rotateConfig-version.cmake
-- Up-to-date symlink: /home/portia/ros2Bot_ws/install/image_rotate/share/image_rotate/package.xml
