[1.723s] DEBUG:colcon:Command line arguments: ['/usr/bin/colcon', 'build', '--symlink-install', '--packages-select', 'usb_cam']
[1.723s] DEBUG:colcon:Parsed command line arguments: Namespace(ament_cmake_args=None, base_paths='.', build_base='build', catkin_cmake_args=None, catkin_skip_building_tests=False, cmake_args=None, cmake_clean_cache=False, cmake_clean_first=False, cmake_force_configure=False, cmake_target=None, cmake_target_skip_unavailable=False, continue_on_error=False, event_handlers=None, executor='parallel', ignore_user_meta=False, install_base='install', log_base='log', log_level=None, main=<bound method BuildVerb.main of <colcon_core.verb.build.BuildVerb object at 0xffff98db75c0>>, merge_install=False, metas='./colcon.meta', packages_above=None, packages_above_depth=None, packages_end=None, packages_ignore=None, packages_ignore_regex=None, packages_select=['usb_cam'], packages_select_build_failed=False, packages_select_by_dep=None, packages_select_regex=None, packages_select_test_failures=False, packages_skip=None, packages_skip_build_finished=False, packages_skip_by_dep=None, packages_skip_regex=None, packages_skip_test_passed=False, packages_skip_up_to=None, packages_start=None, packages_up_to=None, parallel_workers=4, paths=None, symlink_install=True, test_result_base=None, verb_extension=<colcon_core.verb.build.BuildVerb object at 0xffff98db75c0>, verb_name='build', verb_parser=<colcon_defaults.argument_parser.defaults.DefaultArgumentsDecorator object at 0xffff98db78d0>)
[2.201s] Level 1:colcon.colcon_core.package_discovery:discover_packages(colcon_meta) check parameters
[2.204s] Level 1:colcon.colcon_core.package_discovery:discover_packages(recursive) check parameters
[2.204s] Level 1:colcon.colcon_core.package_discovery:discover_packages(ignore) check parameters
[2.204s] Level 1:colcon.colcon_core.package_discovery:discover_packages(path) check parameters
[2.205s] Level 1:colcon.colcon_core.package_discovery:discover_packages(recursive) discover
[2.207s] INFO:colcon.colcon_core.package_discovery:Crawling recursively for packages in '/home/portia/ros2Bot_ws'
[2.208s] Level 1:colcon.colcon_core.package_identification:_identify(/home/portia/ros2Bot_ws) by extensions ['ignore', 'ignore_ament_install']
[2.210s] Level 1:colcon.colcon_core.package_identification:_identify(/home/portia/ros2Bot_ws) by extension 'ignore'
[2.211s] Level 1:colcon.colcon_core.package_identification:_identify(/home/portia/ros2Bot_ws) by extension 'ignore_ament_install'
[2.212s] Level 1:colcon.colcon_core.package_identification:_identify(/home/portia/ros2Bot_ws) by extensions ['colcon_pkg']
[2.213s] Level 1:colcon.colcon_core.package_identification:_identify(/home/portia/ros2Bot_ws) by extension 'colcon_pkg'
[2.213s] Level 1:colcon.colcon_core.package_identification:_identify(/home/portia/ros2Bot_ws) by extensions ['colcon_meta']
[2.214s] Level 1:colcon.colcon_core.package_identification:_identify(/home/portia/ros2Bot_ws) by extension 'colcon_meta'
[2.214s] Level 1:colcon.colcon_core.package_identification:_identify(/home/portia/ros2Bot_ws) by extensions ['ros']
[2.215s] Level 1:colcon.colcon_core.package_identification:_identify(/home/portia/ros2Bot_ws) by extension 'ros'
[2.313s] Level 1:colcon.colcon_core.package_identification:_identify(/home/portia/ros2Bot_ws) by extensions ['cmake', 'python']
[2.314s] Level 1:colcon.colcon_core.package_identification:_identify(/home/portia/ros2Bot_ws) by extension 'cmake'
[2.315s] Level 1:colcon.colcon_core.package_identification:_identify(/home/portia/ros2Bot_ws) by extension 'python'
[2.316s] Level 1:colcon.colcon_core.package_identification:_identify(/home/portia/ros2Bot_ws) by extensions ['python_setup_py']
[2.316s] Level 1:colcon.colcon_core.package_identification:_identify(/home/portia/ros2Bot_ws) by extension 'python_setup_py'
[2.318s] Level 1:colcon.colcon_core.package_identification:_identify(/home/portia/ros2Bot_ws/build) by extensions ['ignore', 'ignore_ament_install']
[2.319s] Level 1:colcon.colcon_core.package_identification:_identify(/home/portia/ros2Bot_ws/build) by extension 'ignore'
[2.319s] Level 1:colcon.colcon_core.package_identification:_identify(/home/portia/ros2Bot_ws/build) ignored
[2.322s] Level 1:colcon.colcon_core.package_identification:_identify(/home/portia/ros2Bot_ws/install) by extensions ['ignore', 'ignore_ament_install']
[2.323s] Level 1:colcon.colcon_core.package_identification:_identify(/home/portia/ros2Bot_ws/install) by extension 'ignore'
[2.324s] Level 1:colcon.colcon_core.package_identification:_identify(/home/portia/ros2Bot_ws/install) ignored
[2.325s] Level 1:colcon.colcon_core.package_identification:_identify(/home/portia/ros2Bot_ws/log) by extensions ['ignore', 'ignore_ament_install']
[2.326s] Level 1:colcon.colcon_core.package_identification:_identify(/home/portia/ros2Bot_ws/log) by extension 'ignore'
[2.326s] Level 1:colcon.colcon_core.package_identification:_identify(/home/portia/ros2Bot_ws/log) ignored
[2.331s] Level 1:colcon.colcon_core.package_identification:_identify(/home/portia/ros2Bot_ws/src) by extensions ['ignore', 'ignore_ament_install']
[2.332s] Level 1:colcon.colcon_core.package_identification:_identify(/home/portia/ros2Bot_ws/src) by extension 'ignore'
[2.333s] Level 1:colcon.colcon_core.package_identification:_identify(/home/portia/ros2Bot_ws/src) by extension 'ignore_ament_install'
[2.334s] Level 1:colcon.colcon_core.package_identification:_identify(/home/portia/ros2Bot_ws/src) by extensions ['colcon_pkg']
[2.334s] Level 1:colcon.colcon_core.package_identification:_identify(/home/portia/ros2Bot_ws/src) by extension 'colcon_pkg'
[2.335s] Level 1:colcon.colcon_core.package_identification:_identify(/home/portia/ros2Bot_ws/src) by extensions ['colcon_meta']
[2.336s] Level 1:colcon.colcon_core.package_identification:_identify(/home/portia/ros2Bot_ws/src) by extension 'colcon_meta'
[2.336s] Level 1:colcon.colcon_core.package_identification:_identify(/home/portia/ros2Bot_ws/src) by extensions ['ros']
[2.337s] Level 1:colcon.colcon_core.package_identification:_identify(/home/portia/ros2Bot_ws/src) by extension 'ros'
[2.338s] Level 1:colcon.colcon_core.package_identification:_identify(/home/portia/ros2Bot_ws/src) by extensions ['cmake', 'python']
[2.339s] Level 1:colcon.colcon_core.package_identification:_identify(/home/portia/ros2Bot_ws/src) by extension 'cmake'
[2.340s] Level 1:colcon.colcon_core.package_identification:_identify(/home/portia/ros2Bot_ws/src) by extension 'python'
[2.340s] Level 1:colcon.colcon_core.package_identification:_identify(/home/portia/ros2Bot_ws/src) by extensions ['python_setup_py']
[2.341s] Level 1:colcon.colcon_core.package_identification:_identify(/home/portia/ros2Bot_ws/src) by extension 'python_setup_py'
[2.346s] Level 1:colcon.colcon_core.package_identification:_identify(/home/portia/ros2Bot_ws/src/DynamixelSDK) by extensions ['ignore', 'ignore_ament_install']
[2.347s] Level 1:colcon.colcon_core.package_identification:_identify(/home/portia/ros2Bot_ws/src/DynamixelSDK) by extension 'ignore'
[2.348s] Level 1:colcon.colcon_core.package_identification:_identify(/home/portia/ros2Bot_ws/src/DynamixelSDK) by extension 'ignore_ament_install'
[2.348s] Level 1:colcon.colcon_core.package_identification:_identify(/home/portia/ros2Bot_ws/src/DynamixelSDK) by extensions ['colcon_pkg']
[2.349s] Level 1:colcon.colcon_core.package_identification:_identify(/home/portia/ros2Bot_ws/src/DynamixelSDK) by extension 'colcon_pkg'
[2.350s] Level 1:colcon.colcon_core.package_identification:_identify(/home/portia/ros2Bot_ws/src/DynamixelSDK) by extensions ['colcon_meta']
[2.351s] Level 1:colcon.colcon_core.package_identification:_identify(/home/portia/ros2Bot_ws/src/DynamixelSDK) by extension 'colcon_meta'
[2.351s] Level 1:colcon.colcon_core.package_identification:_identify(/home/portia/ros2Bot_ws/src/DynamixelSDK) by extensions ['ros']
[2.352s] Level 1:colcon.colcon_core.package_identification:_identify(/home/portia/ros2Bot_ws/src/DynamixelSDK) by extension 'ros'
[2.353s] Level 1:colcon.colcon_core.package_identification:_identify(/home/portia/ros2Bot_ws/src/DynamixelSDK) by extensions ['cmake', 'python']
[2.354s] Level 1:colcon.colcon_core.package_identification:_identify(/home/portia/ros2Bot_ws/src/DynamixelSDK) by extension 'cmake'
[2.355s] Level 1:colcon.colcon_core.package_identification:_identify(/home/portia/ros2Bot_ws/src/DynamixelSDK) by extension 'python'
[2.355s] Level 1:colcon.colcon_core.package_identification:_identify(/home/portia/ros2Bot_ws/src/DynamixelSDK) by extensions ['python_setup_py']
[2.356s] Level 1:colcon.colcon_core.package_identification:_identify(/home/portia/ros2Bot_ws/src/DynamixelSDK) by extension 'python_setup_py'
[2.361s] Level 1:colcon.colcon_core.package_identification:_identify(/home/portia/ros2Bot_ws/src/DynamixelSDK/dynamixel_sdk) by extensions ['ignore', 'ignore_ament_install']
[2.362s] Level 1:colcon.colcon_core.package_identification:_identify(/home/portia/ros2Bot_ws/src/DynamixelSDK/dynamixel_sdk) by extension 'ignore'
[2.363s] Level 1:colcon.colcon_core.package_identification:_identify(/home/portia/ros2Bot_ws/src/DynamixelSDK/dynamixel_sdk) by extension 'ignore_ament_install'
[2.364s] Level 1:colcon.colcon_core.package_identification:_identify(/home/portia/ros2Bot_ws/src/DynamixelSDK/dynamixel_sdk) by extensions ['colcon_pkg']
[2.365s] Level 1:colcon.colcon_core.package_identification:_identify(/home/portia/ros2Bot_ws/src/DynamixelSDK/dynamixel_sdk) by extension 'colcon_pkg'
[2.365s] Level 1:colcon.colcon_core.package_identification:_identify(/home/portia/ros2Bot_ws/src/DynamixelSDK/dynamixel_sdk) by extensions ['colcon_meta']
[2.366s] Level 1:colcon.colcon_core.package_identification:_identify(/home/portia/ros2Bot_ws/src/DynamixelSDK/dynamixel_sdk) by extension 'colcon_meta'
[2.367s] Level 1:colcon.colcon_core.package_identification:_identify(/home/portia/ros2Bot_ws/src/DynamixelSDK/dynamixel_sdk) by extensions ['ros']
[2.367s] Level 1:colcon.colcon_core.package_identification:_identify(/home/portia/ros2Bot_ws/src/DynamixelSDK/dynamixel_sdk) by extension 'ros'
[2.394s] DEBUG:colcon.colcon_core.package_identification:Package '/home/portia/ros2Bot_ws/src/DynamixelSDK/dynamixel_sdk' with type 'ros.ament_cmake' and name 'dynamixel_sdk'
[2.399s] Level 1:colcon.colcon_core.package_identification:_identify(/home/portia/ros2Bot_ws/src/hls_lfcd_lds_driver) by extensions ['ignore', 'ignore_ament_install']
[2.400s] Level 1:colcon.colcon_core.package_identification:_identify(/home/portia/ros2Bot_ws/src/hls_lfcd_lds_driver) by extension 'ignore'
[2.401s] Level 1:colcon.colcon_core.package_identification:_identify(/home/portia/ros2Bot_ws/src/hls_lfcd_lds_driver) by extension 'ignore_ament_install'
[2.402s] Level 1:colcon.colcon_core.package_identification:_identify(/home/portia/ros2Bot_ws/src/hls_lfcd_lds_driver) by extensions ['colcon_pkg']
[2.403s] Level 1:colcon.colcon_core.package_identification:_identify(/home/portia/ros2Bot_ws/src/hls_lfcd_lds_driver) by extension 'colcon_pkg'
[2.404s] Level 1:colcon.colcon_core.package_identification:_identify(/home/portia/ros2Bot_ws/src/hls_lfcd_lds_driver) by extensions ['colcon_meta']
[2.404s] Level 1:colcon.colcon_core.package_identification:_identify(/home/portia/ros2Bot_ws/src/hls_lfcd_lds_driver) by extension 'colcon_meta'
[2.405s] Level 1:colcon.colcon_core.package_identification:_identify(/home/portia/ros2Bot_ws/src/hls_lfcd_lds_driver) by extensions ['ros']
[2.405s] Level 1:colcon.colcon_core.package_identification:_identify(/home/portia/ros2Bot_ws/src/hls_lfcd_lds_driver) by extension 'ros'
[2.417s] DEBUG:colcon.colcon_core.package_identification:Package '/home/portia/ros2Bot_ws/src/hls_lfcd_lds_driver' with type 'ros.ament_cmake' and name 'hls_lfcd_lds_driver'
[2.422s] Level 1:colcon.colcon_core.package_identification:_identify(/home/portia/ros2Bot_ws/src/image_pipeline) by extensions ['ignore', 'ignore_ament_install']
[2.423s] Level 1:colcon.colcon_core.package_identification:_identify(/home/portia/ros2Bot_ws/src/image_pipeline) by extension 'ignore'
[2.424s] Level 1:colcon.colcon_core.package_identification:_identify(/home/portia/ros2Bot_ws/src/image_pipeline) by extension 'ignore_ament_install'
[2.424s] Level 1:colcon.colcon_core.package_identification:_identify(/home/portia/ros2Bot_ws/src/image_pipeline) by extensions ['colcon_pkg']
[2.425s] Level 1:colcon.colcon_core.package_identification:_identify(/home/portia/ros2Bot_ws/src/image_pipeline) by extension 'colcon_pkg'
[2.426s] Level 1:colcon.colcon_core.package_identification:_identify(/home/portia/ros2Bot_ws/src/image_pipeline) by extensions ['colcon_meta']
[2.427s] Level 1:colcon.colcon_core.package_identification:_identify(/home/portia/ros2Bot_ws/src/image_pipeline) by extension 'colcon_meta'
[2.427s] Level 1:colcon.colcon_core.package_identification:_identify(/home/portia/ros2Bot_ws/src/image_pipeline) by extensions ['ros']
[2.428s] Level 1:colcon.colcon_core.package_identification:_identify(/home/portia/ros2Bot_ws/src/image_pipeline) by extension 'ros'
[2.429s] Level 1:colcon.colcon_core.package_identification:_identify(/home/portia/ros2Bot_ws/src/image_pipeline) by extensions ['cmake', 'python']
[2.430s] Level 1:colcon.colcon_core.package_identification:_identify(/home/portia/ros2Bot_ws/src/image_pipeline) by extension 'cmake'
[2.431s] Level 1:colcon.colcon_core.package_identification:_identify(/home/portia/ros2Bot_ws/src/image_pipeline) by extension 'python'
[2.431s] Level 1:colcon.colcon_core.package_identification:_identify(/home/portia/ros2Bot_ws/src/image_pipeline) by extensions ['python_setup_py']
[2.432s] Level 1:colcon.colcon_core.package_identification:_identify(/home/portia/ros2Bot_ws/src/image_pipeline) by extension 'python_setup_py'
[2.437s] Level 1:colcon.colcon_core.package_identification:_identify(/home/portia/ros2Bot_ws/src/image_pipeline/camera_calibration) by extensions ['ignore', 'ignore_ament_install']
[2.438s] Level 1:colcon.colcon_core.package_identification:_identify(/home/portia/ros2Bot_ws/src/image_pipeline/camera_calibration) by extension 'ignore'
[2.439s] Level 1:colcon.colcon_core.package_identification:_identify(/home/portia/ros2Bot_ws/src/image_pipeline/camera_calibration) ignored
[2.440s] Level 1:colcon.colcon_core.package_identification:_identify(/home/portia/ros2Bot_ws/src/image_pipeline/depth_image_proc) by extensions ['ignore', 'ignore_ament_install']
[2.441s] Level 1:colcon.colcon_core.package_identification:_identify(/home/portia/ros2Bot_ws/src/image_pipeline/depth_image_proc) by extension 'ignore'
[2.442s] Level 1:colcon.colcon_core.package_identification:_identify(/home/portia/ros2Bot_ws/src/image_pipeline/depth_image_proc) by extension 'ignore_ament_install'
[2.443s] Level 1:colcon.colcon_core.package_identification:_identify(/home/portia/ros2Bot_ws/src/image_pipeline/depth_image_proc) by extensions ['colcon_pkg']
[2.444s] Level 1:colcon.colcon_core.package_identification:_identify(/home/portia/ros2Bot_ws/src/image_pipeline/depth_image_proc) by extension 'colcon_pkg'
[2.444s] Level 1:colcon.colcon_core.package_identification:_identify(/home/portia/ros2Bot_ws/src/image_pipeline/depth_image_proc) by extensions ['colcon_meta']
[2.445s] Level 1:colcon.colcon_core.package_identification:_identify(/home/portia/ros2Bot_ws/src/image_pipeline/depth_image_proc) by extension 'colcon_meta'
[2.446s] Level 1:colcon.colcon_core.package_identification:_identify(/home/portia/ros2Bot_ws/src/image_pipeline/depth_image_proc) by extensions ['ros']
[2.446s] Level 1:colcon.colcon_core.package_identification:_identify(/home/portia/ros2Bot_ws/src/image_pipeline/depth_image_proc) by extension 'ros'
[2.455s] DEBUG:colcon.colcon_core.package_identification:Package '/home/portia/ros2Bot_ws/src/image_pipeline/depth_image_proc' with type 'ros.ament_cmake' and name 'depth_image_proc'
[2.457s] Level 1:colcon.colcon_core.package_identification:_identify(/home/portia/ros2Bot_ws/src/image_pipeline/image_pipeline) by extensions ['ignore', 'ignore_ament_install']
[2.459s] Level 1:colcon.colcon_core.package_identification:_identify(/home/portia/ros2Bot_ws/src/image_pipeline/image_pipeline) by extension 'ignore'
[2.460s] Level 1:colcon.colcon_core.package_identification:_identify(/home/portia/ros2Bot_ws/src/image_pipeline/image_pipeline) by extension 'ignore_ament_install'
[2.460s] Level 1:colcon.colcon_core.package_identification:_identify(/home/portia/ros2Bot_ws/src/image_pipeline/image_pipeline) by extensions ['colcon_pkg']
[2.461s] Level 1:colcon.colcon_core.package_identification:_identify(/home/portia/ros2Bot_ws/src/image_pipeline/image_pipeline) by extension 'colcon_pkg'
[2.462s] Level 1:colcon.colcon_core.package_identification:_identify(/home/portia/ros2Bot_ws/src/image_pipeline/image_pipeline) by extensions ['colcon_meta']
[2.463s] Level 1:colcon.colcon_core.package_identification:_identify(/home/portia/ros2Bot_ws/src/image_pipeline/image_pipeline) by extension 'colcon_meta'
[2.463s] Level 1:colcon.colcon_core.package_identification:_identify(/home/portia/ros2Bot_ws/src/image_pipeline/image_pipeline) by extensions ['ros']
[2.464s] Level 1:colcon.colcon_core.package_identification:_identify(/home/portia/ros2Bot_ws/src/image_pipeline/image_pipeline) by extension 'ros'
[2.474s] DEBUG:colcon.colcon_core.package_identification:Package '/home/portia/ros2Bot_ws/src/image_pipeline/image_pipeline' with type 'ros.ament_cmake' and name 'image_pipeline'
[2.479s] Level 1:colcon.colcon_core.package_identification:_identify(/home/portia/ros2Bot_ws/src/image_pipeline/image_proc) by extensions ['ignore', 'ignore_ament_install']
[2.480s] Level 1:colcon.colcon_core.package_identification:_identify(/home/portia/ros2Bot_ws/src/image_pipeline/image_proc) by extension 'ignore'
[2.481s] Level 1:colcon.colcon_core.package_identification:_identify(/home/portia/ros2Bot_ws/src/image_pipeline/image_proc) by extension 'ignore_ament_install'
[2.482s] Level 1:colcon.colcon_core.package_identification:_identify(/home/portia/ros2Bot_ws/src/image_pipeline/image_proc) by extensions ['colcon_pkg']
[2.483s] Level 1:colcon.colcon_core.package_identification:_identify(/home/portia/ros2Bot_ws/src/image_pipeline/image_proc) by extension 'colcon_pkg'
[2.483s] Level 1:colcon.colcon_core.package_identification:_identify(/home/portia/ros2Bot_ws/src/image_pipeline/image_proc) by extensions ['colcon_meta']
[2.484s] Level 1:colcon.colcon_core.package_identification:_identify(/home/portia/ros2Bot_ws/src/image_pipeline/image_proc) by extension 'colcon_meta'
[2.485s] Level 1:colcon.colcon_core.package_identification:_identify(/home/portia/ros2Bot_ws/src/image_pipeline/image_proc) by extensions ['ros']
[2.485s] Level 1:colcon.colcon_core.package_identification:_identify(/home/portia/ros2Bot_ws/src/image_pipeline/image_proc) by extension 'ros'
[2.499s] DEBUG:colcon.colcon_core.package_identification:Package '/home/portia/ros2Bot_ws/src/image_pipeline/image_proc' with type 'ros.ament_cmake' and name 'image_proc'
[2.504s] Level 1:colcon.colcon_core.package_identification:_identify(/home/portia/ros2Bot_ws/src/image_pipeline/image_publisher) by extensions ['ignore', 'ignore_ament_install']
[2.505s] Level 1:colcon.colcon_core.package_identification:_identify(/home/portia/ros2Bot_ws/src/image_pipeline/image_publisher) by extension 'ignore'
[2.506s] Level 1:colcon.colcon_core.package_identification:_identify(/home/portia/ros2Bot_ws/src/image_pipeline/image_publisher) by extension 'ignore_ament_install'
[2.507s] Level 1:colcon.colcon_core.package_identification:_identify(/home/portia/ros2Bot_ws/src/image_pipeline/image_publisher) by extensions ['colcon_pkg']
[2.508s] Level 1:colcon.colcon_core.package_identification:_identify(/home/portia/ros2Bot_ws/src/image_pipeline/image_publisher) by extension 'colcon_pkg'
[2.508s] Level 1:colcon.colcon_core.package_identification:_identify(/home/portia/ros2Bot_ws/src/image_pipeline/image_publisher) by extensions ['colcon_meta']
[2.509s] Level 1:colcon.colcon_core.package_identification:_identify(/home/portia/ros2Bot_ws/src/image_pipeline/image_publisher) by extension 'colcon_meta'
[2.509s] Level 1:colcon.colcon_core.package_identification:_identify(/home/portia/ros2Bot_ws/src/image_pipeline/image_publisher) by extensions ['ros']
[2.510s] Level 1:colcon.colcon_core.package_identification:_identify(/home/portia/ros2Bot_ws/src/image_pipeline/image_publisher) by extension 'ros'
[2.522s] DEBUG:colcon.colcon_core.package_identification:Package '/home/portia/ros2Bot_ws/src/image_pipeline/image_publisher' with type 'ros.ament_cmake' and name 'image_publisher'
[2.527s] Level 1:colcon.colcon_core.package_identification:_identify(/home/portia/ros2Bot_ws/src/image_pipeline/image_rotate) by extensions ['ignore', 'ignore_ament_install']
[2.528s] Level 1:colcon.colcon_core.package_identification:_identify(/home/portia/ros2Bot_ws/src/image_pipeline/image_rotate) by extension 'ignore'
[2.529s] Level 1:colcon.colcon_core.package_identification:_identify(/home/portia/ros2Bot_ws/src/image_pipeline/image_rotate) by extension 'ignore_ament_install'
[2.530s] Level 1:colcon.colcon_core.package_identification:_identify(/home/portia/ros2Bot_ws/src/image_pipeline/image_rotate) by extensions ['colcon_pkg']
[2.530s] Level 1:colcon.colcon_core.package_identification:_identify(/home/portia/ros2Bot_ws/src/image_pipeline/image_rotate) by extension 'colcon_pkg'
[2.531s] Level 1:colcon.colcon_core.package_identification:_identify(/home/portia/ros2Bot_ws/src/image_pipeline/image_rotate) by extensions ['colcon_meta']
[2.532s] Level 1:colcon.colcon_core.package_identification:_identify(/home/portia/ros2Bot_ws/src/image_pipeline/image_rotate) by extension 'colcon_meta'
[2.532s] Level 1:colcon.colcon_core.package_identification:_identify(/home/portia/ros2Bot_ws/src/image_pipeline/image_rotate) by extensions ['ros']
[2.533s] Level 1:colcon.colcon_core.package_identification:_identify(/home/portia/ros2Bot_ws/src/image_pipeline/image_rotate) by extension 'ros'
[2.548s] DEBUG:colcon.colcon_core.package_identification:Package '/home/portia/ros2Bot_ws/src/image_pipeline/image_rotate' with type 'ros.ament_cmake' and name 'image_rotate'
[2.552s] Level 1:colcon.colcon_core.package_identification:_identify(/home/portia/ros2Bot_ws/src/image_pipeline/image_view) by extensions ['ignore', 'ignore_ament_install']
[2.554s] Level 1:colcon.colcon_core.package_identification:_identify(/home/portia/ros2Bot_ws/src/image_pipeline/image_view) by extension 'ignore'
[2.554s] Level 1:colcon.colcon_core.package_identification:_identify(/home/portia/ros2Bot_ws/src/image_pipeline/image_view) ignored
[2.556s] Level 1:colcon.colcon_core.package_identification:_identify(/home/portia/ros2Bot_ws/src/image_pipeline/stereo_image_proc) by extensions ['ignore', 'ignore_ament_install']
[2.557s] Level 1:colcon.colcon_core.package_identification:_identify(/home/portia/ros2Bot_ws/src/image_pipeline/stereo_image_proc) by extension 'ignore'
[2.557s] Level 1:colcon.colcon_core.package_identification:_identify(/home/portia/ros2Bot_ws/src/image_pipeline/stereo_image_proc) ignored
[2.559s] Level 1:colcon.colcon_core.package_identification:_identify(/home/portia/ros2Bot_ws/src/image_pipeline/wiki_files) by extensions ['ignore', 'ignore_ament_install']
[2.561s] Level 1:colcon.colcon_core.package_identification:_identify(/home/portia/ros2Bot_ws/src/image_pipeline/wiki_files) by extension 'ignore'
[2.562s] Level 1:colcon.colcon_core.package_identification:_identify(/home/portia/ros2Bot_ws/src/image_pipeline/wiki_files) by extension 'ignore_ament_install'
[2.562s] Level 1:colcon.colcon_core.package_identification:_identify(/home/portia/ros2Bot_ws/src/image_pipeline/wiki_files) by extensions ['colcon_pkg']
[2.563s] Level 1:colcon.colcon_core.package_identification:_identify(/home/portia/ros2Bot_ws/src/image_pipeline/wiki_files) by extension 'colcon_pkg'
[2.564s] Level 1:colcon.colcon_core.package_identification:_identify(/home/portia/ros2Bot_ws/src/image_pipeline/wiki_files) by extensions ['colcon_meta']
[2.564s] Level 1:colcon.colcon_core.package_identification:_identify(/home/portia/ros2Bot_ws/src/image_pipeline/wiki_files) by extension 'colcon_meta'
[2.565s] Level 1:colcon.colcon_core.package_identification:_identify(/home/portia/ros2Bot_ws/src/image_pipeline/wiki_files) by extensions ['ros']
[2.565s] Level 1:colcon.colcon_core.package_identification:_identify(/home/portia/ros2Bot_ws/src/image_pipeline/wiki_files) by extension 'ros'
[2.567s] Level 1:colcon.colcon_core.package_identification:_identify(/home/portia/ros2Bot_ws/src/image_pipeline/wiki_files) by extensions ['cmake', 'python']
[2.568s] Level 1:colcon.colcon_core.package_identification:_identify(/home/portia/ros2Bot_ws/src/image_pipeline/wiki_files) by extension 'cmake'
[2.568s] Level 1:colcon.colcon_core.package_identification:_identify(/home/portia/ros2Bot_ws/src/image_pipeline/wiki_files) by extension 'python'
[2.569s] Level 1:colcon.colcon_core.package_identification:_identify(/home/portia/ros2Bot_ws/src/image_pipeline/wiki_files) by extensions ['python_setup_py']
[2.570s] Level 1:colcon.colcon_core.package_identification:_identify(/home/portia/ros2Bot_ws/src/image_pipeline/wiki_files) by extension 'python_setup_py'
[2.575s] Level 1:colcon.colcon_core.package_identification:_identify(/home/portia/ros2Bot_ws/src/turtlebot3) by extensions ['ignore', 'ignore_ament_install']
[2.576s] Level 1:colcon.colcon_core.package_identification:_identify(/home/portia/ros2Bot_ws/src/turtlebot3) by extension 'ignore'
[2.577s] Level 1:colcon.colcon_core.package_identification:_identify(/home/portia/ros2Bot_ws/src/turtlebot3) by extension 'ignore_ament_install'
[2.578s] Level 1:colcon.colcon_core.package_identification:_identify(/home/portia/ros2Bot_ws/src/turtlebot3) by extensions ['colcon_pkg']
[2.579s] Level 1:colcon.colcon_core.package_identification:_identify(/home/portia/ros2Bot_ws/src/turtlebot3) by extension 'colcon_pkg'
[2.579s] Level 1:colcon.colcon_core.package_identification:_identify(/home/portia/ros2Bot_ws/src/turtlebot3) by extensions ['colcon_meta']
[2.580s] Level 1:colcon.colcon_core.package_identification:_identify(/home/portia/ros2Bot_ws/src/turtlebot3) by extension 'colcon_meta'
[2.580s] Level 1:colcon.colcon_core.package_identification:_identify(/home/portia/ros2Bot_ws/src/turtlebot3) by extensions ['ros']
[2.581s] Level 1:colcon.colcon_core.package_identification:_identify(/home/portia/ros2Bot_ws/src/turtlebot3) by extension 'ros'
[2.583s] Level 1:colcon.colcon_core.package_identification:_identify(/home/portia/ros2Bot_ws/src/turtlebot3) by extensions ['cmake', 'python']
[2.584s] Level 1:colcon.colcon_core.package_identification:_identify(/home/portia/ros2Bot_ws/src/turtlebot3) by extension 'cmake'
[2.584s] Level 1:colcon.colcon_core.package_identification:_identify(/home/portia/ros2Bot_ws/src/turtlebot3) by extension 'python'
[2.585s] Level 1:colcon.colcon_core.package_identification:_identify(/home/portia/ros2Bot_ws/src/turtlebot3) by extensions ['python_setup_py']
[2.586s] Level 1:colcon.colcon_core.package_identification:_identify(/home/portia/ros2Bot_ws/src/turtlebot3) by extension 'python_setup_py'
[2.591s] Level 1:colcon.colcon_core.package_identification:_identify(/home/portia/ros2Bot_ws/src/turtlebot3/turtlebot3) by extensions ['ignore', 'ignore_ament_install']
[2.592s] Level 1:colcon.colcon_core.package_identification:_identify(/home/portia/ros2Bot_ws/src/turtlebot3/turtlebot3) by extension 'ignore'
[2.593s] Level 1:colcon.colcon_core.package_identification:_identify(/home/portia/ros2Bot_ws/src/turtlebot3/turtlebot3) by extension 'ignore_ament_install'
[2.593s] Level 1:colcon.colcon_core.package_identification:_identify(/home/portia/ros2Bot_ws/src/turtlebot3/turtlebot3) by extensions ['colcon_pkg']
[2.594s] Level 1:colcon.colcon_core.package_identification:_identify(/home/portia/ros2Bot_ws/src/turtlebot3/turtlebot3) by extension 'colcon_pkg'
[2.595s] Level 1:colcon.colcon_core.package_identification:_identify(/home/portia/ros2Bot_ws/src/turtlebot3/turtlebot3) by extensions ['colcon_meta']
[2.596s] Level 1:colcon.colcon_core.package_identification:_identify(/home/portia/ros2Bot_ws/src/turtlebot3/turtlebot3) by extension 'colcon_meta'
[2.596s] Level 1:colcon.colcon_core.package_identification:_identify(/home/portia/ros2Bot_ws/src/turtlebot3/turtlebot3) by extensions ['ros']
[2.597s] Level 1:colcon.colcon_core.package_identification:_identify(/home/portia/ros2Bot_ws/src/turtlebot3/turtlebot3) by extension 'ros'
[2.606s] DEBUG:colcon.colcon_core.package_identification:Package '/home/portia/ros2Bot_ws/src/turtlebot3/turtlebot3' with type 'ros.ament_cmake' and name 'turtlebot3'
[2.608s] Level 1:colcon.colcon_core.package_identification:_identify(/home/portia/ros2Bot_ws/src/turtlebot3/turtlebot3_bringup) by extensions ['ignore', 'ignore_ament_install']
[2.609s] Level 1:colcon.colcon_core.package_identification:_identify(/home/portia/ros2Bot_ws/src/turtlebot3/turtlebot3_bringup) by extension 'ignore'
[2.611s] Level 1:colcon.colcon_core.package_identification:_identify(/home/portia/ros2Bot_ws/src/turtlebot3/turtlebot3_bringup) by extension 'ignore_ament_install'
[2.611s] Level 1:colcon.colcon_core.package_identification:_identify(/home/portia/ros2Bot_ws/src/turtlebot3/turtlebot3_bringup) by extensions ['colcon_pkg']
[2.612s] Level 1:colcon.colcon_core.package_identification:_identify(/home/portia/ros2Bot_ws/src/turtlebot3/turtlebot3_bringup) by extension 'colcon_pkg'
[2.613s] Level 1:colcon.colcon_core.package_identification:_identify(/home/portia/ros2Bot_ws/src/turtlebot3/turtlebot3_bringup) by extensions ['colcon_meta']
[2.613s] Level 1:colcon.colcon_core.package_identification:_identify(/home/portia/ros2Bot_ws/src/turtlebot3/turtlebot3_bringup) by extension 'colcon_meta'
[2.614s] Level 1:colcon.colcon_core.package_identification:_identify(/home/portia/ros2Bot_ws/src/turtlebot3/turtlebot3_bringup) by extensions ['ros']
[2.615s] Level 1:colcon.colcon_core.package_identification:_identify(/home/portia/ros2Bot_ws/src/turtlebot3/turtlebot3_bringup) by extension 'ros'
[2.624s] DEBUG:colcon.colcon_core.package_identification:Package '/home/portia/ros2Bot_ws/src/turtlebot3/turtlebot3_bringup' with type 'ros.ament_cmake' and name 'turtlebot3_bringup'
[2.627s] Level 1:colcon.colcon_core.package_identification:_identify(/home/portia/ros2Bot_ws/src/turtlebot3/turtlebot3_cartographer) by extensions ['ignore', 'ignore_ament_install']
[2.628s] Level 1:colcon.colcon_core.package_identification:_identify(/home/portia/ros2Bot_ws/src/turtlebot3/turtlebot3_cartographer) by extension 'ignore'
[2.629s] Level 1:colcon.colcon_core.package_identification:_identify(/home/portia/ros2Bot_ws/src/turtlebot3/turtlebot3_cartographer) by extension 'ignore_ament_install'
[2.629s] Level 1:colcon.colcon_core.package_identification:_identify(/home/portia/ros2Bot_ws/src/turtlebot3/turtlebot3_cartographer) by extensions ['colcon_pkg']
[2.630s] Level 1:colcon.colcon_core.package_identification:_identify(/home/portia/ros2Bot_ws/src/turtlebot3/turtlebot3_cartographer) by extension 'colcon_pkg'
[2.631s] Level 1:colcon.colcon_core.package_identification:_identify(/home/portia/ros2Bot_ws/src/turtlebot3/turtlebot3_cartographer) by extensions ['colcon_meta']
[2.632s] Level 1:colcon.colcon_core.package_identification:_identify(/home/portia/ros2Bot_ws/src/turtlebot3/turtlebot3_cartographer) by extension 'colcon_meta'
[2.632s] Level 1:colcon.colcon_core.package_identification:_identify(/home/portia/ros2Bot_ws/src/turtlebot3/turtlebot3_cartographer) by extensions ['ros']
[2.633s] Level 1:colcon.colcon_core.package_identification:_identify(/home/portia/ros2Bot_ws/src/turtlebot3/turtlebot3_cartographer) by extension 'ros'
[2.639s] DEBUG:colcon.colcon_core.package_identification:Package '/home/portia/ros2Bot_ws/src/turtlebot3/turtlebot3_cartographer' with type 'ros.ament_cmake' and name 'turtlebot3_cartographer'
[2.641s] Level 1:colcon.colcon_core.package_identification:_identify(/home/portia/ros2Bot_ws/src/turtlebot3/turtlebot3_description) by extensions ['ignore', 'ignore_ament_install']
[2.642s] Level 1:colcon.colcon_core.package_identification:_identify(/home/portia/ros2Bot_ws/src/turtlebot3/turtlebot3_description) by extension 'ignore'
[2.643s] Level 1:colcon.colcon_core.package_identification:_identify(/home/portia/ros2Bot_ws/src/turtlebot3/turtlebot3_description) by extension 'ignore_ament_install'
[2.644s] Level 1:colcon.colcon_core.package_identification:_identify(/home/portia/ros2Bot_ws/src/turtlebot3/turtlebot3_description) by extensions ['colcon_pkg']
[2.644s] Level 1:colcon.colcon_core.package_identification:_identify(/home/portia/ros2Bot_ws/src/turtlebot3/turtlebot3_description) by extension 'colcon_pkg'
[2.645s] Level 1:colcon.colcon_core.package_identification:_identify(/home/portia/ros2Bot_ws/src/turtlebot3/turtlebot3_description) by extensions ['colcon_meta']
[2.646s] Level 1:colcon.colcon_core.package_identification:_identify(/home/portia/ros2Bot_ws/src/turtlebot3/turtlebot3_description) by extension 'colcon_meta'
[2.646s] Level 1:colcon.colcon_core.package_identification:_identify(/home/portia/ros2Bot_ws/src/turtlebot3/turtlebot3_description) by extensions ['ros']
[2.647s] Level 1:colcon.colcon_core.package_identification:_identify(/home/portia/ros2Bot_ws/src/turtlebot3/turtlebot3_description) by extension 'ros'
[2.656s] DEBUG:colcon.colcon_core.package_identification:Package '/home/portia/ros2Bot_ws/src/turtlebot3/turtlebot3_description' with type 'ros.ament_cmake' and name 'turtlebot3_description'
[2.658s] Level 1:colcon.colcon_core.package_identification:_identify(/home/portia/ros2Bot_ws/src/turtlebot3/turtlebot3_navigation2) by extensions ['ignore', 'ignore_ament_install']
[2.659s] Level 1:colcon.colcon_core.package_identification:_identify(/home/portia/ros2Bot_ws/src/turtlebot3/turtlebot3_navigation2) by extension 'ignore'
[2.660s] Level 1:colcon.colcon_core.package_identification:_identify(/home/portia/ros2Bot_ws/src/turtlebot3/turtlebot3_navigation2) by extension 'ignore_ament_install'
[2.661s] Level 1:colcon.colcon_core.package_identification:_identify(/home/portia/ros2Bot_ws/src/turtlebot3/turtlebot3_navigation2) by extensions ['colcon_pkg']
[2.662s] Level 1:colcon.colcon_core.package_identification:_identify(/home/portia/ros2Bot_ws/src/turtlebot3/turtlebot3_navigation2) by extension 'colcon_pkg'
[2.663s] Level 1:colcon.colcon_core.package_identification:_identify(/home/portia/ros2Bot_ws/src/turtlebot3/turtlebot3_navigation2) by extensions ['colcon_meta']
[2.663s] Level 1:colcon.colcon_core.package_identification:_identify(/home/portia/ros2Bot_ws/src/turtlebot3/turtlebot3_navigation2) by extension 'colcon_meta'
[2.664s] Level 1:colcon.colcon_core.package_identification:_identify(/home/portia/ros2Bot_ws/src/turtlebot3/turtlebot3_navigation2) by extensions ['ros']
[2.665s] Level 1:colcon.colcon_core.package_identification:_identify(/home/portia/ros2Bot_ws/src/turtlebot3/turtlebot3_navigation2) by extension 'ros'
[2.673s] DEBUG:colcon.colcon_core.package_identification:Package '/home/portia/ros2Bot_ws/src/turtlebot3/turtlebot3_navigation2' with type 'ros.ament_cmake' and name 'turtlebot3_navigation2'
[2.675s] Level 1:colcon.colcon_core.package_identification:_identify(/home/portia/ros2Bot_ws/src/turtlebot3/turtlebot3_node) by extensions ['ignore', 'ignore_ament_install']
[2.676s] Level 1:colcon.colcon_core.package_identification:_identify(/home/portia/ros2Bot_ws/src/turtlebot3/turtlebot3_node) by extension 'ignore'
[2.677s] Level 1:colcon.colcon_core.package_identification:_identify(/home/portia/ros2Bot_ws/src/turtlebot3/turtlebot3_node) by extension 'ignore_ament_install'
[2.678s] Level 1:colcon.colcon_core.package_identification:_identify(/home/portia/ros2Bot_ws/src/turtlebot3/turtlebot3_node) by extensions ['colcon_pkg']
[2.679s] Level 1:colcon.colcon_core.package_identification:_identify(/home/portia/ros2Bot_ws/src/turtlebot3/turtlebot3_node) by extension 'colcon_pkg'
[2.680s] Level 1:colcon.colcon_core.package_identification:_identify(/home/portia/ros2Bot_ws/src/turtlebot3/turtlebot3_node) by extensions ['colcon_meta']
[2.680s] Level 1:colcon.colcon_core.package_identification:_identify(/home/portia/ros2Bot_ws/src/turtlebot3/turtlebot3_node) by extension 'colcon_meta'
[2.681s] Level 1:colcon.colcon_core.package_identification:_identify(/home/portia/ros2Bot_ws/src/turtlebot3/turtlebot3_node) by extensions ['ros']
[2.682s] Level 1:colcon.colcon_core.package_identification:_identify(/home/portia/ros2Bot_ws/src/turtlebot3/turtlebot3_node) by extension 'ros'
[2.700s] DEBUG:colcon.colcon_core.package_identification:Package '/home/portia/ros2Bot_ws/src/turtlebot3/turtlebot3_node' with type 'ros.ament_cmake' and name 'turtlebot3_node'
[2.705s] Level 1:colcon.colcon_core.package_identification:_identify(/home/portia/ros2Bot_ws/src/turtlebot3/turtlebot3_teleop) by extensions ['ignore', 'ignore_ament_install']
[2.707s] Level 1:colcon.colcon_core.package_identification:_identify(/home/portia/ros2Bot_ws/src/turtlebot3/turtlebot3_teleop) by extension 'ignore'
[2.708s] Level 1:colcon.colcon_core.package_identification:_identify(/home/portia/ros2Bot_ws/src/turtlebot3/turtlebot3_teleop) by extension 'ignore_ament_install'
[2.708s] Level 1:colcon.colcon_core.package_identification:_identify(/home/portia/ros2Bot_ws/src/turtlebot3/turtlebot3_teleop) by extensions ['colcon_pkg']
[2.709s] Level 1:colcon.colcon_core.package_identification:_identify(/home/portia/ros2Bot_ws/src/turtlebot3/turtlebot3_teleop) by extension 'colcon_pkg'
[2.710s] Level 1:colcon.colcon_core.package_identification:_identify(/home/portia/ros2Bot_ws/src/turtlebot3/turtlebot3_teleop) by extensions ['colcon_meta']
[2.711s] Level 1:colcon.colcon_core.package_identification:_identify(/home/portia/ros2Bot_ws/src/turtlebot3/turtlebot3_teleop) by extension 'colcon_meta'
[2.711s] Level 1:colcon.colcon_core.package_identification:_identify(/home/portia/ros2Bot_ws/src/turtlebot3/turtlebot3_teleop) by extensions ['ros']
[2.712s] Level 1:colcon.colcon_core.package_identification:_identify(/home/portia/ros2Bot_ws/src/turtlebot3/turtlebot3_teleop) by extension 'ros'
[2.733s] DEBUG:colcon.colcon_core.package_identification:Package '/home/portia/ros2Bot_ws/src/turtlebot3/turtlebot3_teleop' with type 'ros.ament_python' and name 'turtlebot3_teleop'
[2.736s] Level 1:colcon.colcon_core.package_identification:_identify(/home/portia/ros2Bot_ws/src/turtlebot3_msgs) by extensions ['ignore', 'ignore_ament_install']
[2.737s] Level 1:colcon.colcon_core.package_identification:_identify(/home/portia/ros2Bot_ws/src/turtlebot3_msgs) by extension 'ignore'
[2.738s] Level 1:colcon.colcon_core.package_identification:_identify(/home/portia/ros2Bot_ws/src/turtlebot3_msgs) by extension 'ignore_ament_install'
[2.738s] Level 1:colcon.colcon_core.package_identification:_identify(/home/portia/ros2Bot_ws/src/turtlebot3_msgs) by extensions ['colcon_pkg']
[2.739s] Level 1:colcon.colcon_core.package_identification:_identify(/home/portia/ros2Bot_ws/src/turtlebot3_msgs) by extension 'colcon_pkg'
[2.740s] Level 1:colcon.colcon_core.package_identification:_identify(/home/portia/ros2Bot_ws/src/turtlebot3_msgs) by extensions ['colcon_meta']
[2.740s] Level 1:colcon.colcon_core.package_identification:_identify(/home/portia/ros2Bot_ws/src/turtlebot3_msgs) by extension 'colcon_meta'
[2.741s] Level 1:colcon.colcon_core.package_identification:_identify(/home/portia/ros2Bot_ws/src/turtlebot3_msgs) by extensions ['ros']
[2.742s] Level 1:colcon.colcon_core.package_identification:_identify(/home/portia/ros2Bot_ws/src/turtlebot3_msgs) by extension 'ros'
[2.752s] DEBUG:colcon.colcon_core.package_identification:Package '/home/portia/ros2Bot_ws/src/turtlebot3_msgs' with type 'ros.ament_cmake' and name 'turtlebot3_msgs'
[2.754s] Level 1:colcon.colcon_core.package_identification:_identify(/home/portia/ros2Bot_ws/src/vision_opencv) by extensions ['ignore', 'ignore_ament_install']
[2.755s] Level 1:colcon.colcon_core.package_identification:_identify(/home/portia/ros2Bot_ws/src/vision_opencv) by extension 'ignore'
[2.756s] Level 1:colcon.colcon_core.package_identification:_identify(/home/portia/ros2Bot_ws/src/vision_opencv) by extension 'ignore_ament_install'
[2.757s] Level 1:colcon.colcon_core.package_identification:_identify(/home/portia/ros2Bot_ws/src/vision_opencv) by extensions ['colcon_pkg']
[2.757s] Level 1:colcon.colcon_core.package_identification:_identify(/home/portia/ros2Bot_ws/src/vision_opencv) by extension 'colcon_pkg'
[2.758s] Level 1:colcon.colcon_core.package_identification:_identify(/home/portia/ros2Bot_ws/src/vision_opencv) by extensions ['colcon_meta']
[2.759s] Level 1:colcon.colcon_core.package_identification:_identify(/home/portia/ros2Bot_ws/src/vision_opencv) by extension 'colcon_meta'
[2.759s] Level 1:colcon.colcon_core.package_identification:_identify(/home/portia/ros2Bot_ws/src/vision_opencv) by extensions ['ros']
[2.760s] Level 1:colcon.colcon_core.package_identification:_identify(/home/portia/ros2Bot_ws/src/vision_opencv) by extension 'ros'
[2.761s] Level 1:colcon.colcon_core.package_identification:_identify(/home/portia/ros2Bot_ws/src/vision_opencv) by extensions ['cmake', 'python']
[2.762s] Level 1:colcon.colcon_core.package_identification:_identify(/home/portia/ros2Bot_ws/src/vision_opencv) by extension 'cmake'
[2.763s] Level 1:colcon.colcon_core.package_identification:_identify(/home/portia/ros2Bot_ws/src/vision_opencv) by extension 'python'
[2.763s] Level 1:colcon.colcon_core.package_identification:_identify(/home/portia/ros2Bot_ws/src/vision_opencv) by extensions ['python_setup_py']
[2.764s] Level 1:colcon.colcon_core.package_identification:_identify(/home/portia/ros2Bot_ws/src/vision_opencv) by extension 'python_setup_py'
[2.769s] Level 1:colcon.colcon_core.package_identification:_identify(/home/portia/ros2Bot_ws/src/vision_opencv/cv_bridge) by extensions ['ignore', 'ignore_ament_install']
[2.770s] Level 1:colcon.colcon_core.package_identification:_identify(/home/portia/ros2Bot_ws/src/vision_opencv/cv_bridge) by extension 'ignore'
[2.772s] Level 1:colcon.colcon_core.package_identification:_identify(/home/portia/ros2Bot_ws/src/vision_opencv/cv_bridge) by extension 'ignore_ament_install'
[2.772s] Level 1:colcon.colcon_core.package_identification:_identify(/home/portia/ros2Bot_ws/src/vision_opencv/cv_bridge) by extensions ['colcon_pkg']
[2.773s] Level 1:colcon.colcon_core.package_identification:_identify(/home/portia/ros2Bot_ws/src/vision_opencv/cv_bridge) by extension 'colcon_pkg'
[2.773s] Level 1:colcon.colcon_core.package_identification:_identify(/home/portia/ros2Bot_ws/src/vision_opencv/cv_bridge) by extensions ['colcon_meta']
[2.774s] Level 1:colcon.colcon_core.package_identification:_identify(/home/portia/ros2Bot_ws/src/vision_opencv/cv_bridge) by extension 'colcon_meta'
[2.775s] Level 1:colcon.colcon_core.package_identification:_identify(/home/portia/ros2Bot_ws/src/vision_opencv/cv_bridge) by extensions ['ros']
[2.776s] Level 1:colcon.colcon_core.package_identification:_identify(/home/portia/ros2Bot_ws/src/vision_opencv/cv_bridge) by extension 'ros'
[2.788s] DEBUG:colcon.colcon_core.package_identification:Package '/home/portia/ros2Bot_ws/src/vision_opencv/cv_bridge' with type 'ros.ament_cmake' and name 'cv_bridge'
[2.794s] Level 1:colcon.colcon_core.package_identification:_identify(/home/portia/ros2Bot_ws/src/vision_opencv/image_geometry) by extensions ['ignore', 'ignore_ament_install']
[2.795s] Level 1:colcon.colcon_core.package_identification:_identify(/home/portia/ros2Bot_ws/src/vision_opencv/image_geometry) by extension 'ignore'
[2.796s] Level 1:colcon.colcon_core.package_identification:_identify(/home/portia/ros2Bot_ws/src/vision_opencv/image_geometry) by extension 'ignore_ament_install'
[2.796s] Level 1:colcon.colcon_core.package_identification:_identify(/home/portia/ros2Bot_ws/src/vision_opencv/image_geometry) by extensions ['colcon_pkg']
[2.797s] Level 1:colcon.colcon_core.package_identification:_identify(/home/portia/ros2Bot_ws/src/vision_opencv/image_geometry) by extension 'colcon_pkg'
[2.798s] Level 1:colcon.colcon_core.package_identification:_identify(/home/portia/ros2Bot_ws/src/vision_opencv/image_geometry) by extensions ['colcon_meta']
[2.799s] Level 1:colcon.colcon_core.package_identification:_identify(/home/portia/ros2Bot_ws/src/vision_opencv/image_geometry) by extension 'colcon_meta'
[2.799s] Level 1:colcon.colcon_core.package_identification:_identify(/home/portia/ros2Bot_ws/src/vision_opencv/image_geometry) by extensions ['ros']
[2.800s] Level 1:colcon.colcon_core.package_identification:_identify(/home/portia/ros2Bot_ws/src/vision_opencv/image_geometry) by extension 'ros'
[2.810s] DEBUG:colcon.colcon_core.package_identification:Package '/home/portia/ros2Bot_ws/src/vision_opencv/image_geometry' with type 'ros.ament_cmake' and name 'image_geometry'
[2.815s] Level 1:colcon.colcon_core.package_identification:_identify(/home/portia/ros2Bot_ws/src/vision_opencv/opencv_tests) by extensions ['ignore', 'ignore_ament_install']
[2.816s] Level 1:colcon.colcon_core.package_identification:_identify(/home/portia/ros2Bot_ws/src/vision_opencv/opencv_tests) by extension 'ignore'
[2.817s] Level 1:colcon.colcon_core.package_identification:_identify(/home/portia/ros2Bot_ws/src/vision_opencv/opencv_tests) by extension 'ignore_ament_install'
[2.818s] Level 1:colcon.colcon_core.package_identification:_identify(/home/portia/ros2Bot_ws/src/vision_opencv/opencv_tests) by extensions ['colcon_pkg']
[2.819s] Level 1:colcon.colcon_core.package_identification:_identify(/home/portia/ros2Bot_ws/src/vision_opencv/opencv_tests) by extension 'colcon_pkg'
[2.819s] Level 1:colcon.colcon_core.package_identification:_identify(/home/portia/ros2Bot_ws/src/vision_opencv/opencv_tests) by extensions ['colcon_meta']
[2.820s] Level 1:colcon.colcon_core.package_identification:_identify(/home/portia/ros2Bot_ws/src/vision_opencv/opencv_tests) by extension 'colcon_meta'
[2.820s] Level 1:colcon.colcon_core.package_identification:_identify(/home/portia/ros2Bot_ws/src/vision_opencv/opencv_tests) by extensions ['ros']
[2.821s] Level 1:colcon.colcon_core.package_identification:_identify(/home/portia/ros2Bot_ws/src/vision_opencv/opencv_tests) by extension 'ros'
[2.840s] DEBUG:colcon.colcon_core.package_identification:Package '/home/portia/ros2Bot_ws/src/vision_opencv/opencv_tests' with type 'ros.ament_python' and name 'opencv_tests'
[2.842s] Level 1:colcon.colcon_core.package_identification:_identify(/home/portia/ros2Bot_ws/src/vision_opencv/vision_opencv) by extensions ['ignore', 'ignore_ament_install']
[2.843s] Level 1:colcon.colcon_core.package_identification:_identify(/home/portia/ros2Bot_ws/src/vision_opencv/vision_opencv) by extension 'ignore'
[2.844s] Level 1:colcon.colcon_core.package_identification:_identify(/home/portia/ros2Bot_ws/src/vision_opencv/vision_opencv) by extension 'ignore_ament_install'
[2.845s] Level 1:colcon.colcon_core.package_identification:_identify(/home/portia/ros2Bot_ws/src/vision_opencv/vision_opencv) by extensions ['colcon_pkg']
[2.846s] Level 1:colcon.colcon_core.package_identification:_identify(/home/portia/ros2Bot_ws/src/vision_opencv/vision_opencv) by extension 'colcon_pkg'
[2.846s] Level 1:colcon.colcon_core.package_identification:_identify(/home/portia/ros2Bot_ws/src/vision_opencv/vision_opencv) by extensions ['colcon_meta']
[2.847s] Level 1:colcon.colcon_core.package_identification:_identify(/home/portia/ros2Bot_ws/src/vision_opencv/vision_opencv) by extension 'colcon_meta'
[2.847s] Level 1:colcon.colcon_core.package_identification:_identify(/home/portia/ros2Bot_ws/src/vision_opencv/vision_opencv) by extensions ['ros']
[2.848s] Level 1:colcon.colcon_core.package_identification:_identify(/home/portia/ros2Bot_ws/src/vision_opencv/vision_opencv) by extension 'ros'
[2.854s] DEBUG:colcon.colcon_core.package_identification:Package '/home/portia/ros2Bot_ws/src/vision_opencv/vision_opencv' with type 'ros.ament_cmake' and name 'vision_opencv'
[2.855s] Level 1:colcon.colcon_core.package_identification:_identify(/home/portia/ros2Bot_ws/usb_cam) by extensions ['ignore', 'ignore_ament_install']
[2.856s] Level 1:colcon.colcon_core.package_identification:_identify(/home/portia/ros2Bot_ws/usb_cam) by extension 'ignore'
[2.857s] Level 1:colcon.colcon_core.package_identification:_identify(/home/portia/ros2Bot_ws/usb_cam) by extension 'ignore_ament_install'
[2.857s] Level 1:colcon.colcon_core.package_identification:_identify(/home/portia/ros2Bot_ws/usb_cam) by extensions ['colcon_pkg']
[2.858s] Level 1:colcon.colcon_core.package_identification:_identify(/home/portia/ros2Bot_ws/usb_cam) by extension 'colcon_pkg'
[2.859s] Level 1:colcon.colcon_core.package_identification:_identify(/home/portia/ros2Bot_ws/usb_cam) by extensions ['colcon_meta']
[2.860s] Level 1:colcon.colcon_core.package_identification:_identify(/home/portia/ros2Bot_ws/usb_cam) by extension 'colcon_meta'
[2.860s] Level 1:colcon.colcon_core.package_identification:_identify(/home/portia/ros2Bot_ws/usb_cam) by extensions ['ros']
[2.861s] Level 1:colcon.colcon_core.package_identification:_identify(/home/portia/ros2Bot_ws/usb_cam) by extension 'ros'
[2.873s] DEBUG:colcon.colcon_core.package_identification:Package '/home/portia/ros2Bot_ws/usb_cam' with type 'ros.ament_cmake' and name 'usb_cam'
[2.873s] Level 1:colcon.colcon_core.package_discovery:discover_packages(recursive) using defaults
[2.900s] Level 1:colcon.colcon_core.package_augmentation.check_dependency_constraint:turtlebot3_node depends on dynamixel_sdk which has version 3.7.20: constraints {}
[2.901s] Level 1:colcon.colcon_core.package_augmentation.check_dependency_constraint:turtlebot3_node depends on turtlebot3_msgs which has version 2.2.0: constraints {}
[2.901s] Level 1:colcon.colcon_core.package_augmentation.check_dependency_constraint:image_pipeline depends on image_rotate which has version 2.0.0: constraints {}
[2.902s] Level 1:colcon.colcon_core.package_augmentation.check_dependency_constraint:image_pipeline depends on depth_image_proc which has version 2.0.0: constraints {}
[2.902s] Level 1:colcon.colcon_core.package_augmentation.check_dependency_constraint:image_pipeline depends on image_proc which has version 1.12.23: constraints {}
[2.903s] Level 1:colcon.colcon_core.package_augmentation.check_dependency_constraint:image_pipeline depends on image_publisher which has version 2.0.0: constraints {}
[2.903s] Level 1:colcon.colcon_core.package_augmentation.check_dependency_constraint:turtlebot3 depends on turtlebot3_navigation2 which has version 2.0.1: constraints {}
[2.903s] Level 1:colcon.colcon_core.package_augmentation.check_dependency_constraint:turtlebot3 depends on turtlebot3_bringup which has version 2.0.1: constraints {}
[2.904s] Level 1:colcon.colcon_core.package_augmentation.check_dependency_constraint:turtlebot3 depends on turtlebot3_cartographer which has version 2.0.1: constraints {}
[2.904s] Level 1:colcon.colcon_core.package_augmentation.check_dependency_constraint:turtlebot3 depends on turtlebot3_node which has version 2.0.1: constraints {}
[2.905s] Level 1:colcon.colcon_core.package_augmentation.check_dependency_constraint:turtlebot3 depends on turtlebot3_description which has version 2.0.1: constraints {}
[2.905s] Level 1:colcon.colcon_core.package_augmentation.check_dependency_constraint:turtlebot3 depends on turtlebot3_teleop which has version 2.0.1: constraints {}
[2.905s] Level 1:colcon.colcon_core.package_augmentation.check_dependency_constraint:turtlebot3_bringup depends on hls_lfcd_lds_driver which has version 2.0.0: constraints {}
[2.906s] Level 1:colcon.colcon_core.package_augmentation.check_dependency_constraint:turtlebot3_bringup depends on turtlebot3_node which has version 2.0.1: constraints {}
[2.906s] Level 1:colcon.colcon_core.package_augmentation.check_dependency_constraint:turtlebot3_bringup depends on turtlebot3_description which has version 2.0.1: constraints {}
[2.907s] Level 1:colcon.colcon_core.package_augmentation.check_dependency_constraint:depth_image_proc depends on image_geometry which has version 2.1.2: constraints {}
[2.907s] Level 1:colcon.colcon_core.package_augmentation.check_dependency_constraint:depth_image_proc depends on cv_bridge which has version 2.1.2: constraints {}
[2.908s] Level 1:colcon.colcon_core.package_augmentation.check_dependency_constraint:image_rotate depends on cv_bridge which has version 2.1.2: constraints {}
[2.908s] Level 1:colcon.colcon_core.package_augmentation.check_dependency_constraint:image_proc depends on image_geometry which has version 2.1.2: constraints {}
[2.908s] Level 1:colcon.colcon_core.package_augmentation.check_dependency_constraint:image_proc depends on cv_bridge which has version 2.1.2: constraints {}
[2.909s] Level 1:colcon.colcon_core.package_augmentation.check_dependency_constraint:image_publisher depends on image_geometry which has version 2.1.2: constraints {}
[2.909s] Level 1:colcon.colcon_core.package_augmentation.check_dependency_constraint:image_publisher depends on cv_bridge which has version 2.1.2: constraints {}
[2.910s] Level 1:colcon.colcon_core.package_augmentation.check_dependency_constraint:vision_opencv depends on image_geometry which has version 2.1.2: constraints {}
[2.910s] Level 1:colcon.colcon_core.package_augmentation.check_dependency_constraint:vision_opencv depends on cv_bridge which has version 2.1.2: constraints {}
[2.911s] Level 1:colcon.colcon_core.package_augmentation.check_dependency_constraint:opencv_tests depends on cv_bridge which has version 2.1.2: constraints {}
[2.912s] Level 1:colcon.colcon_core.package_augmentation.check_dependency_constraint:usb_cam depends on cv_bridge which has version 2.1.2: constraints {}
[2.931s] INFO:colcon.colcon_core.package_selection:Skipping not selected package 'cv_bridge' in '/home/portia/ros2Bot_ws/src/vision_opencv/cv_bridge'
[2.931s] INFO:colcon.colcon_core.package_selection:Skipping not selected package 'dynamixel_sdk' in '/home/portia/ros2Bot_ws/src/DynamixelSDK/dynamixel_sdk'
[2.932s] INFO:colcon.colcon_core.package_selection:Skipping not selected package 'hls_lfcd_lds_driver' in '/home/portia/ros2Bot_ws/src/hls_lfcd_lds_driver'
[2.932s] INFO:colcon.colcon_core.package_selection:Skipping not selected package 'image_geometry' in '/home/portia/ros2Bot_ws/src/vision_opencv/image_geometry'
[2.932s] INFO:colcon.colcon_core.package_selection:Skipping not selected package 'turtlebot3_cartographer' in '/home/portia/ros2Bot_ws/src/turtlebot3/turtlebot3_cartographer'
[2.932s] INFO:colcon.colcon_core.package_selection:Skipping not selected package 'turtlebot3_description' in '/home/portia/ros2Bot_ws/src/turtlebot3/turtlebot3_description'
[2.932s] INFO:colcon.colcon_core.package_selection:Skipping not selected package 'turtlebot3_msgs' in '/home/portia/ros2Bot_ws/src/turtlebot3_msgs'
[2.933s] INFO:colcon.colcon_core.package_selection:Skipping not selected package 'turtlebot3_navigation2' in '/home/portia/ros2Bot_ws/src/turtlebot3/turtlebot3_navigation2'
[2.933s] INFO:colcon.colcon_core.package_selection:Skipping not selected package 'turtlebot3_teleop' in '/home/portia/ros2Bot_ws/src/turtlebot3/turtlebot3_teleop'
[2.933s] INFO:colcon.colcon_core.package_selection:Skipping not selected package 'depth_image_proc' in '/home/portia/ros2Bot_ws/src/image_pipeline/depth_image_proc'
[2.933s] INFO:colcon.colcon_core.package_selection:Skipping not selected package 'image_proc' in '/home/portia/ros2Bot_ws/src/image_pipeline/image_proc'
[2.934s] INFO:colcon.colcon_core.package_selection:Skipping not selected package 'image_publisher' in '/home/portia/ros2Bot_ws/src/image_pipeline/image_publisher'
[2.934s] INFO:colcon.colcon_core.package_selection:Skipping not selected package 'image_rotate' in '/home/portia/ros2Bot_ws/src/image_pipeline/image_rotate'
[2.934s] INFO:colcon.colcon_core.package_selection:Skipping not selected package 'opencv_tests' in '/home/portia/ros2Bot_ws/src/vision_opencv/opencv_tests'
[2.934s] INFO:colcon.colcon_core.package_selection:Skipping not selected package 'turtlebot3_node' in '/home/portia/ros2Bot_ws/src/turtlebot3/turtlebot3_node'
[2.935s] INFO:colcon.colcon_core.package_selection:Skipping not selected package 'vision_opencv' in '/home/portia/ros2Bot_ws/src/vision_opencv/vision_opencv'
[2.935s] INFO:colcon.colcon_core.package_selection:Skipping not selected package 'image_pipeline' in '/home/portia/ros2Bot_ws/src/image_pipeline/image_pipeline'
[2.935s] INFO:colcon.colcon_core.package_selection:Skipping not selected package 'turtlebot3_bringup' in '/home/portia/ros2Bot_ws/src/turtlebot3/turtlebot3_bringup'
[2.935s] INFO:colcon.colcon_core.package_selection:Skipping not selected package 'turtlebot3' in '/home/portia/ros2Bot_ws/src/turtlebot3/turtlebot3'
[2.959s] Level 5:colcon.colcon_core.verb:set package 'usb_cam' build argument 'cmake_args' from command line to 'None'
[2.960s] Level 5:colcon.colcon_core.verb:set package 'usb_cam' build argument 'cmake_target' from command line to 'None'
[2.960s] Level 5:colcon.colcon_core.verb:set package 'usb_cam' build argument 'cmake_target_skip_unavailable' from command line to 'False'
[2.960s] Level 5:colcon.colcon_core.verb:set package 'usb_cam' build argument 'cmake_clean_cache' from command line to 'False'
[2.960s] Level 5:colcon.colcon_core.verb:set package 'usb_cam' build argument 'cmake_clean_first' from command line to 'False'
[2.961s] Level 5:colcon.colcon_core.verb:set package 'usb_cam' build argument 'cmake_force_configure' from command line to 'False'
[2.961s] Level 5:colcon.colcon_core.verb:set package 'usb_cam' build argument 'ament_cmake_args' from command line to 'None'
[2.961s] Level 5:colcon.colcon_core.verb:set package 'usb_cam' build argument 'catkin_cmake_args' from command line to 'None'
[2.962s] Level 5:colcon.colcon_core.verb:set package 'usb_cam' build argument 'catkin_skip_building_tests' from command line to 'False'
[2.962s] DEBUG:colcon.colcon_core.verb:Building package 'usb_cam' with the following arguments: {'ament_cmake_args': None, 'build_base': '/home/portia/ros2Bot_ws/build/usb_cam', 'catkin_cmake_args': None, 'catkin_skip_building_tests': False, 'cmake_args': None, 'cmake_clean_cache': False, 'cmake_clean_first': False, 'cmake_force_configure': False, 'cmake_target': None, 'cmake_target_skip_unavailable': False, 'install_base': '/home/portia/ros2Bot_ws/install/usb_cam', 'merge_install': False, 'path': '/home/portia/ros2Bot_ws/usb_cam', 'symlink_install': True, 'test_result_base': None}
[2.974s] INFO:colcon.colcon_core.executor:Executing jobs using 'parallel' executor
[2.978s] DEBUG:colcon.colcon_parallel_executor.executor.parallel:run_until_complete
[2.980s] INFO:colcon.colcon_ros.task.ament_cmake.build:Building ROS package in '/home/portia/ros2Bot_ws/usb_cam' with build type 'ament_cmake'
[3.046s] INFO:colcon.colcon_core.plugin_system:Skipping extension 'colcon_core.shell.bat': Not used on non-Windows systems
[3.048s] INFO:colcon.colcon_cmake.task.cmake.build:Building CMake package in '/home/portia/ros2Bot_ws/usb_cam'
[3.052s] INFO:colcon.colcon_core.shell:Skip shell extension 'powershell' for command environment: Not usable outside of PowerShell
[3.053s] DEBUG:colcon.colcon_core.shell:Skip shell extension 'dsv' for command environment
[3.103s] DEBUG:colcon.colcon_core.shell:Ignoring prefix path '/opt/ros/dashing'
[3.245s] DEBUG:colcon.colcon_core.event_handler.log_command:Invoking command in '/home/portia/ros2Bot_ws/build/usb_cam': CMAKE_PREFIX_PATH=/home/portia/ros2Bot_ws/install/cv_bridge:/home/portia/ros2Bot_ws/install/vision_opencv:/home/portia/ros2Bot_ws/install/usb_cam:/home/portia/ros2Bot_ws/install/turtlebot3:/home/portia/ros2Bot_ws/install/turtlebot3_bringup:/home/portia/ros2Bot_ws/install/turtlebot3_node:/home/portia/ros2Bot_ws/install/turtlebot3_navigation2:/home/portia/ros2Bot_ws/install/turtlebot3_msgs:/home/portia/ros2Bot_ws/install/turtlebot3_description:/home/portia/ros2Bot_ws/install/turtlebot3_cartographer:/home/portia/ros2Bot_ws/install/image_pipeline:/home/portia/ros2Bot_ws/install/image_rotate:/home/portia/ros2Bot_ws/install/image_publisher:/home/portia/ros2Bot_ws/install/image_proc:/home/portia/ros2Bot_ws/install/depth_image_proc:/home/portia/ros2Bot_ws/install/image_geometry:/home/portia/ros2Bot_ws/install/hls_lfcd_lds_driver:/home/portia/ros2Bot_ws/install/dynamixel_sdk:/home/portia/turtlebot3_ws/install/turtlebot3:/home/portia/turtlebot3_ws/install/turtlebot3_bringup:/home/portia/turtlebot3_ws/install/turtlebot3_node:/home/portia/turtlebot3_ws/install/turtlebot3_msgs:/home/portia/turtlebot3_ws/install/turtlebot3_description:/home/portia/turtlebot3_ws/install/hls_lfcd_lds_driver:/home/portia/turtlebot3_ws/install/dynamixel_sdk:/home/portia/ros2Bot_ws/install/turtlebot3_teleop:/home/portia/ros2Bot_ws/install/opencv_tests:/home/portia/turtlebot3_ws/install/turtlebot3_teleop:/opt/ros/dashing LD_LIBRARY_PATH=/home/portia/ros2Bot_ws/install/cv_bridge/lib:/home/portia/ros2Bot_ws/install/turtlebot3_msgs/lib:/home/portia/ros2Bot_ws/install/image_rotate/lib:/home/portia/ros2Bot_ws/install/image_publisher/lib:/home/portia/ros2Bot_ws/install/image_proc/lib:/home/portia/ros2Bot_ws/install/depth_image_proc/lib:/home/portia/ros2Bot_ws/install/image_geometry/lib:/home/portia/ros2Bot_ws/install/dynamixel_sdk/lib:/home/portia/turtlebot3_ws/install/turtlebot3_msgs/lib:/home/portia/turtlebot3_ws/install/dynamixel_sdk/lib:/opt/ros/dashing/opt/yaml_cpp_vendor/lib:/opt/ros/dashing/lib PYTHONPATH=/home/portia/ros2Bot_ws/install/cv_bridge/lib/python3.6/site-packages:/home/portia/ros2Bot_ws/build/turtlebot3_teleop:/home/portia/ros2Bot_ws/install/turtlebot3_teleop/lib/python3.6/site-packages:/home/portia/ros2Bot_ws/install/turtlebot3_msgs/lib/python3.6/site-packages:/home/portia/ros2Bot_ws/build/opencv_tests:/home/portia/ros2Bot_ws/install/opencv_tests/lib/python3.6/site-packages:/home/portia/ros2Bot_ws/install/image_geometry/lib/python3.6/site-packages:/home/portia/turtlebot3_ws/build/turtlebot3_teleop:/home/portia/turtlebot3_ws/install/turtlebot3_teleop/lib/python3.6/site-packages:/home/portia/turtlebot3_ws/install/turtlebot3_msgs/lib/python3.6/site-packages:/opt/ros/dashing/lib/python3.6/site-packages /usr/bin/cmake --build /home/portia/ros2Bot_ws/build/usb_cam -- -j4 -l4
[33.336s] DEBUG:colcon.colcon_core.event_handler.log_command:Invoked command in '/home/portia/ros2Bot_ws/build/usb_cam' returned '0': CMAKE_PREFIX_PATH=/home/portia/ros2Bot_ws/install/cv_bridge:/home/portia/ros2Bot_ws/install/vision_opencv:/home/portia/ros2Bot_ws/install/usb_cam:/home/portia/ros2Bot_ws/install/turtlebot3:/home/portia/ros2Bot_ws/install/turtlebot3_bringup:/home/portia/ros2Bot_ws/install/turtlebot3_node:/home/portia/ros2Bot_ws/install/turtlebot3_navigation2:/home/portia/ros2Bot_ws/install/turtlebot3_msgs:/home/portia/ros2Bot_ws/install/turtlebot3_description:/home/portia/ros2Bot_ws/install/turtlebot3_cartographer:/home/portia/ros2Bot_ws/install/image_pipeline:/home/portia/ros2Bot_ws/install/image_rotate:/home/portia/ros2Bot_ws/install/image_publisher:/home/portia/ros2Bot_ws/install/image_proc:/home/portia/ros2Bot_ws/install/depth_image_proc:/home/portia/ros2Bot_ws/install/image_geometry:/home/portia/ros2Bot_ws/install/hls_lfcd_lds_driver:/home/portia/ros2Bot_ws/install/dynamixel_sdk:/home/portia/turtlebot3_ws/install/turtlebot3:/home/portia/turtlebot3_ws/install/turtlebot3_bringup:/home/portia/turtlebot3_ws/install/turtlebot3_node:/home/portia/turtlebot3_ws/install/turtlebot3_msgs:/home/portia/turtlebot3_ws/install/turtlebot3_description:/home/portia/turtlebot3_ws/install/hls_lfcd_lds_driver:/home/portia/turtlebot3_ws/install/dynamixel_sdk:/home/portia/ros2Bot_ws/install/turtlebot3_teleop:/home/portia/ros2Bot_ws/install/opencv_tests:/home/portia/turtlebot3_ws/install/turtlebot3_teleop:/opt/ros/dashing LD_LIBRARY_PATH=/home/portia/ros2Bot_ws/install/cv_bridge/lib:/home/portia/ros2Bot_ws/install/turtlebot3_msgs/lib:/home/portia/ros2Bot_ws/install/image_rotate/lib:/home/portia/ros2Bot_ws/install/image_publisher/lib:/home/portia/ros2Bot_ws/install/image_proc/lib:/home/portia/ros2Bot_ws/install/depth_image_proc/lib:/home/portia/ros2Bot_ws/install/image_geometry/lib:/home/portia/ros2Bot_ws/install/dynamixel_sdk/lib:/home/portia/turtlebot3_ws/install/turtlebot3_msgs/lib:/home/portia/turtlebot3_ws/install/dynamixel_sdk/lib:/opt/ros/dashing/opt/yaml_cpp_vendor/lib:/opt/ros/dashing/lib PYTHONPATH=/home/portia/ros2Bot_ws/install/cv_bridge/lib/python3.6/site-packages:/home/portia/ros2Bot_ws/build/turtlebot3_teleop:/home/portia/ros2Bot_ws/install/turtlebot3_teleop/lib/python3.6/site-packages:/home/portia/ros2Bot_ws/install/turtlebot3_msgs/lib/python3.6/site-packages:/home/portia/ros2Bot_ws/build/opencv_tests:/home/portia/ros2Bot_ws/install/opencv_tests/lib/python3.6/site-packages:/home/portia/ros2Bot_ws/install/image_geometry/lib/python3.6/site-packages:/home/portia/turtlebot3_ws/build/turtlebot3_teleop:/home/portia/turtlebot3_ws/install/turtlebot3_teleop/lib/python3.6/site-packages:/home/portia/turtlebot3_ws/install/turtlebot3_msgs/lib/python3.6/site-packages:/opt/ros/dashing/lib/python3.6/site-packages /usr/bin/cmake --build /home/portia/ros2Bot_ws/build/usb_cam -- -j4 -l4
[33.513s] DEBUG:colcon.colcon_core.event_handler.log_command:Invoking command in '/home/portia/ros2Bot_ws/build/usb_cam': CMAKE_PREFIX_PATH=/home/portia/ros2Bot_ws/install/cv_bridge:/home/portia/ros2Bot_ws/install/vision_opencv:/home/portia/ros2Bot_ws/install/usb_cam:/home/portia/ros2Bot_ws/install/turtlebot3:/home/portia/ros2Bot_ws/install/turtlebot3_bringup:/home/portia/ros2Bot_ws/install/turtlebot3_node:/home/portia/ros2Bot_ws/install/turtlebot3_navigation2:/home/portia/ros2Bot_ws/install/turtlebot3_msgs:/home/portia/ros2Bot_ws/install/turtlebot3_description:/home/portia/ros2Bot_ws/install/turtlebot3_cartographer:/home/portia/ros2Bot_ws/install/image_pipeline:/home/portia/ros2Bot_ws/install/image_rotate:/home/portia/ros2Bot_ws/install/image_publisher:/home/portia/ros2Bot_ws/install/image_proc:/home/portia/ros2Bot_ws/install/depth_image_proc:/home/portia/ros2Bot_ws/install/image_geometry:/home/portia/ros2Bot_ws/install/hls_lfcd_lds_driver:/home/portia/ros2Bot_ws/install/dynamixel_sdk:/home/portia/turtlebot3_ws/install/turtlebot3:/home/portia/turtlebot3_ws/install/turtlebot3_bringup:/home/portia/turtlebot3_ws/install/turtlebot3_node:/home/portia/turtlebot3_ws/install/turtlebot3_msgs:/home/portia/turtlebot3_ws/install/turtlebot3_description:/home/portia/turtlebot3_ws/install/hls_lfcd_lds_driver:/home/portia/turtlebot3_ws/install/dynamixel_sdk:/home/portia/ros2Bot_ws/install/turtlebot3_teleop:/home/portia/ros2Bot_ws/install/opencv_tests:/home/portia/turtlebot3_ws/install/turtlebot3_teleop:/opt/ros/dashing LD_LIBRARY_PATH=/home/portia/ros2Bot_ws/install/cv_bridge/lib:/home/portia/ros2Bot_ws/install/turtlebot3_msgs/lib:/home/portia/ros2Bot_ws/install/image_rotate/lib:/home/portia/ros2Bot_ws/install/image_publisher/lib:/home/portia/ros2Bot_ws/install/image_proc/lib:/home/portia/ros2Bot_ws/install/depth_image_proc/lib:/home/portia/ros2Bot_ws/install/image_geometry/lib:/home/portia/ros2Bot_ws/install/dynamixel_sdk/lib:/home/portia/turtlebot3_ws/install/turtlebot3_msgs/lib:/home/portia/turtlebot3_ws/install/dynamixel_sdk/lib:/opt/ros/dashing/opt/yaml_cpp_vendor/lib:/opt/ros/dashing/lib PYTHONPATH=/home/portia/ros2Bot_ws/install/cv_bridge/lib/python3.6/site-packages:/home/portia/ros2Bot_ws/build/turtlebot3_teleop:/home/portia/ros2Bot_ws/install/turtlebot3_teleop/lib/python3.6/site-packages:/home/portia/ros2Bot_ws/install/turtlebot3_msgs/lib/python3.6/site-packages:/home/portia/ros2Bot_ws/build/opencv_tests:/home/portia/ros2Bot_ws/install/opencv_tests/lib/python3.6/site-packages:/home/portia/ros2Bot_ws/install/image_geometry/lib/python3.6/site-packages:/home/portia/turtlebot3_ws/build/turtlebot3_teleop:/home/portia/turtlebot3_ws/install/turtlebot3_teleop/lib/python3.6/site-packages:/home/portia/turtlebot3_ws/install/turtlebot3_msgs/lib/python3.6/site-packages:/opt/ros/dashing/lib/python3.6/site-packages /usr/bin/cmake --build /home/portia/ros2Bot_ws/build/usb_cam --target install -- -j4 -l4
[34.110s] Level 1:colcon.colcon_core.environment:create_environment_scripts_only(usb_cam)
[34.116s] DEBUG:colcon.colcon_core.event_handler.log_command:Invoked command in '/home/portia/ros2Bot_ws/build/usb_cam' returned '0': CMAKE_PREFIX_PATH=/home/portia/ros2Bot_ws/install/cv_bridge:/home/portia/ros2Bot_ws/install/vision_opencv:/home/portia/ros2Bot_ws/install/usb_cam:/home/portia/ros2Bot_ws/install/turtlebot3:/home/portia/ros2Bot_ws/install/turtlebot3_bringup:/home/portia/ros2Bot_ws/install/turtlebot3_node:/home/portia/ros2Bot_ws/install/turtlebot3_navigation2:/home/portia/ros2Bot_ws/install/turtlebot3_msgs:/home/portia/ros2Bot_ws/install/turtlebot3_description:/home/portia/ros2Bot_ws/install/turtlebot3_cartographer:/home/portia/ros2Bot_ws/install/image_pipeline:/home/portia/ros2Bot_ws/install/image_rotate:/home/portia/ros2Bot_ws/install/image_publisher:/home/portia/ros2Bot_ws/install/image_proc:/home/portia/ros2Bot_ws/install/depth_image_proc:/home/portia/ros2Bot_ws/install/image_geometry:/home/portia/ros2Bot_ws/install/hls_lfcd_lds_driver:/home/portia/ros2Bot_ws/install/dynamixel_sdk:/home/portia/turtlebot3_ws/install/turtlebot3:/home/portia/turtlebot3_ws/install/turtlebot3_bringup:/home/portia/turtlebot3_ws/install/turtlebot3_node:/home/portia/turtlebot3_ws/install/turtlebot3_msgs:/home/portia/turtlebot3_ws/install/turtlebot3_description:/home/portia/turtlebot3_ws/install/hls_lfcd_lds_driver:/home/portia/turtlebot3_ws/install/dynamixel_sdk:/home/portia/ros2Bot_ws/install/turtlebot3_teleop:/home/portia/ros2Bot_ws/install/opencv_tests:/home/portia/turtlebot3_ws/install/turtlebot3_teleop:/opt/ros/dashing LD_LIBRARY_PATH=/home/portia/ros2Bot_ws/install/cv_bridge/lib:/home/portia/ros2Bot_ws/install/turtlebot3_msgs/lib:/home/portia/ros2Bot_ws/install/image_rotate/lib:/home/portia/ros2Bot_ws/install/image_publisher/lib:/home/portia/ros2Bot_ws/install/image_proc/lib:/home/portia/ros2Bot_ws/install/depth_image_proc/lib:/home/portia/ros2Bot_ws/install/image_geometry/lib:/home/portia/ros2Bot_ws/install/dynamixel_sdk/lib:/home/portia/turtlebot3_ws/install/turtlebot3_msgs/lib:/home/portia/turtlebot3_ws/install/dynamixel_sdk/lib:/opt/ros/dashing/opt/yaml_cpp_vendor/lib:/opt/ros/dashing/lib PYTHONPATH=/home/portia/ros2Bot_ws/install/cv_bridge/lib/python3.6/site-packages:/home/portia/ros2Bot_ws/build/turtlebot3_teleop:/home/portia/ros2Bot_ws/install/turtlebot3_teleop/lib/python3.6/site-packages:/home/portia/ros2Bot_ws/install/turtlebot3_msgs/lib/python3.6/site-packages:/home/portia/ros2Bot_ws/build/opencv_tests:/home/portia/ros2Bot_ws/install/opencv_tests/lib/python3.6/site-packages:/home/portia/ros2Bot_ws/install/image_geometry/lib/python3.6/site-packages:/home/portia/turtlebot3_ws/build/turtlebot3_teleop:/home/portia/turtlebot3_ws/install/turtlebot3_teleop/lib/python3.6/site-packages:/home/portia/turtlebot3_ws/install/turtlebot3_msgs/lib/python3.6/site-packages:/opt/ros/dashing/lib/python3.6/site-packages /usr/bin/cmake --build /home/portia/ros2Bot_ws/build/usb_cam --target install -- -j4 -l4
[34.175s] Level 1:colcon.colcon_core.environment:checking '/home/portia/ros2Bot_ws/install/usb_cam' for CMake module files
[34.180s] Level 1:colcon.colcon_core.environment:checking '/home/portia/ros2Bot_ws/install/usb_cam' for CMake config files
[34.182s] Level 1:colcon.colcon_core.shell:create_environment_hook('usb_cam', 'cmake_prefix_path')
[34.187s] INFO:colcon.colcon_core.shell:Creating environment hook '/home/portia/ros2Bot_ws/install/usb_cam/share/usb_cam/hook/cmake_prefix_path.ps1'
[34.198s] INFO:colcon.colcon_core.shell:Creating environment descriptor '/home/portia/ros2Bot_ws/install/usb_cam/share/usb_cam/hook/cmake_prefix_path.dsv'
[34.204s] INFO:colcon.colcon_core.shell:Creating environment hook '/home/portia/ros2Bot_ws/install/usb_cam/share/usb_cam/hook/cmake_prefix_path.sh'
[34.215s] Level 1:colcon.colcon_core.environment:checking '/home/portia/ros2Bot_ws/install/usb_cam/lib'
[34.216s] Level 1:colcon.colcon_core.environment:checking '/home/portia/ros2Bot_ws/install/usb_cam/bin'
[34.217s] Level 1:colcon.colcon_core.environment:checking '/home/portia/ros2Bot_ws/install/usb_cam/lib/pkgconfig/usb_cam.pc'
[34.218s] Level 1:colcon.colcon_core.environment:checking '/home/portia/ros2Bot_ws/install/usb_cam/lib/python3.6/site-packages'
[34.223s] INFO:colcon.colcon_core.shell:Creating package script '/home/portia/ros2Bot_ws/install/usb_cam/share/usb_cam/package.ps1'
[34.235s] INFO:colcon.colcon_core.shell:Creating package descriptor '/home/portia/ros2Bot_ws/install/usb_cam/share/usb_cam/package.dsv'
[34.243s] INFO:colcon.colcon_core.shell:Creating package script '/home/portia/ros2Bot_ws/install/usb_cam/share/usb_cam/package.sh'
[34.252s] INFO:colcon.colcon_core.shell:Creating package script '/home/portia/ros2Bot_ws/install/usb_cam/share/usb_cam/package.bash'
[34.262s] INFO:colcon.colcon_core.shell:Creating package script '/home/portia/ros2Bot_ws/install/usb_cam/share/usb_cam/package.zsh'
[34.273s] Level 1:colcon.colcon_core.environment:create_file_with_runtime_dependencies(/home/portia/ros2Bot_ws/install/usb_cam/share/colcon-core/packages/usb_cam)
[34.276s] DEBUG:colcon.colcon_parallel_executor.executor.parallel:closing loop
[34.278s] DEBUG:colcon.colcon_parallel_executor.executor.parallel:loop closed
[34.279s] DEBUG:colcon.colcon_parallel_executor.executor.parallel:run_until_complete finished with '0'
[34.280s] DEBUG:colcon.colcon_core.event_reactor:joining thread
[34.332s] INFO:colcon.colcon_core.plugin_system:Skipping extension 'colcon_notification.desktop_notification.notify_send': Could not find 'notify-send'
[34.333s] INFO:colcon.colcon_core.plugin_system:Skipping extension 'colcon_notification.desktop_notification.terminal_notifier': Not used on non-Darwin systems
[34.334s] INFO:colcon.colcon_core.plugin_system:Skipping extension 'colcon_notification.desktop_notification.win32': Not used on non-Windows systems
[34.334s] INFO:colcon.colcon_notification.desktop_notification:Sending desktop notification using 'notify2'
[34.335s] DEBUG:colcon.colcon_notification.desktop_notification.notify2:Failed to initialize notify2: org.freedesktop.DBus.Error.NotSupported: Unable to autolaunch a dbus-daemon without a $DISPLAY for X11
[34.335s] DEBUG:colcon.colcon_core.event_reactor:joined thread
[34.340s] INFO:colcon.colcon_core.shell:Creating prefix script '/home/portia/ros2Bot_ws/install/local_setup.ps1'
[34.353s] INFO:colcon.colcon_core.shell:Creating prefix util module '/home/portia/ros2Bot_ws/install/_local_setup_util_ps1.py'
[34.369s] INFO:colcon.colcon_core.shell:Creating prefix chain script '/home/portia/ros2Bot_ws/install/setup.ps1'
[34.401s] INFO:colcon.colcon_core.shell:Creating prefix script '/home/portia/ros2Bot_ws/install/local_setup.sh'
[34.408s] INFO:colcon.colcon_core.shell:Creating prefix util module '/home/portia/ros2Bot_ws/install/_local_setup_util_sh.py'
[34.411s] INFO:colcon.colcon_core.shell:Creating prefix chain script '/home/portia/ros2Bot_ws/install/setup.sh'
[34.444s] INFO:colcon.colcon_core.shell:Creating prefix script '/home/portia/ros2Bot_ws/install/local_setup.bash'
[34.452s] INFO:colcon.colcon_core.shell:Creating prefix chain script '/home/portia/ros2Bot_ws/install/setup.bash'
[34.484s] INFO:colcon.colcon_core.shell:Creating prefix script '/home/portia/ros2Bot_ws/install/local_setup.zsh'
[34.490s] INFO:colcon.colcon_core.shell:Creating prefix chain script '/home/portia/ros2Bot_ws/install/setup.zsh'
