-- Found ament_cmake: 0.7.3 (/opt/ros/dashing/share/ament_cmake/cmake)
-- Using PYTHON_EXECUTABLE: /usr/bin/python3
-- Override CMake install command with custom implementation using symlinks instead of copying resources
-- Found image_transport: 2.1.1 (/opt/ros/dashing/share/image_transport/cmake)
-- Found rosidl_adapter: 0.7.7 (/opt/ros/dashing/share/rosidl_adapter/cmake)
-- Found rmw_implementation_cmake: 0.7.2 (/opt/ros/dashing/share/rmw_implementation_cmake/cmake)
-- Found tinyxml2_vendor:  (/opt/ros/dashing/share/tinyxml2_vendor/cmake)
-- Found poco_vendor:  (/opt/ros/dashing/share/poco_vendor/cmake)
-- Found cv_bridge: 2.1.2 (/home/portia/ros2Bot_ws/install/cv_bridge/share/cv_bridge/cmake)
-- Found camera_info_manager: 2.1.1 (/opt/ros/dashing/share/camera_info_manager/cmake)
-- Found ament_lint_auto: 0.7.11 (/opt/ros/dashing/share/ament_lint_auto/cmake)
-- Added test 'copyright' to check for copyright in CMake / C / C++ / Python code
-- Added test 'cppcheck' to perform static code analysis on C / C++ code
-- Configured cppcheck include dirs: $<BUILD_INTERFACE:/home/portia/ros2Bot_ws/usb_cam/include>
-- Added test 'cpplint' to check C / C++ code against the Google style
-- Added test 'lint_cmake' to check CMake code style
-- Added test 'uncrustify' to check C / C++ code style
-- Added test 'xmllint' to check XML markup files
-- Configuring done
-- Generating done
-- Build files have been written to: /home/portia/ros2Bot_ws/build/usb_cam
[35m[1mScanning dependencies of target cam_node[0m
[ 50%] [32mBuilding CXX object CMakeFiles/cam_node.dir/src/cam_node.cpp.o[0m
CMakeFiles/cam_node.dir/build.make:62: recipe for target 'CMakeFiles/cam_node.dir/src/cam_node.cpp.o' failed
CMakeFiles/Makefile2:67: recipe for target 'CMakeFiles/cam_node.dir/all' failed
Makefile:140: recipe for target 'all' failed
