Invoking command in '/home/portia/ros2Bot_ws/build/usb_cam': CMAKE_PREFIX_PATH=/home/portia/ros2Bot_ws/install/cv_bridge:/home/portia/ros2Bot_ws/install/vision_opencv:/home/portia/ros2Bot_ws/install/turtlebot3:/home/portia/ros2Bot_ws/install/turtlebot3_bringup:/home/portia/ros2Bot_ws/install/turtlebot3_node:/home/portia/ros2Bot_ws/install/turtlebot3_navigation2:/home/portia/ros2Bot_ws/install/turtlebot3_msgs:/home/portia/ros2Bot_ws/install/turtlebot3_description:/home/portia/ros2Bot_ws/install/turtlebot3_cartographer:/home/portia/ros2Bot_ws/install/image_rotate:/home/portia/ros2Bot_ws/install/image_publisher:/home/portia/ros2Bot_ws/install/image_proc:/home/portia/ros2Bot_ws/install/depth_image_proc:/home/portia/ros2Bot_ws/install/image_geometry:/home/portia/ros2Bot_ws/install/hls_lfcd_lds_driver:/home/portia/ros2Bot_ws/install/dynamixel_sdk:/home/portia/ros2OnBot_ws/install/turtlebot3:/home/portia/ros2OnBot_ws/install/turtlebot3_bringup:/home/portia/ros2OnBot_ws/install/turtlebot3_node:/home/portia/ros2OnBot_ws/install/turtlebot3_navigation2:/home/portia/ros2OnBot_ws/install/turtlebot3_msgs:/home/portia/ros2OnBot_ws/install/turtlebot3_description:/home/portia/ros2OnBot_ws/install/turtlebot3_cartographer:/home/portia/ros2Bot_ws/install/turtlebot3_teleop:/home/portia/ros2Bot_ws/install/opencv_tests:/home/portia/ros2OnBot_ws/install/turtlebot3_teleop:/home/portia/turtlebot3_ws/install/turtlebot3_teleop:/opt/ros/dashing:/home/portia/ros2OnBot_ws/install/image_proc:/home/portia/ros2OnBot_ws/install/depth_image_proc:/home/portia/ros2OnBot_ws/install/camera_info_manager:/home/portia/ros2OnBot_ws/install/image_transport:/home/portia/ros2OnBot_ws/install/image_geometry:/home/portia/ros2OnBot_ws/install/hls_lfcd_lds_driver:/home/portia/ros2OnBot_ws/install/dynamixel_sdk:/home/portia/ros2OnBot_ws/install/cv_bridge:/home/portia/ros2OnBot_ws/install/cpp_pubsub:/home/portia/ros2OnBot_ws/install/camera_calibration_parsers:/home/portia/turtlebot3_ws/install/turtlebot3:/home/portia/turtlebot3_ws/install/turtlebot3_bringup:/home/portia/turtlebot3_ws/install/turtlebot3_node:/home/portia/turtlebot3_ws/install/turtlebot3_msgs:/home/portia/turtlebot3_ws/install/turtlebot3_description:/home/portia/turtlebot3_ws/install/hls_lfcd_lds_driver:/home/portia/turtlebot3_ws/install/dynamixel_sdk LD_LIBRARY_PATH=/home/portia/ros2Bot_ws/install/cv_bridge/lib:/home/portia/ros2Bot_ws/install/turtlebot3_msgs/lib:/home/portia/ros2Bot_ws/install/image_rotate/lib:/home/portia/ros2Bot_ws/install/image_publisher/lib:/home/portia/ros2Bot_ws/install/image_proc/lib:/home/portia/ros2Bot_ws/install/depth_image_proc/lib:/home/portia/ros2Bot_ws/install/image_geometry/lib:/home/portia/ros2Bot_ws/install/dynamixel_sdk/lib:/home/portia/ros2OnBot_ws/install/turtlebot3_msgs/lib:/home/portia/ros2OnBot_ws/install/image_proc/lib:/home/portia/ros2OnBot_ws/install/depth_image_proc/lib:/home/portia/ros2OnBot_ws/install/camera_info_manager/lib:/home/portia/ros2OnBot_ws/install/image_transport/lib:/home/portia/ros2OnBot_ws/install/image_geometry/lib:/home/portia/ros2OnBot_ws/install/dynamixel_sdk/lib:/home/portia/ros2OnBot_ws/install/cv_bridge/lib:/home/portia/ros2OnBot_ws/install/camera_calibration_parsers/lib:/home/portia/turtlebot3_ws/install/turtlebot3_msgs/lib:/home/portia/turtlebot3_ws/install/dynamixel_sdk/lib:/opt/ros/dashing/opt/yaml_cpp_vendor/lib:/opt/ros/dashing/lib PYTHONPATH=/home/portia/ros2Bot_ws/install/cv_bridge/lib/python3.6/site-packages:/home/portia/ros2Bot_ws/build/turtlebot3_teleop:/home/portia/ros2Bot_ws/install/turtlebot3_teleop/lib/python3.6/site-packages:/home/portia/ros2Bot_ws/install/turtlebot3_msgs/lib/python3.6/site-packages:/home/portia/ros2Bot_ws/build/opencv_tests:/home/portia/ros2Bot_ws/install/opencv_tests/lib/python3.6/site-packages:/home/portia/ros2Bot_ws/install/image_geometry/lib/python3.6/site-packages:/home/portia/ros2OnBot_ws/build/turtlebot3_teleop:/home/portia/ros2OnBot_ws/install/turtlebot3_teleop/lib/python3.6/site-packages:/home/portia/ros2OnBot_ws/install/turtlebot3_msgs/lib/python3.6/site-packages:/home/portia/ros2OnBot_ws/install/image_geometry/lib/python3.6/site-packages:/home/portia/ros2OnBot_ws/install/cv_bridge/lib/python3.6/site-packages:/home/portia/turtlebot3_ws/build/turtlebot3_teleop:/home/portia/turtlebot3_ws/install/turtlebot3_teleop/lib/python3.6/site-packages:/home/portia/turtlebot3_ws/install/turtlebot3_msgs/lib/python3.6/site-packages:/opt/ros/dashing/lib/python3.6/site-packages /usr/bin/cmake --build /home/portia/ros2Bot_ws/build/usb_cam -- -j4 -l4
-- Found ament_cmake: 0.7.3 (/opt/ros/dashing/share/ament_cmake/cmake)
-- Using PYTHON_EXECUTABLE: /usr/bin/python3
-- Override CMake install command with custom implementation using symlinks instead of copying resources
-- Found image_transport: 2.1.1 (/opt/ros/dashing/share/image_transport/cmake)
-- Found rosidl_adapter: 0.7.7 (/opt/ros/dashing/share/rosidl_adapter/cmake)
-- Found rmw_implementation_cmake: 0.7.2 (/opt/ros/dashing/share/rmw_implementation_cmake/cmake)
-- Found tinyxml2_vendor:  (/opt/ros/dashing/share/tinyxml2_vendor/cmake)
-- Found poco_vendor:  (/opt/ros/dashing/share/poco_vendor/cmake)
-- Found cv_bridge: 2.1.2 (/home/portia/ros2Bot_ws/install/cv_bridge/share/cv_bridge/cmake)
-- Found camera_info_manager: 2.1.1 (/opt/ros/dashing/share/camera_info_manager/cmake)
-- Found ament_lint_auto: 0.7.11 (/opt/ros/dashing/share/ament_lint_auto/cmake)
-- Added test 'copyright' to check for copyright in CMake / C / C++ / Python code
-- Added test 'cppcheck' to perform static code analysis on C / C++ code
-- Configured cppcheck include dirs: $<BUILD_INTERFACE:/home/portia/ros2Bot_ws/usb_cam/include>
-- Added test 'cpplint' to check C / C++ code against the Google style
-- Added test 'lint_cmake' to check CMake code style
-- Added test 'uncrustify' to check C / C++ code style
-- Added test 'xmllint' to check XML markup files
-- Configuring done
-- Generating done
-- Build files have been written to: /home/portia/ros2Bot_ws/build/usb_cam
[35m[1mScanning dependencies of target cam_node[0m
[ 50%] [32mBuilding CXX object CMakeFiles/cam_node.dir/src/cam_node.cpp.o[0m
[01m[K/home/portia/ros2Bot_ws/usb_cam/src/cam_node.cpp:33:2:[m[K [01;31m[Kerror: [m[K‘[01m[KVideoCapture[m[K’ does not name a type
  [01;31m[KVideoCapture[m[K cap;
  [01;31m[K^~~~~~~~~~~~[m[K
[01m[K/home/portia/ros2Bot_ws/usb_cam/src/cam_node.cpp:[m[K In constructor ‘[01m[KCameraDriver::CameraDriver(int, int, int)[m[K’:
[01m[K/home/portia/ros2Bot_ws/usb_cam/src/cam_node.cpp:20:38:[m[K [01;31m[Kerror: [m[K‘[01m[Kcamera_info_managers[m[K’ was not declared in this scope
         cinfo_manager_ = make_shared<[01;31m[Kcamera_info_managers[m[K::CameraInfoManager>(this);
                                      [01;31m[K^~~~~~~~~~~~~~~~~~~~[m[K
[01m[K/home/portia/ros2Bot_ws/usb_cam/src/cam_node.cpp:20:38:[m[K [01;36m[Knote: [m[Ksuggested alternative: ‘[01m[Kcinfo_manager_[m[K’
         cinfo_manager_ = make_shared<[01;36m[Kcamera_info_managers[m[K::CameraInfoManager>(this);
                                      [01;36m[K^~~~~~~~~~~~~~~~~~~~[m[K
                                      [32m[Kcinfo_manager_[m[K
[01m[K/home/portia/ros2Bot_ws/usb_cam/src/cam_node.cpp:20:26:[m[K [01;31m[Kerror: [m[Kparse error in template argument list
         cinfo_manager_ = [01;31m[Kmake_shared<camera_info_managers::CameraInfoManager>[m[K(this);
                          [01;31m[K^~~~~~~~~~~~~~~~~~~~~~~~~~~~~~~~~~~~~~~~~~~~~~~~~~~~[m[K
[01m[K/home/portia/ros2Bot_ws/usb_cam/src/cam_node.cpp:20:83:[m[K [01;31m[Kerror: [m[Kno matching function for call to ‘[01m[KCameraDriver::make_shared<<expression error> >(CameraDriver*)[m[K’
         cinfo_manager_ = make_shared<camera_info_managers::CameraInfoManager>(this[01;31m[K)[m[K;
                                                                                   [01;31m[K^[m[K
In file included from [01m[K/opt/ros/dashing/include/rclcpp/context.hpp:33:0[m[K,
                 from [01m[K/opt/ros/dashing/include/rclcpp/contexts/default_context.hpp:18[m[K,
                 from [01m[K/opt/ros/dashing/include/rclcpp/executor.hpp:32[m[K,
                 from [01m[K/opt/ros/dashing/include/rclcpp/executors/multi_threaded_executor.hpp:24[m[K,
                 from [01m[K/opt/ros/dashing/include/rclcpp/executors.hpp:21[m[K,
                 from [01m[K/opt/ros/dashing/include/rclcpp/rclcpp.hpp:144[m[K,
                 from [01m[K/home/portia/ros2Bot_ws/usb_cam/src/cam_node.cpp:1[m[K:
[01m[K/opt/ros/dashing/include/rclcpp/macros.hpp:78:3:[m[K [01;36m[Knote: [m[Kcandidate: template<class ... Args> static std::shared_ptr<rclcpp::Node> rclcpp::Node::make_shared(Args&& ...)
   [01;36m[Km[m[Kake_shared(Args && ... args) \
   [01;36m[K^[m[K
[01m[K/opt/ros/dashing/include/rclcpp/macros.hpp:86:3:[m[K [01;36m[Knote: [m[Kin expansion of macro ‘[01m[K__RCLCPP_MAKE_SHARED_DEFINITION[m[K’
   [01;36m[K__RCLCPP_MAKE_SHARED_DEFINITION[m[K(__VA_ARGS__)
   [01;36m[K^~~~~~~~~~~~~~~~~~~~~~~~~~~~~~~[m[K
[01m[K/opt/ros/dashing/include/rclcpp/macros.hpp:37:3:[m[K [01;36m[Knote: [m[Kin expansion of macro ‘[01m[KRCLCPP_SHARED_PTR_DEFINITIONS[m[K’
   [01;36m[KRCLCPP_SHARED_PTR_DEFINITIONS[m[K(__VA_ARGS__) \
   [01;36m[K^~~~~~~~~~~~~~~~~~~~~~~~~~~~~[m[K
[01m[K/opt/ros/dashing/include/rclcpp/node.hpp:75:3:[m[K [01;36m[Knote: [m[Kin expansion of macro ‘[01m[KRCLCPP_SMART_PTR_DEFINITIONS[m[K’
   [01;36m[KRCLCPP_SMART_PTR_DEFINITIONS[m[K(Node)
   [01;36m[K^~~~~~~~~~~~~~~~~~~~~~~~~~~~[m[K
[01m[K/opt/ros/dashing/include/rclcpp/macros.hpp:78:3:[m[K [01;36m[Knote: [m[K  template argument deduction/substitution failed:
   [01;36m[Km[m[Kake_shared(Args && ... args) \
   [01;36m[K^[m[K
[01m[K/opt/ros/dashing/include/rclcpp/macros.hpp:86:3:[m[K [01;36m[Knote: [m[Kin expansion of macro ‘[01m[K__RCLCPP_MAKE_SHARED_DEFINITION[m[K’
   [01;36m[K__RCLCPP_MAKE_SHARED_DEFINITION[m[K(__VA_ARGS__)
   [01;36m[K^~~~~~~~~~~~~~~~~~~~~~~~~~~~~~~[m[K
[01m[K/opt/ros/dashing/include/rclcpp/macros.hpp:37:3:[m[K [01;36m[Knote: [m[Kin expansion of macro ‘[01m[KRCLCPP_SHARED_PTR_DEFINITIONS[m[K’
   [01;36m[KRCLCPP_SHARED_PTR_DEFINITIONS[m[K(__VA_ARGS__) \
   [01;36m[K^~~~~~~~~~~~~~~~~~~~~~~~~~~~~[m[K
[01m[K/opt/ros/dashing/include/rclcpp/node.hpp:75:3:[m[K [01;36m[Knote: [m[Kin expansion of macro ‘[01m[KRCLCPP_SMART_PTR_DEFINITIONS[m[K’
   [01;36m[KRCLCPP_SMART_PTR_DEFINITIONS[m[K(Node)
   [01;36m[K^~~~~~~~~~~~~~~~~~~~~~~~~~~~[m[K
[01m[K/home/portia/ros2Bot_ws/usb_cam/src/cam_node.cpp:20:83:[m[K [01;31m[Kerror: [m[Ktemplate argument 1 is invalid
         cinfo_manager_ = make_shared<camera_info_managers::CameraInfoManager>(this[01;31m[K)[m[K;
                                                                                   [01;31m[K^[m[K
[01m[K/home/portia/ros2Bot_ws/usb_cam/src/cam_node.cpp:22:9:[m[K [01;31m[Kerror: [m[K‘[01m[Kcap[m[K’ was not declared in this scope
         [01;31m[Kcap[m[K.open(0);
         [01;31m[K^~~[m[K
[01m[K/home/portia/ros2Bot_ws/usb_cam/src/cam_node.cpp:22:9:[m[K [01;36m[Knote: [m[Ksuggested alternative: ‘[01m[Kbcmp[m[K’
         [01;36m[Kcap[m[K.open(0);
         [01;36m[K^~~[m[K
         [32m[Kbcmp[m[K
[01m[K/home/portia/ros2Bot_ws/usb_cam/src/cam_node.cpp:23:17:[m[K [01;31m[Kerror: [m[K‘[01m[KCAP_PROP_FRAME_WIDTH[m[K’ was not declared in this scope
         cap.set([01;31m[KCAP_PROP_FRAME_WIDTH[m[K, width);
                 [01;31m[K^~~~~~~~~~~~~~~~~~~~[m[K
[01m[K/home/portia/ros2Bot_ws/usb_cam/src/cam_node.cpp:24:17:[m[K [01;31m[Kerror: [m[K‘[01m[KCAP_PROP_FRAME_HEIGHT[m[K’ was not declared in this scope
         cap.set([01;31m[KCAP_PROP_FRAME_HEIGHT[m[K, height);
                 [01;31m[K^~~~~~~~~~~~~~~~~~~~~[m[K
[01m[K/home/portia/ros2Bot_ws/usb_cam/src/cam_node.cpp:28:69:[m[K [01;31m[Kerror: [m[Kinvalid use of non-static member function ‘[01m[Kvoid CameraDriver::ImgCallBack()[m[K’
         timer = this->create_wall_timer(delay, bind(ImgCallBack,this[01;31m[K)[m[K);
                                                                     [01;31m[K^[m[K
[01m[K/home/portia/ros2Bot_ws/usb_cam/src/cam_node.cpp:42:7:[m[K [01;36m[Knote: [m[Kdeclared here
  void [01;36m[KImgCallBack[m[K()
       [01;36m[K^~~~~~~~~~~[m[K
[01m[K/home/portia/ros2Bot_ws/usb_cam/src/cam_node.cpp:15:45:[m[K [01;35m[Kwarning: [m[Kunused parameter ‘[01m[KframeRate[m[K’ [[01;35m[K-Wunused-parameter[m[K]
     CameraDriver(int width, int height, int [01;35m[KframeRate[m[K) : Node("usb_cam_driver")
                                             [01;35m[K^~~~~~~~~[m[K
[01m[K/home/portia/ros2Bot_ws/usb_cam/src/cam_node.cpp:[m[K In member function ‘[01m[Kvoid CameraDriver::ImgCallBack()[m[K’:
[01m[K/home/portia/ros2Bot_ws/usb_cam/src/cam_node.cpp:44:6:[m[K [01;31m[Kerror: [m[K‘[01m[Kcap[m[K’ was not declared in this scope
      [01;31m[Kcap[m[K >> frame;
      [01;31m[K^~~[m[K
[01m[K/home/portia/ros2Bot_ws/usb_cam/src/cam_node.cpp:44:6:[m[K [01;36m[Knote: [m[Ksuggested alternative: ‘[01m[Kbcmp[m[K’
      [01;36m[Kcap[m[K >> frame;
      [01;36m[K^~~[m[K
      [32m[Kbcmp[m[K
[01m[K/home/portia/ros2Bot_ws/usb_cam/src/cam_node.cpp:[m[K In member function ‘[01m[Kstd::shared_ptr<sensor_msgs::msg::Image_<std::allocator<void> > > CameraDriver::ConvertFrameToMessage(cv::Mat)[m[K’:
[01m[K/home/portia/ros2Bot_ws/usb_cam/src/cam_node.cpp:64:9:[m[K [01;31m[Kerror: [m[K‘[01m[Kimage_msg_[m[K’ was not declared in this scope
         [01;31m[Kimage_msg_[m[K = img_bridge.toImageMsg(); // from cv_bridge to sensor_msgs::msg::Image
         [01;31m[K^~~~~~~~~~[m[K
[01m[K/home/portia/ros2Bot_ws/usb_cam/src/cam_node.cpp:64:9:[m[K [01;36m[Knote: [m[Ksuggested alternative: ‘[01m[Kimage_msg[m[K’
         [01;36m[Kimage_msg_[m[K = img_bridge.toImageMsg(); // from cv_bridge to sensor_msgs::msg::Image
         [01;36m[K^~~~~~~~~~[m[K
         [32m[Kimage_msg[m[K
CMakeFiles/cam_node.dir/build.make:62: recipe for target 'CMakeFiles/cam_node.dir/src/cam_node.cpp.o' failed
make[2]: *** [CMakeFiles/cam_node.dir/src/cam_node.cpp.o] Error 1
CMakeFiles/Makefile2:67: recipe for target 'CMakeFiles/cam_node.dir/all' failed
make[1]: *** [CMakeFiles/cam_node.dir/all] Error 2
Makefile:140: recipe for target 'all' failed
make: *** [all] Error 2
Invoked command in '/home/portia/ros2Bot_ws/build/usb_cam' returned '2': CMAKE_PREFIX_PATH=/home/portia/ros2Bot_ws/install/cv_bridge:/home/portia/ros2Bot_ws/install/vision_opencv:/home/portia/ros2Bot_ws/install/turtlebot3:/home/portia/ros2Bot_ws/install/turtlebot3_bringup:/home/portia/ros2Bot_ws/install/turtlebot3_node:/home/portia/ros2Bot_ws/install/turtlebot3_navigation2:/home/portia/ros2Bot_ws/install/turtlebot3_msgs:/home/portia/ros2Bot_ws/install/turtlebot3_description:/home/portia/ros2Bot_ws/install/turtlebot3_cartographer:/home/portia/ros2Bot_ws/install/image_rotate:/home/portia/ros2Bot_ws/install/image_publisher:/home/portia/ros2Bot_ws/install/image_proc:/home/portia/ros2Bot_ws/install/depth_image_proc:/home/portia/ros2Bot_ws/install/image_geometry:/home/portia/ros2Bot_ws/install/hls_lfcd_lds_driver:/home/portia/ros2Bot_ws/install/dynamixel_sdk:/home/portia/ros2OnBot_ws/install/turtlebot3:/home/portia/ros2OnBot_ws/install/turtlebot3_bringup:/home/portia/ros2OnBot_ws/install/turtlebot3_node:/home/portia/ros2OnBot_ws/install/turtlebot3_navigation2:/home/portia/ros2OnBot_ws/install/turtlebot3_msgs:/home/portia/ros2OnBot_ws/install/turtlebot3_description:/home/portia/ros2OnBot_ws/install/turtlebot3_cartographer:/home/portia/ros2Bot_ws/install/turtlebot3_teleop:/home/portia/ros2Bot_ws/install/opencv_tests:/home/portia/ros2OnBot_ws/install/turtlebot3_teleop:/home/portia/turtlebot3_ws/install/turtlebot3_teleop:/opt/ros/dashing:/home/portia/ros2OnBot_ws/install/image_proc:/home/portia/ros2OnBot_ws/install/depth_image_proc:/home/portia/ros2OnBot_ws/install/camera_info_manager:/home/portia/ros2OnBot_ws/install/image_transport:/home/portia/ros2OnBot_ws/install/image_geometry:/home/portia/ros2OnBot_ws/install/hls_lfcd_lds_driver:/home/portia/ros2OnBot_ws/install/dynamixel_sdk:/home/portia/ros2OnBot_ws/install/cv_bridge:/home/portia/ros2OnBot_ws/install/cpp_pubsub:/home/portia/ros2OnBot_ws/install/camera_calibration_parsers:/home/portia/turtlebot3_ws/install/turtlebot3:/home/portia/turtlebot3_ws/install/turtlebot3_bringup:/home/portia/turtlebot3_ws/install/turtlebot3_node:/home/portia/turtlebot3_ws/install/turtlebot3_msgs:/home/portia/turtlebot3_ws/install/turtlebot3_description:/home/portia/turtlebot3_ws/install/hls_lfcd_lds_driver:/home/portia/turtlebot3_ws/install/dynamixel_sdk LD_LIBRARY_PATH=/home/portia/ros2Bot_ws/install/cv_bridge/lib:/home/portia/ros2Bot_ws/install/turtlebot3_msgs/lib:/home/portia/ros2Bot_ws/install/image_rotate/lib:/home/portia/ros2Bot_ws/install/image_publisher/lib:/home/portia/ros2Bot_ws/install/image_proc/lib:/home/portia/ros2Bot_ws/install/depth_image_proc/lib:/home/portia/ros2Bot_ws/install/image_geometry/lib:/home/portia/ros2Bot_ws/install/dynamixel_sdk/lib:/home/portia/ros2OnBot_ws/install/turtlebot3_msgs/lib:/home/portia/ros2OnBot_ws/install/image_proc/lib:/home/portia/ros2OnBot_ws/install/depth_image_proc/lib:/home/portia/ros2OnBot_ws/install/camera_info_manager/lib:/home/portia/ros2OnBot_ws/install/image_transport/lib:/home/portia/ros2OnBot_ws/install/image_geometry/lib:/home/portia/ros2OnBot_ws/install/dynamixel_sdk/lib:/home/portia/ros2OnBot_ws/install/cv_bridge/lib:/home/portia/ros2OnBot_ws/install/camera_calibration_parsers/lib:/home/portia/turtlebot3_ws/install/turtlebot3_msgs/lib:/home/portia/turtlebot3_ws/install/dynamixel_sdk/lib:/opt/ros/dashing/opt/yaml_cpp_vendor/lib:/opt/ros/dashing/lib PYTHONPATH=/home/portia/ros2Bot_ws/install/cv_bridge/lib/python3.6/site-packages:/home/portia/ros2Bot_ws/build/turtlebot3_teleop:/home/portia/ros2Bot_ws/install/turtlebot3_teleop/lib/python3.6/site-packages:/home/portia/ros2Bot_ws/install/turtlebot3_msgs/lib/python3.6/site-packages:/home/portia/ros2Bot_ws/build/opencv_tests:/home/portia/ros2Bot_ws/install/opencv_tests/lib/python3.6/site-packages:/home/portia/ros2Bot_ws/install/image_geometry/lib/python3.6/site-packages:/home/portia/ros2OnBot_ws/build/turtlebot3_teleop:/home/portia/ros2OnBot_ws/install/turtlebot3_teleop/lib/python3.6/site-packages:/home/portia/ros2OnBot_ws/install/turtlebot3_msgs/lib/python3.6/site-packages:/home/portia/ros2OnBot_ws/install/image_geometry/lib/python3.6/site-packages:/home/portia/ros2OnBot_ws/install/cv_bridge/lib/python3.6/site-packages:/home/portia/turtlebot3_ws/build/turtlebot3_teleop:/home/portia/turtlebot3_ws/install/turtlebot3_teleop/lib/python3.6/site-packages:/home/portia/turtlebot3_ws/install/turtlebot3_msgs/lib/python3.6/site-packages:/opt/ros/dashing/lib/python3.6/site-packages /usr/bin/cmake --build /home/portia/ros2Bot_ws/build/usb_cam -- -j4 -l4
