-- The C compiler identification is GNU 7.4.0
-- The CXX compiler identification is GNU 7.4.0
-- Check for working C compiler: /usr/bin/cc
-- Check for working C compiler: /usr/bin/cc -- works
-- Detecting C compiler ABI info
-- Detecting C compiler ABI info - done
-- Detecting C compile features
-- Detecting C compile features - done
-- Check for working CXX compiler: /usr/bin/c++
-- Check for working CXX compiler: /usr/bin/c++ -- works
-- Detecting CXX compiler ABI info
-- Detecting CXX compiler ABI info - done
-- Detecting CXX compile features
-- Detecting CXX compile features - done
-- Found ament_cmake: 0.7.3 (/opt/ros/dashing/share/ament_cmake/cmake)
-- Found PythonInterp: /usr/bin/python3 (found suitable version "3.6.9", minimum required is "3") 
-- Using PYTHON_EXECUTABLE: /usr/bin/python3
-- Override CMake install command with custom implementation using symlinks instead of copying resources
-- Found cv_bridge: 2.1.2 (/home/portia/ros2Bot_ws/install/cv_bridge/share/cv_bridge/cmake)
-- Found class_loader: 1.3.2 (/opt/ros/dashing/share/class_loader/cmake)
-- Found poco_vendor:  (/opt/ros/dashing/share/poco_vendor/cmake)
-- Found rclcpp_components: 0.7.11 (/opt/ros/dashing/share/rclcpp_components/cmake)
-- Found rosidl_adapter: 0.7.7 (/opt/ros/dashing/share/rosidl_adapter/cmake)
-- Found rmw_implementation_cmake: 0.7.2 (/opt/ros/dashing/share/rmw_implementation_cmake/cmake)
-- Looking for pthread.h
-- Looking for pthread.h - found
-- Looking for pthread_create
-- Looking for pthread_create - not found
-- Looking for pthread_create in pthreads
-- Looking for pthread_create in pthreads - not found
-- Looking for pthread_create in pthread
-- Looking for pthread_create in pthread - found
-- Found Threads: TRUE  
-- Found image_transport: 2.1.1 (/opt/ros/dashing/share/image_transport/cmake)
-- Found tinyxml2_vendor:  (/opt/ros/dashing/share/tinyxml2_vendor/cmake)
-- Found TinyXML2: /usr/lib/aarch64-linux-gnu/libtinyxml2.so  
-- Found tf2: 0.11.5 (/opt/ros/dashing/share/tf2/cmake)
-- Found tf2_ros: 0.11.5 (/opt/ros/dashing/share/tf2_ros/cmake)
-- Found tf2_geometry_msgs: 0.11.5 (/opt/ros/dashing/share/tf2_geometry_msgs/cmake)
-- Found OpenCV: /usr (found version "3.2.0") found components:  core imgproc 
-- Found ament_lint_auto: 0.7.11 (/opt/ros/dashing/share/ament_lint_auto/cmake)
-- Added test 'copyright' to check for copyright in CMake / C / C++ / Python code
-- Added test 'cppcheck' to perform static code analysis on C / C++ code
-- Configured cppcheck include dirs: /home/portia/ros2Bot_ws/src/image_pipeline/image_rotate/include
-- Added test 'cpplint' to check C / C++ code against the Google style
-- Added test 'flake8' to check Python code syntax and style conventions
-- Added test 'lint_cmake' to check CMake code style
-- Added test 'pep257' to check Python code against some of the style conventions in PEP 257
-- Added test 'uncrustify' to check C / C++ code style
-- Added test 'xmllint' to check XML markup files
-- Configuring done
-- Generating done
-- Build files have been written to: /home/portia/ros2Bot_ws/build/image_rotate
[35m[1mScanning dependencies of target image_rotate[0m
[ 25%] [32mBuilding CXX object CMakeFiles/image_rotate.dir/src/image_rotate_node.cpp.o[0m
[01m[K/home/portia/ros2Bot_ws/src/image_pipeline/image_rotate/src/image_rotate_node.cpp:[m[K In constructor ‘[01m[Kimage_rotate::ImageRotateNode::ImageRotateNode()[m[K’:
[01m[K/home/portia/ros2Bot_ws/src/image_pipeline/image_rotate/src/image_rotate_node.cpp:54:89:[m[K [01;35m[Kwarning: [m[K‘[01m[Kvoid rclcpp::Node::get_parameter_or_set(const string&, ParameterT&, const ParameterT&) [with ParameterT = std::__cxx11::basic_string<char>; std::__cxx11::string = std::__cxx11::basic_string<char>][m[K’ is deprecated: use declare_parameter() and it's return value instead [[01;35m[K-Wdeprecated-declarations[m[K]
   this->get_parameter_or_set("target_frame_id", config_.target_frame_id, std::string("")[01;35m[K)[m[K;
                                                                                         [01;35m[K^[m[K
In file included from [01m[K/opt/ros/dashing/include/rclcpp/node.hpp:1206:0[m[K,
                 from [01m[K/opt/ros/dashing/include/rclcpp/executors/single_threaded_executor.hpp:28[m[K,
                 from [01m[K/opt/ros/dashing/include/rclcpp/executors.hpp:22[m[K,
                 from [01m[K/opt/ros/dashing/include/rclcpp/rclcpp.hpp:144[m[K,
                 from [01m[K/home/portia/ros2Bot_ws/src/image_pipeline/image_rotate/include/image_rotate/image_rotate_node.hpp:35[m[K,
                 from [01m[K/home/portia/ros2Bot_ws/src/image_pipeline/image_rotate/src/image_rotate_node.cpp:42[m[K:
[01m[K/opt/ros/dashing/include/rclcpp/node_impl.hpp:396:1:[m[K [01;36m[Knote: [m[Kdeclared here
 [01;36m[KNode[m[K::get_parameter_or_set(
 [01;36m[K^~~~[m[K
[01m[K/home/portia/ros2Bot_ws/src/image_pipeline/image_rotate/src/image_rotate_node.cpp:55:82:[m[K [01;35m[Kwarning: [m[K‘[01m[Kvoid rclcpp::Node::get_parameter_or_set(const string&, ParameterT&, const ParameterT&) [with ParameterT = double; std::__cxx11::string = std::__cxx11::basic_string<char>][m[K’ is deprecated: use declare_parameter() and it's return value instead [[01;35m[K-Wdeprecated-declarations[m[K]
   this->get_parameter_or_set("target_x", config_.target_x, static_cast<double>(0)[01;35m[K)[m[K;
                                                                                  [01;35m[K^[m[K
In file included from [01m[K/opt/ros/dashing/include/rclcpp/node.hpp:1206:0[m[K,
                 from [01m[K/opt/ros/dashing/include/rclcpp/executors/single_threaded_executor.hpp:28[m[K,
                 from [01m[K/opt/ros/dashing/include/rclcpp/executors.hpp:22[m[K,
                 from [01m[K/opt/ros/dashing/include/rclcpp/rclcpp.hpp:144[m[K,
                 from [01m[K/home/portia/ros2Bot_ws/src/image_pipeline/image_rotate/include/image_rotate/image_rotate_node.hpp:35[m[K,
                 from [01m[K/home/portia/ros2Bot_ws/src/image_pipeline/image_rotate/src/image_rotate_node.cpp:42[m[K:
[01m[K/opt/ros/dashing/include/rclcpp/node_impl.hpp:396:1:[m[K [01;36m[Knote: [m[Kdeclared here
 [01;36m[KNode[m[K::get_parameter_or_set(
 [01;36m[K^~~~[m[K
[01m[K/home/portia/ros2Bot_ws/src/image_pipeline/image_rotate/src/image_rotate_node.cpp:56:82:[m[K [01;35m[Kwarning: [m[K‘[01m[Kvoid rclcpp::Node::get_parameter_or_set(const string&, ParameterT&, const ParameterT&) [with ParameterT = double; std::__cxx11::string = std::__cxx11::basic_string<char>][m[K’ is deprecated: use declare_parameter() and it's return value instead [[01;35m[K-Wdeprecated-declarations[m[K]
   this->get_parameter_or_set("target_y", config_.target_y, static_cast<double>(0)[01;35m[K)[m[K;
                                                                                  [01;35m[K^[m[K
In file included from [01m[K/opt/ros/dashing/include/rclcpp/node.hpp:1206:0[m[K,
                 from [01m[K/opt/ros/dashing/include/rclcpp/executors/single_threaded_executor.hpp:28[m[K,
                 from [01m[K/opt/ros/dashing/include/rclcpp/executors.hpp:22[m[K,
                 from [01m[K/opt/ros/dashing/include/rclcpp/rclcpp.hpp:144[m[K,
                 from [01m[K/home/portia/ros2Bot_ws/src/image_pipeline/image_rotate/include/image_rotate/image_rotate_node.hpp:35[m[K,
                 from [01m[K/home/portia/ros2Bot_ws/src/image_pipeline/image_rotate/src/image_rotate_node.cpp:42[m[K:
[01m[K/opt/ros/dashing/include/rclcpp/node_impl.hpp:396:1:[m[K [01;36m[Knote: [m[Kdeclared here
 [01;36m[KNode[m[K::get_parameter_or_set(
 [01;36m[K^~~~[m[K
[01m[K/home/portia/ros2Bot_ws/src/image_pipeline/image_rotate/src/image_rotate_node.cpp:57:82:[m[K [01;35m[Kwarning: [m[K‘[01m[Kvoid rclcpp::Node::get_parameter_or_set(const string&, ParameterT&, const ParameterT&) [with ParameterT = double; std::__cxx11::string = std::__cxx11::basic_string<char>][m[K’ is deprecated: use declare_parameter() and it's return value instead [[01;35m[K-Wdeprecated-declarations[m[K]
   this->get_parameter_or_set("target_z", config_.target_z, static_cast<double>(1)[01;35m[K)[m[K;
                                                                                  [01;35m[K^[m[K
In file included from [01m[K/opt/ros/dashing/include/rclcpp/node.hpp:1206:0[m[K,
                 from [01m[K/opt/ros/dashing/include/rclcpp/executors/single_threaded_executor.hpp:28[m[K,
                 from [01m[K/opt/ros/dashing/include/rclcpp/executors.hpp:22[m[K,
                 from [01m[K/opt/ros/dashing/include/rclcpp/rclcpp.hpp:144[m[K,
                 from [01m[K/home/portia/ros2Bot_ws/src/image_pipeline/image_rotate/include/image_rotate/image_rotate_node.hpp:35[m[K,
                 from [01m[K/home/portia/ros2Bot_ws/src/image_pipeline/image_rotate/src/image_rotate_node.cpp:42[m[K:
[01m[K/opt/ros/dashing/include/rclcpp/node_impl.hpp:396:1:[m[K [01;36m[Knote: [m[Kdeclared here
 [01;36m[KNode[m[K::get_parameter_or_set(
 [01;36m[K^~~~[m[K
[01m[K/home/portia/ros2Bot_ws/src/image_pipeline/image_rotate/src/image_rotate_node.cpp:59:89:[m[K [01;35m[Kwarning: [m[K‘[01m[Kvoid rclcpp::Node::get_parameter_or_set(const string&, ParameterT&, const ParameterT&) [with ParameterT = std::__cxx11::basic_string<char>; std::__cxx11::string = std::__cxx11::basic_string<char>][m[K’ is deprecated: use declare_parameter() and it's return value instead [[01;35m[K-Wdeprecated-declarations[m[K]
   this->get_parameter_or_set("source_frame_id", config_.source_frame_id, std::string("")[01;35m[K)[m[K;
                                                                                         [01;35m[K^[m[K
In file included from [01m[K/opt/ros/dashing/include/rclcpp/node.hpp:1206:0[m[K,
                 from [01m[K/opt/ros/dashing/include/rclcpp/executors/single_threaded_executor.hpp:28[m[K,
                 from [01m[K/opt/ros/dashing/include/rclcpp/executors.hpp:22[m[K,
                 from [01m[K/opt/ros/dashing/include/rclcpp/rclcpp.hpp:144[m[K,
                 from [01m[K/home/portia/ros2Bot_ws/src/image_pipeline/image_rotate/include/image_rotate/image_rotate_node.hpp:35[m[K,
                 from [01m[K/home/portia/ros2Bot_ws/src/image_pipeline/image_rotate/src/image_rotate_node.cpp:42[m[K:
[01m[K/opt/ros/dashing/include/rclcpp/node_impl.hpp:396:1:[m[K [01;36m[Knote: [m[Kdeclared here
 [01;36m[KNode[m[K::get_parameter_or_set(
 [01;36m[K^~~~[m[K
[01m[K/home/portia/ros2Bot_ws/src/image_pipeline/image_rotate/src/image_rotate_node.cpp:60:82:[m[K [01;35m[Kwarning: [m[K‘[01m[Kvoid rclcpp::Node::get_parameter_or_set(const string&, ParameterT&, const ParameterT&) [with ParameterT = double; std::__cxx11::string = std::__cxx11::basic_string<char>][m[K’ is deprecated: use declare_parameter() and it's return value instead [[01;35m[K-Wdeprecated-declarations[m[K]
   this->get_parameter_or_set("source_x", config_.source_x, static_cast<double>(0)[01;35m[K)[m[K;
                                                                                  [01;35m[K^[m[K
In file included from [01m[K/opt/ros/dashing/include/rclcpp/node.hpp:1206:0[m[K,
                 from [01m[K/opt/ros/dashing/include/rclcpp/executors/single_threaded_executor.hpp:28[m[K,
                 from [01m[K/opt/ros/dashing/include/rclcpp/executors.hpp:22[m[K,
                 from [01m[K/opt/ros/dashing/include/rclcpp/rclcpp.hpp:144[m[K,
                 from [01m[K/home/portia/ros2Bot_ws/src/image_pipeline/image_rotate/include/image_rotate/image_rotate_node.hpp:35[m[K,
                 from [01m[K/home/portia/ros2Bot_ws/src/image_pipeline/image_rotate/src/image_rotate_node.cpp:42[m[K:
[01m[K/opt/ros/dashing/include/rclcpp/node_impl.hpp:396:1:[m[K [01;36m[Knote: [m[Kdeclared here
 [01;36m[KNode[m[K::get_parameter_or_set(
 [01;36m[K^~~~[m[K
[01m[K/home/portia/ros2Bot_ws/src/image_pipeline/image_rotate/src/image_rotate_node.cpp:61:83:[m[K [01;35m[Kwarning: [m[K‘[01m[Kvoid rclcpp::Node::get_parameter_or_set(const string&, ParameterT&, const ParameterT&) [with ParameterT = double; std::__cxx11::string = std::__cxx11::basic_string<char>][m[K’ is deprecated: use declare_parameter() and it's return value instead [[01;35m[K-Wdeprecated-declarations[m[K]
   this->get_parameter_or_set("source_y", config_.source_y, static_cast<double>(-1)[01;35m[K)[m[K;
                                                                                   [01;35m[K^[m[K
In file included from [01m[K/opt/ros/dashing/include/rclcpp/node.hpp:1206:0[m[K,
                 from [01m[K/opt/ros/dashing/include/rclcpp/executors/single_threaded_executor.hpp:28[m[K,
                 from [01m[K/opt/ros/dashing/include/rclcpp/executors.hpp:22[m[K,
                 from [01m[K/opt/ros/dashing/include/rclcpp/rclcpp.hpp:144[m[K,
                 from [01m[K/home/portia/ros2Bot_ws/src/image_pipeline/image_rotate/include/image_rotate/image_rotate_node.hpp:35[m[K,
                 from [01m[K/home/portia/ros2Bot_ws/src/image_pipeline/image_rotate/src/image_rotate_node.cpp:42[m[K:
[01m[K/opt/ros/dashing/include/rclcpp/node_impl.hpp:396:1:[m[K [01;36m[Knote: [m[Kdeclared here
 [01;36m[KNode[m[K::get_parameter_or_set(
 [01;36m[K^~~~[m[K
[01m[K/home/portia/ros2Bot_ws/src/image_pipeline/image_rotate/src/image_rotate_node.cpp:62:82:[m[K [01;35m[Kwarning: [m[K‘[01m[Kvoid rclcpp::Node::get_parameter_or_set(const string&, ParameterT&, const ParameterT&) [with ParameterT = double; std::__cxx11::string = std::__cxx11::basic_string<char>][m[K’ is deprecated: use declare_parameter() and it's return value instead [[01;35m[K-Wdeprecated-declarations[m[K]
   this->get_parameter_or_set("source_z", config_.source_z, static_cast<double>(0)[01;35m[K)[m[K;
                                                                                  [01;35m[K^[m[K
In file included from [01m[K/opt/ros/dashing/include/rclcpp/node.hpp:1206:0[m[K,
                 from [01m[K/opt/ros/dashing/include/rclcpp/executors/single_threaded_executor.hpp:28[m[K,
                 from [01m[K/opt/ros/dashing/include/rclcpp/executors.hpp:22[m[K,
                 from [01m[K/opt/ros/dashing/include/rclcpp/rclcpp.hpp:144[m[K,
                 from [01m[K/home/portia/ros2Bot_ws/src/image_pipeline/image_rotate/include/image_rotate/image_rotate_node.hpp:35[m[K,
                 from [01m[K/home/portia/ros2Bot_ws/src/image_pipeline/image_rotate/src/image_rotate_node.cpp:42[m[K:
[01m[K/opt/ros/dashing/include/rclcpp/node_impl.hpp:396:1:[m[K [01;36m[Knote: [m[Kdeclared here
 [01;36m[KNode[m[K::get_parameter_or_set(
 [01;36m[K^~~~[m[K
[01m[K/home/portia/ros2Bot_ws/src/image_pipeline/image_rotate/src/image_rotate_node.cpp:64:89:[m[K [01;35m[Kwarning: [m[K‘[01m[Kvoid rclcpp::Node::get_parameter_or_set(const string&, ParameterT&, const ParameterT&) [with ParameterT = std::__cxx11::basic_string<char>; std::__cxx11::string = std::__cxx11::basic_string<char>][m[K’ is deprecated: use declare_parameter() and it's return value instead [[01;35m[K-Wdeprecated-declarations[m[K]
   this->get_parameter_or_set("output_frame_id", config_.output_frame_id, std::string("")[01;35m[K)[m[K;
                                                                                         [01;35m[K^[m[K
In file included from [01m[K/opt/ros/dashing/include/rclcpp/node.hpp:1206:0[m[K,
                 from [01m[K/opt/ros/dashing/include/rclcpp/executors/single_threaded_executor.hpp:28[m[K,
                 from [01m[K/opt/ros/dashing/include/rclcpp/executors.hpp:22[m[K,
                 from [01m[K/opt/ros/dashing/include/rclcpp/rclcpp.hpp:144[m[K,
                 from [01m[K/home/portia/ros2Bot_ws/src/image_pipeline/image_rotate/include/image_rotate/image_rotate_node.hpp:35[m[K,
                 from [01m[K/home/portia/ros2Bot_ws/src/image_pipeline/image_rotate/src/image_rotate_node.cpp:42[m[K:
[01m[K/opt/ros/dashing/include/rclcpp/node_impl.hpp:396:1:[m[K [01;36m[Knote: [m[Kdeclared here
 [01;36m[KNode[m[K::get_parameter_or_set(
 [01;36m[K^~~~[m[K
[01m[K/home/portia/ros2Bot_ws/src/image_pipeline/image_rotate/src/image_rotate_node.cpp:65:87:[m[K [01;35m[Kwarning: [m[K‘[01m[Kvoid rclcpp::Node::get_parameter_or_set(const string&, ParameterT&, const ParameterT&) [with ParameterT = std::__cxx11::basic_string<char>; std::__cxx11::string = std::__cxx11::basic_string<char>][m[K’ is deprecated: use declare_parameter() and it's return value instead [[01;35m[K-Wdeprecated-declarations[m[K]
   this->get_parameter_or_set("input_frame_id", config_.input_frame_id, std::string("")[01;35m[K)[m[K;
                                                                                       [01;35m[K^[m[K
In file included from [01m[K/opt/ros/dashing/include/rclcpp/node.hpp:1206:0[m[K,
                 from [01m[K/opt/ros/dashing/include/rclcpp/executors/single_threaded_executor.hpp:28[m[K,
                 from [01m[K/opt/ros/dashing/include/rclcpp/executors.hpp:22[m[K,
                 from [01m[K/opt/ros/dashing/include/rclcpp/rclcpp.hpp:144[m[K,
                 from [01m[K/home/portia/ros2Bot_ws/src/image_pipeline/image_rotate/include/image_rotate/image_rotate_node.hpp:35[m[K,
                 from [01m[K/home/portia/ros2Bot_ws/src/image_pipeline/image_rotate/src/image_rotate_node.cpp:42[m[K:
[01m[K/opt/ros/dashing/include/rclcpp/node_impl.hpp:396:1:[m[K [01;36m[Knote: [m[Kdeclared here
 [01;36m[KNode[m[K::get_parameter_or_set(
 [01;36m[K^~~~[m[K
[01m[K/home/portia/ros2Bot_ws/src/image_pipeline/image_rotate/src/image_rotate_node.cpp:66:78:[m[K [01;35m[Kwarning: [m[K‘[01m[Kvoid rclcpp::Node::get_parameter_or_set(const string&, ParameterT&, const ParameterT&) [with ParameterT = bool; std::__cxx11::string = std::__cxx11::basic_string<char>][m[K’ is deprecated: use declare_parameter() and it's return value instead [[01;35m[K-Wdeprecated-declarations[m[K]
   this->get_parameter_or_set("use_camera_info", config_.use_camera_info, true[01;35m[K)[m[K;
                                                                              [01;35m[K^[m[K
In file included from [01m[K/opt/ros/dashing/include/rclcpp/node.hpp:1206:0[m[K,
                 from [01m[K/opt/ros/dashing/include/rclcpp/executors/single_threaded_executor.hpp:28[m[K,
                 from [01m[K/opt/ros/dashing/include/rclcpp/executors.hpp:22[m[K,
                 from [01m[K/opt/ros/dashing/include/rclcpp/rclcpp.hpp:144[m[K,
                 from [01m[K/home/portia/ros2Bot_ws/src/image_pipeline/image_rotate/include/image_rotate/image_rotate_node.hpp:35[m[K,
                 from [01m[K/home/portia/ros2Bot_ws/src/image_pipeline/image_rotate/src/image_rotate_node.cpp:42[m[K:
[01m[K/opt/ros/dashing/include/rclcpp/node_impl.hpp:396:1:[m[K [01;36m[Knote: [m[Kdeclared here
 [01;36m[KNode[m[K::get_parameter_or_set(
 [01;36m[K^~~~[m[K
[01m[K/home/portia/ros2Bot_ws/src/image_pipeline/image_rotate/src/image_rotate_node.cpp:68:28:[m[K [01;35m[Kwarning: [m[K‘[01m[Kvoid rclcpp::Node::get_parameter_or_set(const string&, ParameterT&, const ParameterT&) [with ParameterT = double; std::__cxx11::string = std::__cxx11::basic_string<char>][m[K’ is deprecated: use declare_parameter() and it's return value instead [[01;35m[K-Wdeprecated-declarations[m[K]
     static_cast<double>(10)[01;35m[K)[m[K;
                            [01;35m[K^[m[K
In file included from [01m[K/opt/ros/dashing/include/rclcpp/node.hpp:1206:0[m[K,
                 from [01m[K/opt/ros/dashing/include/rclcpp/executors/single_threaded_executor.hpp:28[m[K,
                 from [01m[K/opt/ros/dashing/include/rclcpp/executors.hpp:22[m[K,
                 from [01m[K/opt/ros/dashing/include/rclcpp/rclcpp.hpp:144[m[K,
                 from [01m[K/home/portia/ros2Bot_ws/src/image_pipeline/image_rotate/include/image_rotate/image_rotate_node.hpp:35[m[K,
                 from [01m[K/home/portia/ros2Bot_ws/src/image_pipeline/image_rotate/src/image_rotate_node.cpp:42[m[K:
[01m[K/opt/ros/dashing/include/rclcpp/node_impl.hpp:396:1:[m[K [01;36m[Knote: [m[Kdeclared here
 [01;36m[KNode[m[K::get_parameter_or_set(
 [01;36m[K^~~~[m[K
[01m[K/home/portia/ros2Bot_ws/src/image_pipeline/image_rotate/src/image_rotate_node.cpp:70:27:[m[K [01;35m[Kwarning: [m[K‘[01m[Kvoid rclcpp::Node::get_parameter_or_set(const string&, ParameterT&, const ParameterT&) [with ParameterT = double; std::__cxx11::string = std::__cxx11::basic_string<char>][m[K’ is deprecated: use declare_parameter() and it's return value instead [[01;35m[K-Wdeprecated-declarations[m[K]
     static_cast<double>(2)[01;35m[K)[m[K;
                           [01;35m[K^[m[K
In file included from [01m[K/opt/ros/dashing/include/rclcpp/node.hpp:1206:0[m[K,
                 from [01m[K/opt/ros/dashing/include/rclcpp/executors/single_threaded_executor.hpp:28[m[K,
                 from [01m[K/opt/ros/dashing/include/rclcpp/executors.hpp:22[m[K,
                 from [01m[K/opt/ros/dashing/include/rclcpp/rclcpp.hpp:144[m[K,
                 from [01m[K/home/portia/ros2Bot_ws/src/image_pipeline/image_rotate/include/image_rotate/image_rotate_node.hpp:35[m[K,
                 from [01m[K/home/portia/ros2Bot_ws/src/image_pipeline/image_rotate/src/image_rotate_node.cpp:42[m[K:
[01m[K/opt/ros/dashing/include/rclcpp/node_impl.hpp:396:1:[m[K [01;36m[Knote: [m[Kdeclared here
 [01;36m[KNode[m[K::get_parameter_or_set(
 [01;36m[K^~~~[m[K
[01m[K/home/portia/ros2Bot_ws/src/image_pipeline/image_rotate/src/image_rotate_node.cpp:114:59:[m[K [01;35m[Kwarning: [m[K‘[01m[Kvoid rclcpp::Node::register_param_change_callback(CallbackT&&) [with CallbackT = image_rotate::ImageRotateNode::ImageRotateNode()::<lambda(std::vector<rclcpp::Parameter>)>&][m[K’ is deprecated: use set_on_parameters_set_callback() instead [[01;35m[K-Wdeprecated-declarations[m[K]
   this->register_param_change_callback(reconfigureCallback[01;35m[K)[m[K;
                                                           [01;35m[K^[m[K
In file included from [01m[K/opt/ros/dashing/include/rclcpp/node.hpp:1206:0[m[K,
                 from [01m[K/opt/ros/dashing/include/rclcpp/executors/single_threaded_executor.hpp:28[m[K,
                 from [01m[K/opt/ros/dashing/include/rclcpp/executors.hpp:22[m[K,
                 from [01m[K/opt/ros/dashing/include/rclcpp/rclcpp.hpp:144[m[K,
                 from [01m[K/home/portia/ros2Bot_ws/src/image_pipeline/image_rotate/include/image_rotate/image_rotate_node.hpp:35[m[K,
                 from [01m[K/home/portia/ros2Bot_ws/src/image_pipeline/image_rotate/src/image_rotate_node.cpp:42[m[K:
[01m[K/opt/ros/dashing/include/rclcpp/node_impl.hpp:414:1:[m[K [01;36m[Knote: [m[Kdeclared here
 [01;36m[KNode[m[K::register_param_change_callback(CallbackT && callback)
 [01;36m[K^~~~[m[K
/opt/ros/dashing/include/rclcpp/node_impl.hpp: In instantiation of ‘[01m[Kvoid rclcpp::Node::register_param_change_callback(CallbackT&&) [with CallbackT = image_rotate::ImageRotateNode::ImageRotateNode()::<lambda(std::vector<rclcpp::Parameter>)>&][m[K’:
[01m[K/home/portia/ros2Bot_ws/src/image_pipeline/image_rotate/src/image_rotate_node.cpp:114:59:[m[K   required from here
[01m[K/opt/ros/dashing/include/rclcpp/node_impl.hpp:416:27:[m[K [01;35m[Kwarning: [m[K‘[01m[Kvirtual void rclcpp::node_interfaces::NodeParametersInterface::register_param_change_callback(rclcpp::node_interfaces::NodeParametersInterface::OnParametersSetCallbackType)[m[K’ is deprecated: use set_on_parameters_set_callback() instead [[01;35m[K-Wdeprecated-declarations[m[K]
   [01;35m[Kthis->node_parameters_->register_param_change_callback[m[K(std::forward<CallbackT>(callback));
   [01;35m[K~~~~~~~~~~~~~~~~~~~~~~~~^~~~~~~~~~~~~~~~~~~~~~~~~~~~~~[m[K
In file included from [01m[K/opt/ros/dashing/include/rclcpp/node.hpp:49:0[m[K,
                 from [01m[K/opt/ros/dashing/include/rclcpp/executors/single_threaded_executor.hpp:28[m[K,
                 from [01m[K/opt/ros/dashing/include/rclcpp/executors.hpp:22[m[K,
                 from [01m[K/opt/ros/dashing/include/rclcpp/rclcpp.hpp:144[m[K,
                 from [01m[K/home/portia/ros2Bot_ws/src/image_pipeline/image_rotate/include/image_rotate/image_rotate_node.hpp:35[m[K,
                 from [01m[K/home/portia/ros2Bot_ws/src/image_pipeline/image_rotate/src/image_rotate_node.cpp:42[m[K:
[01m[K/opt/ros/dashing/include/rclcpp/node_interfaces/node_parameters_interface.hpp:181:3:[m[K [01;36m[Knote: [m[Kdeclared here
   [01;36m[Kregister_param_change_callback[m[K(OnParametersSetCallbackType callback) = 0;
   [01;36m[K^~~~~~~~~~~~~~~~~~~~~~~~~~~~~~[m[K
In file included from [01m[K/opt/ros/dashing/include/rclcpp/node.hpp:1206:0[m[K,
                 from [01m[K/opt/ros/dashing/include/rclcpp/executors/single_threaded_executor.hpp:28[m[K,
                 from [01m[K/opt/ros/dashing/include/rclcpp/executors.hpp:22[m[K,
                 from [01m[K/opt/ros/dashing/include/rclcpp/rclcpp.hpp:144[m[K,
                 from [01m[K/home/portia/ros2Bot_ws/src/image_pipeline/image_rotate/include/image_rotate/image_rotate_node.hpp:35[m[K,
                 from [01m[K/home/portia/ros2Bot_ws/src/image_pipeline/image_rotate/src/image_rotate_node.cpp:42[m[K:
[01m[K/opt/ros/dashing/include/rclcpp/node_impl.hpp:416:3:[m[K [01;35m[Kwarning: [m[K‘[01m[Kvirtual void rclcpp::node_interfaces::NodeParametersInterface::register_param_change_callback(rclcpp::node_interfaces::NodeParametersInterface::OnParametersSetCallbackType)[m[K’ is deprecated: use set_on_parameters_set_callback() instead [[01;35m[K-Wdeprecated-declarations[m[K]
   [01;35m[Kthis[m[K->node_parameters_->register_param_change_callback(std::forward<CallbackT>(callback));
   [01;35m[K^~~~[m[K
In file included from [01m[K/opt/ros/dashing/include/rclcpp/node.hpp:49:0[m[K,
                 from [01m[K/opt/ros/dashing/include/rclcpp/executors/single_threaded_executor.hpp:28[m[K,
                 from [01m[K/opt/ros/dashing/include/rclcpp/executors.hpp:22[m[K,
                 from [01m[K/opt/ros/dashing/include/rclcpp/rclcpp.hpp:144[m[K,
                 from [01m[K/home/portia/ros2Bot_ws/src/image_pipeline/image_rotate/include/image_rotate/image_rotate_node.hpp:35[m[K,
                 from [01m[K/home/portia/ros2Bot_ws/src/image_pipeline/image_rotate/src/image_rotate_node.cpp:42[m[K:
[01m[K/opt/ros/dashing/include/rclcpp/node_interfaces/node_parameters_interface.hpp:181:3:[m[K [01;36m[Knote: [m[Kdeclared here
   [01;36m[Kregister_param_change_callback[m[K(OnParametersSetCallbackType callback) = 0;
   [01;36m[K^~~~~~~~~~~~~~~~~~~~~~~~~~~~~~[m[K
[ 50%] [32m[1mLinking CXX shared library libimage_rotate.so[0m
[ 50%] Built target image_rotate
[35m[1mScanning dependencies of target image_rotate_bin[0m
[ 75%] [32mBuilding CXX object CMakeFiles/image_rotate_bin.dir/src/image_rotate.cpp.o[0m
[100%] [32m[1mLinking CXX executable image_rotate[0m
[100%] Built target image_rotate_bin
[ 50%] Built target image_rotate
[100%] Built target image_rotate_bin
[36mInstall the project...[0m
-- Install configuration: ""
-- Execute custom install script
-- Symlinking: /home/portia/ros2Bot_ws/install/image_rotate/lib/libimage_rotate.so
-- Symlinking: /home/portia/ros2Bot_ws/install/image_rotate/lib/image_rotate/image_rotate
-- Symlinking: /home/portia/ros2Bot_ws/install/image_rotate/share/image_rotate//launch/image_rotate.launch.py
-- Symlinking: /home/portia/ros2Bot_ws/install/image_rotate/share/ament_index/resource_index/package_run_dependencies/image_rotate
-- Symlinking: /home/portia/ros2Bot_ws/install/image_rotate/share/ament_index/resource_index/parent_prefix_path/image_rotate
-- Symlinking: /home/portia/ros2Bot_ws/install/image_rotate/share/image_rotate/environment/ament_prefix_path.sh
-- Symlinking: /home/portia/ros2Bot_ws/install/image_rotate/share/image_rotate/environment/path.sh
-- Symlinking: /home/portia/ros2Bot_ws/install/image_rotate/share/image_rotate/local_setup.bash
-- Symlinking: /home/portia/ros2Bot_ws/install/image_rotate/share/image_rotate/local_setup.sh
-- Symlinking: /home/portia/ros2Bot_ws/install/image_rotate/share/image_rotate/local_setup.zsh
-- Symlinking: /home/portia/ros2Bot_ws/install/image_rotate/share/ament_index/resource_index/packages/image_rotate
-- Symlinking: /home/portia/ros2Bot_ws/install/image_rotate/share/ament_index/resource_index/rclcpp_components/image_rotate
-- Symlinking: /home/portia/ros2Bot_ws/install/image_rotate/share/image_rotate/cmake/image_rotateConfig.cmake
-- Symlinking: /home/portia/ros2Bot_ws/install/image_rotate/share/image_rotate/cmake/image_rotateConfig-version.cmake
-- Symlinking: /home/portia/ros2Bot_ws/install/image_rotate/share/image_rotate/package.xml
