-- Found ament_cmake: 0.7.3 (/opt/ros/dashing/share/ament_cmake/cmake)
-- Using PYTHON_EXECUTABLE: /usr/bin/python3
-- Override CMake install command with custom implementation using symlinks instead of copying resources
-- Found rclcpp: 0.7.11 (/opt/ros/dashing/share/rclcpp/cmake)
-- Found rosidl_adapter: 0.7.7 (/opt/ros/dashing/share/rosidl_adapter/cmake)
-- Found rmw_implementation_cmake: 0.7.2 (/opt/ros/dashing/share/rmw_implementation_cmake/cmake)
-- Found rclcpp_components: 0.7.11 (/opt/ros/dashing/share/rclcpp_components/cmake)
-- Found poco_vendor:  (/opt/ros/dashing/share/poco_vendor/cmake)
-- Found cv_bridge: 2.1.2 (/home/portia/ros2Bot_ws/install/cv_bridge/share/cv_bridge/cmake)
-- Found tf2_eigen: 0.11.5 (/opt/ros/dashing/share/tf2_eigen/cmake)
-- Found image_geometry: 2.1.2 (/home/portia/ros2Bot_ws/install/image_geometry/share/image_geometry/cmake)
-- Found image_transport: 2.1.1 (/opt/ros/dashing/share/image_transport/cmake)
-- Found tinyxml2_vendor:  (/opt/ros/dashing/share/tinyxml2_vendor/cmake)
-- Found stereo_msgs: 0.7.0 (/opt/ros/dashing/share/stereo_msgs/cmake)
-- Found ament_lint_auto: 0.7.11 (/opt/ros/dashing/share/ament_lint_auto/cmake)
-- Added test 'copyright' to check for copyright in CMake / C / C++ / Python code
-- Added test 'cppcheck' to perform static code analysis on C / C++ code
-- Configured cppcheck include dirs: /home/portia/ros2Bot_ws/src/image_pipeline/depth_image_proc/include
-- Added test 'cpplint' to check C / C++ code against the Google style
-- Added test 'flake8' to check Python code syntax and style conventions
-- Added test 'lint_cmake' to check CMake code style
-- Added test 'pep257' to check Python code against some of the style conventions in PEP 257
-- Added test 'uncrustify' to check C / C++ code style
-- Added test 'xmllint' to check XML markup files
-- Configuring done
-- Generating done
-- Build files have been written to: /home/portia/ros2Bot_ws/build/depth_image_proc
[35m[1mScanning dependencies of target depth_image_proc[0m
[ 10%] [32mBuilding CXX object CMakeFiles/depth_image_proc.dir/src/convert_metric.cpp.o[0m
[ 20%] [32mBuilding CXX object CMakeFiles/depth_image_proc.dir/src/crop_foremost.cpp.o[0m
[ 30%] [32mBuilding CXX object CMakeFiles/depth_image_proc.dir/src/disparity.cpp.o[0m
[ 40%] [32mBuilding CXX object CMakeFiles/depth_image_proc.dir/src/point_cloud_xyz.cpp.o[0m
[ 50%] [32mBuilding CXX object CMakeFiles/depth_image_proc.dir/src/point_cloud_xyzi.cpp.o[0m
[ 60%] [32mBuilding CXX object CMakeFiles/depth_image_proc.dir/src/point_cloud_xyzrgb.cpp.o[0m
[ 70%] [32mBuilding CXX object CMakeFiles/depth_image_proc.dir/src/point_cloud_xyz_radial.cpp.o[0m
[ 90%] [32mBuilding CXX object CMakeFiles/depth_image_proc.dir/src/register.cpp.o[0m
[ 90%] [32mBuilding CXX object CMakeFiles/depth_image_proc.dir/src/point_cloud_xyzi_radial.cpp.o[0m
[100%] [32m[1mLinking CXX shared library libdepth_image_proc.so[0m
[100%] Built target depth_image_proc
[100%] Built target depth_image_proc
[36mInstall the project...[0m
-- Install configuration: ""
-- Execute custom install script
-- Up-to-date symlink: /home/portia/ros2Bot_ws/install/depth_image_proc/lib/libdepth_image_proc.so
-- Symlinking: /home/portia/ros2Bot_ws/install/depth_image_proc/share/depth_image_proc//launch/convert_metric.launch.py
-- Symlinking: /home/portia/ros2Bot_ws/install/depth_image_proc/share/depth_image_proc//launch/crop_foremost.launch.py
-- Symlinking: /home/portia/ros2Bot_ws/install/depth_image_proc/share/depth_image_proc//launch/disparity.launch.py
-- Symlinking: /home/portia/ros2Bot_ws/install/depth_image_proc/share/depth_image_proc//launch/point_cloud_xyz.launch.py
-- Symlinking: /home/portia/ros2Bot_ws/install/depth_image_proc/share/depth_image_proc//launch/point_cloud_xyz_radial.launch.py
-- Symlinking: /home/portia/ros2Bot_ws/install/depth_image_proc/share/depth_image_proc//launch/point_cloud_xyzi.launch.py
-- Symlinking: /home/portia/ros2Bot_ws/install/depth_image_proc/share/depth_image_proc//launch/point_cloud_xyzi_radial.launch.py
-- Symlinking: /home/portia/ros2Bot_ws/install/depth_image_proc/share/depth_image_proc//launch/point_cloud_xyzrgb.launch.py
-- Symlinking: /home/portia/ros2Bot_ws/install/depth_image_proc/share/depth_image_proc//launch/register.launch.py
-- Symlinking: /home/portia/ros2Bot_ws/install/depth_image_proc/share/depth_image_proc//launch/rviz/convert_metric.rviz
-- Symlinking: /home/portia/ros2Bot_ws/install/depth_image_proc/share/depth_image_proc//launch/rviz/crop_formost.rviz
-- Symlinking: /home/portia/ros2Bot_ws/install/depth_image_proc/share/depth_image_proc//launch/rviz/disparity.rviz
-- Symlinking: /home/portia/ros2Bot_ws/install/depth_image_proc/share/depth_image_proc//launch/rviz/point_cloud_xyz.rviz
-- Symlinking: /home/portia/ros2Bot_ws/install/depth_image_proc/share/depth_image_proc//launch/rviz/point_cloud_xyz_radial.rviz
-- Symlinking: /home/portia/ros2Bot_ws/install/depth_image_proc/share/depth_image_proc//launch/rviz/point_cloud_xyzi.rviz
-- Symlinking: /home/portia/ros2Bot_ws/install/depth_image_proc/share/depth_image_proc//launch/rviz/point_cloud_xyzrgb.rviz
-- Symlinking: /home/portia/ros2Bot_ws/install/depth_image_proc/share/depth_image_proc//launch/rviz/register.rviz
-- Up-to-date symlink: /home/portia/ros2Bot_ws/install/depth_image_proc/share/ament_index/resource_index/package_run_dependencies/depth_image_proc
-- Up-to-date symlink: /home/portia/ros2Bot_ws/install/depth_image_proc/share/ament_index/resource_index/parent_prefix_path/depth_image_proc
-- Up-to-date symlink: /home/portia/ros2Bot_ws/install/depth_image_proc/share/depth_image_proc/environment/ament_prefix_path.sh
-- Up-to-date symlink: /home/portia/ros2Bot_ws/install/depth_image_proc/share/depth_image_proc/environment/path.sh
-- Up-to-date symlink: /home/portia/ros2Bot_ws/install/depth_image_proc/share/depth_image_proc/local_setup.bash
-- Up-to-date symlink: /home/portia/ros2Bot_ws/install/depth_image_proc/share/depth_image_proc/local_setup.sh
-- Up-to-date symlink: /home/portia/ros2Bot_ws/install/depth_image_proc/share/depth_image_proc/local_setup.zsh
-- Up-to-date symlink: /home/portia/ros2Bot_ws/install/depth_image_proc/share/ament_index/resource_index/packages/depth_image_proc
-- Up-to-date symlink: /home/portia/ros2Bot_ws/install/depth_image_proc/share/ament_index/resource_index/rclcpp_components/depth_image_proc
-- Up-to-date symlink: /home/portia/ros2Bot_ws/install/depth_image_proc/share/depth_image_proc/cmake/depth_image_procConfig.cmake
-- Up-to-date symlink: /home/portia/ros2Bot_ws/install/depth_image_proc/share/depth_image_proc/cmake/depth_image_procConfig-version.cmake
-- Up-to-date symlink: /home/portia/ros2Bot_ws/install/depth_image_proc/share/depth_image_proc/package.xml
-- Up-to-date: /home/portia/ros2Bot_ws/install/depth_image_proc/include/depth_image_proc
-- Up-to-date: /home/portia/ros2Bot_ws/install/depth_image_proc/include/depth_image_proc/visibility.h
