-- Found ament_cmake: 0.7.3 (/opt/ros/dashing/share/ament_cmake/cmake)
-- Using PYTHON_EXECUTABLE: /usr/bin/python3
-- Override CMake install command with custom implementation using symlinks instead of copying resources
-- Found rclcpp: 0.7.11 (/opt/ros/dashing/share/rclcpp/cmake)
-- Found rosidl_adapter: 0.7.7 (/opt/ros/dashing/share/rosidl_adapter/cmake)
-- Found rmw_implementation_cmake: 0.7.2 (/opt/ros/dashing/share/rmw_implementation_cmake/cmake)
-- Found rclcpp_components: 0.7.11 (/opt/ros/dashing/share/rclcpp_components/cmake)
-- Found poco_vendor:  (/opt/ros/dashing/share/poco_vendor/cmake)
-- Found cv_bridge: 2.1.2 (/home/portia/ros2Bot_ws/install/cv_bridge/share/cv_bridge/cmake)
-- Found image_transport: 2.1.1 (/opt/ros/dashing/share/image_transport/cmake)
-- Found tinyxml2_vendor:  (/opt/ros/dashing/share/tinyxml2_vendor/cmake)
-- Found OpenCV: /usr (found suitable version "3.2.0", minimum required is "3") 
-- Found image_geometry: 2.1.2 (/home/portia/ros2Bot_ws/install/image_geometry/share/image_geometry/cmake)
-- Found ament_lint_auto: 0.7.11 (/opt/ros/dashing/share/ament_lint_auto/cmake)
-- Added test 'copyright' to check for copyright in CMake / C / C++ / Python code
-- Added test 'cppcheck' to perform static code analysis on C / C++ code
-- Configured cppcheck include dirs: /home/portia/ros2Bot_ws/src/image_pipeline/image_proc/include
-- Added test 'cpplint' to check C / C++ code against the Google style
-- Added test 'lint_cmake' to check CMake code style
-- Added test 'uncrustify' to check C / C++ code style
-- Added test 'xmllint' to check XML markup files
-- Configuring done
-- Generating done
-- Build files have been written to: /home/portia/ros2Bot_ws/build/image_proc
[35m[1mScanning dependencies of target resize[0m
[35m[1mScanning dependencies of target crop_decimate[0m
[35m[1mScanning dependencies of target debayer[0m
[35m[1mScanning dependencies of target rectify[0m
[  9%] [32mBuilding CXX object CMakeFiles/rectify.dir/src/rectify.cpp.o[0m
[ 18%] [32mBuilding CXX object CMakeFiles/debayer.dir/src/debayer.cpp.o[0m
[ 27%] [32mBuilding CXX object CMakeFiles/resize.dir/src/resize.cpp.o[0m
[ 36%] [32mBuilding CXX object CMakeFiles/crop_decimate.dir/src/crop_decimate.cpp.o[0m
[ 45%] [32mBuilding CXX object CMakeFiles/debayer.dir/src/edge_aware.cpp.o[0m
[ 54%] [32m[1mLinking CXX shared library libcrop_decimate.so[0m
[ 63%] [32m[1mLinking CXX shared library libdebayer.so[0m
[ 63%] Built target crop_decimate
[ 63%] Built target debayer
[ 72%] [32m[1mLinking CXX shared library libresize.so[0m
[ 81%] [32m[1mLinking CXX shared library librectify.so[0m
[ 81%] Built target resize
[ 81%] Built target rectify
[35m[1mScanning dependencies of target image_proc[0m
[ 90%] [32mBuilding CXX object CMakeFiles/image_proc.dir/src/image_proc.cpp.o[0m
[100%] [32m[1mLinking CXX executable image_proc[0m
[100%] Built target image_proc
[ 54%] Built target resize
[ 63%] Built target rectify
[ 63%] Built target debayer
[ 81%] Built target image_proc
[100%] Built target crop_decimate
[36mInstall the project...[0m
-- Install configuration: ""
-- Execute custom install script
-- Up-to-date symlink: /home/portia/ros2Bot_ws/install/image_proc/lib/image_proc/image_proc
-- Symlinking: /home/portia/ros2Bot_ws/install/image_proc/share/image_proc/environment/library_path.sh
-- Up-to-date symlink: /home/portia/ros2Bot_ws/install/image_proc/share/ament_index/resource_index/package_run_dependencies/image_proc
-- Up-to-date symlink: /home/portia/ros2Bot_ws/install/image_proc/share/ament_index/resource_index/parent_prefix_path/image_proc
-- Up-to-date symlink: /home/portia/ros2Bot_ws/install/image_proc/share/image_proc/environment/ament_prefix_path.sh
-- Up-to-date symlink: /home/portia/ros2Bot_ws/install/image_proc/share/image_proc/environment/path.sh
-- Up-to-date symlink: /home/portia/ros2Bot_ws/install/image_proc/share/image_proc/local_setup.bash
-- Up-to-date symlink: /home/portia/ros2Bot_ws/install/image_proc/share/image_proc/local_setup.sh
-- Up-to-date symlink: /home/portia/ros2Bot_ws/install/image_proc/share/image_proc/local_setup.zsh
-- Up-to-date symlink: /home/portia/ros2Bot_ws/install/image_proc/share/ament_index/resource_index/packages/image_proc
-- Up-to-date symlink: /home/portia/ros2Bot_ws/install/image_proc/share/ament_index/resource_index/rclcpp_components/image_proc
-- Symlinking: /home/portia/ros2Bot_ws/install/image_proc/share/image_proc/cmake/ament_cmake_export_interfaces-extras.cmake
-- Symlinking: /home/portia/ros2Bot_ws/install/image_proc/share/image_proc/cmake/ament_cmake_export_libraries-extras.cmake
-- Up-to-date symlink: /home/portia/ros2Bot_ws/install/image_proc/share/image_proc/cmake/image_procConfig.cmake
-- Up-to-date symlink: /home/portia/ros2Bot_ws/install/image_proc/share/image_proc/cmake/image_procConfig-version.cmake
-- Up-to-date symlink: /home/portia/ros2Bot_ws/install/image_proc/share/image_proc/package.xml
-- Installing: /home/portia/ros2Bot_ws/install/image_proc/lib/libresize.so
-- Set runtime path of "/home/portia/ros2Bot_ws/install/image_proc/lib/libresize.so" to ""
-- Installing: /home/portia/ros2Bot_ws/install/image_proc/lib/libcrop_decimate.so
-- Set runtime path of "/home/portia/ros2Bot_ws/install/image_proc/lib/libcrop_decimate.so" to ""
-- Installing: /home/portia/ros2Bot_ws/install/image_proc/share/image_proc/cmake/export_resizeExport.cmake
-- Installing: /home/portia/ros2Bot_ws/install/image_proc/share/image_proc/cmake/export_resizeExport-noconfig.cmake
-- Installing: /home/portia/ros2Bot_ws/install/image_proc/share/image_proc/cmake/export_debayerExport.cmake
-- Installing: /home/portia/ros2Bot_ws/install/image_proc/share/image_proc/cmake/export_debayerExport-noconfig.cmake
-- Installing: /home/portia/ros2Bot_ws/install/image_proc/share/image_proc/cmake/export_rectifyExport.cmake
-- Installing: /home/portia/ros2Bot_ws/install/image_proc/share/image_proc/cmake/export_rectifyExport-noconfig.cmake
-- Installing: /home/portia/ros2Bot_ws/install/image_proc/share/image_proc/cmake/export_crop_decimateExport.cmake
-- Installing: /home/portia/ros2Bot_ws/install/image_proc/share/image_proc/cmake/export_crop_decimateExport-noconfig.cmake
